ARM GAS  /var/folders/8c/gyvcglfx7f97kbqb2h83mm_r0000gn/T//ccCLxtO0.s 			page 1


   1              		.cpu cortex-m4
   2              		.eabi_attribute 27, 1
   3              		.eabi_attribute 28, 1
   4              		.eabi_attribute 20, 1
   5              		.eabi_attribute 21, 1
   6              		.eabi_attribute 23, 3
   7              		.eabi_attribute 24, 1
   8              		.eabi_attribute 25, 1
   9              		.eabi_attribute 26, 1
  10              		.eabi_attribute 30, 4
  11              		.eabi_attribute 34, 1
  12              		.eabi_attribute 18, 4
  13              		.file	"stm32f3xx_it.c"
  14              		.text
  15              	.Ltext0:
  16              		.cfi_sections	.debug_frame
  17              		.section	.text.SysTick_Handler,"ax",%progbits
  18              		.align	1
  19              		.global	SysTick_Handler
  20              		.arch armv7e-m
  21              		.syntax unified
  22              		.thumb
  23              		.thumb_func
  24              		.fpu fpv4-sp-d16
  26              	SysTick_Handler:
  27              	.LFB126:
  28              		.file 1 "Src/stm32f3xx_it.c"
   1:Src/stm32f3xx_it.c **** /* USER CODE BEGIN Header */
   2:Src/stm32f3xx_it.c **** /**
   3:Src/stm32f3xx_it.c ****   ******************************************************************************
   4:Src/stm32f3xx_it.c ****   * @file    stm32f3xx_it.c
   5:Src/stm32f3xx_it.c ****   * @brief   Interrupt Service Routines.
   6:Src/stm32f3xx_it.c ****   ******************************************************************************
   7:Src/stm32f3xx_it.c ****   *
   8:Src/stm32f3xx_it.c ****   * COPYRIGHT(c) 2019 STMicroelectronics
   9:Src/stm32f3xx_it.c ****   *
  10:Src/stm32f3xx_it.c ****   * Redistribution and use in source and binary forms, with or without modification,
  11:Src/stm32f3xx_it.c ****   * are permitted provided that the following conditions are met:
  12:Src/stm32f3xx_it.c ****   *   1. Redistributions of source code must retain the above copyright notice,
  13:Src/stm32f3xx_it.c ****   *      this list of conditions and the following disclaimer.
  14:Src/stm32f3xx_it.c ****   *   2. Redistributions in binary form must reproduce the above copyright notice,
  15:Src/stm32f3xx_it.c ****   *      this list of conditions and the following disclaimer in the documentation
  16:Src/stm32f3xx_it.c ****   *      and/or other materials provided with the distribution.
  17:Src/stm32f3xx_it.c ****   *   3. Neither the name of STMicroelectronics nor the names of its contributors
  18:Src/stm32f3xx_it.c ****   *      may be used to endorse or promote products derived from this software
  19:Src/stm32f3xx_it.c ****   *      without specific prior written permission.
  20:Src/stm32f3xx_it.c ****   *
  21:Src/stm32f3xx_it.c ****   * THIS SOFTWARE IS PROVIDED BY THE COPYRIGHT HOLDERS AND CONTRIBUTORS "AS IS"
  22:Src/stm32f3xx_it.c ****   * AND ANY EXPRESS OR IMPLIED WARRANTIES, INCLUDING, BUT NOT LIMITED TO, THE
  23:Src/stm32f3xx_it.c ****   * IMPLIED WARRANTIES OF MERCHANTABILITY AND FITNESS FOR A PARTICULAR PURPOSE ARE
  24:Src/stm32f3xx_it.c ****   * DISCLAIMED. IN NO EVENT SHALL THE COPYRIGHT HOLDER OR CONTRIBUTORS BE LIABLE
  25:Src/stm32f3xx_it.c ****   * FOR ANY DIRECT, INDIRECT, INCIDENTAL, SPECIAL, EXEMPLARY, OR CONSEQUENTIAL
  26:Src/stm32f3xx_it.c ****   * DAMAGES (INCLUDING, BUT NOT LIMITED TO, PROCUREMENT OF SUBSTITUTE GOODS OR
  27:Src/stm32f3xx_it.c ****   * SERVICES; LOSS OF USE, DATA, OR PROFITS; OR BUSINESS INTERRUPTION) HOWEVER
  28:Src/stm32f3xx_it.c ****   * CAUSED AND ON ANY THEORY OF LIABILITY, WHETHER IN CONTRACT, STRICT LIABILITY,
  29:Src/stm32f3xx_it.c ****   * OR TORT (INCLUDING NEGLIGENCE OR OTHERWISE) ARISING IN ANY WAY OUT OF THE USE
  30:Src/stm32f3xx_it.c ****   * OF THIS SOFTWARE, EVEN IF ADVISED OF THE POSSIBILITY OF SUCH DAMAGE.
ARM GAS  /var/folders/8c/gyvcglfx7f97kbqb2h83mm_r0000gn/T//ccCLxtO0.s 			page 2


  31:Src/stm32f3xx_it.c ****   *
  32:Src/stm32f3xx_it.c ****   ******************************************************************************
  33:Src/stm32f3xx_it.c ****   */
  34:Src/stm32f3xx_it.c **** /* USER CODE END Header */
  35:Src/stm32f3xx_it.c **** 
  36:Src/stm32f3xx_it.c **** /* Includes ------------------------------------------------------------------*/
  37:Src/stm32f3xx_it.c **** #include "main.h"
  38:Src/stm32f3xx_it.c **** #include "stm32f3xx_it.h"
  39:Src/stm32f3xx_it.c **** /* Private includes ----------------------------------------------------------*/
  40:Src/stm32f3xx_it.c **** /* USER CODE BEGIN Includes */
  41:Src/stm32f3xx_it.c **** #include "RFM69_externs.h"
  42:Src/stm32f3xx_it.c **** /* USER CODE END Includes */
  43:Src/stm32f3xx_it.c **** 
  44:Src/stm32f3xx_it.c **** /* Private typedef -----------------------------------------------------------*/
  45:Src/stm32f3xx_it.c **** /* USER CODE BEGIN TD */
  46:Src/stm32f3xx_it.c **** 
  47:Src/stm32f3xx_it.c **** /* USER CODE END TD */
  48:Src/stm32f3xx_it.c **** 
  49:Src/stm32f3xx_it.c **** /* Private define ------------------------------------------------------------*/
  50:Src/stm32f3xx_it.c **** /* USER CODE BEGIN PD */
  51:Src/stm32f3xx_it.c **** 
  52:Src/stm32f3xx_it.c **** /* USER CODE END PD */
  53:Src/stm32f3xx_it.c **** 
  54:Src/stm32f3xx_it.c **** /* Private macro -------------------------------------------------------------*/
  55:Src/stm32f3xx_it.c **** /* USER CODE BEGIN PM */
  56:Src/stm32f3xx_it.c **** 
  57:Src/stm32f3xx_it.c **** /* USER CODE END PM */
  58:Src/stm32f3xx_it.c **** 
  59:Src/stm32f3xx_it.c **** /* Private variables ---------------------------------------------------------*/
  60:Src/stm32f3xx_it.c **** /* USER CODE BEGIN PV */
  61:Src/stm32f3xx_it.c **** volatile uint32_t uptime_ms = 0; ///< Uptime in ms
  62:Src/stm32f3xx_it.c **** /* USER CODE END PV */
  63:Src/stm32f3xx_it.c **** 
  64:Src/stm32f3xx_it.c **** /* Private function prototypes -----------------------------------------------*/
  65:Src/stm32f3xx_it.c **** /* USER CODE BEGIN PFP */
  66:Src/stm32f3xx_it.c **** 
  67:Src/stm32f3xx_it.c **** /* USER CODE END PFP */
  68:Src/stm32f3xx_it.c **** 
  69:Src/stm32f3xx_it.c **** /* Private user code ---------------------------------------------------------*/
  70:Src/stm32f3xx_it.c **** /* USER CODE BEGIN 0 */
  71:Src/stm32f3xx_it.c **** 
  72:Src/stm32f3xx_it.c **** /* USER CODE END 0 */
  73:Src/stm32f3xx_it.c **** 
  74:Src/stm32f3xx_it.c **** /* External variables --------------------------------------------------------*/
  75:Src/stm32f3xx_it.c **** /* USER CODE BEGIN EV */
  76:Src/stm32f3xx_it.c **** 
  77:Src/stm32f3xx_it.c **** /* USER CODE END EV */
  78:Src/stm32f3xx_it.c **** 
  79:Src/stm32f3xx_it.c **** /******************************************************************************/
  80:Src/stm32f3xx_it.c **** /*           Cortex-M4 Processor Interruption and Exception Handlers          */ 
  81:Src/stm32f3xx_it.c **** /******************************************************************************/
  82:Src/stm32f3xx_it.c **** /**
  83:Src/stm32f3xx_it.c ****   * @brief This function handles System tick timer.
  84:Src/stm32f3xx_it.c ****   */
  85:Src/stm32f3xx_it.c **** void SysTick_Handler(void)
  86:Src/stm32f3xx_it.c **** {
  29              		.loc 1 86 1 view -0
ARM GAS  /var/folders/8c/gyvcglfx7f97kbqb2h83mm_r0000gn/T//ccCLxtO0.s 			page 3


  30              		.cfi_startproc
  31              		@ args = 0, pretend = 0, frame = 0
  32              		@ frame_needed = 0, uses_anonymous_args = 0
  33              		@ link register save eliminated.
  87:Src/stm32f3xx_it.c ****   /* USER CODE BEGIN SysTick_IRQn 0 */
  88:Src/stm32f3xx_it.c **** 
  89:Src/stm32f3xx_it.c ****   /* USER CODE END SysTick_IRQn 0 */
  90:Src/stm32f3xx_it.c ****   HAL_IncTick();
  34              		.loc 1 90 3 view .LVU1
  35 0000 FFF7FEBF 		b	HAL_IncTick
  36              	.LVL0:
  37              		.cfi_endproc
  38              	.LFE126:
  40              		.global	uptime_ms
  41              		.section	.bss.uptime_ms,"aw",%nobits
  42              		.align	2
  45              	uptime_ms:
  46 0000 00000000 		.space	4
  47              		.text
  48              	.Letext0:
  49              		.file 2 "/usr/local/gcc-arm-none-eabi-8-2018-q4-major/arm-none-eabi/include/machine/_default_types
  50              		.file 3 "/usr/local/gcc-arm-none-eabi-8-2018-q4-major/arm-none-eabi/include/sys/_stdint.h"
  51              		.file 4 "Drivers/CMSIS/Include/core_cm4.h"
  52              		.file 5 "Drivers/CMSIS/Device/ST/STM32F3xx/Include/system_stm32f3xx.h"
  53              		.file 6 "/usr/local/gcc-arm-none-eabi-8-2018-q4-major/arm-none-eabi/include/sys/lock.h"
  54              		.file 7 "/usr/local/gcc-arm-none-eabi-8-2018-q4-major/arm-none-eabi/include/sys/_types.h"
  55              		.file 8 "/usr/local/gcc-arm-none-eabi-8-2018-q4-major/lib/gcc/arm-none-eabi/8.2.1/include/stddef.h
  56              		.file 9 "/usr/local/gcc-arm-none-eabi-8-2018-q4-major/arm-none-eabi/include/sys/reent.h"
  57              		.file 10 "Drivers/STM32F3xx_HAL_Driver/Inc/stm32f3xx_hal.h"
ARM GAS  /var/folders/8c/gyvcglfx7f97kbqb2h83mm_r0000gn/T//ccCLxtO0.s 			page 4


DEFINED SYMBOLS
                            *ABS*:0000000000000000 stm32f3xx_it.c
/var/folders/8c/gyvcglfx7f97kbqb2h83mm_r0000gn/T//ccCLxtO0.s:18     .text.SysTick_Handler:0000000000000000 $t
/var/folders/8c/gyvcglfx7f97kbqb2h83mm_r0000gn/T//ccCLxtO0.s:26     .text.SysTick_Handler:0000000000000000 SysTick_Handler
/var/folders/8c/gyvcglfx7f97kbqb2h83mm_r0000gn/T//ccCLxtO0.s:45     .bss.uptime_ms:0000000000000000 uptime_ms
/var/folders/8c/gyvcglfx7f97kbqb2h83mm_r0000gn/T//ccCLxtO0.s:42     .bss.uptime_ms:0000000000000000 $d

UNDEFINED SYMBOLS
HAL_IncTick
