ARM GAS  /var/folders/8c/gyvcglfx7f97kbqb2h83mm_r0000gn/T//ccksbKCT.s 			page 1


   1              		.cpu cortex-m4
   2              		.eabi_attribute 27, 1
   3              		.eabi_attribute 28, 1
   4              		.eabi_attribute 20, 1
   5              		.eabi_attribute 21, 1
   6              		.eabi_attribute 23, 3
   7              		.eabi_attribute 24, 1
   8              		.eabi_attribute 25, 1
   9              		.eabi_attribute 26, 1
  10              		.eabi_attribute 30, 4
  11              		.eabi_attribute 34, 1
  12              		.eabi_attribute 18, 4
  13              		.file	"stm32f3xx_hal_pwr_ex.c"
  14              		.text
  15              	.Ltext0:
  16              		.cfi_sections	.debug_frame
  17              		.section	.text.HAL_PWR_ConfigPVD,"ax",%progbits
  18              		.align	1
  19              		.global	HAL_PWR_ConfigPVD
  20              		.arch armv7e-m
  21              		.syntax unified
  22              		.thumb
  23              		.thumb_func
  24              		.fpu fpv4-sp-d16
  26              	HAL_PWR_ConfigPVD:
  27              	.LVL0:
  28              	.LFB126:
  29              		.file 1 "Drivers/STM32F3xx_HAL_Driver/Src/stm32f3xx_hal_pwr_ex.c"
   1:Drivers/STM32F3xx_HAL_Driver/Src/stm32f3xx_hal_pwr_ex.c **** /**
   2:Drivers/STM32F3xx_HAL_Driver/Src/stm32f3xx_hal_pwr_ex.c ****   ******************************************************************************
   3:Drivers/STM32F3xx_HAL_Driver/Src/stm32f3xx_hal_pwr_ex.c ****   * @file    stm32f3xx_hal_pwr_ex.c
   4:Drivers/STM32F3xx_HAL_Driver/Src/stm32f3xx_hal_pwr_ex.c ****   * @author  MCD Application Team
   5:Drivers/STM32F3xx_HAL_Driver/Src/stm32f3xx_hal_pwr_ex.c ****   * @brief   Extended PWR HAL module driver.
   6:Drivers/STM32F3xx_HAL_Driver/Src/stm32f3xx_hal_pwr_ex.c ****   *          This file provides firmware functions to manage the following
   7:Drivers/STM32F3xx_HAL_Driver/Src/stm32f3xx_hal_pwr_ex.c ****   *          functionalities of the Power Controller (PWR) peripheral:
   8:Drivers/STM32F3xx_HAL_Driver/Src/stm32f3xx_hal_pwr_ex.c ****   *           + Extended Initialization and de-initialization functions
   9:Drivers/STM32F3xx_HAL_Driver/Src/stm32f3xx_hal_pwr_ex.c ****   *           + Extended Peripheral Control functions
  10:Drivers/STM32F3xx_HAL_Driver/Src/stm32f3xx_hal_pwr_ex.c ****   *         
  11:Drivers/STM32F3xx_HAL_Driver/Src/stm32f3xx_hal_pwr_ex.c ****   ******************************************************************************
  12:Drivers/STM32F3xx_HAL_Driver/Src/stm32f3xx_hal_pwr_ex.c ****   * @attention
  13:Drivers/STM32F3xx_HAL_Driver/Src/stm32f3xx_hal_pwr_ex.c ****   *
  14:Drivers/STM32F3xx_HAL_Driver/Src/stm32f3xx_hal_pwr_ex.c ****   * <h2><center>&copy; COPYRIGHT(c) 2016 STMicroelectronics</center></h2>
  15:Drivers/STM32F3xx_HAL_Driver/Src/stm32f3xx_hal_pwr_ex.c ****   *
  16:Drivers/STM32F3xx_HAL_Driver/Src/stm32f3xx_hal_pwr_ex.c ****   * Redistribution and use in source and binary forms, with or without modification,
  17:Drivers/STM32F3xx_HAL_Driver/Src/stm32f3xx_hal_pwr_ex.c ****   * are permitted provided that the following conditions are met:
  18:Drivers/STM32F3xx_HAL_Driver/Src/stm32f3xx_hal_pwr_ex.c ****   *   1. Redistributions of source code must retain the above copyright notice,
  19:Drivers/STM32F3xx_HAL_Driver/Src/stm32f3xx_hal_pwr_ex.c ****   *      this list of conditions and the following disclaimer.
  20:Drivers/STM32F3xx_HAL_Driver/Src/stm32f3xx_hal_pwr_ex.c ****   *   2. Redistributions in binary form must reproduce the above copyright notice,
  21:Drivers/STM32F3xx_HAL_Driver/Src/stm32f3xx_hal_pwr_ex.c ****   *      this list of conditions and the following disclaimer in the documentation
  22:Drivers/STM32F3xx_HAL_Driver/Src/stm32f3xx_hal_pwr_ex.c ****   *      and/or other materials provided with the distribution.
  23:Drivers/STM32F3xx_HAL_Driver/Src/stm32f3xx_hal_pwr_ex.c ****   *   3. Neither the name of STMicroelectronics nor the names of its contributors
  24:Drivers/STM32F3xx_HAL_Driver/Src/stm32f3xx_hal_pwr_ex.c ****   *      may be used to endorse or promote products derived from this software
  25:Drivers/STM32F3xx_HAL_Driver/Src/stm32f3xx_hal_pwr_ex.c ****   *      without specific prior written permission.
  26:Drivers/STM32F3xx_HAL_Driver/Src/stm32f3xx_hal_pwr_ex.c ****   *
  27:Drivers/STM32F3xx_HAL_Driver/Src/stm32f3xx_hal_pwr_ex.c ****   * THIS SOFTWARE IS PROVIDED BY THE COPYRIGHT HOLDERS AND CONTRIBUTORS "AS IS"
  28:Drivers/STM32F3xx_HAL_Driver/Src/stm32f3xx_hal_pwr_ex.c ****   * AND ANY EXPRESS OR IMPLIED WARRANTIES, INCLUDING, BUT NOT LIMITED TO, THE
  29:Drivers/STM32F3xx_HAL_Driver/Src/stm32f3xx_hal_pwr_ex.c ****   * IMPLIED WARRANTIES OF MERCHANTABILITY AND FITNESS FOR A PARTICULAR PURPOSE ARE
ARM GAS  /var/folders/8c/gyvcglfx7f97kbqb2h83mm_r0000gn/T//ccksbKCT.s 			page 2


  30:Drivers/STM32F3xx_HAL_Driver/Src/stm32f3xx_hal_pwr_ex.c ****   * DISCLAIMED. IN NO EVENT SHALL THE COPYRIGHT HOLDER OR CONTRIBUTORS BE LIABLE
  31:Drivers/STM32F3xx_HAL_Driver/Src/stm32f3xx_hal_pwr_ex.c ****   * FOR ANY DIRECT, INDIRECT, INCIDENTAL, SPECIAL, EXEMPLARY, OR CONSEQUENTIAL
  32:Drivers/STM32F3xx_HAL_Driver/Src/stm32f3xx_hal_pwr_ex.c ****   * DAMAGES (INCLUDING, BUT NOT LIMITED TO, PROCUREMENT OF SUBSTITUTE GOODS OR
  33:Drivers/STM32F3xx_HAL_Driver/Src/stm32f3xx_hal_pwr_ex.c ****   * SERVICES; LOSS OF USE, DATA, OR PROFITS; OR BUSINESS INTERRUPTION) HOWEVER
  34:Drivers/STM32F3xx_HAL_Driver/Src/stm32f3xx_hal_pwr_ex.c ****   * CAUSED AND ON ANY THEORY OF LIABILITY, WHETHER IN CONTRACT, STRICT LIABILITY,
  35:Drivers/STM32F3xx_HAL_Driver/Src/stm32f3xx_hal_pwr_ex.c ****   * OR TORT (INCLUDING NEGLIGENCE OR OTHERWISE) ARISING IN ANY WAY OUT OF THE USE
  36:Drivers/STM32F3xx_HAL_Driver/Src/stm32f3xx_hal_pwr_ex.c ****   * OF THIS SOFTWARE, EVEN IF ADVISED OF THE POSSIBILITY OF SUCH DAMAGE.
  37:Drivers/STM32F3xx_HAL_Driver/Src/stm32f3xx_hal_pwr_ex.c ****   *
  38:Drivers/STM32F3xx_HAL_Driver/Src/stm32f3xx_hal_pwr_ex.c ****   ******************************************************************************
  39:Drivers/STM32F3xx_HAL_Driver/Src/stm32f3xx_hal_pwr_ex.c ****   */
  40:Drivers/STM32F3xx_HAL_Driver/Src/stm32f3xx_hal_pwr_ex.c **** 
  41:Drivers/STM32F3xx_HAL_Driver/Src/stm32f3xx_hal_pwr_ex.c **** /* Includes ------------------------------------------------------------------*/
  42:Drivers/STM32F3xx_HAL_Driver/Src/stm32f3xx_hal_pwr_ex.c **** #include "stm32f3xx_hal.h"
  43:Drivers/STM32F3xx_HAL_Driver/Src/stm32f3xx_hal_pwr_ex.c **** 
  44:Drivers/STM32F3xx_HAL_Driver/Src/stm32f3xx_hal_pwr_ex.c **** /** @addtogroup STM32F3xx_HAL_Driver
  45:Drivers/STM32F3xx_HAL_Driver/Src/stm32f3xx_hal_pwr_ex.c ****   * @{
  46:Drivers/STM32F3xx_HAL_Driver/Src/stm32f3xx_hal_pwr_ex.c ****   */
  47:Drivers/STM32F3xx_HAL_Driver/Src/stm32f3xx_hal_pwr_ex.c **** 
  48:Drivers/STM32F3xx_HAL_Driver/Src/stm32f3xx_hal_pwr_ex.c **** /** @defgroup PWREx PWREx
  49:Drivers/STM32F3xx_HAL_Driver/Src/stm32f3xx_hal_pwr_ex.c ****   * @brief    PWREx HAL module driver
  50:Drivers/STM32F3xx_HAL_Driver/Src/stm32f3xx_hal_pwr_ex.c ****   * @{
  51:Drivers/STM32F3xx_HAL_Driver/Src/stm32f3xx_hal_pwr_ex.c ****   */
  52:Drivers/STM32F3xx_HAL_Driver/Src/stm32f3xx_hal_pwr_ex.c **** 
  53:Drivers/STM32F3xx_HAL_Driver/Src/stm32f3xx_hal_pwr_ex.c **** #ifdef HAL_PWR_MODULE_ENABLED
  54:Drivers/STM32F3xx_HAL_Driver/Src/stm32f3xx_hal_pwr_ex.c **** 
  55:Drivers/STM32F3xx_HAL_Driver/Src/stm32f3xx_hal_pwr_ex.c **** /* Private typedef -----------------------------------------------------------*/
  56:Drivers/STM32F3xx_HAL_Driver/Src/stm32f3xx_hal_pwr_ex.c **** /* Private define ------------------------------------------------------------*/
  57:Drivers/STM32F3xx_HAL_Driver/Src/stm32f3xx_hal_pwr_ex.c **** /** @defgroup PWREx_Private_Constants PWR Extended Private Constants
  58:Drivers/STM32F3xx_HAL_Driver/Src/stm32f3xx_hal_pwr_ex.c ****   * @{
  59:Drivers/STM32F3xx_HAL_Driver/Src/stm32f3xx_hal_pwr_ex.c ****   */
  60:Drivers/STM32F3xx_HAL_Driver/Src/stm32f3xx_hal_pwr_ex.c **** #define PVD_MODE_IT               (0x00010000U)
  61:Drivers/STM32F3xx_HAL_Driver/Src/stm32f3xx_hal_pwr_ex.c **** #define PVD_MODE_EVT              (0x00020000U)
  62:Drivers/STM32F3xx_HAL_Driver/Src/stm32f3xx_hal_pwr_ex.c **** #define PVD_RISING_EDGE           (0x00000001U)
  63:Drivers/STM32F3xx_HAL_Driver/Src/stm32f3xx_hal_pwr_ex.c **** #define PVD_FALLING_EDGE          (0x00000002U)
  64:Drivers/STM32F3xx_HAL_Driver/Src/stm32f3xx_hal_pwr_ex.c **** /**
  65:Drivers/STM32F3xx_HAL_Driver/Src/stm32f3xx_hal_pwr_ex.c ****   * @}
  66:Drivers/STM32F3xx_HAL_Driver/Src/stm32f3xx_hal_pwr_ex.c ****   */
  67:Drivers/STM32F3xx_HAL_Driver/Src/stm32f3xx_hal_pwr_ex.c ****  
  68:Drivers/STM32F3xx_HAL_Driver/Src/stm32f3xx_hal_pwr_ex.c **** /* Private macro -------------------------------------------------------------*/
  69:Drivers/STM32F3xx_HAL_Driver/Src/stm32f3xx_hal_pwr_ex.c **** /* Private variables ---------------------------------------------------------*/
  70:Drivers/STM32F3xx_HAL_Driver/Src/stm32f3xx_hal_pwr_ex.c **** /* Private function prototypes -----------------------------------------------*/
  71:Drivers/STM32F3xx_HAL_Driver/Src/stm32f3xx_hal_pwr_ex.c **** /* Exported functions ---------------------------------------------------------*/
  72:Drivers/STM32F3xx_HAL_Driver/Src/stm32f3xx_hal_pwr_ex.c **** 
  73:Drivers/STM32F3xx_HAL_Driver/Src/stm32f3xx_hal_pwr_ex.c **** /** @defgroup PWREx_Exported_Functions PWR Extended Exported Functions
  74:Drivers/STM32F3xx_HAL_Driver/Src/stm32f3xx_hal_pwr_ex.c ****   * @{
  75:Drivers/STM32F3xx_HAL_Driver/Src/stm32f3xx_hal_pwr_ex.c ****   */
  76:Drivers/STM32F3xx_HAL_Driver/Src/stm32f3xx_hal_pwr_ex.c **** 
  77:Drivers/STM32F3xx_HAL_Driver/Src/stm32f3xx_hal_pwr_ex.c **** /** @defgroup PWREx_Exported_Functions_Group1 Peripheral Extended Control Functions
  78:Drivers/STM32F3xx_HAL_Driver/Src/stm32f3xx_hal_pwr_ex.c ****   *  @brief   Extended Peripheral Control functions
  79:Drivers/STM32F3xx_HAL_Driver/Src/stm32f3xx_hal_pwr_ex.c ****   *
  80:Drivers/STM32F3xx_HAL_Driver/Src/stm32f3xx_hal_pwr_ex.c **** @verbatim
  81:Drivers/STM32F3xx_HAL_Driver/Src/stm32f3xx_hal_pwr_ex.c **** 
  82:Drivers/STM32F3xx_HAL_Driver/Src/stm32f3xx_hal_pwr_ex.c ****  ===============================================================================
  83:Drivers/STM32F3xx_HAL_Driver/Src/stm32f3xx_hal_pwr_ex.c ****                  ##### Peripheral Extended control functions #####
  84:Drivers/STM32F3xx_HAL_Driver/Src/stm32f3xx_hal_pwr_ex.c ****  ===============================================================================
  85:Drivers/STM32F3xx_HAL_Driver/Src/stm32f3xx_hal_pwr_ex.c ****     *** PVD configuration (present on all other devices than STM32F3x8 devices) ***
  86:Drivers/STM32F3xx_HAL_Driver/Src/stm32f3xx_hal_pwr_ex.c ****     =========================
ARM GAS  /var/folders/8c/gyvcglfx7f97kbqb2h83mm_r0000gn/T//ccksbKCT.s 			page 3


  87:Drivers/STM32F3xx_HAL_Driver/Src/stm32f3xx_hal_pwr_ex.c ****     [..]
  88:Drivers/STM32F3xx_HAL_Driver/Src/stm32f3xx_hal_pwr_ex.c ****       (+) The PVD is used to monitor the VDD power supply by comparing it to a
  89:Drivers/STM32F3xx_HAL_Driver/Src/stm32f3xx_hal_pwr_ex.c ****           threshold selected by the PVD Level (PLS[2:0] bits in the PWR_CR).
  90:Drivers/STM32F3xx_HAL_Driver/Src/stm32f3xx_hal_pwr_ex.c ****       (+) A PVDO flag is available to indicate if VDD/VDDA is higher or lower
  91:Drivers/STM32F3xx_HAL_Driver/Src/stm32f3xx_hal_pwr_ex.c ****           than the PVD threshold. This event is internally connected to the EXTI
  92:Drivers/STM32F3xx_HAL_Driver/Src/stm32f3xx_hal_pwr_ex.c ****           line16 and can generate an interrupt if enabled. This is done through
  93:Drivers/STM32F3xx_HAL_Driver/Src/stm32f3xx_hal_pwr_ex.c ****           __HAL_PWR_PVD_EXTI_ENABLE_IT() macro
  94:Drivers/STM32F3xx_HAL_Driver/Src/stm32f3xx_hal_pwr_ex.c ****       (+) The PVD is stopped in Standby mode.
  95:Drivers/STM32F3xx_HAL_Driver/Src/stm32f3xx_hal_pwr_ex.c ****       -@- PVD is not available on STM32F3x8 Product Line
  96:Drivers/STM32F3xx_HAL_Driver/Src/stm32f3xx_hal_pwr_ex.c **** 
  97:Drivers/STM32F3xx_HAL_Driver/Src/stm32f3xx_hal_pwr_ex.c **** 
  98:Drivers/STM32F3xx_HAL_Driver/Src/stm32f3xx_hal_pwr_ex.c ****     *** Voltage regulator ***
  99:Drivers/STM32F3xx_HAL_Driver/Src/stm32f3xx_hal_pwr_ex.c ****     =========================
 100:Drivers/STM32F3xx_HAL_Driver/Src/stm32f3xx_hal_pwr_ex.c ****     [..]
 101:Drivers/STM32F3xx_HAL_Driver/Src/stm32f3xx_hal_pwr_ex.c ****       (+) The voltage regulator is always enabled after Reset. It works in three different
 102:Drivers/STM32F3xx_HAL_Driver/Src/stm32f3xx_hal_pwr_ex.c ****           modes.
 103:Drivers/STM32F3xx_HAL_Driver/Src/stm32f3xx_hal_pwr_ex.c ****           In Run mode, the regulator supplies full power to the 1.8V domain (core, memories
 104:Drivers/STM32F3xx_HAL_Driver/Src/stm32f3xx_hal_pwr_ex.c ****           and digital peripherals).
 105:Drivers/STM32F3xx_HAL_Driver/Src/stm32f3xx_hal_pwr_ex.c ****           In Stop mode, the regulator supplies low power to the 1.8V domain, preserving
 106:Drivers/STM32F3xx_HAL_Driver/Src/stm32f3xx_hal_pwr_ex.c ****           contents of registers and SRAM.
 107:Drivers/STM32F3xx_HAL_Driver/Src/stm32f3xx_hal_pwr_ex.c ****           In Stop mode, the regulator is powered off. The contents of the registers and SRAM
 108:Drivers/STM32F3xx_HAL_Driver/Src/stm32f3xx_hal_pwr_ex.c ****           are lost except for the Standby circuitry and the Backup Domain.
 109:Drivers/STM32F3xx_HAL_Driver/Src/stm32f3xx_hal_pwr_ex.c ****           Note: in the STM32F3x8xx devices, the voltage regulator is bypassed and the
 110:Drivers/STM32F3xx_HAL_Driver/Src/stm32f3xx_hal_pwr_ex.c ****           microcontroller must be powered from a nominal VDD = 1.8V +/-8U% voltage.
 111:Drivers/STM32F3xx_HAL_Driver/Src/stm32f3xx_hal_pwr_ex.c **** 
 112:Drivers/STM32F3xx_HAL_Driver/Src/stm32f3xx_hal_pwr_ex.c **** 
 113:Drivers/STM32F3xx_HAL_Driver/Src/stm32f3xx_hal_pwr_ex.c ****       (+) A PVDO flag is available to indicate if VDD/VDDA is higher or lower
 114:Drivers/STM32F3xx_HAL_Driver/Src/stm32f3xx_hal_pwr_ex.c ****           than the PVD threshold. This event is internally connected to the EXTI
 115:Drivers/STM32F3xx_HAL_Driver/Src/stm32f3xx_hal_pwr_ex.c ****           line16 and can generate an interrupt if enabled. This is done through
 116:Drivers/STM32F3xx_HAL_Driver/Src/stm32f3xx_hal_pwr_ex.c ****           __HAL_PWR_PVD_EXTI_ENABLE_IT() macro
 117:Drivers/STM32F3xx_HAL_Driver/Src/stm32f3xx_hal_pwr_ex.c ****       (+) The PVD is stopped in Standby mode.
 118:Drivers/STM32F3xx_HAL_Driver/Src/stm32f3xx_hal_pwr_ex.c **** 
 119:Drivers/STM32F3xx_HAL_Driver/Src/stm32f3xx_hal_pwr_ex.c **** 
 120:Drivers/STM32F3xx_HAL_Driver/Src/stm32f3xx_hal_pwr_ex.c ****     *** SDADC power configuration ***
 121:Drivers/STM32F3xx_HAL_Driver/Src/stm32f3xx_hal_pwr_ex.c ****     ================================
 122:Drivers/STM32F3xx_HAL_Driver/Src/stm32f3xx_hal_pwr_ex.c ****     [..]
 123:Drivers/STM32F3xx_HAL_Driver/Src/stm32f3xx_hal_pwr_ex.c ****       (+) On STM32F373xC/STM32F378xx devices, there are up to 
 124:Drivers/STM32F3xx_HAL_Driver/Src/stm32f3xx_hal_pwr_ex.c ****           3 SDADC instances that can be enabled/disabled.
 125:Drivers/STM32F3xx_HAL_Driver/Src/stm32f3xx_hal_pwr_ex.c **** 
 126:Drivers/STM32F3xx_HAL_Driver/Src/stm32f3xx_hal_pwr_ex.c **** @endverbatim
 127:Drivers/STM32F3xx_HAL_Driver/Src/stm32f3xx_hal_pwr_ex.c ****   * @{
 128:Drivers/STM32F3xx_HAL_Driver/Src/stm32f3xx_hal_pwr_ex.c ****   */
 129:Drivers/STM32F3xx_HAL_Driver/Src/stm32f3xx_hal_pwr_ex.c **** 
 130:Drivers/STM32F3xx_HAL_Driver/Src/stm32f3xx_hal_pwr_ex.c **** #if defined(STM32F302xE) || defined(STM32F303xE) || \
 131:Drivers/STM32F3xx_HAL_Driver/Src/stm32f3xx_hal_pwr_ex.c ****     defined(STM32F302xC) || defined(STM32F303xC) || \
 132:Drivers/STM32F3xx_HAL_Driver/Src/stm32f3xx_hal_pwr_ex.c ****     defined(STM32F303x8) || defined(STM32F334x8) || \
 133:Drivers/STM32F3xx_HAL_Driver/Src/stm32f3xx_hal_pwr_ex.c ****     defined(STM32F301x8) || defined(STM32F302x8) || \
 134:Drivers/STM32F3xx_HAL_Driver/Src/stm32f3xx_hal_pwr_ex.c ****     defined(STM32F373xC)
 135:Drivers/STM32F3xx_HAL_Driver/Src/stm32f3xx_hal_pwr_ex.c **** 
 136:Drivers/STM32F3xx_HAL_Driver/Src/stm32f3xx_hal_pwr_ex.c **** /**
 137:Drivers/STM32F3xx_HAL_Driver/Src/stm32f3xx_hal_pwr_ex.c ****   * @brief Configures the voltage threshold detected by the Power Voltage Detector(PVD).
 138:Drivers/STM32F3xx_HAL_Driver/Src/stm32f3xx_hal_pwr_ex.c ****   * @param sConfigPVD pointer to an PWR_PVDTypeDef structure that contains the configuration
 139:Drivers/STM32F3xx_HAL_Driver/Src/stm32f3xx_hal_pwr_ex.c ****   *        information for the PVD.
 140:Drivers/STM32F3xx_HAL_Driver/Src/stm32f3xx_hal_pwr_ex.c ****   * @note Refer to the electrical characteristics of your device datasheet for
 141:Drivers/STM32F3xx_HAL_Driver/Src/stm32f3xx_hal_pwr_ex.c ****   *         more details about the voltage threshold corresponding to each
 142:Drivers/STM32F3xx_HAL_Driver/Src/stm32f3xx_hal_pwr_ex.c ****   *         detection level.
 143:Drivers/STM32F3xx_HAL_Driver/Src/stm32f3xx_hal_pwr_ex.c ****   * @retval None
ARM GAS  /var/folders/8c/gyvcglfx7f97kbqb2h83mm_r0000gn/T//ccksbKCT.s 			page 4


 144:Drivers/STM32F3xx_HAL_Driver/Src/stm32f3xx_hal_pwr_ex.c ****   */
 145:Drivers/STM32F3xx_HAL_Driver/Src/stm32f3xx_hal_pwr_ex.c **** void HAL_PWR_ConfigPVD(PWR_PVDTypeDef *sConfigPVD)
 146:Drivers/STM32F3xx_HAL_Driver/Src/stm32f3xx_hal_pwr_ex.c **** {
  30              		.loc 1 146 1 view -0
  31              		.cfi_startproc
  32              		@ args = 0, pretend = 0, frame = 0
  33              		@ frame_needed = 0, uses_anonymous_args = 0
  34              		@ link register save eliminated.
 147:Drivers/STM32F3xx_HAL_Driver/Src/stm32f3xx_hal_pwr_ex.c ****   /* Check the parameters */
 148:Drivers/STM32F3xx_HAL_Driver/Src/stm32f3xx_hal_pwr_ex.c ****   assert_param(IS_PWR_PVD_LEVEL(sConfigPVD->PVDLevel));
  35              		.loc 1 148 3 view .LVU1
 149:Drivers/STM32F3xx_HAL_Driver/Src/stm32f3xx_hal_pwr_ex.c ****   assert_param(IS_PWR_PVD_MODE(sConfigPVD->Mode));
  36              		.loc 1 149 3 view .LVU2
 150:Drivers/STM32F3xx_HAL_Driver/Src/stm32f3xx_hal_pwr_ex.c **** 
 151:Drivers/STM32F3xx_HAL_Driver/Src/stm32f3xx_hal_pwr_ex.c ****   /* Set PLS[7:5] bits according to PVDLevel value */
 152:Drivers/STM32F3xx_HAL_Driver/Src/stm32f3xx_hal_pwr_ex.c ****   MODIFY_REG(PWR->CR, PWR_CR_PLS, sConfigPVD->PVDLevel);
  37              		.loc 1 152 3 view .LVU3
  38 0000 184A     		ldr	r2, .L18
  39 0002 0168     		ldr	r1, [r0]
  40 0004 1368     		ldr	r3, [r2]
  41 0006 23F0E003 		bic	r3, r3, #224
  42 000a 0B43     		orrs	r3, r3, r1
  43 000c 1360     		str	r3, [r2]
 153:Drivers/STM32F3xx_HAL_Driver/Src/stm32f3xx_hal_pwr_ex.c ****   
 154:Drivers/STM32F3xx_HAL_Driver/Src/stm32f3xx_hal_pwr_ex.c ****   /* Clear any previous config. Keep it clear if no event or IT mode is selected */
 155:Drivers/STM32F3xx_HAL_Driver/Src/stm32f3xx_hal_pwr_ex.c ****   __HAL_PWR_PVD_EXTI_DISABLE_EVENT();
  44              		.loc 1 155 3 view .LVU4
  45 000e 164B     		ldr	r3, .L18+4
  46 0010 5A68     		ldr	r2, [r3, #4]
  47 0012 22F48032 		bic	r2, r2, #65536
  48 0016 5A60     		str	r2, [r3, #4]
 156:Drivers/STM32F3xx_HAL_Driver/Src/stm32f3xx_hal_pwr_ex.c ****   __HAL_PWR_PVD_EXTI_DISABLE_IT();
  49              		.loc 1 156 3 view .LVU5
  50 0018 1A68     		ldr	r2, [r3]
  51 001a 22F48032 		bic	r2, r2, #65536
  52 001e 1A60     		str	r2, [r3]
 157:Drivers/STM32F3xx_HAL_Driver/Src/stm32f3xx_hal_pwr_ex.c ****   __HAL_PWR_PVD_EXTI_DISABLE_RISING_EDGE();__HAL_PWR_PVD_EXTI_DISABLE_FALLING_EDGE();
  53              		.loc 1 157 3 view .LVU6
  54 0020 9A68     		ldr	r2, [r3, #8]
  55 0022 22F48032 		bic	r2, r2, #65536
  56 0026 9A60     		str	r2, [r3, #8]
  57              		.loc 1 157 44 view .LVU7
  58 0028 DA68     		ldr	r2, [r3, #12]
  59 002a 22F48032 		bic	r2, r2, #65536
  60 002e DA60     		str	r2, [r3, #12]
 158:Drivers/STM32F3xx_HAL_Driver/Src/stm32f3xx_hal_pwr_ex.c **** 
 159:Drivers/STM32F3xx_HAL_Driver/Src/stm32f3xx_hal_pwr_ex.c ****   /* Configure interrupt mode */
 160:Drivers/STM32F3xx_HAL_Driver/Src/stm32f3xx_hal_pwr_ex.c ****   if((sConfigPVD->Mode & PVD_MODE_IT) == PVD_MODE_IT)
  61              		.loc 1 160 3 view .LVU8
  62              		.loc 1 160 17 is_stmt 0 view .LVU9
  63 0030 4268     		ldr	r2, [r0, #4]
  64              		.loc 1 160 5 view .LVU10
  65 0032 D103     		lsls	r1, r2, #15
 161:Drivers/STM32F3xx_HAL_Driver/Src/stm32f3xx_hal_pwr_ex.c ****   {
 162:Drivers/STM32F3xx_HAL_Driver/Src/stm32f3xx_hal_pwr_ex.c ****     __HAL_PWR_PVD_EXTI_ENABLE_IT();
  66              		.loc 1 162 5 is_stmt 1 view .LVU11
  67 0034 42BF     		ittt	mi
ARM GAS  /var/folders/8c/gyvcglfx7f97kbqb2h83mm_r0000gn/T//ccksbKCT.s 			page 5


  68 0036 1968     		ldrmi	r1, [r3]
  69 0038 41F48031 		orrmi	r1, r1, #65536
  70 003c 1960     		strmi	r1, [r3]
 163:Drivers/STM32F3xx_HAL_Driver/Src/stm32f3xx_hal_pwr_ex.c ****   }
 164:Drivers/STM32F3xx_HAL_Driver/Src/stm32f3xx_hal_pwr_ex.c ****   
 165:Drivers/STM32F3xx_HAL_Driver/Src/stm32f3xx_hal_pwr_ex.c ****   /* Configure event mode */
 166:Drivers/STM32F3xx_HAL_Driver/Src/stm32f3xx_hal_pwr_ex.c ****   if((sConfigPVD->Mode & PVD_MODE_EVT) == PVD_MODE_EVT)
  71              		.loc 1 166 3 view .LVU12
  72              		.loc 1 166 5 is_stmt 0 view .LVU13
  73 003e 9003     		lsls	r0, r2, #14
  74              	.LVL1:
 167:Drivers/STM32F3xx_HAL_Driver/Src/stm32f3xx_hal_pwr_ex.c ****   {
 168:Drivers/STM32F3xx_HAL_Driver/Src/stm32f3xx_hal_pwr_ex.c ****     __HAL_PWR_PVD_EXTI_ENABLE_EVENT();
  75              		.loc 1 168 5 is_stmt 1 view .LVU14
  76 0040 42BF     		ittt	mi
  77 0042 5968     		ldrmi	r1, [r3, #4]
  78 0044 41F48031 		orrmi	r1, r1, #65536
  79 0048 5960     		strmi	r1, [r3, #4]
 169:Drivers/STM32F3xx_HAL_Driver/Src/stm32f3xx_hal_pwr_ex.c ****   }
 170:Drivers/STM32F3xx_HAL_Driver/Src/stm32f3xx_hal_pwr_ex.c ****   
 171:Drivers/STM32F3xx_HAL_Driver/Src/stm32f3xx_hal_pwr_ex.c ****   /* Configure the edge */
 172:Drivers/STM32F3xx_HAL_Driver/Src/stm32f3xx_hal_pwr_ex.c ****   if((sConfigPVD->Mode & PVD_RISING_EDGE) == PVD_RISING_EDGE)
  80              		.loc 1 172 3 view .LVU15
  81              		.loc 1 172 5 is_stmt 0 view .LVU16
  82 004a D107     		lsls	r1, r2, #31
 173:Drivers/STM32F3xx_HAL_Driver/Src/stm32f3xx_hal_pwr_ex.c ****   {
 174:Drivers/STM32F3xx_HAL_Driver/Src/stm32f3xx_hal_pwr_ex.c ****     __HAL_PWR_PVD_EXTI_ENABLE_RISING_EDGE();
  83              		.loc 1 174 5 is_stmt 1 view .LVU17
  84 004c 42BF     		ittt	mi
  85 004e 9968     		ldrmi	r1, [r3, #8]
  86 0050 41F48031 		orrmi	r1, r1, #65536
  87 0054 9960     		strmi	r1, [r3, #8]
 175:Drivers/STM32F3xx_HAL_Driver/Src/stm32f3xx_hal_pwr_ex.c ****   }
 176:Drivers/STM32F3xx_HAL_Driver/Src/stm32f3xx_hal_pwr_ex.c ****   
 177:Drivers/STM32F3xx_HAL_Driver/Src/stm32f3xx_hal_pwr_ex.c ****   if((sConfigPVD->Mode & PVD_FALLING_EDGE) == PVD_FALLING_EDGE)
  88              		.loc 1 177 3 view .LVU18
  89              		.loc 1 177 5 is_stmt 0 view .LVU19
  90 0056 9207     		lsls	r2, r2, #30
 178:Drivers/STM32F3xx_HAL_Driver/Src/stm32f3xx_hal_pwr_ex.c ****   {
 179:Drivers/STM32F3xx_HAL_Driver/Src/stm32f3xx_hal_pwr_ex.c ****     __HAL_PWR_PVD_EXTI_ENABLE_FALLING_EDGE();
  91              		.loc 1 179 5 is_stmt 1 view .LVU20
  92 0058 42BF     		ittt	mi
  93 005a DA68     		ldrmi	r2, [r3, #12]
  94 005c 42F48032 		orrmi	r2, r2, #65536
  95 0060 DA60     		strmi	r2, [r3, #12]
 180:Drivers/STM32F3xx_HAL_Driver/Src/stm32f3xx_hal_pwr_ex.c ****   }
 181:Drivers/STM32F3xx_HAL_Driver/Src/stm32f3xx_hal_pwr_ex.c **** }
  96              		.loc 1 181 1 is_stmt 0 view .LVU21
  97 0062 7047     		bx	lr
  98              	.L19:
  99              		.align	2
 100              	.L18:
 101 0064 00700040 		.word	1073770496
 102 0068 00040140 		.word	1073808384
 103              		.cfi_endproc
 104              	.LFE126:
 106              		.section	.text.HAL_PWR_EnablePVD,"ax",%progbits
ARM GAS  /var/folders/8c/gyvcglfx7f97kbqb2h83mm_r0000gn/T//ccksbKCT.s 			page 6


 107              		.align	1
 108              		.global	HAL_PWR_EnablePVD
 109              		.syntax unified
 110              		.thumb
 111              		.thumb_func
 112              		.fpu fpv4-sp-d16
 114              	HAL_PWR_EnablePVD:
 115              	.LFB127:
 182:Drivers/STM32F3xx_HAL_Driver/Src/stm32f3xx_hal_pwr_ex.c **** 
 183:Drivers/STM32F3xx_HAL_Driver/Src/stm32f3xx_hal_pwr_ex.c **** /**
 184:Drivers/STM32F3xx_HAL_Driver/Src/stm32f3xx_hal_pwr_ex.c ****   * @brief Enables the Power Voltage Detector(PVD).
 185:Drivers/STM32F3xx_HAL_Driver/Src/stm32f3xx_hal_pwr_ex.c ****   * @retval None
 186:Drivers/STM32F3xx_HAL_Driver/Src/stm32f3xx_hal_pwr_ex.c ****   */
 187:Drivers/STM32F3xx_HAL_Driver/Src/stm32f3xx_hal_pwr_ex.c **** void HAL_PWR_EnablePVD(void)
 188:Drivers/STM32F3xx_HAL_Driver/Src/stm32f3xx_hal_pwr_ex.c **** {
 116              		.loc 1 188 1 is_stmt 1 view -0
 117              		.cfi_startproc
 118              		@ args = 0, pretend = 0, frame = 0
 119              		@ frame_needed = 0, uses_anonymous_args = 0
 120              		@ link register save eliminated.
 189:Drivers/STM32F3xx_HAL_Driver/Src/stm32f3xx_hal_pwr_ex.c ****   SET_BIT(PWR->CR, PWR_CR_PVDE);  
 121              		.loc 1 189 3 view .LVU23
 122 0000 024A     		ldr	r2, .L21
 123 0002 1368     		ldr	r3, [r2]
 124 0004 43F01003 		orr	r3, r3, #16
 125 0008 1360     		str	r3, [r2]
 190:Drivers/STM32F3xx_HAL_Driver/Src/stm32f3xx_hal_pwr_ex.c **** }
 126              		.loc 1 190 1 is_stmt 0 view .LVU24
 127 000a 7047     		bx	lr
 128              	.L22:
 129              		.align	2
 130              	.L21:
 131 000c 00700040 		.word	1073770496
 132              		.cfi_endproc
 133              	.LFE127:
 135              		.section	.text.HAL_PWR_DisablePVD,"ax",%progbits
 136              		.align	1
 137              		.global	HAL_PWR_DisablePVD
 138              		.syntax unified
 139              		.thumb
 140              		.thumb_func
 141              		.fpu fpv4-sp-d16
 143              	HAL_PWR_DisablePVD:
 144              	.LFB128:
 191:Drivers/STM32F3xx_HAL_Driver/Src/stm32f3xx_hal_pwr_ex.c **** 
 192:Drivers/STM32F3xx_HAL_Driver/Src/stm32f3xx_hal_pwr_ex.c **** /**
 193:Drivers/STM32F3xx_HAL_Driver/Src/stm32f3xx_hal_pwr_ex.c ****   * @brief Disables the Power Voltage Detector(PVD).
 194:Drivers/STM32F3xx_HAL_Driver/Src/stm32f3xx_hal_pwr_ex.c ****   * @retval None
 195:Drivers/STM32F3xx_HAL_Driver/Src/stm32f3xx_hal_pwr_ex.c ****   */
 196:Drivers/STM32F3xx_HAL_Driver/Src/stm32f3xx_hal_pwr_ex.c **** void HAL_PWR_DisablePVD(void)
 197:Drivers/STM32F3xx_HAL_Driver/Src/stm32f3xx_hal_pwr_ex.c **** {
 145              		.loc 1 197 1 is_stmt 1 view -0
 146              		.cfi_startproc
 147              		@ args = 0, pretend = 0, frame = 0
 148              		@ frame_needed = 0, uses_anonymous_args = 0
 149              		@ link register save eliminated.
 198:Drivers/STM32F3xx_HAL_Driver/Src/stm32f3xx_hal_pwr_ex.c ****   CLEAR_BIT(PWR->CR, PWR_CR_PVDE);  
ARM GAS  /var/folders/8c/gyvcglfx7f97kbqb2h83mm_r0000gn/T//ccksbKCT.s 			page 7


 150              		.loc 1 198 3 view .LVU26
 151 0000 024A     		ldr	r2, .L24
 152 0002 1368     		ldr	r3, [r2]
 153 0004 23F01003 		bic	r3, r3, #16
 154 0008 1360     		str	r3, [r2]
 199:Drivers/STM32F3xx_HAL_Driver/Src/stm32f3xx_hal_pwr_ex.c **** }
 155              		.loc 1 199 1 is_stmt 0 view .LVU27
 156 000a 7047     		bx	lr
 157              	.L25:
 158              		.align	2
 159              	.L24:
 160 000c 00700040 		.word	1073770496
 161              		.cfi_endproc
 162              	.LFE128:
 164              		.section	.text.HAL_PWR_PVDCallback,"ax",%progbits
 165              		.align	1
 166              		.weak	HAL_PWR_PVDCallback
 167              		.syntax unified
 168              		.thumb
 169              		.thumb_func
 170              		.fpu fpv4-sp-d16
 172              	HAL_PWR_PVDCallback:
 173              	.LFB130:
 200:Drivers/STM32F3xx_HAL_Driver/Src/stm32f3xx_hal_pwr_ex.c **** 
 201:Drivers/STM32F3xx_HAL_Driver/Src/stm32f3xx_hal_pwr_ex.c **** /**
 202:Drivers/STM32F3xx_HAL_Driver/Src/stm32f3xx_hal_pwr_ex.c ****   * @brief This function handles the PWR PVD interrupt request.
 203:Drivers/STM32F3xx_HAL_Driver/Src/stm32f3xx_hal_pwr_ex.c ****   * @note This API should be called under the PVD_IRQHandler().
 204:Drivers/STM32F3xx_HAL_Driver/Src/stm32f3xx_hal_pwr_ex.c ****   * @retval None
 205:Drivers/STM32F3xx_HAL_Driver/Src/stm32f3xx_hal_pwr_ex.c ****   */
 206:Drivers/STM32F3xx_HAL_Driver/Src/stm32f3xx_hal_pwr_ex.c **** void HAL_PWR_PVD_IRQHandler(void)
 207:Drivers/STM32F3xx_HAL_Driver/Src/stm32f3xx_hal_pwr_ex.c **** {
 208:Drivers/STM32F3xx_HAL_Driver/Src/stm32f3xx_hal_pwr_ex.c ****   /* Check PWR exti flag */
 209:Drivers/STM32F3xx_HAL_Driver/Src/stm32f3xx_hal_pwr_ex.c ****   if(__HAL_PWR_PVD_EXTI_GET_FLAG() != RESET)
 210:Drivers/STM32F3xx_HAL_Driver/Src/stm32f3xx_hal_pwr_ex.c ****   {
 211:Drivers/STM32F3xx_HAL_Driver/Src/stm32f3xx_hal_pwr_ex.c ****     /* PWR PVD interrupt user callback */
 212:Drivers/STM32F3xx_HAL_Driver/Src/stm32f3xx_hal_pwr_ex.c ****     HAL_PWR_PVDCallback();
 213:Drivers/STM32F3xx_HAL_Driver/Src/stm32f3xx_hal_pwr_ex.c **** 
 214:Drivers/STM32F3xx_HAL_Driver/Src/stm32f3xx_hal_pwr_ex.c ****     /* Clear PWR Exti pending bit */
 215:Drivers/STM32F3xx_HAL_Driver/Src/stm32f3xx_hal_pwr_ex.c ****     __HAL_PWR_PVD_EXTI_CLEAR_FLAG();
 216:Drivers/STM32F3xx_HAL_Driver/Src/stm32f3xx_hal_pwr_ex.c ****   }
 217:Drivers/STM32F3xx_HAL_Driver/Src/stm32f3xx_hal_pwr_ex.c **** }
 218:Drivers/STM32F3xx_HAL_Driver/Src/stm32f3xx_hal_pwr_ex.c **** 
 219:Drivers/STM32F3xx_HAL_Driver/Src/stm32f3xx_hal_pwr_ex.c **** /**
 220:Drivers/STM32F3xx_HAL_Driver/Src/stm32f3xx_hal_pwr_ex.c ****   * @brief PWR PVD interrupt callback
 221:Drivers/STM32F3xx_HAL_Driver/Src/stm32f3xx_hal_pwr_ex.c ****   * @retval None
 222:Drivers/STM32F3xx_HAL_Driver/Src/stm32f3xx_hal_pwr_ex.c ****   */
 223:Drivers/STM32F3xx_HAL_Driver/Src/stm32f3xx_hal_pwr_ex.c **** __weak void HAL_PWR_PVDCallback(void)
 224:Drivers/STM32F3xx_HAL_Driver/Src/stm32f3xx_hal_pwr_ex.c **** {
 174              		.loc 1 224 1 is_stmt 1 view -0
 175              		.cfi_startproc
 176              		@ args = 0, pretend = 0, frame = 0
 177              		@ frame_needed = 0, uses_anonymous_args = 0
 178              		@ link register save eliminated.
 225:Drivers/STM32F3xx_HAL_Driver/Src/stm32f3xx_hal_pwr_ex.c ****   /* NOTE : This function Should not be modified, when the callback is needed,
 226:Drivers/STM32F3xx_HAL_Driver/Src/stm32f3xx_hal_pwr_ex.c ****             the HAL_PWR_PVDCallback could be implemented in the user file
 227:Drivers/STM32F3xx_HAL_Driver/Src/stm32f3xx_hal_pwr_ex.c ****    */
 228:Drivers/STM32F3xx_HAL_Driver/Src/stm32f3xx_hal_pwr_ex.c **** }
ARM GAS  /var/folders/8c/gyvcglfx7f97kbqb2h83mm_r0000gn/T//ccksbKCT.s 			page 8


 179              		.loc 1 228 1 view .LVU29
 180 0000 7047     		bx	lr
 181              		.cfi_endproc
 182              	.LFE130:
 184              		.section	.text.HAL_PWR_PVD_IRQHandler,"ax",%progbits
 185              		.align	1
 186              		.global	HAL_PWR_PVD_IRQHandler
 187              		.syntax unified
 188              		.thumb
 189              		.thumb_func
 190              		.fpu fpv4-sp-d16
 192              	HAL_PWR_PVD_IRQHandler:
 193              	.LFB129:
 207:Drivers/STM32F3xx_HAL_Driver/Src/stm32f3xx_hal_pwr_ex.c ****   /* Check PWR exti flag */
 194              		.loc 1 207 1 view -0
 195              		.cfi_startproc
 196              		@ args = 0, pretend = 0, frame = 0
 197              		@ frame_needed = 0, uses_anonymous_args = 0
 209:Drivers/STM32F3xx_HAL_Driver/Src/stm32f3xx_hal_pwr_ex.c ****   {
 198              		.loc 1 209 3 view .LVU31
 207:Drivers/STM32F3xx_HAL_Driver/Src/stm32f3xx_hal_pwr_ex.c ****   /* Check PWR exti flag */
 199              		.loc 1 207 1 is_stmt 0 view .LVU32
 200 0000 10B5     		push	{r4, lr}
 201              	.LCFI0:
 202              		.cfi_def_cfa_offset 8
 203              		.cfi_offset 4, -8
 204              		.cfi_offset 14, -4
 209:Drivers/STM32F3xx_HAL_Driver/Src/stm32f3xx_hal_pwr_ex.c ****   {
 205              		.loc 1 209 6 view .LVU33
 206 0002 054C     		ldr	r4, .L32
 207 0004 6369     		ldr	r3, [r4, #20]
 209:Drivers/STM32F3xx_HAL_Driver/Src/stm32f3xx_hal_pwr_ex.c ****   {
 208              		.loc 1 209 5 view .LVU34
 209 0006 DB03     		lsls	r3, r3, #15
 210 0008 04D5     		bpl	.L27
 212:Drivers/STM32F3xx_HAL_Driver/Src/stm32f3xx_hal_pwr_ex.c **** 
 211              		.loc 1 212 5 is_stmt 1 view .LVU35
 212 000a FFF7FEFF 		bl	HAL_PWR_PVDCallback
 213              	.LVL2:
 215:Drivers/STM32F3xx_HAL_Driver/Src/stm32f3xx_hal_pwr_ex.c ****   }
 214              		.loc 1 215 5 view .LVU36
 215 000e 4FF48033 		mov	r3, #65536
 216 0012 6361     		str	r3, [r4, #20]
 217              	.L27:
 217:Drivers/STM32F3xx_HAL_Driver/Src/stm32f3xx_hal_pwr_ex.c **** 
 218              		.loc 1 217 1 is_stmt 0 view .LVU37
 219 0014 10BD     		pop	{r4, pc}
 220              	.L33:
 221 0016 00BF     		.align	2
 222              	.L32:
 223 0018 00040140 		.word	1073808384
 224              		.cfi_endproc
 225              	.LFE129:
 227              		.text
 228              	.Letext0:
 229              		.file 2 "/usr/local/gcc-arm-none-eabi-8-2018-q4-major/arm-none-eabi/include/machine/_default_types
 230              		.file 3 "/usr/local/gcc-arm-none-eabi-8-2018-q4-major/arm-none-eabi/include/sys/_stdint.h"
ARM GAS  /var/folders/8c/gyvcglfx7f97kbqb2h83mm_r0000gn/T//ccksbKCT.s 			page 9


 231              		.file 4 "Drivers/CMSIS/Include/core_cm4.h"
 232              		.file 5 "Drivers/CMSIS/Device/ST/STM32F3xx/Include/system_stm32f3xx.h"
 233              		.file 6 "Drivers/CMSIS/Device/ST/STM32F3xx/Include/stm32f303xe.h"
 234              		.file 7 "/usr/local/gcc-arm-none-eabi-8-2018-q4-major/arm-none-eabi/include/sys/lock.h"
 235              		.file 8 "/usr/local/gcc-arm-none-eabi-8-2018-q4-major/arm-none-eabi/include/sys/_types.h"
 236              		.file 9 "/usr/local/gcc-arm-none-eabi-8-2018-q4-major/lib/gcc/arm-none-eabi/8.2.1/include/stddef.h
 237              		.file 10 "/usr/local/gcc-arm-none-eabi-8-2018-q4-major/arm-none-eabi/include/sys/reent.h"
 238              		.file 11 "Drivers/STM32F3xx_HAL_Driver/Inc/stm32f3xx_hal_pwr_ex.h"
 239              		.file 12 "Drivers/CMSIS/Device/ST/STM32F3xx/Include/stm32f3xx.h"
 240              		.file 13 "Drivers/STM32F3xx_HAL_Driver/Inc/stm32f3xx_hal.h"
ARM GAS  /var/folders/8c/gyvcglfx7f97kbqb2h83mm_r0000gn/T//ccksbKCT.s 			page 10


DEFINED SYMBOLS
                            *ABS*:0000000000000000 stm32f3xx_hal_pwr_ex.c
/var/folders/8c/gyvcglfx7f97kbqb2h83mm_r0000gn/T//ccksbKCT.s:18     .text.HAL_PWR_ConfigPVD:0000000000000000 $t
/var/folders/8c/gyvcglfx7f97kbqb2h83mm_r0000gn/T//ccksbKCT.s:26     .text.HAL_PWR_ConfigPVD:0000000000000000 HAL_PWR_ConfigPVD
/var/folders/8c/gyvcglfx7f97kbqb2h83mm_r0000gn/T//ccksbKCT.s:101    .text.HAL_PWR_ConfigPVD:0000000000000064 $d
/var/folders/8c/gyvcglfx7f97kbqb2h83mm_r0000gn/T//ccksbKCT.s:107    .text.HAL_PWR_EnablePVD:0000000000000000 $t
/var/folders/8c/gyvcglfx7f97kbqb2h83mm_r0000gn/T//ccksbKCT.s:114    .text.HAL_PWR_EnablePVD:0000000000000000 HAL_PWR_EnablePVD
/var/folders/8c/gyvcglfx7f97kbqb2h83mm_r0000gn/T//ccksbKCT.s:131    .text.HAL_PWR_EnablePVD:000000000000000c $d
/var/folders/8c/gyvcglfx7f97kbqb2h83mm_r0000gn/T//ccksbKCT.s:136    .text.HAL_PWR_DisablePVD:0000000000000000 $t
/var/folders/8c/gyvcglfx7f97kbqb2h83mm_r0000gn/T//ccksbKCT.s:143    .text.HAL_PWR_DisablePVD:0000000000000000 HAL_PWR_DisablePVD
/var/folders/8c/gyvcglfx7f97kbqb2h83mm_r0000gn/T//ccksbKCT.s:160    .text.HAL_PWR_DisablePVD:000000000000000c $d
/var/folders/8c/gyvcglfx7f97kbqb2h83mm_r0000gn/T//ccksbKCT.s:165    .text.HAL_PWR_PVDCallback:0000000000000000 $t
/var/folders/8c/gyvcglfx7f97kbqb2h83mm_r0000gn/T//ccksbKCT.s:172    .text.HAL_PWR_PVDCallback:0000000000000000 HAL_PWR_PVDCallback
/var/folders/8c/gyvcglfx7f97kbqb2h83mm_r0000gn/T//ccksbKCT.s:185    .text.HAL_PWR_PVD_IRQHandler:0000000000000000 $t
/var/folders/8c/gyvcglfx7f97kbqb2h83mm_r0000gn/T//ccksbKCT.s:192    .text.HAL_PWR_PVD_IRQHandler:0000000000000000 HAL_PWR_PVD_IRQHandler
/var/folders/8c/gyvcglfx7f97kbqb2h83mm_r0000gn/T//ccksbKCT.s:223    .text.HAL_PWR_PVD_IRQHandler:0000000000000018 $d

NO UNDEFINED SYMBOLS
