ARM GAS  /var/folders/8c/gyvcglfx7f97kbqb2h83mm_r0000gn/T//ccTbJyqV.s 			page 1


   1              		.cpu cortex-m4
   2              		.eabi_attribute 27, 1
   3              		.eabi_attribute 28, 1
   4              		.eabi_attribute 20, 1
   5              		.eabi_attribute 21, 1
   6              		.eabi_attribute 23, 3
   7              		.eabi_attribute 24, 1
   8              		.eabi_attribute 25, 1
   9              		.eabi_attribute 26, 1
  10              		.eabi_attribute 30, 4
  11              		.eabi_attribute 34, 1
  12              		.eabi_attribute 18, 4
  13              		.file	"usart.c"
  14              		.text
  15              	.Ltext0:
  16              		.cfi_sections	.debug_frame
  17              		.section	.text.MX_USART2_UART_Init,"ax",%progbits
  18              		.align	1
  19              		.global	MX_USART2_UART_Init
  20              		.arch armv7e-m
  21              		.syntax unified
  22              		.thumb
  23              		.thumb_func
  24              		.fpu fpv4-sp-d16
  26              	MX_USART2_UART_Init:
  27              	.LFB126:
  28              		.file 1 "Src/usart.c"
   1:Src/usart.c   **** /**
   2:Src/usart.c   ****   ******************************************************************************
   3:Src/usart.c   ****   * File Name          : USART.c
   4:Src/usart.c   ****   * Description        : This file provides code for the configuration
   5:Src/usart.c   ****   *                      of the USART instances.
   6:Src/usart.c   ****   ******************************************************************************
   7:Src/usart.c   ****   ** This notice applies to any and all portions of this file
   8:Src/usart.c   ****   * that are not between comment pairs USER CODE BEGIN and
   9:Src/usart.c   ****   * USER CODE END. Other portions of this file, whether 
  10:Src/usart.c   ****   * inserted by the user or by software development tools
  11:Src/usart.c   ****   * are owned by their respective copyright owners.
  12:Src/usart.c   ****   *
  13:Src/usart.c   ****   * COPYRIGHT(c) 2019 STMicroelectronics
  14:Src/usart.c   ****   *
  15:Src/usart.c   ****   * Redistribution and use in source and binary forms, with or without modification,
  16:Src/usart.c   ****   * are permitted provided that the following conditions are met:
  17:Src/usart.c   ****   *   1. Redistributions of source code must retain the above copyright notice,
  18:Src/usart.c   ****   *      this list of conditions and the following disclaimer.
  19:Src/usart.c   ****   *   2. Redistributions in binary form must reproduce the above copyright notice,
  20:Src/usart.c   ****   *      this list of conditions and the following disclaimer in the documentation
  21:Src/usart.c   ****   *      and/or other materials provided with the distribution.
  22:Src/usart.c   ****   *   3. Neither the name of STMicroelectronics nor the names of its contributors
  23:Src/usart.c   ****   *      may be used to endorse or promote products derived from this software
  24:Src/usart.c   ****   *      without specific prior written permission.
  25:Src/usart.c   ****   *
  26:Src/usart.c   ****   * THIS SOFTWARE IS PROVIDED BY THE COPYRIGHT HOLDERS AND CONTRIBUTORS "AS IS"
  27:Src/usart.c   ****   * AND ANY EXPRESS OR IMPLIED WARRANTIES, INCLUDING, BUT NOT LIMITED TO, THE
  28:Src/usart.c   ****   * IMPLIED WARRANTIES OF MERCHANTABILITY AND FITNESS FOR A PARTICULAR PURPOSE ARE
  29:Src/usart.c   ****   * DISCLAIMED. IN NO EVENT SHALL THE COPYRIGHT HOLDER OR CONTRIBUTORS BE LIABLE
  30:Src/usart.c   ****   * FOR ANY DIRECT, INDIRECT, INCIDENTAL, SPECIAL, EXEMPLARY, OR CONSEQUENTIAL
ARM GAS  /var/folders/8c/gyvcglfx7f97kbqb2h83mm_r0000gn/T//ccTbJyqV.s 			page 2


  31:Src/usart.c   ****   * DAMAGES (INCLUDING, BUT NOT LIMITED TO, PROCUREMENT OF SUBSTITUTE GOODS OR
  32:Src/usart.c   ****   * SERVICES; LOSS OF USE, DATA, OR PROFITS; OR BUSINESS INTERRUPTION) HOWEVER
  33:Src/usart.c   ****   * CAUSED AND ON ANY THEORY OF LIABILITY, WHETHER IN CONTRACT, STRICT LIABILITY,
  34:Src/usart.c   ****   * OR TORT (INCLUDING NEGLIGENCE OR OTHERWISE) ARISING IN ANY WAY OUT OF THE USE
  35:Src/usart.c   ****   * OF THIS SOFTWARE, EVEN IF ADVISED OF THE POSSIBILITY OF SUCH DAMAGE.
  36:Src/usart.c   ****   *
  37:Src/usart.c   ****   ******************************************************************************
  38:Src/usart.c   ****   */
  39:Src/usart.c   **** 
  40:Src/usart.c   **** /* Includes ------------------------------------------------------------------*/
  41:Src/usart.c   **** #include "usart.h"
  42:Src/usart.c   **** 
  43:Src/usart.c   **** /* USER CODE BEGIN 0 */
  44:Src/usart.c   **** #include <string.h>
  45:Src/usart.c   **** /* USER CODE END 0 */
  46:Src/usart.c   **** 
  47:Src/usart.c   **** UART_HandleTypeDef huart2;
  48:Src/usart.c   **** 
  49:Src/usart.c   **** /* USART2 init function */
  50:Src/usart.c   **** 
  51:Src/usart.c   **** void MX_USART2_UART_Init(void)
  52:Src/usart.c   **** {
  29              		.loc 1 52 1 view -0
  30              		.cfi_startproc
  31              		@ args = 0, pretend = 0, frame = 0
  32              		@ frame_needed = 0, uses_anonymous_args = 0
  53:Src/usart.c   **** 
  54:Src/usart.c   ****   huart2.Instance = USART2;
  33              		.loc 1 54 3 view .LVU1
  34              		.loc 1 54 19 is_stmt 0 view .LVU2
  35 0000 0C48     		ldr	r0, .L3
  55:Src/usart.c   ****   huart2.Init.BaudRate = 115200;
  36              		.loc 1 55 24 view .LVU3
  37 0002 0D4A     		ldr	r2, .L3+4
  52:Src/usart.c   **** 
  38              		.loc 1 52 1 view .LVU4
  39 0004 08B5     		push	{r3, lr}
  40              	.LCFI0:
  41              		.cfi_def_cfa_offset 8
  42              		.cfi_offset 3, -8
  43              		.cfi_offset 14, -4
  44              		.loc 1 55 24 view .LVU5
  45 0006 4FF4E133 		mov	r3, #115200
  46 000a C0E90023 		strd	r2, r3, [r0]
  56:Src/usart.c   ****   huart2.Init.WordLength = UART_WORDLENGTH_8B;
  47              		.loc 1 56 3 is_stmt 1 view .LVU6
  48              		.loc 1 56 26 is_stmt 0 view .LVU7
  49 000e 0023     		movs	r3, #0
  57:Src/usart.c   ****   huart2.Init.StopBits = UART_STOPBITS_1;
  58:Src/usart.c   ****   huart2.Init.Parity = UART_PARITY_NONE;
  59:Src/usart.c   ****   huart2.Init.Mode = UART_MODE_TX_RX;
  50              		.loc 1 59 20 view .LVU8
  51 0010 0C22     		movs	r2, #12
  57:Src/usart.c   ****   huart2.Init.StopBits = UART_STOPBITS_1;
  52              		.loc 1 57 24 view .LVU9
  53 0012 C0E90233 		strd	r3, r3, [r0, #8]
  58:Src/usart.c   ****   huart2.Init.Mode = UART_MODE_TX_RX;
ARM GAS  /var/folders/8c/gyvcglfx7f97kbqb2h83mm_r0000gn/T//ccTbJyqV.s 			page 3


  54              		.loc 1 58 3 is_stmt 1 view .LVU10
  58:Src/usart.c   ****   huart2.Init.Mode = UART_MODE_TX_RX;
  55              		.loc 1 58 22 is_stmt 0 view .LVU11
  56 0016 0361     		str	r3, [r0, #16]
  57              		.loc 1 59 3 is_stmt 1 view .LVU12
  60:Src/usart.c   ****   huart2.Init.HwFlowCtl = UART_HWCONTROL_NONE;
  58              		.loc 1 60 25 is_stmt 0 view .LVU13
  59 0018 C0E90523 		strd	r2, r3, [r0, #20]
  61:Src/usart.c   ****   huart2.Init.OverSampling = UART_OVERSAMPLING_16;
  60              		.loc 1 61 3 is_stmt 1 view .LVU14
  62:Src/usart.c   ****   huart2.Init.OneBitSampling = UART_ONE_BIT_SAMPLE_DISABLE;
  61              		.loc 1 62 30 is_stmt 0 view .LVU15
  62 001c C0E90733 		strd	r3, r3, [r0, #28]
  63:Src/usart.c   ****   huart2.AdvancedInit.AdvFeatureInit = UART_ADVFEATURE_NO_INIT;
  63              		.loc 1 63 3 is_stmt 1 view .LVU16
  64              		.loc 1 63 38 is_stmt 0 view .LVU17
  65 0020 4362     		str	r3, [r0, #36]
  64:Src/usart.c   ****   if (HAL_UART_Init(&huart2) != HAL_OK)
  66              		.loc 1 64 3 is_stmt 1 view .LVU18
  67              		.loc 1 64 7 is_stmt 0 view .LVU19
  68 0022 FFF7FEFF 		bl	HAL_UART_Init
  69              	.LVL0:
  70              		.loc 1 64 6 view .LVU20
  71 0026 18B1     		cbz	r0, .L1
  65:Src/usart.c   ****   {
  66:Src/usart.c   ****     Error_Handler();
  72              		.loc 1 66 5 is_stmt 1 view .LVU21
  67:Src/usart.c   ****   }
  68:Src/usart.c   **** 
  69:Src/usart.c   **** }
  73              		.loc 1 69 1 is_stmt 0 view .LVU22
  74 0028 BDE80840 		pop	{r3, lr}
  75              	.LCFI1:
  76              		.cfi_remember_state
  77              		.cfi_restore 14
  78              		.cfi_restore 3
  79              		.cfi_def_cfa_offset 0
  66:Src/usart.c   ****   }
  80              		.loc 1 66 5 view .LVU23
  81 002c FFF7FEBF 		b	Error_Handler
  82              	.LVL1:
  83              	.L1:
  84              	.LCFI2:
  85              		.cfi_restore_state
  86              		.loc 1 69 1 view .LVU24
  87 0030 08BD     		pop	{r3, pc}
  88              	.L4:
  89 0032 00BF     		.align	2
  90              	.L3:
  91 0034 00000000 		.word	huart2
  92 0038 00440040 		.word	1073759232
  93              		.cfi_endproc
  94              	.LFE126:
  96              		.section	.text.HAL_UART_MspInit,"ax",%progbits
  97              		.align	1
  98              		.global	HAL_UART_MspInit
  99              		.syntax unified
ARM GAS  /var/folders/8c/gyvcglfx7f97kbqb2h83mm_r0000gn/T//ccTbJyqV.s 			page 4


 100              		.thumb
 101              		.thumb_func
 102              		.fpu fpv4-sp-d16
 104              	HAL_UART_MspInit:
 105              	.LVL2:
 106              	.LFB127:
  70:Src/usart.c   **** 
  71:Src/usart.c   **** void HAL_UART_MspInit(UART_HandleTypeDef* uartHandle)
  72:Src/usart.c   **** {
 107              		.loc 1 72 1 is_stmt 1 view -0
 108              		.cfi_startproc
 109              		@ args = 0, pretend = 0, frame = 32
 110              		@ frame_needed = 0, uses_anonymous_args = 0
  73:Src/usart.c   **** 
  74:Src/usart.c   ****   GPIO_InitTypeDef GPIO_InitStruct = {0};
 111              		.loc 1 74 3 view .LVU26
  72:Src/usart.c   **** 
 112              		.loc 1 72 1 is_stmt 0 view .LVU27
 113 0000 10B5     		push	{r4, lr}
 114              	.LCFI3:
 115              		.cfi_def_cfa_offset 8
 116              		.cfi_offset 4, -8
 117              		.cfi_offset 14, -4
 118 0002 0446     		mov	r4, r0
 119 0004 88B0     		sub	sp, sp, #32
 120              	.LCFI4:
 121              		.cfi_def_cfa_offset 40
 122              		.loc 1 74 20 view .LVU28
 123 0006 1422     		movs	r2, #20
 124 0008 0021     		movs	r1, #0
 125 000a 03A8     		add	r0, sp, #12
 126              	.LVL3:
 127              		.loc 1 74 20 view .LVU29
 128 000c FFF7FEFF 		bl	memset
 129              	.LVL4:
  75:Src/usart.c   ****   if(uartHandle->Instance==USART2)
 130              		.loc 1 75 3 is_stmt 1 view .LVU30
 131              		.loc 1 75 5 is_stmt 0 view .LVU31
 132 0010 2268     		ldr	r2, [r4]
 133 0012 134B     		ldr	r3, .L7
 134 0014 9A42     		cmp	r2, r3
 135 0016 20D1     		bne	.L5
  76:Src/usart.c   ****   {
  77:Src/usart.c   ****   /* USER CODE BEGIN USART2_MspInit 0 */
  78:Src/usart.c   **** 
  79:Src/usart.c   ****   /* USER CODE END USART2_MspInit 0 */
  80:Src/usart.c   ****     /* USART2 clock enable */
  81:Src/usart.c   ****     __HAL_RCC_USART2_CLK_ENABLE();
 136              		.loc 1 81 5 is_stmt 1 view .LVU32
 137              	.LBB2:
 138              		.loc 1 81 5 view .LVU33
 139              		.loc 1 81 5 view .LVU34
 140 0018 03F5E633 		add	r3, r3, #117760
 141              	.LBE2:
  82:Src/usart.c   ****   
  83:Src/usart.c   ****     __HAL_RCC_GPIOA_CLK_ENABLE();
  84:Src/usart.c   ****     /**USART2 GPIO Configuration    
ARM GAS  /var/folders/8c/gyvcglfx7f97kbqb2h83mm_r0000gn/T//ccTbJyqV.s 			page 5


  85:Src/usart.c   ****     PA2     ------> USART2_TX
  86:Src/usart.c   ****     PA3     ------> USART2_RX 
  87:Src/usart.c   ****     */
  88:Src/usart.c   ****     GPIO_InitStruct.Pin = GPIO_PIN_2|GPIO_PIN_3;
  89:Src/usart.c   ****     GPIO_InitStruct.Mode = GPIO_MODE_AF_PP;
  90:Src/usart.c   ****     GPIO_InitStruct.Pull = GPIO_NOPULL;
  91:Src/usart.c   ****     GPIO_InitStruct.Speed = GPIO_SPEED_FREQ_HIGH;
  92:Src/usart.c   ****     GPIO_InitStruct.Alternate = GPIO_AF7_USART2;
 142              		.loc 1 92 31 is_stmt 0 view .LVU35
 143 001c 0321     		movs	r1, #3
 144              	.LBB3:
  81:Src/usart.c   ****   
 145              		.loc 1 81 5 view .LVU36
 146 001e DA69     		ldr	r2, [r3, #28]
 147 0020 42F40032 		orr	r2, r2, #131072
 148 0024 DA61     		str	r2, [r3, #28]
  81:Src/usart.c   ****   
 149              		.loc 1 81 5 is_stmt 1 view .LVU37
 150 0026 DA69     		ldr	r2, [r3, #28]
 151 0028 02F40032 		and	r2, r2, #131072
 152 002c 0192     		str	r2, [sp, #4]
  81:Src/usart.c   ****   
 153              		.loc 1 81 5 view .LVU38
 154 002e 019A     		ldr	r2, [sp, #4]
 155              	.LBE3:
  83:Src/usart.c   ****     /**USART2 GPIO Configuration    
 156              		.loc 1 83 5 view .LVU39
 157              	.LBB4:
  83:Src/usart.c   ****     /**USART2 GPIO Configuration    
 158              		.loc 1 83 5 view .LVU40
  83:Src/usart.c   ****     /**USART2 GPIO Configuration    
 159              		.loc 1 83 5 view .LVU41
 160 0030 5A69     		ldr	r2, [r3, #20]
 161 0032 42F40032 		orr	r2, r2, #131072
 162 0036 5A61     		str	r2, [r3, #20]
  83:Src/usart.c   ****     /**USART2 GPIO Configuration    
 163              		.loc 1 83 5 view .LVU42
 164 0038 5B69     		ldr	r3, [r3, #20]
 165 003a 03F40033 		and	r3, r3, #131072
 166 003e 0293     		str	r3, [sp, #8]
  83:Src/usart.c   ****     /**USART2 GPIO Configuration    
 167              		.loc 1 83 5 view .LVU43
 168 0040 029B     		ldr	r3, [sp, #8]
 169              	.LBE4:
  88:Src/usart.c   ****     GPIO_InitStruct.Mode = GPIO_MODE_AF_PP;
 170              		.loc 1 88 5 view .LVU44
  89:Src/usart.c   ****     GPIO_InitStruct.Pull = GPIO_NOPULL;
 171              		.loc 1 89 26 is_stmt 0 view .LVU45
 172 0042 0C22     		movs	r2, #12
 173 0044 0223     		movs	r3, #2
 174 0046 CDE90323 		strd	r2, r3, [sp, #12]
  90:Src/usart.c   ****     GPIO_InitStruct.Speed = GPIO_SPEED_FREQ_HIGH;
 175              		.loc 1 90 5 is_stmt 1 view .LVU46
  91:Src/usart.c   ****     GPIO_InitStruct.Alternate = GPIO_AF7_USART2;
 176              		.loc 1 91 5 view .LVU47
 177              		.loc 1 92 31 is_stmt 0 view .LVU48
 178 004a 0723     		movs	r3, #7
ARM GAS  /var/folders/8c/gyvcglfx7f97kbqb2h83mm_r0000gn/T//ccTbJyqV.s 			page 6


 179 004c CDE90613 		strd	r1, r3, [sp, #24]
  93:Src/usart.c   ****     HAL_GPIO_Init(GPIOA, &GPIO_InitStruct);
 180              		.loc 1 93 5 is_stmt 1 view .LVU49
 181 0050 4FF09040 		mov	r0, #1207959552
 182 0054 03A9     		add	r1, sp, #12
 183 0056 FFF7FEFF 		bl	HAL_GPIO_Init
 184              	.LVL5:
 185              	.L5:
  94:Src/usart.c   **** 
  95:Src/usart.c   ****   /* USER CODE BEGIN USART2_MspInit 1 */
  96:Src/usart.c   **** 
  97:Src/usart.c   ****   /* USER CODE END USART2_MspInit 1 */
  98:Src/usart.c   ****   }
  99:Src/usart.c   **** }
 186              		.loc 1 99 1 is_stmt 0 view .LVU50
 187 005a 08B0     		add	sp, sp, #32
 188              	.LCFI5:
 189              		.cfi_def_cfa_offset 8
 190              		@ sp needed
 191 005c 10BD     		pop	{r4, pc}
 192              	.LVL6:
 193              	.L8:
 194              		.loc 1 99 1 view .LVU51
 195 005e 00BF     		.align	2
 196              	.L7:
 197 0060 00440040 		.word	1073759232
 198              		.cfi_endproc
 199              	.LFE127:
 201              		.section	.text.HAL_UART_MspDeInit,"ax",%progbits
 202              		.align	1
 203              		.global	HAL_UART_MspDeInit
 204              		.syntax unified
 205              		.thumb
 206              		.thumb_func
 207              		.fpu fpv4-sp-d16
 209              	HAL_UART_MspDeInit:
 210              	.LVL7:
 211              	.LFB128:
 100:Src/usart.c   **** 
 101:Src/usart.c   **** void HAL_UART_MspDeInit(UART_HandleTypeDef* uartHandle)
 102:Src/usart.c   **** {
 212              		.loc 1 102 1 is_stmt 1 view -0
 213              		.cfi_startproc
 214              		@ args = 0, pretend = 0, frame = 0
 215              		@ frame_needed = 0, uses_anonymous_args = 0
 216              		@ link register save eliminated.
 103:Src/usart.c   **** 
 104:Src/usart.c   ****   if(uartHandle->Instance==USART2)
 217              		.loc 1 104 3 view .LVU53
 218              		.loc 1 104 5 is_stmt 0 view .LVU54
 219 0000 0268     		ldr	r2, [r0]
 220 0002 074B     		ldr	r3, .L11
 221 0004 9A42     		cmp	r2, r3
 222 0006 09D1     		bne	.L9
 105:Src/usart.c   ****   {
 106:Src/usart.c   ****   /* USER CODE BEGIN USART2_MspDeInit 0 */
 107:Src/usart.c   **** 
ARM GAS  /var/folders/8c/gyvcglfx7f97kbqb2h83mm_r0000gn/T//ccTbJyqV.s 			page 7


 108:Src/usart.c   ****   /* USER CODE END USART2_MspDeInit 0 */
 109:Src/usart.c   ****     /* Peripheral clock disable */
 110:Src/usart.c   ****     __HAL_RCC_USART2_CLK_DISABLE();
 223              		.loc 1 110 5 is_stmt 1 view .LVU55
 224 0008 064A     		ldr	r2, .L11+4
 225 000a D369     		ldr	r3, [r2, #28]
 226 000c 23F40033 		bic	r3, r3, #131072
 227 0010 D361     		str	r3, [r2, #28]
 111:Src/usart.c   ****   
 112:Src/usart.c   ****     /**USART2 GPIO Configuration    
 113:Src/usart.c   ****     PA2     ------> USART2_TX
 114:Src/usart.c   ****     PA3     ------> USART2_RX 
 115:Src/usart.c   ****     */
 116:Src/usart.c   ****     HAL_GPIO_DeInit(GPIOA, GPIO_PIN_2|GPIO_PIN_3);
 228              		.loc 1 116 5 view .LVU56
 229 0012 0C21     		movs	r1, #12
 230 0014 4FF09040 		mov	r0, #1207959552
 231              	.LVL8:
 232              		.loc 1 116 5 is_stmt 0 view .LVU57
 233 0018 FFF7FEBF 		b	HAL_GPIO_DeInit
 234              	.LVL9:
 235              	.L9:
 117:Src/usart.c   **** 
 118:Src/usart.c   ****   /* USER CODE BEGIN USART2_MspDeInit 1 */
 119:Src/usart.c   **** 
 120:Src/usart.c   ****   /* USER CODE END USART2_MspDeInit 1 */
 121:Src/usart.c   ****   }
 122:Src/usart.c   **** } 
 236              		.loc 1 122 1 view .LVU58
 237 001c 7047     		bx	lr
 238              	.L12:
 239 001e 00BF     		.align	2
 240              	.L11:
 241 0020 00440040 		.word	1073759232
 242 0024 00100240 		.word	1073876992
 243              		.cfi_endproc
 244              	.LFE128:
 246              		.section	.text.debug_printf,"ax",%progbits
 247              		.align	1
 248              		.global	debug_printf
 249              		.syntax unified
 250              		.thumb
 251              		.thumb_func
 252              		.fpu fpv4-sp-d16
 254              	debug_printf:
 255              	.LVL10:
 256              	.LFB129:
 123:Src/usart.c   **** 
 124:Src/usart.c   **** /* USER CODE BEGIN 1 */
 125:Src/usart.c   **** void debug_printf (char* p) {
 257              		.loc 1 125 29 is_stmt 1 view -0
 258              		.cfi_startproc
 259              		@ args = 0, pretend = 0, frame = 0
 260              		@ frame_needed = 0, uses_anonymous_args = 0
 126:Src/usart.c   ****   HAL_UART_Transmit(&huart2, (uint8_t*)p, strlen(p), 100);
 261              		.loc 1 126 3 view .LVU60
 125:Src/usart.c   ****   HAL_UART_Transmit(&huart2, (uint8_t*)p, strlen(p), 100);
ARM GAS  /var/folders/8c/gyvcglfx7f97kbqb2h83mm_r0000gn/T//ccTbJyqV.s 			page 8


 262              		.loc 1 125 29 is_stmt 0 view .LVU61
 263 0000 10B5     		push	{r4, lr}
 264              	.LCFI6:
 265              		.cfi_def_cfa_offset 8
 266              		.cfi_offset 4, -8
 267              		.cfi_offset 14, -4
 125:Src/usart.c   ****   HAL_UART_Transmit(&huart2, (uint8_t*)p, strlen(p), 100);
 268              		.loc 1 125 29 view .LVU62
 269 0002 0446     		mov	r4, r0
 270              		.loc 1 126 43 view .LVU63
 271 0004 FFF7FEFF 		bl	strlen
 272              	.LVL11:
 273              		.loc 1 126 3 view .LVU64
 274 0008 2146     		mov	r1, r4
 275 000a 82B2     		uxth	r2, r0
 276 000c 6423     		movs	r3, #100
 277 000e 0248     		ldr	r0, .L14
 127:Src/usart.c   **** }
 278              		.loc 1 127 1 view .LVU65
 279 0010 BDE81040 		pop	{r4, lr}
 280              	.LCFI7:
 281              		.cfi_restore 14
 282              		.cfi_restore 4
 283              		.cfi_def_cfa_offset 0
 284              	.LVL12:
 126:Src/usart.c   ****   HAL_UART_Transmit(&huart2, (uint8_t*)p, strlen(p), 100);
 285              		.loc 1 126 3 view .LVU66
 286 0014 FFF7FEBF 		b	HAL_UART_Transmit
 287              	.LVL13:
 288              	.L15:
 126:Src/usart.c   ****   HAL_UART_Transmit(&huart2, (uint8_t*)p, strlen(p), 100);
 289              		.loc 1 126 3 view .LVU67
 290              		.align	2
 291              	.L14:
 292 0018 00000000 		.word	huart2
 293              		.cfi_endproc
 294              	.LFE129:
 296              		.section	.text.SerialPrint,"ax",%progbits
 297              		.align	1
 298              		.global	SerialPrint
 299              		.syntax unified
 300              		.thumb
 301              		.thumb_func
 302              		.fpu fpv4-sp-d16
 304              	SerialPrint:
 305              	.LFB132:
 306              		.cfi_startproc
 307              		@ args = 0, pretend = 0, frame = 0
 308              		@ frame_needed = 0, uses_anonymous_args = 0
 309              		@ link register save eliminated.
 310 0000 FFF7FEBF 		b	debug_printf
 311              		.cfi_endproc
 312              	.LFE132:
 314              		.comm	huart2,112,4
 315              		.text
 316              	.Letext0:
 317              		.file 2 "/usr/local/gcc-arm-none-eabi-8-2018-q4-major/arm-none-eabi/include/machine/_default_types
ARM GAS  /var/folders/8c/gyvcglfx7f97kbqb2h83mm_r0000gn/T//ccTbJyqV.s 			page 9


 318              		.file 3 "/usr/local/gcc-arm-none-eabi-8-2018-q4-major/arm-none-eabi/include/sys/_stdint.h"
 319              		.file 4 "Drivers/CMSIS/Include/core_cm4.h"
 320              		.file 5 "Drivers/CMSIS/Device/ST/STM32F3xx/Include/system_stm32f3xx.h"
 321              		.file 6 "Drivers/CMSIS/Device/ST/STM32F3xx/Include/stm32f303xe.h"
 322              		.file 7 "/usr/local/gcc-arm-none-eabi-8-2018-q4-major/arm-none-eabi/include/sys/lock.h"
 323              		.file 8 "/usr/local/gcc-arm-none-eabi-8-2018-q4-major/arm-none-eabi/include/sys/_types.h"
 324              		.file 9 "/usr/local/gcc-arm-none-eabi-8-2018-q4-major/lib/gcc/arm-none-eabi/8.2.1/include/stddef.h
 325              		.file 10 "/usr/local/gcc-arm-none-eabi-8-2018-q4-major/arm-none-eabi/include/sys/reent.h"
 326              		.file 11 "Drivers/STM32F3xx_HAL_Driver/Inc/stm32f3xx_hal_def.h"
 327              		.file 12 "Drivers/STM32F3xx_HAL_Driver/Inc/stm32f3xx_hal_gpio.h"
 328              		.file 13 "Drivers/STM32F3xx_HAL_Driver/Inc/stm32f3xx_hal_dma.h"
 329              		.file 14 "Drivers/STM32F3xx_HAL_Driver/Inc/stm32f3xx_hal_uart.h"
 330              		.file 15 "Drivers/STM32F3xx_HAL_Driver/Inc/stm32f3xx_hal.h"
 331              		.file 16 "Inc/usart.h"
 332              		.file 17 "/usr/local/gcc-arm-none-eabi-8-2018-q4-major/arm-none-eabi/include/string.h"
 333              		.file 18 "Inc/main.h"
 334              		.file 19 "<built-in>"
ARM GAS  /var/folders/8c/gyvcglfx7f97kbqb2h83mm_r0000gn/T//ccTbJyqV.s 			page 10


DEFINED SYMBOLS
                            *ABS*:0000000000000000 usart.c
/var/folders/8c/gyvcglfx7f97kbqb2h83mm_r0000gn/T//ccTbJyqV.s:18     .text.MX_USART2_UART_Init:0000000000000000 $t
/var/folders/8c/gyvcglfx7f97kbqb2h83mm_r0000gn/T//ccTbJyqV.s:26     .text.MX_USART2_UART_Init:0000000000000000 MX_USART2_UART_Init
/var/folders/8c/gyvcglfx7f97kbqb2h83mm_r0000gn/T//ccTbJyqV.s:91     .text.MX_USART2_UART_Init:0000000000000034 $d
                            *COM*:0000000000000070 huart2
/var/folders/8c/gyvcglfx7f97kbqb2h83mm_r0000gn/T//ccTbJyqV.s:97     .text.HAL_UART_MspInit:0000000000000000 $t
/var/folders/8c/gyvcglfx7f97kbqb2h83mm_r0000gn/T//ccTbJyqV.s:104    .text.HAL_UART_MspInit:0000000000000000 HAL_UART_MspInit
/var/folders/8c/gyvcglfx7f97kbqb2h83mm_r0000gn/T//ccTbJyqV.s:197    .text.HAL_UART_MspInit:0000000000000060 $d
/var/folders/8c/gyvcglfx7f97kbqb2h83mm_r0000gn/T//ccTbJyqV.s:202    .text.HAL_UART_MspDeInit:0000000000000000 $t
/var/folders/8c/gyvcglfx7f97kbqb2h83mm_r0000gn/T//ccTbJyqV.s:209    .text.HAL_UART_MspDeInit:0000000000000000 HAL_UART_MspDeInit
/var/folders/8c/gyvcglfx7f97kbqb2h83mm_r0000gn/T//ccTbJyqV.s:241    .text.HAL_UART_MspDeInit:0000000000000020 $d
/var/folders/8c/gyvcglfx7f97kbqb2h83mm_r0000gn/T//ccTbJyqV.s:247    .text.debug_printf:0000000000000000 $t
/var/folders/8c/gyvcglfx7f97kbqb2h83mm_r0000gn/T//ccTbJyqV.s:254    .text.debug_printf:0000000000000000 debug_printf
/var/folders/8c/gyvcglfx7f97kbqb2h83mm_r0000gn/T//ccTbJyqV.s:292    .text.debug_printf:0000000000000018 $d
/var/folders/8c/gyvcglfx7f97kbqb2h83mm_r0000gn/T//ccTbJyqV.s:297    .text.SerialPrint:0000000000000000 $t
/var/folders/8c/gyvcglfx7f97kbqb2h83mm_r0000gn/T//ccTbJyqV.s:304    .text.SerialPrint:0000000000000000 SerialPrint

UNDEFINED SYMBOLS
HAL_UART_Init
Error_Handler
memset
HAL_GPIO_Init
HAL_GPIO_DeInit
strlen
HAL_UART_Transmit
