ARM GAS  /tmp/ccKmApwi.s 			page 1


   1              		.cpu cortex-m4
   2              		.eabi_attribute 27, 1
   3              		.eabi_attribute 28, 1
   4              		.eabi_attribute 20, 1
   5              		.eabi_attribute 21, 1
   6              		.eabi_attribute 23, 3
   7              		.eabi_attribute 24, 1
   8              		.eabi_attribute 25, 1
   9              		.eabi_attribute 26, 1
  10              		.eabi_attribute 30, 1
  11              		.eabi_attribute 34, 1
  12              		.eabi_attribute 18, 4
  13              		.file	"spi.c"
  14              		.text
  15              	.Ltext0:
  16              		.cfi_sections	.debug_frame
  17              		.section	.rodata.MX_SPI4_Init.str1.4,"aMS",%progbits,1
  18              		.align	2
  19              	.LC0:
  20 0000 5372632F 		.ascii	"Src/spi.c\000"
  20      7370692E 
  20      6300
  21              		.section	.text.MX_SPI4_Init,"ax",%progbits
  22              		.align	1
  23              		.global	MX_SPI4_Init
  24              		.arch armv7e-m
  25              		.syntax unified
  26              		.thumb
  27              		.thumb_func
  28              		.fpu fpv4-sp-d16
  30              	MX_SPI4_Init:
  31              	.LFB126:
  32              		.file 1 "Src/spi.c"
   1:Src/spi.c     **** /**
   2:Src/spi.c     ****   ******************************************************************************
   3:Src/spi.c     ****   * File Name          : SPI.c
   4:Src/spi.c     ****   * Description        : This file provides code for the configuration
   5:Src/spi.c     ****   *                      of the SPI instances.
   6:Src/spi.c     ****   ******************************************************************************
   7:Src/spi.c     ****   ** This notice applies to any and all portions of this file
   8:Src/spi.c     ****   * that are not between comment pairs USER CODE BEGIN and
   9:Src/spi.c     ****   * USER CODE END. Other portions of this file, whether 
  10:Src/spi.c     ****   * inserted by the user or by software development tools
  11:Src/spi.c     ****   * are owned by their respective copyright owners.
  12:Src/spi.c     ****   *
  13:Src/spi.c     ****   * COPYRIGHT(c) 2021 STMicroelectronics
  14:Src/spi.c     ****   *
  15:Src/spi.c     ****   * Redistribution and use in source and binary forms, with or without modification,
  16:Src/spi.c     ****   * are permitted provided that the following conditions are met:
  17:Src/spi.c     ****   *   1. Redistributions of source code must retain the above copyright notice,
  18:Src/spi.c     ****   *      this list of conditions and the following disclaimer.
  19:Src/spi.c     ****   *   2. Redistributions in binary form must reproduce the above copyright notice,
  20:Src/spi.c     ****   *      this list of conditions and the following disclaimer in the documentation
  21:Src/spi.c     ****   *      and/or other materials provided with the distribution.
  22:Src/spi.c     ****   *   3. Neither the name of STMicroelectronics nor the names of its contributors
  23:Src/spi.c     ****   *      may be used to endorse or promote products derived from this software
  24:Src/spi.c     ****   *      without specific prior written permission.
ARM GAS  /tmp/ccKmApwi.s 			page 2


  25:Src/spi.c     ****   *
  26:Src/spi.c     ****   * THIS SOFTWARE IS PROVIDED BY THE COPYRIGHT HOLDERS AND CONTRIBUTORS "AS IS"
  27:Src/spi.c     ****   * AND ANY EXPRESS OR IMPLIED WARRANTIES, INCLUDING, BUT NOT LIMITED TO, THE
  28:Src/spi.c     ****   * IMPLIED WARRANTIES OF MERCHANTABILITY AND FITNESS FOR A PARTICULAR PURPOSE ARE
  29:Src/spi.c     ****   * DISCLAIMED. IN NO EVENT SHALL THE COPYRIGHT HOLDER OR CONTRIBUTORS BE LIABLE
  30:Src/spi.c     ****   * FOR ANY DIRECT, INDIRECT, INCIDENTAL, SPECIAL, EXEMPLARY, OR CONSEQUENTIAL
  31:Src/spi.c     ****   * DAMAGES (INCLUDING, BUT NOT LIMITED TO, PROCUREMENT OF SUBSTITUTE GOODS OR
  32:Src/spi.c     ****   * SERVICES; LOSS OF USE, DATA, OR PROFITS; OR BUSINESS INTERRUPTION) HOWEVER
  33:Src/spi.c     ****   * CAUSED AND ON ANY THEORY OF LIABILITY, WHETHER IN CONTRACT, STRICT LIABILITY,
  34:Src/spi.c     ****   * OR TORT (INCLUDING NEGLIGENCE OR OTHERWISE) ARISING IN ANY WAY OUT OF THE USE
  35:Src/spi.c     ****   * OF THIS SOFTWARE, EVEN IF ADVISED OF THE POSSIBILITY OF SUCH DAMAGE.
  36:Src/spi.c     ****   *
  37:Src/spi.c     ****   ******************************************************************************
  38:Src/spi.c     ****   */
  39:Src/spi.c     **** 
  40:Src/spi.c     **** /* Includes ------------------------------------------------------------------*/
  41:Src/spi.c     **** #include "spi.h"
  42:Src/spi.c     **** 
  43:Src/spi.c     **** #include "gpio.h"
  44:Src/spi.c     **** 
  45:Src/spi.c     **** /* USER CODE BEGIN 0 */
  46:Src/spi.c     **** 
  47:Src/spi.c     **** /* USER CODE END 0 */
  48:Src/spi.c     **** 
  49:Src/spi.c     **** SPI_HandleTypeDef hspi4;
  50:Src/spi.c     **** 
  51:Src/spi.c     **** /* SPI4 init function */
  52:Src/spi.c     **** void MX_SPI4_Init(void)
  53:Src/spi.c     **** {
  33              		.loc 1 53 1 view -0
  34              		.cfi_startproc
  35              		@ args = 0, pretend = 0, frame = 0
  36              		@ frame_needed = 0, uses_anonymous_args = 0
  37 0000 08B5     		push	{r3, lr}
  38              	.LCFI0:
  39              		.cfi_def_cfa_offset 8
  40              		.cfi_offset 3, -8
  41              		.cfi_offset 14, -4
  54:Src/spi.c     **** 
  55:Src/spi.c     ****   hspi4.Instance = SPI4;
  42              		.loc 1 55 3 view .LVU1
  43              		.loc 1 55 18 is_stmt 0 view .LVU2
  44 0002 1148     		ldr	r0, .L5
  45 0004 114B     		ldr	r3, .L5+4
  46 0006 0360     		str	r3, [r0]
  56:Src/spi.c     ****   hspi4.Init.Mode = SPI_MODE_MASTER;
  47              		.loc 1 56 3 is_stmt 1 view .LVU3
  48              		.loc 1 56 19 is_stmt 0 view .LVU4
  49 0008 4FF48273 		mov	r3, #260
  50 000c 4360     		str	r3, [r0, #4]
  57:Src/spi.c     ****   hspi4.Init.Direction = SPI_DIRECTION_2LINES;
  51              		.loc 1 57 3 is_stmt 1 view .LVU5
  52              		.loc 1 57 24 is_stmt 0 view .LVU6
  53 000e 0023     		movs	r3, #0
  54 0010 8360     		str	r3, [r0, #8]
  58:Src/spi.c     ****   hspi4.Init.DataSize = SPI_DATASIZE_8BIT;
  55              		.loc 1 58 3 is_stmt 1 view .LVU7
ARM GAS  /tmp/ccKmApwi.s 			page 3


  56              		.loc 1 58 23 is_stmt 0 view .LVU8
  57 0012 4FF4E062 		mov	r2, #1792
  58 0016 C260     		str	r2, [r0, #12]
  59:Src/spi.c     ****   hspi4.Init.CLKPolarity = SPI_POLARITY_LOW;
  59              		.loc 1 59 3 is_stmt 1 view .LVU9
  60              		.loc 1 59 26 is_stmt 0 view .LVU10
  61 0018 0361     		str	r3, [r0, #16]
  60:Src/spi.c     ****   hspi4.Init.CLKPhase = SPI_PHASE_1EDGE;
  62              		.loc 1 60 3 is_stmt 1 view .LVU11
  63              		.loc 1 60 23 is_stmt 0 view .LVU12
  64 001a 4361     		str	r3, [r0, #20]
  61:Src/spi.c     ****   hspi4.Init.NSS = SPI_NSS_SOFT;
  65              		.loc 1 61 3 is_stmt 1 view .LVU13
  66              		.loc 1 61 18 is_stmt 0 view .LVU14
  67 001c 4FF40072 		mov	r2, #512
  68 0020 8261     		str	r2, [r0, #24]
  62:Src/spi.c     ****   hspi4.Init.BaudRatePrescaler = SPI_BAUDRATEPRESCALER_8;
  69              		.loc 1 62 3 is_stmt 1 view .LVU15
  70              		.loc 1 62 32 is_stmt 0 view .LVU16
  71 0022 1022     		movs	r2, #16
  72 0024 C261     		str	r2, [r0, #28]
  63:Src/spi.c     ****   hspi4.Init.FirstBit = SPI_FIRSTBIT_MSB;
  73              		.loc 1 63 3 is_stmt 1 view .LVU17
  74              		.loc 1 63 23 is_stmt 0 view .LVU18
  75 0026 0362     		str	r3, [r0, #32]
  64:Src/spi.c     ****   hspi4.Init.TIMode = SPI_TIMODE_DISABLE;
  76              		.loc 1 64 3 is_stmt 1 view .LVU19
  77              		.loc 1 64 21 is_stmt 0 view .LVU20
  78 0028 4362     		str	r3, [r0, #36]
  65:Src/spi.c     ****   hspi4.Init.CRCCalculation = SPI_CRCCALCULATION_DISABLE;
  79              		.loc 1 65 3 is_stmt 1 view .LVU21
  80              		.loc 1 65 29 is_stmt 0 view .LVU22
  81 002a 8362     		str	r3, [r0, #40]
  66:Src/spi.c     ****   hspi4.Init.CRCPolynomial = 7;
  82              		.loc 1 66 3 is_stmt 1 view .LVU23
  83              		.loc 1 66 28 is_stmt 0 view .LVU24
  84 002c 0722     		movs	r2, #7
  85 002e C262     		str	r2, [r0, #44]
  67:Src/spi.c     ****   hspi4.Init.CRCLength = SPI_CRC_LENGTH_DATASIZE;
  86              		.loc 1 67 3 is_stmt 1 view .LVU25
  87              		.loc 1 67 24 is_stmt 0 view .LVU26
  88 0030 0363     		str	r3, [r0, #48]
  68:Src/spi.c     ****   hspi4.Init.NSSPMode = SPI_NSS_PULSE_DISABLE;
  89              		.loc 1 68 3 is_stmt 1 view .LVU27
  90              		.loc 1 68 23 is_stmt 0 view .LVU28
  91 0032 4363     		str	r3, [r0, #52]
  69:Src/spi.c     ****   if (HAL_SPI_Init(&hspi4) != HAL_OK)
  92              		.loc 1 69 3 is_stmt 1 view .LVU29
  93              		.loc 1 69 7 is_stmt 0 view .LVU30
  94 0034 FFF7FEFF 		bl	HAL_SPI_Init
  95              	.LVL0:
  96              		.loc 1 69 6 view .LVU31
  97 0038 00B9     		cbnz	r0, .L4
  98              	.L1:
  70:Src/spi.c     ****   {
  71:Src/spi.c     ****     _Error_Handler(__FILE__, __LINE__);
  72:Src/spi.c     ****   }
ARM GAS  /tmp/ccKmApwi.s 			page 4


  73:Src/spi.c     **** 
  74:Src/spi.c     **** }
  99              		.loc 1 74 1 view .LVU32
 100 003a 08BD     		pop	{r3, pc}
 101              	.L4:
  71:Src/spi.c     ****   }
 102              		.loc 1 71 5 is_stmt 1 view .LVU33
 103 003c 4721     		movs	r1, #71
 104 003e 0448     		ldr	r0, .L5+8
 105 0040 FFF7FEFF 		bl	_Error_Handler
 106              	.LVL1:
 107              		.loc 1 74 1 is_stmt 0 view .LVU34
 108 0044 F9E7     		b	.L1
 109              	.L6:
 110 0046 00BF     		.align	2
 111              	.L5:
 112 0048 00000000 		.word	hspi4
 113 004c 003C0140 		.word	1073822720
 114 0050 00000000 		.word	.LC0
 115              		.cfi_endproc
 116              	.LFE126:
 118              		.section	.text.HAL_SPI_MspInit,"ax",%progbits
 119              		.align	1
 120              		.global	HAL_SPI_MspInit
 121              		.syntax unified
 122              		.thumb
 123              		.thumb_func
 124              		.fpu fpv4-sp-d16
 126              	HAL_SPI_MspInit:
 127              	.LVL2:
 128              	.LFB127:
  75:Src/spi.c     **** 
  76:Src/spi.c     **** void HAL_SPI_MspInit(SPI_HandleTypeDef* spiHandle)
  77:Src/spi.c     **** {
 129              		.loc 1 77 1 is_stmt 1 view -0
 130              		.cfi_startproc
 131              		@ args = 0, pretend = 0, frame = 24
 132              		@ frame_needed = 0, uses_anonymous_args = 0
  78:Src/spi.c     **** 
  79:Src/spi.c     ****   GPIO_InitTypeDef GPIO_InitStruct;
 133              		.loc 1 79 3 view .LVU36
  80:Src/spi.c     ****   if(spiHandle->Instance==SPI4)
 134              		.loc 1 80 3 view .LVU37
 135              		.loc 1 80 15 is_stmt 0 view .LVU38
 136 0000 0268     		ldr	r2, [r0]
 137              		.loc 1 80 5 view .LVU39
 138 0002 104B     		ldr	r3, .L14
 139 0004 9A42     		cmp	r2, r3
 140 0006 00D0     		beq	.L13
 141 0008 7047     		bx	lr
 142              	.L13:
  77:Src/spi.c     **** 
 143              		.loc 1 77 1 view .LVU40
 144 000a 00B5     		push	{lr}
 145              	.LCFI1:
 146              		.cfi_def_cfa_offset 4
 147              		.cfi_offset 14, -4
ARM GAS  /tmp/ccKmApwi.s 			page 5


 148 000c 87B0     		sub	sp, sp, #28
 149              	.LCFI2:
 150              		.cfi_def_cfa_offset 32
  81:Src/spi.c     ****   {
  82:Src/spi.c     ****   /* USER CODE BEGIN SPI4_MspInit 0 */
  83:Src/spi.c     **** 
  84:Src/spi.c     ****   /* USER CODE END SPI4_MspInit 0 */
  85:Src/spi.c     ****     /* SPI4 clock enable */
  86:Src/spi.c     ****     __HAL_RCC_SPI4_CLK_ENABLE();
 151              		.loc 1 86 5 is_stmt 1 view .LVU41
 152              	.LBB2:
 153              		.loc 1 86 5 view .LVU42
 154              		.loc 1 86 5 view .LVU43
 155 000e 03F55443 		add	r3, r3, #54272
 156 0012 9A69     		ldr	r2, [r3, #24]
 157 0014 42F40042 		orr	r2, r2, #32768
 158 0018 9A61     		str	r2, [r3, #24]
 159              		.loc 1 86 5 view .LVU44
 160 001a 9B69     		ldr	r3, [r3, #24]
 161 001c 03F40043 		and	r3, r3, #32768
 162 0020 0093     		str	r3, [sp]
 163              		.loc 1 86 5 view .LVU45
 164 0022 009B     		ldr	r3, [sp]
 165              	.LBE2:
 166              		.loc 1 86 5 view .LVU46
  87:Src/spi.c     ****   
  88:Src/spi.c     ****     /**SPI4 GPIO Configuration    
  89:Src/spi.c     ****     PE2     ------> SPI4_SCK
  90:Src/spi.c     ****     PE5     ------> SPI4_MISO
  91:Src/spi.c     ****     PE6     ------> SPI4_MOSI 
  92:Src/spi.c     ****     */
  93:Src/spi.c     ****     GPIO_InitStruct.Pin = GPIO_PIN_2|GPIO_PIN_5|GPIO_PIN_6;
 167              		.loc 1 93 5 view .LVU47
 168              		.loc 1 93 25 is_stmt 0 view .LVU48
 169 0024 6423     		movs	r3, #100
 170 0026 0193     		str	r3, [sp, #4]
  94:Src/spi.c     ****     GPIO_InitStruct.Mode = GPIO_MODE_AF_PP;
 171              		.loc 1 94 5 is_stmt 1 view .LVU49
 172              		.loc 1 94 26 is_stmt 0 view .LVU50
 173 0028 0223     		movs	r3, #2
 174 002a 0293     		str	r3, [sp, #8]
  95:Src/spi.c     ****     GPIO_InitStruct.Pull = GPIO_PULLDOWN;
 175              		.loc 1 95 5 is_stmt 1 view .LVU51
 176              		.loc 1 95 26 is_stmt 0 view .LVU52
 177 002c 0393     		str	r3, [sp, #12]
  96:Src/spi.c     ****     GPIO_InitStruct.Speed = GPIO_SPEED_FREQ_HIGH;
 178              		.loc 1 96 5 is_stmt 1 view .LVU53
 179              		.loc 1 96 27 is_stmt 0 view .LVU54
 180 002e 0323     		movs	r3, #3
 181 0030 0493     		str	r3, [sp, #16]
  97:Src/spi.c     ****     GPIO_InitStruct.Alternate = GPIO_AF5_SPI4;
 182              		.loc 1 97 5 is_stmt 1 view .LVU55
 183              		.loc 1 97 31 is_stmt 0 view .LVU56
 184 0032 0523     		movs	r3, #5
 185 0034 0593     		str	r3, [sp, #20]
  98:Src/spi.c     ****     HAL_GPIO_Init(GPIOE, &GPIO_InitStruct);
 186              		.loc 1 98 5 is_stmt 1 view .LVU57
ARM GAS  /tmp/ccKmApwi.s 			page 6


 187 0036 01A9     		add	r1, sp, #4
 188 0038 0348     		ldr	r0, .L14+4
 189              	.LVL3:
 190              		.loc 1 98 5 is_stmt 0 view .LVU58
 191 003a FFF7FEFF 		bl	HAL_GPIO_Init
 192              	.LVL4:
  99:Src/spi.c     **** 
 100:Src/spi.c     ****   /* USER CODE BEGIN SPI4_MspInit 1 */
 101:Src/spi.c     **** 
 102:Src/spi.c     ****   /* USER CODE END SPI4_MspInit 1 */
 103:Src/spi.c     ****   }
 104:Src/spi.c     **** }
 193              		.loc 1 104 1 view .LVU59
 194 003e 07B0     		add	sp, sp, #28
 195              	.LCFI3:
 196              		.cfi_def_cfa_offset 4
 197              		@ sp needed
 198 0040 5DF804FB 		ldr	pc, [sp], #4
 199              	.L15:
 200              		.align	2
 201              	.L14:
 202 0044 003C0140 		.word	1073822720
 203 0048 00100048 		.word	1207963648
 204              		.cfi_endproc
 205              	.LFE127:
 207              		.section	.text.HAL_SPI_MspDeInit,"ax",%progbits
 208              		.align	1
 209              		.global	HAL_SPI_MspDeInit
 210              		.syntax unified
 211              		.thumb
 212              		.thumb_func
 213              		.fpu fpv4-sp-d16
 215              	HAL_SPI_MspDeInit:
 216              	.LVL5:
 217              	.LFB128:
 105:Src/spi.c     **** 
 106:Src/spi.c     **** void HAL_SPI_MspDeInit(SPI_HandleTypeDef* spiHandle)
 107:Src/spi.c     **** {
 218              		.loc 1 107 1 is_stmt 1 view -0
 219              		.cfi_startproc
 220              		@ args = 0, pretend = 0, frame = 0
 221              		@ frame_needed = 0, uses_anonymous_args = 0
 222              		.loc 1 107 1 is_stmt 0 view .LVU61
 223 0000 08B5     		push	{r3, lr}
 224              	.LCFI4:
 225              		.cfi_def_cfa_offset 8
 226              		.cfi_offset 3, -8
 227              		.cfi_offset 14, -4
 108:Src/spi.c     **** 
 109:Src/spi.c     ****   if(spiHandle->Instance==SPI4)
 228              		.loc 1 109 3 is_stmt 1 view .LVU62
 229              		.loc 1 109 15 is_stmt 0 view .LVU63
 230 0002 0268     		ldr	r2, [r0]
 231              		.loc 1 109 5 view .LVU64
 232 0004 064B     		ldr	r3, .L20
 233 0006 9A42     		cmp	r2, r3
 234 0008 00D0     		beq	.L19
ARM GAS  /tmp/ccKmApwi.s 			page 7


 235              	.LVL6:
 236              	.L16:
 110:Src/spi.c     ****   {
 111:Src/spi.c     ****   /* USER CODE BEGIN SPI4_MspDeInit 0 */
 112:Src/spi.c     **** 
 113:Src/spi.c     ****   /* USER CODE END SPI4_MspDeInit 0 */
 114:Src/spi.c     ****     /* Peripheral clock disable */
 115:Src/spi.c     ****     __HAL_RCC_SPI4_CLK_DISABLE();
 116:Src/spi.c     ****   
 117:Src/spi.c     ****     /**SPI4 GPIO Configuration    
 118:Src/spi.c     ****     PE2     ------> SPI4_SCK
 119:Src/spi.c     ****     PE5     ------> SPI4_MISO
 120:Src/spi.c     ****     PE6     ------> SPI4_MOSI 
 121:Src/spi.c     ****     */
 122:Src/spi.c     ****     HAL_GPIO_DeInit(GPIOE, GPIO_PIN_2|GPIO_PIN_5|GPIO_PIN_6);
 123:Src/spi.c     **** 
 124:Src/spi.c     ****   /* USER CODE BEGIN SPI4_MspDeInit 1 */
 125:Src/spi.c     **** 
 126:Src/spi.c     ****   /* USER CODE END SPI4_MspDeInit 1 */
 127:Src/spi.c     ****   }
 128:Src/spi.c     **** } 
 237              		.loc 1 128 1 view .LVU65
 238 000a 08BD     		pop	{r3, pc}
 239              	.LVL7:
 240              	.L19:
 115:Src/spi.c     ****   
 241              		.loc 1 115 5 is_stmt 1 view .LVU66
 242 000c 054A     		ldr	r2, .L20+4
 243 000e 9369     		ldr	r3, [r2, #24]
 244 0010 23F40043 		bic	r3, r3, #32768
 245 0014 9361     		str	r3, [r2, #24]
 122:Src/spi.c     **** 
 246              		.loc 1 122 5 view .LVU67
 247 0016 6421     		movs	r1, #100
 248 0018 0348     		ldr	r0, .L20+8
 249              	.LVL8:
 122:Src/spi.c     **** 
 250              		.loc 1 122 5 is_stmt 0 view .LVU68
 251 001a FFF7FEFF 		bl	HAL_GPIO_DeInit
 252              	.LVL9:
 253              		.loc 1 128 1 view .LVU69
 254 001e F4E7     		b	.L16
 255              	.L21:
 256              		.align	2
 257              	.L20:
 258 0020 003C0140 		.word	1073822720
 259 0024 00100240 		.word	1073876992
 260 0028 00100048 		.word	1207963648
 261              		.cfi_endproc
 262              	.LFE128:
 264              		.section	.text.SPI_transfer8_RFM,"ax",%progbits
 265              		.align	1
 266              		.global	SPI_transfer8_RFM
 267              		.syntax unified
 268              		.thumb
 269              		.thumb_func
 270              		.fpu fpv4-sp-d16
ARM GAS  /tmp/ccKmApwi.s 			page 8


 272              	SPI_transfer8_RFM:
 273              	.LVL10:
 274              	.LFB129:
 129:Src/spi.c     **** 
 130:Src/spi.c     **** /* USER CODE BEGIN 1 */
 131:Src/spi.c     **** uint8_t SPI_transfer8_RFM (uint8_t tx_byte) { // function to transfer 1byte on SPI with readback
 275              		.loc 1 131 45 is_stmt 1 view -0
 276              		.cfi_startproc
 277              		@ args = 0, pretend = 0, frame = 16
 278              		@ frame_needed = 0, uses_anonymous_args = 0
 279              		.loc 1 131 45 is_stmt 0 view .LVU71
 280 0000 00B5     		push	{lr}
 281              	.LCFI5:
 282              		.cfi_def_cfa_offset 4
 283              		.cfi_offset 14, -4
 284 0002 87B0     		sub	sp, sp, #28
 285              	.LCFI6:
 286              		.cfi_def_cfa_offset 32
 287 0004 8DF80F00 		strb	r0, [sp, #15]
 132:Src/spi.c     ****   uint8_t rx_byte;
 288              		.loc 1 132 3 is_stmt 1 view .LVU72
 133:Src/spi.c     **** 
 134:Src/spi.c     ****   HAL_SPI_TransmitReceive(&hspi4, &tx_byte, &rx_byte, 1, 10);
 289              		.loc 1 134 3 view .LVU73
 290 0008 0A23     		movs	r3, #10
 291 000a 0093     		str	r3, [sp]
 292 000c 0123     		movs	r3, #1
 293 000e 0DF11702 		add	r2, sp, #23
 294 0012 0DF10F01 		add	r1, sp, #15
 295 0016 0448     		ldr	r0, .L24
 296              	.LVL11:
 297              		.loc 1 134 3 is_stmt 0 view .LVU74
 298 0018 FFF7FEFF 		bl	HAL_SPI_TransmitReceive
 299              	.LVL12:
 135:Src/spi.c     ****   return rx_byte;
 300              		.loc 1 135 3 is_stmt 1 view .LVU75
 136:Src/spi.c     **** 
 137:Src/spi.c     **** }
 301              		.loc 1 137 1 is_stmt 0 view .LVU76
 302 001c 9DF81700 		ldrb	r0, [sp, #23]	@ zero_extendqisi2
 303 0020 07B0     		add	sp, sp, #28
 304              	.LCFI7:
 305              		.cfi_def_cfa_offset 4
 306              		@ sp needed
 307 0022 5DF804FB 		ldr	pc, [sp], #4
 308              	.L25:
 309 0026 00BF     		.align	2
 310              	.L24:
 311 0028 00000000 		.word	hspi4
 312              		.cfi_endproc
 313              	.LFE129:
 315              		.comm	hspi4,100,4
 316              		.text
 317              	.Letext0:
 318              		.file 2 "/usr/lib/gcc/arm-none-eabi/9.2.1/include/stdint.h"
 319              		.file 3 "Drivers/CMSIS/Include/core_cm4.h"
 320              		.file 4 "Drivers/CMSIS/Device/ST/STM32F3xx/Include/system_stm32f3xx.h"
ARM GAS  /tmp/ccKmApwi.s 			page 9


 321              		.file 5 "Drivers/CMSIS/Device/ST/STM32F3xx/Include/stm32f303xe.h"
 322              		.file 6 "/usr/lib/gcc/arm-none-eabi/9.2.1/include/stddef.h"
 323              		.file 7 "/usr/include/newlib/sys/_types.h"
 324              		.file 8 "/usr/include/newlib/sys/reent.h"
 325              		.file 9 "/usr/include/newlib/sys/lock.h"
 326              		.file 10 "Drivers/STM32F3xx_HAL_Driver/Inc/stm32f3xx_hal_def.h"
 327              		.file 11 "Drivers/STM32F3xx_HAL_Driver/Inc/stm32f3xx_hal_gpio.h"
 328              		.file 12 "Drivers/STM32F3xx_HAL_Driver/Inc/stm32f3xx_hal_dma.h"
 329              		.file 13 "Drivers/STM32F3xx_HAL_Driver/Inc/stm32f3xx_hal_spi.h"
 330              		.file 14 "Drivers/STM32F3xx_HAL_Driver/Inc/stm32f3xx_hal.h"
 331              		.file 15 "Inc/spi.h"
ARM GAS  /tmp/ccKmApwi.s 			page 10


DEFINED SYMBOLS
                            *ABS*:0000000000000000 spi.c
     /tmp/ccKmApwi.s:18     .rodata.MX_SPI4_Init.str1.4:0000000000000000 $d
     /tmp/ccKmApwi.s:22     .text.MX_SPI4_Init:0000000000000000 $t
     /tmp/ccKmApwi.s:30     .text.MX_SPI4_Init:0000000000000000 MX_SPI4_Init
     /tmp/ccKmApwi.s:112    .text.MX_SPI4_Init:0000000000000048 $d
                            *COM*:0000000000000064 hspi4
     /tmp/ccKmApwi.s:119    .text.HAL_SPI_MspInit:0000000000000000 $t
     /tmp/ccKmApwi.s:126    .text.HAL_SPI_MspInit:0000000000000000 HAL_SPI_MspInit
     /tmp/ccKmApwi.s:202    .text.HAL_SPI_MspInit:0000000000000044 $d
     /tmp/ccKmApwi.s:208    .text.HAL_SPI_MspDeInit:0000000000000000 $t
     /tmp/ccKmApwi.s:215    .text.HAL_SPI_MspDeInit:0000000000000000 HAL_SPI_MspDeInit
     /tmp/ccKmApwi.s:258    .text.HAL_SPI_MspDeInit:0000000000000020 $d
     /tmp/ccKmApwi.s:265    .text.SPI_transfer8_RFM:0000000000000000 $t
     /tmp/ccKmApwi.s:272    .text.SPI_transfer8_RFM:0000000000000000 SPI_transfer8_RFM
     /tmp/ccKmApwi.s:311    .text.SPI_transfer8_RFM:0000000000000028 $d

UNDEFINED SYMBOLS
HAL_SPI_Init
_Error_Handler
HAL_GPIO_Init
HAL_GPIO_DeInit
HAL_SPI_TransmitReceive
