ARM GAS  /tmp/ccBchlg7.s 			page 1


   1              		.cpu cortex-m4
   2              		.eabi_attribute 27, 1
   3              		.eabi_attribute 28, 1
   4              		.eabi_attribute 20, 1
   5              		.eabi_attribute 21, 1
   6              		.eabi_attribute 23, 3
   7              		.eabi_attribute 24, 1
   8              		.eabi_attribute 25, 1
   9              		.eabi_attribute 26, 1
  10              		.eabi_attribute 30, 1
  11              		.eabi_attribute 34, 1
  12              		.eabi_attribute 18, 4
  13              		.file	"stm32f3xx_hal_tim_ex.c"
  14              		.text
  15              	.Ltext0:
  16              		.cfi_sections	.debug_frame
  17              	.Letext0:
  18              		.file 1 "/usr/lib/gcc/arm-none-eabi/9.2.1/include/stdint.h"
  19              		.file 2 "Drivers/CMSIS/Include/core_cm4.h"
  20              		.file 3 "Drivers/CMSIS/Device/ST/STM32F3xx/Include/system_stm32f3xx.h"
  21              		.file 4 "/usr/lib/gcc/arm-none-eabi/9.2.1/include/stddef.h"
  22              		.file 5 "/usr/include/newlib/sys/_types.h"
  23              		.file 6 "/usr/include/newlib/sys/reent.h"
  24              		.file 7 "/usr/include/newlib/sys/lock.h"
  25              		.file 8 "Drivers/STM32F3xx_HAL_Driver/Inc/stm32f3xx_hal.h"
ARM GAS  /tmp/ccBchlg7.s 			page 2


DEFINED SYMBOLS
                            *ABS*:0000000000000000 stm32f3xx_hal_tim_ex.c

NO UNDEFINED SYMBOLS
