ARM GAS  /var/folders/8c/gyvcglfx7f97kbqb2h83mm_r0000gn/T//ccpw2ghW.s 			page 1


   1              		.cpu cortex-m4
   2              		.eabi_attribute 27, 1
   3              		.eabi_attribute 28, 1
   4              		.eabi_attribute 20, 1
   5              		.eabi_attribute 21, 1
   6              		.eabi_attribute 23, 3
   7              		.eabi_attribute 24, 1
   8              		.eabi_attribute 25, 1
   9              		.eabi_attribute 26, 1
  10              		.eabi_attribute 30, 2
  11              		.eabi_attribute 34, 1
  12              		.eabi_attribute 18, 4
  13              		.file	"stm32f3xx_hal.c"
  14              		.text
  15              	.Ltext0:
  16              		.cfi_sections	.debug_frame
  17              		.section	.text.HAL_MspInit,"ax",%progbits
  18              		.align	1
  19              		.p2align 2,,3
  20              		.weak	HAL_MspInit
  21              		.arch armv7e-m
  22              		.syntax unified
  23              		.thumb
  24              		.thumb_func
  25              		.fpu fpv4-sp-d16
  27              	HAL_MspInit:
  28              	.LFB128:
  29              		.file 1 "Drivers/STM32F3xx_HAL_Driver/Src/stm32f3xx_hal.c"
   1:Drivers/STM32F3xx_HAL_Driver/Src/stm32f3xx_hal.c **** /**
   2:Drivers/STM32F3xx_HAL_Driver/Src/stm32f3xx_hal.c ****   ******************************************************************************
   3:Drivers/STM32F3xx_HAL_Driver/Src/stm32f3xx_hal.c ****   * @file    stm32f3xx_hal.c
   4:Drivers/STM32F3xx_HAL_Driver/Src/stm32f3xx_hal.c ****   * @author  MCD Application Team
   5:Drivers/STM32F3xx_HAL_Driver/Src/stm32f3xx_hal.c ****   * @brief   HAL module driver.
   6:Drivers/STM32F3xx_HAL_Driver/Src/stm32f3xx_hal.c ****   *          This is the common part of the HAL initialization
   7:Drivers/STM32F3xx_HAL_Driver/Src/stm32f3xx_hal.c ****   *
   8:Drivers/STM32F3xx_HAL_Driver/Src/stm32f3xx_hal.c ****   @verbatim
   9:Drivers/STM32F3xx_HAL_Driver/Src/stm32f3xx_hal.c ****   ==============================================================================
  10:Drivers/STM32F3xx_HAL_Driver/Src/stm32f3xx_hal.c ****                      ##### How to use this driver #####
  11:Drivers/STM32F3xx_HAL_Driver/Src/stm32f3xx_hal.c ****   ==============================================================================
  12:Drivers/STM32F3xx_HAL_Driver/Src/stm32f3xx_hal.c ****     [..]
  13:Drivers/STM32F3xx_HAL_Driver/Src/stm32f3xx_hal.c ****     The common HAL driver contains a set of generic and common APIs that can be
  14:Drivers/STM32F3xx_HAL_Driver/Src/stm32f3xx_hal.c ****     used by the PPP peripheral drivers and the user to start using the HAL.
  15:Drivers/STM32F3xx_HAL_Driver/Src/stm32f3xx_hal.c ****     [..]
  16:Drivers/STM32F3xx_HAL_Driver/Src/stm32f3xx_hal.c ****     The HAL contains two APIs categories:
  17:Drivers/STM32F3xx_HAL_Driver/Src/stm32f3xx_hal.c ****          (+) HAL Initialization and de-initialization functions
  18:Drivers/STM32F3xx_HAL_Driver/Src/stm32f3xx_hal.c ****          (+) HAL Control functions
  19:Drivers/STM32F3xx_HAL_Driver/Src/stm32f3xx_hal.c **** 
  20:Drivers/STM32F3xx_HAL_Driver/Src/stm32f3xx_hal.c ****   @endverbatim
  21:Drivers/STM32F3xx_HAL_Driver/Src/stm32f3xx_hal.c ****   ******************************************************************************
  22:Drivers/STM32F3xx_HAL_Driver/Src/stm32f3xx_hal.c ****   * @attention
  23:Drivers/STM32F3xx_HAL_Driver/Src/stm32f3xx_hal.c ****   *
  24:Drivers/STM32F3xx_HAL_Driver/Src/stm32f3xx_hal.c ****   * <h2><center>&copy; COPYRIGHT(c) 2016 STMicroelectronics</center></h2>
  25:Drivers/STM32F3xx_HAL_Driver/Src/stm32f3xx_hal.c ****   *
  26:Drivers/STM32F3xx_HAL_Driver/Src/stm32f3xx_hal.c ****   * Redistribution and use in source and binary forms, with or without modification,
  27:Drivers/STM32F3xx_HAL_Driver/Src/stm32f3xx_hal.c ****   * are permitted provided that the following conditions are met:
  28:Drivers/STM32F3xx_HAL_Driver/Src/stm32f3xx_hal.c ****   *   1. Redistributions of source code must retain the above copyright notice,
  29:Drivers/STM32F3xx_HAL_Driver/Src/stm32f3xx_hal.c ****   *      this list of conditions and the following disclaimer.
ARM GAS  /var/folders/8c/gyvcglfx7f97kbqb2h83mm_r0000gn/T//ccpw2ghW.s 			page 2


  30:Drivers/STM32F3xx_HAL_Driver/Src/stm32f3xx_hal.c ****   *   2. Redistributions in binary form must reproduce the above copyright notice,
  31:Drivers/STM32F3xx_HAL_Driver/Src/stm32f3xx_hal.c ****   *      this list of conditions and the following disclaimer in the documentation
  32:Drivers/STM32F3xx_HAL_Driver/Src/stm32f3xx_hal.c ****   *      and/or other materials provided with the distribution.
  33:Drivers/STM32F3xx_HAL_Driver/Src/stm32f3xx_hal.c ****   *   3. Neither the name of STMicroelectronics nor the names of its contributors
  34:Drivers/STM32F3xx_HAL_Driver/Src/stm32f3xx_hal.c ****   *      may be used to endorse or promote products derived from this software
  35:Drivers/STM32F3xx_HAL_Driver/Src/stm32f3xx_hal.c ****   *      without specific prior written permission.
  36:Drivers/STM32F3xx_HAL_Driver/Src/stm32f3xx_hal.c ****   *
  37:Drivers/STM32F3xx_HAL_Driver/Src/stm32f3xx_hal.c ****   * THIS SOFTWARE IS PROVIDED BY THE COPYRIGHT HOLDERS AND CONTRIBUTORS "AS IS"
  38:Drivers/STM32F3xx_HAL_Driver/Src/stm32f3xx_hal.c ****   * AND ANY EXPRESS OR IMPLIED WARRANTIES, INCLUDING, BUT NOT LIMITED TO, THE
  39:Drivers/STM32F3xx_HAL_Driver/Src/stm32f3xx_hal.c ****   * IMPLIED WARRANTIES OF MERCHANTABILITY AND FITNESS FOR A PARTICULAR PURPOSE ARE
  40:Drivers/STM32F3xx_HAL_Driver/Src/stm32f3xx_hal.c ****   * DISCLAIMED. IN NO EVENT SHALL THE COPYRIGHT HOLDER OR CONTRIBUTORS BE LIABLE
  41:Drivers/STM32F3xx_HAL_Driver/Src/stm32f3xx_hal.c ****   * FOR ANY DIRECT, INDIRECT, INCIDENTAL, SPECIAL, EXEMPLARY, OR CONSEQUENTIAL
  42:Drivers/STM32F3xx_HAL_Driver/Src/stm32f3xx_hal.c ****   * DAMAGES (INCLUDING, BUT NOT LIMITED TO, PROCUREMENT OF SUBSTITUTE GOODS OR
  43:Drivers/STM32F3xx_HAL_Driver/Src/stm32f3xx_hal.c ****   * SERVICES; LOSS OF USE, DATA, OR PROFITS; OR BUSINESS INTERRUPTION) HOWEVER
  44:Drivers/STM32F3xx_HAL_Driver/Src/stm32f3xx_hal.c ****   * CAUSED AND ON ANY THEORY OF LIABILITY, WHETHER IN CONTRACT, STRICT LIABILITY,
  45:Drivers/STM32F3xx_HAL_Driver/Src/stm32f3xx_hal.c ****   * OR TORT (INCLUDING NEGLIGENCE OR OTHERWISE) ARISING IN ANY WAY OUT OF THE USE
  46:Drivers/STM32F3xx_HAL_Driver/Src/stm32f3xx_hal.c ****   * OF THIS SOFTWARE, EVEN IF ADVISED OF THE POSSIBILITY OF SUCH DAMAGE.
  47:Drivers/STM32F3xx_HAL_Driver/Src/stm32f3xx_hal.c ****   *
  48:Drivers/STM32F3xx_HAL_Driver/Src/stm32f3xx_hal.c ****   ******************************************************************************  
  49:Drivers/STM32F3xx_HAL_Driver/Src/stm32f3xx_hal.c ****   */
  50:Drivers/STM32F3xx_HAL_Driver/Src/stm32f3xx_hal.c **** 
  51:Drivers/STM32F3xx_HAL_Driver/Src/stm32f3xx_hal.c **** /* Includes ------------------------------------------------------------------*/
  52:Drivers/STM32F3xx_HAL_Driver/Src/stm32f3xx_hal.c **** #include "stm32f3xx_hal.h"
  53:Drivers/STM32F3xx_HAL_Driver/Src/stm32f3xx_hal.c **** 
  54:Drivers/STM32F3xx_HAL_Driver/Src/stm32f3xx_hal.c **** /** @addtogroup STM32F3xx_HAL_Driver
  55:Drivers/STM32F3xx_HAL_Driver/Src/stm32f3xx_hal.c ****   * @{
  56:Drivers/STM32F3xx_HAL_Driver/Src/stm32f3xx_hal.c ****   */
  57:Drivers/STM32F3xx_HAL_Driver/Src/stm32f3xx_hal.c **** 
  58:Drivers/STM32F3xx_HAL_Driver/Src/stm32f3xx_hal.c **** /** @defgroup HAL HAL
  59:Drivers/STM32F3xx_HAL_Driver/Src/stm32f3xx_hal.c ****   * @brief HAL module driver.
  60:Drivers/STM32F3xx_HAL_Driver/Src/stm32f3xx_hal.c ****   * @{
  61:Drivers/STM32F3xx_HAL_Driver/Src/stm32f3xx_hal.c ****   */
  62:Drivers/STM32F3xx_HAL_Driver/Src/stm32f3xx_hal.c **** 
  63:Drivers/STM32F3xx_HAL_Driver/Src/stm32f3xx_hal.c **** #ifdef HAL_MODULE_ENABLED
  64:Drivers/STM32F3xx_HAL_Driver/Src/stm32f3xx_hal.c **** 
  65:Drivers/STM32F3xx_HAL_Driver/Src/stm32f3xx_hal.c **** /* Private typedef -----------------------------------------------------------*/
  66:Drivers/STM32F3xx_HAL_Driver/Src/stm32f3xx_hal.c **** /* Private define ------------------------------------------------------------*/
  67:Drivers/STM32F3xx_HAL_Driver/Src/stm32f3xx_hal.c **** /** @defgroup HAL_Private Constants
  68:Drivers/STM32F3xx_HAL_Driver/Src/stm32f3xx_hal.c ****   * @{
  69:Drivers/STM32F3xx_HAL_Driver/Src/stm32f3xx_hal.c ****   */
  70:Drivers/STM32F3xx_HAL_Driver/Src/stm32f3xx_hal.c **** /**
  71:Drivers/STM32F3xx_HAL_Driver/Src/stm32f3xx_hal.c ****  * @brief STM32F3xx HAL Driver version number V1.5.1
  72:Drivers/STM32F3xx_HAL_Driver/Src/stm32f3xx_hal.c ****    */
  73:Drivers/STM32F3xx_HAL_Driver/Src/stm32f3xx_hal.c **** #define __STM32F3xx_HAL_VERSION_MAIN   (0x01U) /*!< [31:24] main version */
  74:Drivers/STM32F3xx_HAL_Driver/Src/stm32f3xx_hal.c **** #define __STM32F3xx_HAL_VERSION_SUB1   (0x05U) /*!< [23:16] sub1 version */
  75:Drivers/STM32F3xx_HAL_Driver/Src/stm32f3xx_hal.c **** #define __STM32F3xx_HAL_VERSION_SUB2   (0x01U) /*!< [15:8]  sub2 version */
  76:Drivers/STM32F3xx_HAL_Driver/Src/stm32f3xx_hal.c **** #define __STM32F3xx_HAL_VERSION_RC     (0x00U) /*!< [7:0]  release candidate */
  77:Drivers/STM32F3xx_HAL_Driver/Src/stm32f3xx_hal.c **** #define __STM32F3xx_HAL_VERSION         ((__STM32F3xx_HAL_VERSION_MAIN << 24U)\
  78:Drivers/STM32F3xx_HAL_Driver/Src/stm32f3xx_hal.c ****                                         |(__STM32F3xx_HAL_VERSION_SUB1 << 16U)\
  79:Drivers/STM32F3xx_HAL_Driver/Src/stm32f3xx_hal.c ****                                         |(__STM32F3xx_HAL_VERSION_SUB2 << 8U )\
  80:Drivers/STM32F3xx_HAL_Driver/Src/stm32f3xx_hal.c ****                                         |(__STM32F3xx_HAL_VERSION_RC))
  81:Drivers/STM32F3xx_HAL_Driver/Src/stm32f3xx_hal.c **** 
  82:Drivers/STM32F3xx_HAL_Driver/Src/stm32f3xx_hal.c **** #define IDCODE_DEVID_MASK    (0x00000FFFU)
  83:Drivers/STM32F3xx_HAL_Driver/Src/stm32f3xx_hal.c **** /**
  84:Drivers/STM32F3xx_HAL_Driver/Src/stm32f3xx_hal.c ****   * @}
  85:Drivers/STM32F3xx_HAL_Driver/Src/stm32f3xx_hal.c ****   */
  86:Drivers/STM32F3xx_HAL_Driver/Src/stm32f3xx_hal.c ****   
ARM GAS  /var/folders/8c/gyvcglfx7f97kbqb2h83mm_r0000gn/T//ccpw2ghW.s 			page 3


  87:Drivers/STM32F3xx_HAL_Driver/Src/stm32f3xx_hal.c **** /* Private macro -------------------------------------------------------------*/
  88:Drivers/STM32F3xx_HAL_Driver/Src/stm32f3xx_hal.c **** /* Private variables ---------------------------------------------------------*/
  89:Drivers/STM32F3xx_HAL_Driver/Src/stm32f3xx_hal.c **** /** @defgroup HAL_Private_Variables HAL Private Variables
  90:Drivers/STM32F3xx_HAL_Driver/Src/stm32f3xx_hal.c ****   * @{
  91:Drivers/STM32F3xx_HAL_Driver/Src/stm32f3xx_hal.c ****   */
  92:Drivers/STM32F3xx_HAL_Driver/Src/stm32f3xx_hal.c **** __IO uint32_t uwTick;
  93:Drivers/STM32F3xx_HAL_Driver/Src/stm32f3xx_hal.c **** uint32_t uwTickPrio   = (1UL << __NVIC_PRIO_BITS); /* Invalid PRIO */
  94:Drivers/STM32F3xx_HAL_Driver/Src/stm32f3xx_hal.c **** HAL_TickFreqTypeDef uwTickFreq = HAL_TICK_FREQ_DEFAULT;  /* 1KHz */
  95:Drivers/STM32F3xx_HAL_Driver/Src/stm32f3xx_hal.c **** /**
  96:Drivers/STM32F3xx_HAL_Driver/Src/stm32f3xx_hal.c ****   * @}
  97:Drivers/STM32F3xx_HAL_Driver/Src/stm32f3xx_hal.c ****   */
  98:Drivers/STM32F3xx_HAL_Driver/Src/stm32f3xx_hal.c **** /* Private function prototypes -----------------------------------------------*/
  99:Drivers/STM32F3xx_HAL_Driver/Src/stm32f3xx_hal.c **** /* Exported functions ---------------------------------------------------------*/
 100:Drivers/STM32F3xx_HAL_Driver/Src/stm32f3xx_hal.c **** 
 101:Drivers/STM32F3xx_HAL_Driver/Src/stm32f3xx_hal.c **** /** @defgroup HAL_Exported_Functions HAL Exported Functions
 102:Drivers/STM32F3xx_HAL_Driver/Src/stm32f3xx_hal.c ****   * @{
 103:Drivers/STM32F3xx_HAL_Driver/Src/stm32f3xx_hal.c ****   */
 104:Drivers/STM32F3xx_HAL_Driver/Src/stm32f3xx_hal.c **** 
 105:Drivers/STM32F3xx_HAL_Driver/Src/stm32f3xx_hal.c **** /** @defgroup HAL_Exported_Functions_Group1 Initialization and de-initialization Functions 
 106:Drivers/STM32F3xx_HAL_Driver/Src/stm32f3xx_hal.c ****  *  @brief    Initialization and de-initialization functions
 107:Drivers/STM32F3xx_HAL_Driver/Src/stm32f3xx_hal.c ****  *
 108:Drivers/STM32F3xx_HAL_Driver/Src/stm32f3xx_hal.c **** @verbatim
 109:Drivers/STM32F3xx_HAL_Driver/Src/stm32f3xx_hal.c ****  ===============================================================================
 110:Drivers/STM32F3xx_HAL_Driver/Src/stm32f3xx_hal.c ****               ##### Initialization and de-initialization functions #####
 111:Drivers/STM32F3xx_HAL_Driver/Src/stm32f3xx_hal.c ****  ===============================================================================
 112:Drivers/STM32F3xx_HAL_Driver/Src/stm32f3xx_hal.c ****     [..]  This section provides functions allowing to:
 113:Drivers/STM32F3xx_HAL_Driver/Src/stm32f3xx_hal.c ****       (+) Initializes the Flash interface, the NVIC allocation and initial clock 
 114:Drivers/STM32F3xx_HAL_Driver/Src/stm32f3xx_hal.c ****           configuration. It initializes the systick also when timeout is needed
 115:Drivers/STM32F3xx_HAL_Driver/Src/stm32f3xx_hal.c ****           and the backup domain when enabled.
 116:Drivers/STM32F3xx_HAL_Driver/Src/stm32f3xx_hal.c ****       (+) de-Initializes common part of the HAL.
 117:Drivers/STM32F3xx_HAL_Driver/Src/stm32f3xx_hal.c ****       (+) Configure The time base source to have 1ms time base with a dedicated 
 118:Drivers/STM32F3xx_HAL_Driver/Src/stm32f3xx_hal.c ****           Tick interrupt priority. 
 119:Drivers/STM32F3xx_HAL_Driver/Src/stm32f3xx_hal.c ****         (++) SysTick timer is used by default as source of time base, but user 
 120:Drivers/STM32F3xx_HAL_Driver/Src/stm32f3xx_hal.c ****              can eventually implement his proper time base source (a general purpose 
 121:Drivers/STM32F3xx_HAL_Driver/Src/stm32f3xx_hal.c ****              timer for example or other time source), keeping in mind that Time base 
 122:Drivers/STM32F3xx_HAL_Driver/Src/stm32f3xx_hal.c ****              duration should be kept 1ms since PPP_TIMEOUT_VALUEs are defined and 
 123:Drivers/STM32F3xx_HAL_Driver/Src/stm32f3xx_hal.c ****              handled in milliseconds basis.
 124:Drivers/STM32F3xx_HAL_Driver/Src/stm32f3xx_hal.c ****         (++) Time base configuration function (HAL_InitTick ()) is called automatically 
 125:Drivers/STM32F3xx_HAL_Driver/Src/stm32f3xx_hal.c ****              at the beginning of the program after reset by HAL_Init() or at any time 
 126:Drivers/STM32F3xx_HAL_Driver/Src/stm32f3xx_hal.c ****              when clock is configured, by HAL_RCC_ClockConfig(). 
 127:Drivers/STM32F3xx_HAL_Driver/Src/stm32f3xx_hal.c ****         (++) Source of time base is configured  to generate interrupts at regular 
 128:Drivers/STM32F3xx_HAL_Driver/Src/stm32f3xx_hal.c ****              time intervals. Care must be taken if HAL_Delay() is called from a 
 129:Drivers/STM32F3xx_HAL_Driver/Src/stm32f3xx_hal.c ****              peripheral ISR process, the Tick interrupt line must have higher priority 
 130:Drivers/STM32F3xx_HAL_Driver/Src/stm32f3xx_hal.c ****             (numerically lower) than the peripheral interrupt. Otherwise the caller 
 131:Drivers/STM32F3xx_HAL_Driver/Src/stm32f3xx_hal.c ****             ISR process will be blocked. 
 132:Drivers/STM32F3xx_HAL_Driver/Src/stm32f3xx_hal.c ****        (++) functions affecting time base configurations are declared as __Weak  
 133:Drivers/STM32F3xx_HAL_Driver/Src/stm32f3xx_hal.c ****              to make  override possible  in case of other  implementations in user file.
 134:Drivers/STM32F3xx_HAL_Driver/Src/stm32f3xx_hal.c **** 
 135:Drivers/STM32F3xx_HAL_Driver/Src/stm32f3xx_hal.c **** @endverbatim
 136:Drivers/STM32F3xx_HAL_Driver/Src/stm32f3xx_hal.c ****   * @{
 137:Drivers/STM32F3xx_HAL_Driver/Src/stm32f3xx_hal.c ****   */
 138:Drivers/STM32F3xx_HAL_Driver/Src/stm32f3xx_hal.c **** 
 139:Drivers/STM32F3xx_HAL_Driver/Src/stm32f3xx_hal.c **** /**
 140:Drivers/STM32F3xx_HAL_Driver/Src/stm32f3xx_hal.c ****   * @brief  This function configures the Flash prefetch, 
 141:Drivers/STM32F3xx_HAL_Driver/Src/stm32f3xx_hal.c ****   *         Configures time base source, NVIC and Low level hardware
 142:Drivers/STM32F3xx_HAL_Driver/Src/stm32f3xx_hal.c ****   * @note   This function is called at the beginning of program after reset and before 
 143:Drivers/STM32F3xx_HAL_Driver/Src/stm32f3xx_hal.c ****   *         the clock configuration
ARM GAS  /var/folders/8c/gyvcglfx7f97kbqb2h83mm_r0000gn/T//ccpw2ghW.s 			page 4


 144:Drivers/STM32F3xx_HAL_Driver/Src/stm32f3xx_hal.c ****   *             
 145:Drivers/STM32F3xx_HAL_Driver/Src/stm32f3xx_hal.c ****   * @note   The Systick configuration is based on HSI clock, as HSI is the clock
 146:Drivers/STM32F3xx_HAL_Driver/Src/stm32f3xx_hal.c ****   *         used after a system Reset and the NVIC configuration is set to Priority group 4 
 147:Drivers/STM32F3xx_HAL_Driver/Src/stm32f3xx_hal.c ****   *            
 148:Drivers/STM32F3xx_HAL_Driver/Src/stm32f3xx_hal.c ****   * @note   The time base configuration is based on MSI clock when exting from Reset.
 149:Drivers/STM32F3xx_HAL_Driver/Src/stm32f3xx_hal.c ****   *         Once done, time base tick start incrementing.
 150:Drivers/STM32F3xx_HAL_Driver/Src/stm32f3xx_hal.c ****   *         In the default implementation,Systick is used as source of time base.
 151:Drivers/STM32F3xx_HAL_Driver/Src/stm32f3xx_hal.c ****   *       The tick variable is incremented each 1ms in its ISR.
 152:Drivers/STM32F3xx_HAL_Driver/Src/stm32f3xx_hal.c ****   * @retval HAL status
 153:Drivers/STM32F3xx_HAL_Driver/Src/stm32f3xx_hal.c ****   */
 154:Drivers/STM32F3xx_HAL_Driver/Src/stm32f3xx_hal.c **** HAL_StatusTypeDef HAL_Init(void)
 155:Drivers/STM32F3xx_HAL_Driver/Src/stm32f3xx_hal.c **** {
 156:Drivers/STM32F3xx_HAL_Driver/Src/stm32f3xx_hal.c ****   /* Configure Flash prefetch */
 157:Drivers/STM32F3xx_HAL_Driver/Src/stm32f3xx_hal.c **** #if (PREFETCH_ENABLE != 0U)
 158:Drivers/STM32F3xx_HAL_Driver/Src/stm32f3xx_hal.c ****   __HAL_FLASH_PREFETCH_BUFFER_ENABLE();
 159:Drivers/STM32F3xx_HAL_Driver/Src/stm32f3xx_hal.c **** #endif /* PREFETCH_ENABLE */
 160:Drivers/STM32F3xx_HAL_Driver/Src/stm32f3xx_hal.c **** 
 161:Drivers/STM32F3xx_HAL_Driver/Src/stm32f3xx_hal.c ****   /* Set Interrupt Group Priority */
 162:Drivers/STM32F3xx_HAL_Driver/Src/stm32f3xx_hal.c ****   HAL_NVIC_SetPriorityGrouping(NVIC_PRIORITYGROUP_4);
 163:Drivers/STM32F3xx_HAL_Driver/Src/stm32f3xx_hal.c **** 
 164:Drivers/STM32F3xx_HAL_Driver/Src/stm32f3xx_hal.c ****   /* Enable systick and configure 1ms tick (default clock after Reset is HSI) */
 165:Drivers/STM32F3xx_HAL_Driver/Src/stm32f3xx_hal.c ****   HAL_InitTick(TICK_INT_PRIORITY);
 166:Drivers/STM32F3xx_HAL_Driver/Src/stm32f3xx_hal.c **** 
 167:Drivers/STM32F3xx_HAL_Driver/Src/stm32f3xx_hal.c ****   /* Init the low level hardware */
 168:Drivers/STM32F3xx_HAL_Driver/Src/stm32f3xx_hal.c ****   HAL_MspInit();
 169:Drivers/STM32F3xx_HAL_Driver/Src/stm32f3xx_hal.c **** 
 170:Drivers/STM32F3xx_HAL_Driver/Src/stm32f3xx_hal.c ****   /* Return function status */
 171:Drivers/STM32F3xx_HAL_Driver/Src/stm32f3xx_hal.c ****   return HAL_OK;
 172:Drivers/STM32F3xx_HAL_Driver/Src/stm32f3xx_hal.c **** }
 173:Drivers/STM32F3xx_HAL_Driver/Src/stm32f3xx_hal.c **** 
 174:Drivers/STM32F3xx_HAL_Driver/Src/stm32f3xx_hal.c **** /**
 175:Drivers/STM32F3xx_HAL_Driver/Src/stm32f3xx_hal.c ****   * @brief  This function de-Initializes common part of the HAL and stops the systick.
 176:Drivers/STM32F3xx_HAL_Driver/Src/stm32f3xx_hal.c ****   * @note This function is optional.
 177:Drivers/STM32F3xx_HAL_Driver/Src/stm32f3xx_hal.c ****   * @retval HAL status
 178:Drivers/STM32F3xx_HAL_Driver/Src/stm32f3xx_hal.c ****   */
 179:Drivers/STM32F3xx_HAL_Driver/Src/stm32f3xx_hal.c **** HAL_StatusTypeDef HAL_DeInit(void)
 180:Drivers/STM32F3xx_HAL_Driver/Src/stm32f3xx_hal.c **** {
 181:Drivers/STM32F3xx_HAL_Driver/Src/stm32f3xx_hal.c ****   /* Reset of all peripherals */
 182:Drivers/STM32F3xx_HAL_Driver/Src/stm32f3xx_hal.c ****   __HAL_RCC_APB1_FORCE_RESET();
 183:Drivers/STM32F3xx_HAL_Driver/Src/stm32f3xx_hal.c ****   __HAL_RCC_APB1_RELEASE_RESET();
 184:Drivers/STM32F3xx_HAL_Driver/Src/stm32f3xx_hal.c **** 
 185:Drivers/STM32F3xx_HAL_Driver/Src/stm32f3xx_hal.c ****   __HAL_RCC_APB2_FORCE_RESET();
 186:Drivers/STM32F3xx_HAL_Driver/Src/stm32f3xx_hal.c ****   __HAL_RCC_APB2_RELEASE_RESET();
 187:Drivers/STM32F3xx_HAL_Driver/Src/stm32f3xx_hal.c **** 
 188:Drivers/STM32F3xx_HAL_Driver/Src/stm32f3xx_hal.c ****   __HAL_RCC_AHB_FORCE_RESET();
 189:Drivers/STM32F3xx_HAL_Driver/Src/stm32f3xx_hal.c ****   __HAL_RCC_AHB_RELEASE_RESET();
 190:Drivers/STM32F3xx_HAL_Driver/Src/stm32f3xx_hal.c **** 
 191:Drivers/STM32F3xx_HAL_Driver/Src/stm32f3xx_hal.c ****   /* De-Init the low level hardware */
 192:Drivers/STM32F3xx_HAL_Driver/Src/stm32f3xx_hal.c ****   HAL_MspDeInit();
 193:Drivers/STM32F3xx_HAL_Driver/Src/stm32f3xx_hal.c **** 
 194:Drivers/STM32F3xx_HAL_Driver/Src/stm32f3xx_hal.c ****   /* Return function status */
 195:Drivers/STM32F3xx_HAL_Driver/Src/stm32f3xx_hal.c ****   return HAL_OK;
 196:Drivers/STM32F3xx_HAL_Driver/Src/stm32f3xx_hal.c **** }
 197:Drivers/STM32F3xx_HAL_Driver/Src/stm32f3xx_hal.c **** 
 198:Drivers/STM32F3xx_HAL_Driver/Src/stm32f3xx_hal.c **** /**
 199:Drivers/STM32F3xx_HAL_Driver/Src/stm32f3xx_hal.c ****   * @brief  Initialize the MSP.
 200:Drivers/STM32F3xx_HAL_Driver/Src/stm32f3xx_hal.c ****   * @retval None
ARM GAS  /var/folders/8c/gyvcglfx7f97kbqb2h83mm_r0000gn/T//ccpw2ghW.s 			page 5


 201:Drivers/STM32F3xx_HAL_Driver/Src/stm32f3xx_hal.c ****   */
 202:Drivers/STM32F3xx_HAL_Driver/Src/stm32f3xx_hal.c **** __weak void HAL_MspInit(void)
 203:Drivers/STM32F3xx_HAL_Driver/Src/stm32f3xx_hal.c **** {
  30              		.loc 1 203 1 view -0
  31              		.cfi_startproc
  32              		@ args = 0, pretend = 0, frame = 0
  33              		@ frame_needed = 0, uses_anonymous_args = 0
  34              		@ link register save eliminated.
 204:Drivers/STM32F3xx_HAL_Driver/Src/stm32f3xx_hal.c ****   /* NOTE : This function should not be modified, when the callback is needed,
 205:Drivers/STM32F3xx_HAL_Driver/Src/stm32f3xx_hal.c ****             the HAL_MspInit could be implemented in the user file
 206:Drivers/STM32F3xx_HAL_Driver/Src/stm32f3xx_hal.c ****    */
 207:Drivers/STM32F3xx_HAL_Driver/Src/stm32f3xx_hal.c **** }
  35              		.loc 1 207 1 view .LVU1
  36 0000 7047     		bx	lr
  37              		.cfi_endproc
  38              	.LFE128:
  40 0002 00BF     		.section	.text.HAL_MspDeInit,"ax",%progbits
  41              		.align	1
  42              		.p2align 2,,3
  43              		.weak	HAL_MspDeInit
  44              		.syntax unified
  45              		.thumb
  46              		.thumb_func
  47              		.fpu fpv4-sp-d16
  49              	HAL_MspDeInit:
  50              	.LFB153:
  51              		.cfi_startproc
  52              		@ args = 0, pretend = 0, frame = 0
  53              		@ frame_needed = 0, uses_anonymous_args = 0
  54              		@ link register save eliminated.
  55 0000 7047     		bx	lr
  56              		.cfi_endproc
  57              	.LFE153:
  59 0002 00BF     		.section	.text.HAL_DeInit,"ax",%progbits
  60              		.align	1
  61              		.p2align 2,,3
  62              		.global	HAL_DeInit
  63              		.syntax unified
  64              		.thumb
  65              		.thumb_func
  66              		.fpu fpv4-sp-d16
  68              	HAL_DeInit:
  69              	.LFB127:
 180:Drivers/STM32F3xx_HAL_Driver/Src/stm32f3xx_hal.c ****   /* Reset of all peripherals */
  70              		.loc 1 180 1 view -0
  71              		.cfi_startproc
  72              		@ args = 0, pretend = 0, frame = 0
  73              		@ frame_needed = 0, uses_anonymous_args = 0
 182:Drivers/STM32F3xx_HAL_Driver/Src/stm32f3xx_hal.c ****   __HAL_RCC_APB1_RELEASE_RESET();
  74              		.loc 1 182 3 view .LVU3
 180:Drivers/STM32F3xx_HAL_Driver/Src/stm32f3xx_hal.c ****   /* Reset of all peripherals */
  75              		.loc 1 180 1 is_stmt 0 view .LVU4
  76 0000 10B5     		push	{r4, lr}
  77              	.LCFI0:
  78              		.cfi_def_cfa_offset 8
  79              		.cfi_offset 4, -8
  80              		.cfi_offset 14, -4
ARM GAS  /var/folders/8c/gyvcglfx7f97kbqb2h83mm_r0000gn/T//ccpw2ghW.s 			page 6


 182:Drivers/STM32F3xx_HAL_Driver/Src/stm32f3xx_hal.c ****   __HAL_RCC_APB1_RELEASE_RESET();
  81              		.loc 1 182 3 view .LVU5
  82 0002 074B     		ldr	r3, .L6
  83 0004 4FF0FF32 		mov	r2, #-1
 183:Drivers/STM32F3xx_HAL_Driver/Src/stm32f3xx_hal.c **** 
  84              		.loc 1 183 3 view .LVU6
  85 0008 0024     		movs	r4, #0
 182:Drivers/STM32F3xx_HAL_Driver/Src/stm32f3xx_hal.c ****   __HAL_RCC_APB1_RELEASE_RESET();
  86              		.loc 1 182 3 view .LVU7
  87 000a 1A61     		str	r2, [r3, #16]
 183:Drivers/STM32F3xx_HAL_Driver/Src/stm32f3xx_hal.c **** 
  88              		.loc 1 183 3 is_stmt 1 view .LVU8
  89 000c 1C61     		str	r4, [r3, #16]
 185:Drivers/STM32F3xx_HAL_Driver/Src/stm32f3xx_hal.c ****   __HAL_RCC_APB2_RELEASE_RESET();
  90              		.loc 1 185 3 view .LVU9
  91 000e DA60     		str	r2, [r3, #12]
 186:Drivers/STM32F3xx_HAL_Driver/Src/stm32f3xx_hal.c **** 
  92              		.loc 1 186 3 view .LVU10
  93 0010 DC60     		str	r4, [r3, #12]
 188:Drivers/STM32F3xx_HAL_Driver/Src/stm32f3xx_hal.c ****   __HAL_RCC_AHB_RELEASE_RESET();
  94              		.loc 1 188 3 view .LVU11
  95 0012 9A62     		str	r2, [r3, #40]
 189:Drivers/STM32F3xx_HAL_Driver/Src/stm32f3xx_hal.c **** 
  96              		.loc 1 189 3 view .LVU12
  97 0014 9C62     		str	r4, [r3, #40]
 192:Drivers/STM32F3xx_HAL_Driver/Src/stm32f3xx_hal.c **** 
  98              		.loc 1 192 3 view .LVU13
  99 0016 FFF7FEFF 		bl	HAL_MspDeInit
 100              	.LVL0:
 195:Drivers/STM32F3xx_HAL_Driver/Src/stm32f3xx_hal.c **** }
 101              		.loc 1 195 3 view .LVU14
 196:Drivers/STM32F3xx_HAL_Driver/Src/stm32f3xx_hal.c **** 
 102              		.loc 1 196 1 is_stmt 0 view .LVU15
 103 001a 2046     		mov	r0, r4
 104 001c 10BD     		pop	{r4, pc}
 105              	.L7:
 106 001e 00BF     		.align	2
 107              	.L6:
 108 0020 00100240 		.word	1073876992
 109              		.cfi_endproc
 110              	.LFE127:
 112              		.section	.text.HAL_InitTick,"ax",%progbits
 113              		.align	1
 114              		.p2align 2,,3
 115              		.weak	HAL_InitTick
 116              		.syntax unified
 117              		.thumb
 118              		.thumb_func
 119              		.fpu fpv4-sp-d16
 121              	HAL_InitTick:
 122              	.LVL1:
 123              	.LFB130:
 208:Drivers/STM32F3xx_HAL_Driver/Src/stm32f3xx_hal.c **** 
 209:Drivers/STM32F3xx_HAL_Driver/Src/stm32f3xx_hal.c **** /**
 210:Drivers/STM32F3xx_HAL_Driver/Src/stm32f3xx_hal.c ****   * @brief  DeInitialize the MSP.
 211:Drivers/STM32F3xx_HAL_Driver/Src/stm32f3xx_hal.c ****   * @retval None
 212:Drivers/STM32F3xx_HAL_Driver/Src/stm32f3xx_hal.c ****   */
ARM GAS  /var/folders/8c/gyvcglfx7f97kbqb2h83mm_r0000gn/T//ccpw2ghW.s 			page 7


 213:Drivers/STM32F3xx_HAL_Driver/Src/stm32f3xx_hal.c **** __weak void HAL_MspDeInit(void)
 214:Drivers/STM32F3xx_HAL_Driver/Src/stm32f3xx_hal.c **** {
 215:Drivers/STM32F3xx_HAL_Driver/Src/stm32f3xx_hal.c ****   /* NOTE : This function should not be modified, when the callback is needed,
 216:Drivers/STM32F3xx_HAL_Driver/Src/stm32f3xx_hal.c ****             the HAL_MspDeInit could be implemented in the user file
 217:Drivers/STM32F3xx_HAL_Driver/Src/stm32f3xx_hal.c ****    */
 218:Drivers/STM32F3xx_HAL_Driver/Src/stm32f3xx_hal.c **** }
 219:Drivers/STM32F3xx_HAL_Driver/Src/stm32f3xx_hal.c **** 
 220:Drivers/STM32F3xx_HAL_Driver/Src/stm32f3xx_hal.c **** /**
 221:Drivers/STM32F3xx_HAL_Driver/Src/stm32f3xx_hal.c ****   * @brief  This function configures the source of the time base. 
 222:Drivers/STM32F3xx_HAL_Driver/Src/stm32f3xx_hal.c ****   *         The time source is configured  to have 1ms time base with a dedicated 
 223:Drivers/STM32F3xx_HAL_Driver/Src/stm32f3xx_hal.c ****   *         Tick interrupt priority. 
 224:Drivers/STM32F3xx_HAL_Driver/Src/stm32f3xx_hal.c ****   * @note   This function is called  automatically at the beginning of program after
 225:Drivers/STM32F3xx_HAL_Driver/Src/stm32f3xx_hal.c ****   *         reset by HAL_Init() or at any time when clock is reconfigured  by HAL_RCC_ClockConfig()
 226:Drivers/STM32F3xx_HAL_Driver/Src/stm32f3xx_hal.c ****   * @note   In the default implementation , SysTick timer is the source of time base. 
 227:Drivers/STM32F3xx_HAL_Driver/Src/stm32f3xx_hal.c ****   *         It is used to generate interrupts at regular time intervals. 
 228:Drivers/STM32F3xx_HAL_Driver/Src/stm32f3xx_hal.c ****   *         Care must be taken if HAL_Delay() is called from a peripheral ISR process, 
 229:Drivers/STM32F3xx_HAL_Driver/Src/stm32f3xx_hal.c ****   *         The SysTick interrupt must have higher priority (numerically lower) 
 230:Drivers/STM32F3xx_HAL_Driver/Src/stm32f3xx_hal.c ****   *         than the peripheral interrupt. Otherwise the caller ISR process will be blocked.
 231:Drivers/STM32F3xx_HAL_Driver/Src/stm32f3xx_hal.c ****   *         The function is declared as __Weak  to be overwritten  in case of other
 232:Drivers/STM32F3xx_HAL_Driver/Src/stm32f3xx_hal.c ****   *         implementation  in user file.
 233:Drivers/STM32F3xx_HAL_Driver/Src/stm32f3xx_hal.c ****   * @param TickPriority Tick interrupt priority.
 234:Drivers/STM32F3xx_HAL_Driver/Src/stm32f3xx_hal.c ****   * @retval HAL status
 235:Drivers/STM32F3xx_HAL_Driver/Src/stm32f3xx_hal.c ****   */
 236:Drivers/STM32F3xx_HAL_Driver/Src/stm32f3xx_hal.c **** __weak HAL_StatusTypeDef HAL_InitTick(uint32_t TickPriority)
 237:Drivers/STM32F3xx_HAL_Driver/Src/stm32f3xx_hal.c **** {
 124              		.loc 1 237 1 is_stmt 1 view -0
 125              		.cfi_startproc
 126              		@ args = 0, pretend = 0, frame = 0
 127              		@ frame_needed = 0, uses_anonymous_args = 0
 238:Drivers/STM32F3xx_HAL_Driver/Src/stm32f3xx_hal.c ****   /* Configure the SysTick to have interrupt in 1ms time basis*/
 239:Drivers/STM32F3xx_HAL_Driver/Src/stm32f3xx_hal.c ****   if (HAL_SYSTICK_Config(SystemCoreClock / (1000U / uwTickFreq)) > 0U)
 128              		.loc 1 239 3 view .LVU17
 237:Drivers/STM32F3xx_HAL_Driver/Src/stm32f3xx_hal.c ****   /* Configure the SysTick to have interrupt in 1ms time basis*/
 129              		.loc 1 237 1 is_stmt 0 view .LVU18
 130 0000 38B5     		push	{r3, r4, r5, lr}
 131              	.LCFI1:
 132              		.cfi_def_cfa_offset 16
 133              		.cfi_offset 3, -16
 134              		.cfi_offset 4, -12
 135              		.cfi_offset 5, -8
 136              		.cfi_offset 14, -4
 137              		.loc 1 239 51 view .LVU19
 138 0002 0E4A     		ldr	r2, .L14
 139              		.loc 1 239 7 view .LVU20
 140 0004 0E4B     		ldr	r3, .L14+4
 141              		.loc 1 239 51 view .LVU21
 142 0006 1278     		ldrb	r2, [r2]	@ zero_extendqisi2
 143              		.loc 1 239 7 view .LVU22
 144 0008 1B68     		ldr	r3, [r3]
 237:Drivers/STM32F3xx_HAL_Driver/Src/stm32f3xx_hal.c ****   /* Configure the SysTick to have interrupt in 1ms time basis*/
 145              		.loc 1 237 1 view .LVU23
 146 000a 0546     		mov	r5, r0
 147              		.loc 1 239 51 view .LVU24
 148 000c 4FF47A70 		mov	r0, #1000
 149              	.LVL2:
 150              		.loc 1 239 51 view .LVU25
 151 0010 B0FBF2F0 		udiv	r0, r0, r2
ARM GAS  /var/folders/8c/gyvcglfx7f97kbqb2h83mm_r0000gn/T//ccpw2ghW.s 			page 8


 152              		.loc 1 239 7 view .LVU26
 153 0014 B3FBF0F0 		udiv	r0, r3, r0
 154 0018 FFF7FEFF 		bl	HAL_SYSTICK_Config
 155              	.LVL3:
 156              		.loc 1 239 6 view .LVU27
 157 001c 08B9     		cbnz	r0, .L11
 240:Drivers/STM32F3xx_HAL_Driver/Src/stm32f3xx_hal.c ****   {
 241:Drivers/STM32F3xx_HAL_Driver/Src/stm32f3xx_hal.c ****     return HAL_ERROR;
 242:Drivers/STM32F3xx_HAL_Driver/Src/stm32f3xx_hal.c ****   }
 243:Drivers/STM32F3xx_HAL_Driver/Src/stm32f3xx_hal.c **** 
 244:Drivers/STM32F3xx_HAL_Driver/Src/stm32f3xx_hal.c ****   /* Configure the SysTick IRQ priority */
 245:Drivers/STM32F3xx_HAL_Driver/Src/stm32f3xx_hal.c ****   if (TickPriority < (1UL << __NVIC_PRIO_BITS))
 158              		.loc 1 245 3 is_stmt 1 view .LVU28
 159              		.loc 1 245 6 is_stmt 0 view .LVU29
 160 001e 0F2D     		cmp	r5, #15
 161 0020 01D9     		bls	.L13
 162              	.L11:
 241:Drivers/STM32F3xx_HAL_Driver/Src/stm32f3xx_hal.c ****   }
 163              		.loc 1 241 12 view .LVU30
 164 0022 0120     		movs	r0, #1
 246:Drivers/STM32F3xx_HAL_Driver/Src/stm32f3xx_hal.c ****   {
 247:Drivers/STM32F3xx_HAL_Driver/Src/stm32f3xx_hal.c ****     HAL_NVIC_SetPriority(SysTick_IRQn, TickPriority, 0U);
 248:Drivers/STM32F3xx_HAL_Driver/Src/stm32f3xx_hal.c ****     uwTickPrio = TickPriority;
 249:Drivers/STM32F3xx_HAL_Driver/Src/stm32f3xx_hal.c ****   }
 250:Drivers/STM32F3xx_HAL_Driver/Src/stm32f3xx_hal.c ****   else
 251:Drivers/STM32F3xx_HAL_Driver/Src/stm32f3xx_hal.c ****   {
 252:Drivers/STM32F3xx_HAL_Driver/Src/stm32f3xx_hal.c ****     return HAL_ERROR;
 253:Drivers/STM32F3xx_HAL_Driver/Src/stm32f3xx_hal.c ****   }
 254:Drivers/STM32F3xx_HAL_Driver/Src/stm32f3xx_hal.c ****    /* Return function status */
 255:Drivers/STM32F3xx_HAL_Driver/Src/stm32f3xx_hal.c ****   return HAL_OK;
 256:Drivers/STM32F3xx_HAL_Driver/Src/stm32f3xx_hal.c **** }
 165              		.loc 1 256 1 view .LVU31
 166 0024 38BD     		pop	{r3, r4, r5, pc}
 167              	.LVL4:
 168              	.L13:
 169              		.loc 1 256 1 view .LVU32
 170 0026 0446     		mov	r4, r0
 171              	.LVL5:
 172              	.LBB4:
 173              	.LBI4:
 236:Drivers/STM32F3xx_HAL_Driver/Src/stm32f3xx_hal.c **** {
 174              		.loc 1 236 26 is_stmt 1 view .LVU33
 175              	.LBB5:
 247:Drivers/STM32F3xx_HAL_Driver/Src/stm32f3xx_hal.c ****     uwTickPrio = TickPriority;
 176              		.loc 1 247 5 view .LVU34
 177 0028 0246     		mov	r2, r0
 178 002a 2946     		mov	r1, r5
 179 002c 4FF0FF30 		mov	r0, #-1
 180 0030 FFF7FEFF 		bl	HAL_NVIC_SetPriority
 181              	.LVL6:
 248:Drivers/STM32F3xx_HAL_Driver/Src/stm32f3xx_hal.c ****   }
 182              		.loc 1 248 5 view .LVU35
 248:Drivers/STM32F3xx_HAL_Driver/Src/stm32f3xx_hal.c ****   }
 183              		.loc 1 248 16 is_stmt 0 view .LVU36
 184 0034 034B     		ldr	r3, .L14+8
 185 0036 2046     		mov	r0, r4
 186 0038 1D60     		str	r5, [r3]
ARM GAS  /var/folders/8c/gyvcglfx7f97kbqb2h83mm_r0000gn/T//ccpw2ghW.s 			page 9


 255:Drivers/STM32F3xx_HAL_Driver/Src/stm32f3xx_hal.c **** }
 187              		.loc 1 255 3 is_stmt 1 view .LVU37
 188              	.LVL7:
 255:Drivers/STM32F3xx_HAL_Driver/Src/stm32f3xx_hal.c **** }
 189              		.loc 1 255 3 is_stmt 0 view .LVU38
 190              	.LBE5:
 191              	.LBE4:
 192              		.loc 1 256 1 view .LVU39
 193 003a 38BD     		pop	{r3, r4, r5, pc}
 194              	.LVL8:
 195              	.L15:
 196              		.loc 1 256 1 view .LVU40
 197              		.align	2
 198              	.L14:
 199 003c 00000000 		.word	.LANCHOR0
 200 0040 00000000 		.word	SystemCoreClock
 201 0044 00000000 		.word	.LANCHOR1
 202              		.cfi_endproc
 203              	.LFE130:
 205              		.section	.text.HAL_Init,"ax",%progbits
 206              		.align	1
 207              		.p2align 2,,3
 208              		.global	HAL_Init
 209              		.syntax unified
 210              		.thumb
 211              		.thumb_func
 212              		.fpu fpv4-sp-d16
 214              	HAL_Init:
 215              	.LFB126:
 155:Drivers/STM32F3xx_HAL_Driver/Src/stm32f3xx_hal.c ****   /* Configure Flash prefetch */
 216              		.loc 1 155 1 is_stmt 1 view -0
 217              		.cfi_startproc
 218              		@ args = 0, pretend = 0, frame = 0
 219              		@ frame_needed = 0, uses_anonymous_args = 0
 158:Drivers/STM32F3xx_HAL_Driver/Src/stm32f3xx_hal.c **** #endif /* PREFETCH_ENABLE */
 220              		.loc 1 158 3 view .LVU42
 221 0000 074A     		ldr	r2, .L18
 155:Drivers/STM32F3xx_HAL_Driver/Src/stm32f3xx_hal.c ****   /* Configure Flash prefetch */
 222              		.loc 1 155 1 is_stmt 0 view .LVU43
 223 0002 08B5     		push	{r3, lr}
 224              	.LCFI2:
 225              		.cfi_def_cfa_offset 8
 226              		.cfi_offset 3, -8
 227              		.cfi_offset 14, -4
 158:Drivers/STM32F3xx_HAL_Driver/Src/stm32f3xx_hal.c **** #endif /* PREFETCH_ENABLE */
 228              		.loc 1 158 3 view .LVU44
 229 0004 1368     		ldr	r3, [r2]
 230 0006 43F01003 		orr	r3, r3, #16
 231 000a 1360     		str	r3, [r2]
 162:Drivers/STM32F3xx_HAL_Driver/Src/stm32f3xx_hal.c **** 
 232              		.loc 1 162 3 is_stmt 1 view .LVU45
 233 000c 0320     		movs	r0, #3
 234 000e FFF7FEFF 		bl	HAL_NVIC_SetPriorityGrouping
 235              	.LVL9:
 165:Drivers/STM32F3xx_HAL_Driver/Src/stm32f3xx_hal.c **** 
 236              		.loc 1 165 3 view .LVU46
 237 0012 0020     		movs	r0, #0
ARM GAS  /var/folders/8c/gyvcglfx7f97kbqb2h83mm_r0000gn/T//ccpw2ghW.s 			page 10


 238 0014 FFF7FEFF 		bl	HAL_InitTick
 239              	.LVL10:
 168:Drivers/STM32F3xx_HAL_Driver/Src/stm32f3xx_hal.c **** 
 240              		.loc 1 168 3 view .LVU47
 241 0018 FFF7FEFF 		bl	HAL_MspInit
 242              	.LVL11:
 171:Drivers/STM32F3xx_HAL_Driver/Src/stm32f3xx_hal.c **** }
 243              		.loc 1 171 3 view .LVU48
 172:Drivers/STM32F3xx_HAL_Driver/Src/stm32f3xx_hal.c **** 
 244              		.loc 1 172 1 is_stmt 0 view .LVU49
 245 001c 0020     		movs	r0, #0
 246 001e 08BD     		pop	{r3, pc}
 247              	.L19:
 248              		.align	2
 249              	.L18:
 250 0020 00200240 		.word	1073881088
 251              		.cfi_endproc
 252              	.LFE126:
 254              		.section	.text.HAL_IncTick,"ax",%progbits
 255              		.align	1
 256              		.p2align 2,,3
 257              		.weak	HAL_IncTick
 258              		.syntax unified
 259              		.thumb
 260              		.thumb_func
 261              		.fpu fpv4-sp-d16
 263              	HAL_IncTick:
 264              	.LFB131:
 257:Drivers/STM32F3xx_HAL_Driver/Src/stm32f3xx_hal.c **** 
 258:Drivers/STM32F3xx_HAL_Driver/Src/stm32f3xx_hal.c **** /**
 259:Drivers/STM32F3xx_HAL_Driver/Src/stm32f3xx_hal.c ****   * @}
 260:Drivers/STM32F3xx_HAL_Driver/Src/stm32f3xx_hal.c ****   */
 261:Drivers/STM32F3xx_HAL_Driver/Src/stm32f3xx_hal.c **** 
 262:Drivers/STM32F3xx_HAL_Driver/Src/stm32f3xx_hal.c **** /** @defgroup HAL_Exported_Functions_Group2 HAL Control functions 
 263:Drivers/STM32F3xx_HAL_Driver/Src/stm32f3xx_hal.c ****  *  @brief    HAL Control functions
 264:Drivers/STM32F3xx_HAL_Driver/Src/stm32f3xx_hal.c ****  *
 265:Drivers/STM32F3xx_HAL_Driver/Src/stm32f3xx_hal.c **** @verbatim
 266:Drivers/STM32F3xx_HAL_Driver/Src/stm32f3xx_hal.c ****  ===============================================================================
 267:Drivers/STM32F3xx_HAL_Driver/Src/stm32f3xx_hal.c ****                       ##### HAL Control functions #####
 268:Drivers/STM32F3xx_HAL_Driver/Src/stm32f3xx_hal.c ****  ===============================================================================
 269:Drivers/STM32F3xx_HAL_Driver/Src/stm32f3xx_hal.c ****     [..]  This section provides functions allowing to:
 270:Drivers/STM32F3xx_HAL_Driver/Src/stm32f3xx_hal.c ****       (+) Provide a tick value in millisecond
 271:Drivers/STM32F3xx_HAL_Driver/Src/stm32f3xx_hal.c ****       (+) Provide a blocking delay in millisecond
 272:Drivers/STM32F3xx_HAL_Driver/Src/stm32f3xx_hal.c ****       (+) Suspend the time base source interrupt
 273:Drivers/STM32F3xx_HAL_Driver/Src/stm32f3xx_hal.c ****       (+) Resume the time base source interrupt
 274:Drivers/STM32F3xx_HAL_Driver/Src/stm32f3xx_hal.c ****       (+) Get the HAL API driver version
 275:Drivers/STM32F3xx_HAL_Driver/Src/stm32f3xx_hal.c ****       (+) Get the device identifier
 276:Drivers/STM32F3xx_HAL_Driver/Src/stm32f3xx_hal.c ****       (+) Get the device revision identifier
 277:Drivers/STM32F3xx_HAL_Driver/Src/stm32f3xx_hal.c ****       (+) Enable/Disable Debug module during Sleep mode
 278:Drivers/STM32F3xx_HAL_Driver/Src/stm32f3xx_hal.c ****       (+) Enable/Disable Debug module during STOP mode
 279:Drivers/STM32F3xx_HAL_Driver/Src/stm32f3xx_hal.c ****       (+) Enable/Disable Debug module during STANDBY mode
 280:Drivers/STM32F3xx_HAL_Driver/Src/stm32f3xx_hal.c ****       
 281:Drivers/STM32F3xx_HAL_Driver/Src/stm32f3xx_hal.c **** @endverbatim
 282:Drivers/STM32F3xx_HAL_Driver/Src/stm32f3xx_hal.c ****   * @{
 283:Drivers/STM32F3xx_HAL_Driver/Src/stm32f3xx_hal.c ****   */
 284:Drivers/STM32F3xx_HAL_Driver/Src/stm32f3xx_hal.c **** 
 285:Drivers/STM32F3xx_HAL_Driver/Src/stm32f3xx_hal.c **** /**
ARM GAS  /var/folders/8c/gyvcglfx7f97kbqb2h83mm_r0000gn/T//ccpw2ghW.s 			page 11


 286:Drivers/STM32F3xx_HAL_Driver/Src/stm32f3xx_hal.c ****   * @brief  This function is called to increment  a global variable "uwTick"
 287:Drivers/STM32F3xx_HAL_Driver/Src/stm32f3xx_hal.c ****   *         used as application time base.
 288:Drivers/STM32F3xx_HAL_Driver/Src/stm32f3xx_hal.c ****   * @note In the default implementation, this variable is incremented each 1ms
 289:Drivers/STM32F3xx_HAL_Driver/Src/stm32f3xx_hal.c ****   *         in SysTick ISR.
 290:Drivers/STM32F3xx_HAL_Driver/Src/stm32f3xx_hal.c ****   * @note This function is declared as __weak to be overwritten in case of other 
 291:Drivers/STM32F3xx_HAL_Driver/Src/stm32f3xx_hal.c ****   *         implementations  in user file.
 292:Drivers/STM32F3xx_HAL_Driver/Src/stm32f3xx_hal.c ****   * @retval None
 293:Drivers/STM32F3xx_HAL_Driver/Src/stm32f3xx_hal.c ****   */
 294:Drivers/STM32F3xx_HAL_Driver/Src/stm32f3xx_hal.c **** __weak void HAL_IncTick(void)
 295:Drivers/STM32F3xx_HAL_Driver/Src/stm32f3xx_hal.c **** {
 265              		.loc 1 295 1 is_stmt 1 view -0
 266              		.cfi_startproc
 267              		@ args = 0, pretend = 0, frame = 0
 268              		@ frame_needed = 0, uses_anonymous_args = 0
 269              		@ link register save eliminated.
 296:Drivers/STM32F3xx_HAL_Driver/Src/stm32f3xx_hal.c ****   uwTick += uwTickFreq;
 270              		.loc 1 296 3 view .LVU51
 271              		.loc 1 296 10 is_stmt 0 view .LVU52
 272 0000 034A     		ldr	r2, .L21
 273 0002 044B     		ldr	r3, .L21+4
 274 0004 1168     		ldr	r1, [r2]
 275 0006 1B78     		ldrb	r3, [r3]	@ zero_extendqisi2
 276 0008 0B44     		add	r3, r3, r1
 277 000a 1360     		str	r3, [r2]
 297:Drivers/STM32F3xx_HAL_Driver/Src/stm32f3xx_hal.c **** }
 278              		.loc 1 297 1 view .LVU53
 279 000c 7047     		bx	lr
 280              	.L22:
 281 000e 00BF     		.align	2
 282              	.L21:
 283 0010 00000000 		.word	uwTick
 284 0014 00000000 		.word	.LANCHOR0
 285              		.cfi_endproc
 286              	.LFE131:
 288              		.section	.text.HAL_GetTick,"ax",%progbits
 289              		.align	1
 290              		.p2align 2,,3
 291              		.weak	HAL_GetTick
 292              		.syntax unified
 293              		.thumb
 294              		.thumb_func
 295              		.fpu fpv4-sp-d16
 297              	HAL_GetTick:
 298              	.LFB132:
 298:Drivers/STM32F3xx_HAL_Driver/Src/stm32f3xx_hal.c **** 
 299:Drivers/STM32F3xx_HAL_Driver/Src/stm32f3xx_hal.c **** /**
 300:Drivers/STM32F3xx_HAL_Driver/Src/stm32f3xx_hal.c ****   * @brief  Povides a tick value in millisecond.
 301:Drivers/STM32F3xx_HAL_Driver/Src/stm32f3xx_hal.c ****   * @note   The function is declared as __Weak  to be overwritten  in case of other 
 302:Drivers/STM32F3xx_HAL_Driver/Src/stm32f3xx_hal.c ****   *         implementations  in user file.
 303:Drivers/STM32F3xx_HAL_Driver/Src/stm32f3xx_hal.c ****   * @retval tick value
 304:Drivers/STM32F3xx_HAL_Driver/Src/stm32f3xx_hal.c ****   */
 305:Drivers/STM32F3xx_HAL_Driver/Src/stm32f3xx_hal.c **** __weak uint32_t HAL_GetTick(void)
 306:Drivers/STM32F3xx_HAL_Driver/Src/stm32f3xx_hal.c **** {
 299              		.loc 1 306 1 is_stmt 1 view -0
 300              		.cfi_startproc
 301              		@ args = 0, pretend = 0, frame = 0
 302              		@ frame_needed = 0, uses_anonymous_args = 0
ARM GAS  /var/folders/8c/gyvcglfx7f97kbqb2h83mm_r0000gn/T//ccpw2ghW.s 			page 12


 303              		@ link register save eliminated.
 307:Drivers/STM32F3xx_HAL_Driver/Src/stm32f3xx_hal.c ****   return uwTick;  
 304              		.loc 1 307 3 view .LVU55
 305              		.loc 1 307 10 is_stmt 0 view .LVU56
 306 0000 014B     		ldr	r3, .L24
 307 0002 1868     		ldr	r0, [r3]
 308:Drivers/STM32F3xx_HAL_Driver/Src/stm32f3xx_hal.c **** }
 308              		.loc 1 308 1 view .LVU57
 309 0004 7047     		bx	lr
 310              	.L25:
 311 0006 00BF     		.align	2
 312              	.L24:
 313 0008 00000000 		.word	uwTick
 314              		.cfi_endproc
 315              	.LFE132:
 317              		.section	.text.HAL_GetTickPrio,"ax",%progbits
 318              		.align	1
 319              		.p2align 2,,3
 320              		.global	HAL_GetTickPrio
 321              		.syntax unified
 322              		.thumb
 323              		.thumb_func
 324              		.fpu fpv4-sp-d16
 326              	HAL_GetTickPrio:
 327              	.LFB133:
 309:Drivers/STM32F3xx_HAL_Driver/Src/stm32f3xx_hal.c **** 
 310:Drivers/STM32F3xx_HAL_Driver/Src/stm32f3xx_hal.c **** /**
 311:Drivers/STM32F3xx_HAL_Driver/Src/stm32f3xx_hal.c ****   * @brief This function returns a tick priority.
 312:Drivers/STM32F3xx_HAL_Driver/Src/stm32f3xx_hal.c ****   * @retval tick priority
 313:Drivers/STM32F3xx_HAL_Driver/Src/stm32f3xx_hal.c ****   */
 314:Drivers/STM32F3xx_HAL_Driver/Src/stm32f3xx_hal.c **** uint32_t HAL_GetTickPrio(void)
 315:Drivers/STM32F3xx_HAL_Driver/Src/stm32f3xx_hal.c **** {
 328              		.loc 1 315 1 is_stmt 1 view -0
 329              		.cfi_startproc
 330              		@ args = 0, pretend = 0, frame = 0
 331              		@ frame_needed = 0, uses_anonymous_args = 0
 332              		@ link register save eliminated.
 316:Drivers/STM32F3xx_HAL_Driver/Src/stm32f3xx_hal.c ****   return uwTickPrio;
 333              		.loc 1 316 3 view .LVU59
 334              		.loc 1 316 10 is_stmt 0 view .LVU60
 335 0000 014B     		ldr	r3, .L27
 317:Drivers/STM32F3xx_HAL_Driver/Src/stm32f3xx_hal.c **** }
 336              		.loc 1 317 1 view .LVU61
 337 0002 1868     		ldr	r0, [r3]
 338 0004 7047     		bx	lr
 339              	.L28:
 340 0006 00BF     		.align	2
 341              	.L27:
 342 0008 00000000 		.word	.LANCHOR1
 343              		.cfi_endproc
 344              	.LFE133:
 346              		.section	.text.HAL_SetTickFreq,"ax",%progbits
 347              		.align	1
 348              		.p2align 2,,3
 349              		.global	HAL_SetTickFreq
 350              		.syntax unified
 351              		.thumb
ARM GAS  /var/folders/8c/gyvcglfx7f97kbqb2h83mm_r0000gn/T//ccpw2ghW.s 			page 13


 352              		.thumb_func
 353              		.fpu fpv4-sp-d16
 355              	HAL_SetTickFreq:
 356              	.LVL12:
 357              	.LFB134:
 318:Drivers/STM32F3xx_HAL_Driver/Src/stm32f3xx_hal.c **** 
 319:Drivers/STM32F3xx_HAL_Driver/Src/stm32f3xx_hal.c **** /**
 320:Drivers/STM32F3xx_HAL_Driver/Src/stm32f3xx_hal.c ****   * @brief Set new tick Freq.
 321:Drivers/STM32F3xx_HAL_Driver/Src/stm32f3xx_hal.c ****   * @retval Status
 322:Drivers/STM32F3xx_HAL_Driver/Src/stm32f3xx_hal.c ****   */
 323:Drivers/STM32F3xx_HAL_Driver/Src/stm32f3xx_hal.c **** HAL_StatusTypeDef HAL_SetTickFreq(HAL_TickFreqTypeDef Freq)
 324:Drivers/STM32F3xx_HAL_Driver/Src/stm32f3xx_hal.c **** {
 358              		.loc 1 324 1 is_stmt 1 view -0
 359              		.cfi_startproc
 360              		@ args = 0, pretend = 0, frame = 0
 361              		@ frame_needed = 0, uses_anonymous_args = 0
 325:Drivers/STM32F3xx_HAL_Driver/Src/stm32f3xx_hal.c ****   HAL_StatusTypeDef status  = HAL_OK;
 362              		.loc 1 325 3 view .LVU63
 326:Drivers/STM32F3xx_HAL_Driver/Src/stm32f3xx_hal.c ****   assert_param(IS_TICKFREQ(Freq));
 363              		.loc 1 326 3 view .LVU64
 327:Drivers/STM32F3xx_HAL_Driver/Src/stm32f3xx_hal.c **** 
 328:Drivers/STM32F3xx_HAL_Driver/Src/stm32f3xx_hal.c ****   if (uwTickFreq != Freq)
 364              		.loc 1 328 3 view .LVU65
 324:Drivers/STM32F3xx_HAL_Driver/Src/stm32f3xx_hal.c ****   HAL_StatusTypeDef status  = HAL_OK;
 365              		.loc 1 324 1 is_stmt 0 view .LVU66
 366 0000 08B5     		push	{r3, lr}
 367              	.LCFI3:
 368              		.cfi_def_cfa_offset 8
 369              		.cfi_offset 3, -8
 370              		.cfi_offset 14, -4
 371              		.loc 1 328 18 view .LVU67
 372 0002 064B     		ldr	r3, .L34
 373              		.loc 1 328 6 view .LVU68
 374 0004 1A78     		ldrb	r2, [r3]	@ zero_extendqisi2
 375 0006 8242     		cmp	r2, r0
 376 0008 01D1     		bne	.L33
 325:Drivers/STM32F3xx_HAL_Driver/Src/stm32f3xx_hal.c ****   assert_param(IS_TICKFREQ(Freq));
 377              		.loc 1 325 21 view .LVU69
 378 000a 0020     		movs	r0, #0
 379              	.LVL13:
 329:Drivers/STM32F3xx_HAL_Driver/Src/stm32f3xx_hal.c ****   {
 330:Drivers/STM32F3xx_HAL_Driver/Src/stm32f3xx_hal.c ****     uwTickFreq = Freq;
 331:Drivers/STM32F3xx_HAL_Driver/Src/stm32f3xx_hal.c **** 
 332:Drivers/STM32F3xx_HAL_Driver/Src/stm32f3xx_hal.c ****     /* Apply the new tick Freq  */
 333:Drivers/STM32F3xx_HAL_Driver/Src/stm32f3xx_hal.c ****     status = HAL_InitTick(uwTickPrio);
 334:Drivers/STM32F3xx_HAL_Driver/Src/stm32f3xx_hal.c ****   }
 335:Drivers/STM32F3xx_HAL_Driver/Src/stm32f3xx_hal.c **** 
 336:Drivers/STM32F3xx_HAL_Driver/Src/stm32f3xx_hal.c ****   return status;
 380              		.loc 1 336 3 is_stmt 1 view .LVU70
 337:Drivers/STM32F3xx_HAL_Driver/Src/stm32f3xx_hal.c **** }
 381              		.loc 1 337 1 is_stmt 0 view .LVU71
 382 000c 08BD     		pop	{r3, pc}
 383              	.LVL14:
 384              	.L33:
 330:Drivers/STM32F3xx_HAL_Driver/Src/stm32f3xx_hal.c **** 
 385              		.loc 1 330 5 is_stmt 1 view .LVU72
 333:Drivers/STM32F3xx_HAL_Driver/Src/stm32f3xx_hal.c ****   }
ARM GAS  /var/folders/8c/gyvcglfx7f97kbqb2h83mm_r0000gn/T//ccpw2ghW.s 			page 14


 386              		.loc 1 333 14 is_stmt 0 view .LVU73
 387 000e 044A     		ldr	r2, .L34+4
 330:Drivers/STM32F3xx_HAL_Driver/Src/stm32f3xx_hal.c **** 
 388              		.loc 1 330 16 view .LVU74
 389 0010 1870     		strb	r0, [r3]
 333:Drivers/STM32F3xx_HAL_Driver/Src/stm32f3xx_hal.c ****   }
 390              		.loc 1 333 5 is_stmt 1 view .LVU75
 333:Drivers/STM32F3xx_HAL_Driver/Src/stm32f3xx_hal.c ****   }
 391              		.loc 1 333 14 is_stmt 0 view .LVU76
 392 0012 1068     		ldr	r0, [r2]
 393              	.LVL15:
 333:Drivers/STM32F3xx_HAL_Driver/Src/stm32f3xx_hal.c ****   }
 394              		.loc 1 333 14 view .LVU77
 395 0014 FFF7FEFF 		bl	HAL_InitTick
 396              	.LVL16:
 336:Drivers/STM32F3xx_HAL_Driver/Src/stm32f3xx_hal.c **** }
 397              		.loc 1 336 3 is_stmt 1 view .LVU78
 398              		.loc 1 337 1 is_stmt 0 view .LVU79
 399 0018 08BD     		pop	{r3, pc}
 400              	.L35:
 401 001a 00BF     		.align	2
 402              	.L34:
 403 001c 00000000 		.word	.LANCHOR0
 404 0020 00000000 		.word	.LANCHOR1
 405              		.cfi_endproc
 406              	.LFE134:
 408              		.section	.text.HAL_GetTickFreq,"ax",%progbits
 409              		.align	1
 410              		.p2align 2,,3
 411              		.global	HAL_GetTickFreq
 412              		.syntax unified
 413              		.thumb
 414              		.thumb_func
 415              		.fpu fpv4-sp-d16
 417              	HAL_GetTickFreq:
 418              	.LFB135:
 338:Drivers/STM32F3xx_HAL_Driver/Src/stm32f3xx_hal.c **** 
 339:Drivers/STM32F3xx_HAL_Driver/Src/stm32f3xx_hal.c **** /**
 340:Drivers/STM32F3xx_HAL_Driver/Src/stm32f3xx_hal.c ****   * @brief Return tick frequency.
 341:Drivers/STM32F3xx_HAL_Driver/Src/stm32f3xx_hal.c ****   * @retval tick period in Hz
 342:Drivers/STM32F3xx_HAL_Driver/Src/stm32f3xx_hal.c ****   */
 343:Drivers/STM32F3xx_HAL_Driver/Src/stm32f3xx_hal.c **** HAL_TickFreqTypeDef HAL_GetTickFreq(void)
 344:Drivers/STM32F3xx_HAL_Driver/Src/stm32f3xx_hal.c **** {
 419              		.loc 1 344 1 is_stmt 1 view -0
 420              		.cfi_startproc
 421              		@ args = 0, pretend = 0, frame = 0
 422              		@ frame_needed = 0, uses_anonymous_args = 0
 423              		@ link register save eliminated.
 345:Drivers/STM32F3xx_HAL_Driver/Src/stm32f3xx_hal.c ****   return uwTickFreq;
 424              		.loc 1 345 3 view .LVU81
 425              		.loc 1 345 10 is_stmt 0 view .LVU82
 426 0000 014B     		ldr	r3, .L37
 346:Drivers/STM32F3xx_HAL_Driver/Src/stm32f3xx_hal.c **** }
 427              		.loc 1 346 1 view .LVU83
 428 0002 1878     		ldrb	r0, [r3]	@ zero_extendqisi2
 429 0004 7047     		bx	lr
 430              	.L38:
ARM GAS  /var/folders/8c/gyvcglfx7f97kbqb2h83mm_r0000gn/T//ccpw2ghW.s 			page 15


 431 0006 00BF     		.align	2
 432              	.L37:
 433 0008 00000000 		.word	.LANCHOR0
 434              		.cfi_endproc
 435              	.LFE135:
 437              		.section	.text.HAL_Delay,"ax",%progbits
 438              		.align	1
 439              		.p2align 2,,3
 440              		.weak	HAL_Delay
 441              		.syntax unified
 442              		.thumb
 443              		.thumb_func
 444              		.fpu fpv4-sp-d16
 446              	HAL_Delay:
 447              	.LVL17:
 448              	.LFB136:
 347:Drivers/STM32F3xx_HAL_Driver/Src/stm32f3xx_hal.c **** 
 348:Drivers/STM32F3xx_HAL_Driver/Src/stm32f3xx_hal.c **** /**
 349:Drivers/STM32F3xx_HAL_Driver/Src/stm32f3xx_hal.c ****   * @brief  This function provides accurate delay (in milliseconds) based 
 350:Drivers/STM32F3xx_HAL_Driver/Src/stm32f3xx_hal.c ****   *         on variable incremented.
 351:Drivers/STM32F3xx_HAL_Driver/Src/stm32f3xx_hal.c ****   * @note   In the default implementation , SysTick timer is the source of time base. 
 352:Drivers/STM32F3xx_HAL_Driver/Src/stm32f3xx_hal.c ****   *         It is used to generate interrupts at regular time intervals where uwTick
 353:Drivers/STM32F3xx_HAL_Driver/Src/stm32f3xx_hal.c ****   *         is incremented.
 354:Drivers/STM32F3xx_HAL_Driver/Src/stm32f3xx_hal.c ****   *         The function is declared as __Weak  to be overwritten  in case of other
 355:Drivers/STM32F3xx_HAL_Driver/Src/stm32f3xx_hal.c ****   *         implementations  in user file.
 356:Drivers/STM32F3xx_HAL_Driver/Src/stm32f3xx_hal.c ****   * @param  Delay specifies the delay time length, in milliseconds.
 357:Drivers/STM32F3xx_HAL_Driver/Src/stm32f3xx_hal.c ****   * @retval None
 358:Drivers/STM32F3xx_HAL_Driver/Src/stm32f3xx_hal.c ****   */
 359:Drivers/STM32F3xx_HAL_Driver/Src/stm32f3xx_hal.c **** __weak void HAL_Delay(uint32_t Delay)
 360:Drivers/STM32F3xx_HAL_Driver/Src/stm32f3xx_hal.c **** {
 449              		.loc 1 360 1 is_stmt 1 view -0
 450              		.cfi_startproc
 451              		@ args = 0, pretend = 0, frame = 0
 452              		@ frame_needed = 0, uses_anonymous_args = 0
 361:Drivers/STM32F3xx_HAL_Driver/Src/stm32f3xx_hal.c ****   uint32_t tickstart = HAL_GetTick();
 453              		.loc 1 361 3 view .LVU85
 360:Drivers/STM32F3xx_HAL_Driver/Src/stm32f3xx_hal.c ****   uint32_t tickstart = HAL_GetTick();
 454              		.loc 1 360 1 is_stmt 0 view .LVU86
 455 0000 38B5     		push	{r3, r4, r5, lr}
 456              	.LCFI4:
 457              		.cfi_def_cfa_offset 16
 458              		.cfi_offset 3, -16
 459              		.cfi_offset 4, -12
 460              		.cfi_offset 5, -8
 461              		.cfi_offset 14, -4
 360:Drivers/STM32F3xx_HAL_Driver/Src/stm32f3xx_hal.c ****   uint32_t tickstart = HAL_GetTick();
 462              		.loc 1 360 1 view .LVU87
 463 0002 0446     		mov	r4, r0
 464              		.loc 1 361 24 view .LVU88
 465 0004 FFF7FEFF 		bl	HAL_GetTick
 466              	.LVL18:
 362:Drivers/STM32F3xx_HAL_Driver/Src/stm32f3xx_hal.c ****   uint32_t wait = Delay;
 363:Drivers/STM32F3xx_HAL_Driver/Src/stm32f3xx_hal.c ****   
 364:Drivers/STM32F3xx_HAL_Driver/Src/stm32f3xx_hal.c ****   /* Add freq to guarantee minimum wait */
 365:Drivers/STM32F3xx_HAL_Driver/Src/stm32f3xx_hal.c ****   if (wait < HAL_MAX_DELAY)
 467              		.loc 1 365 6 view .LVU89
 468 0008 631C     		adds	r3, r4, #1
ARM GAS  /var/folders/8c/gyvcglfx7f97kbqb2h83mm_r0000gn/T//ccpw2ghW.s 			page 16


 361:Drivers/STM32F3xx_HAL_Driver/Src/stm32f3xx_hal.c ****   uint32_t wait = Delay;
 469              		.loc 1 361 24 view .LVU90
 470 000a 0546     		mov	r5, r0
 471              	.LVL19:
 362:Drivers/STM32F3xx_HAL_Driver/Src/stm32f3xx_hal.c ****   uint32_t wait = Delay;
 472              		.loc 1 362 3 is_stmt 1 view .LVU91
 473              		.loc 1 365 3 view .LVU92
 474              		.loc 1 365 6 is_stmt 0 view .LVU93
 475 000c 02D0     		beq	.L41
 366:Drivers/STM32F3xx_HAL_Driver/Src/stm32f3xx_hal.c ****   {
 367:Drivers/STM32F3xx_HAL_Driver/Src/stm32f3xx_hal.c ****     wait += (uint32_t)(uwTickFreq);
 476              		.loc 1 367 5 is_stmt 1 view .LVU94
 477              		.loc 1 367 13 is_stmt 0 view .LVU95
 478 000e 044B     		ldr	r3, .L47
 479 0010 1B78     		ldrb	r3, [r3]	@ zero_extendqisi2
 480              		.loc 1 367 10 view .LVU96
 481 0012 1C44     		add	r4, r4, r3
 482              	.LVL20:
 483              	.L41:
 368:Drivers/STM32F3xx_HAL_Driver/Src/stm32f3xx_hal.c ****   }
 369:Drivers/STM32F3xx_HAL_Driver/Src/stm32f3xx_hal.c ****   
 370:Drivers/STM32F3xx_HAL_Driver/Src/stm32f3xx_hal.c ****   while((HAL_GetTick() - tickstart) < wait)
 371:Drivers/STM32F3xx_HAL_Driver/Src/stm32f3xx_hal.c ****   {
 372:Drivers/STM32F3xx_HAL_Driver/Src/stm32f3xx_hal.c ****   }
 484              		.loc 1 372 3 is_stmt 1 discriminator 1 view .LVU97
 370:Drivers/STM32F3xx_HAL_Driver/Src/stm32f3xx_hal.c ****   {
 485              		.loc 1 370 10 is_stmt 0 discriminator 1 view .LVU98
 486 0014 FFF7FEFF 		bl	HAL_GetTick
 487              	.LVL21:
 370:Drivers/STM32F3xx_HAL_Driver/Src/stm32f3xx_hal.c ****   {
 488              		.loc 1 370 24 discriminator 1 view .LVU99
 489 0018 401B     		subs	r0, r0, r5
 370:Drivers/STM32F3xx_HAL_Driver/Src/stm32f3xx_hal.c ****   {
 490              		.loc 1 370 8 discriminator 1 view .LVU100
 491 001a A042     		cmp	r0, r4
 492 001c FAD3     		bcc	.L41
 373:Drivers/STM32F3xx_HAL_Driver/Src/stm32f3xx_hal.c **** }
 493              		.loc 1 373 1 view .LVU101
 494 001e 38BD     		pop	{r3, r4, r5, pc}
 495              	.LVL22:
 496              	.L48:
 497              		.loc 1 373 1 view .LVU102
 498              		.align	2
 499              	.L47:
 500 0020 00000000 		.word	.LANCHOR0
 501              		.cfi_endproc
 502              	.LFE136:
 504              		.section	.text.HAL_SuspendTick,"ax",%progbits
 505              		.align	1
 506              		.p2align 2,,3
 507              		.weak	HAL_SuspendTick
 508              		.syntax unified
 509              		.thumb
 510              		.thumb_func
 511              		.fpu fpv4-sp-d16
 513              	HAL_SuspendTick:
 514              	.LFB137:
ARM GAS  /var/folders/8c/gyvcglfx7f97kbqb2h83mm_r0000gn/T//ccpw2ghW.s 			page 17


 374:Drivers/STM32F3xx_HAL_Driver/Src/stm32f3xx_hal.c **** 
 375:Drivers/STM32F3xx_HAL_Driver/Src/stm32f3xx_hal.c **** /**
 376:Drivers/STM32F3xx_HAL_Driver/Src/stm32f3xx_hal.c ****   * @brief  Suspend Tick increment.
 377:Drivers/STM32F3xx_HAL_Driver/Src/stm32f3xx_hal.c ****   * @note   In the default implementation , SysTick timer is the source of time base. It is  
 378:Drivers/STM32F3xx_HAL_Driver/Src/stm32f3xx_hal.c ****   *         used to generate interrupts at regular time intervals. Once HAL_SuspendTick()
 379:Drivers/STM32F3xx_HAL_Driver/Src/stm32f3xx_hal.c ****   *         is called, the the SysTick interrupt will be disabled and so Tick increment 
 380:Drivers/STM32F3xx_HAL_Driver/Src/stm32f3xx_hal.c ****   *         is suspended.
 381:Drivers/STM32F3xx_HAL_Driver/Src/stm32f3xx_hal.c ****   * @note This function is declared as __weak to be overwritten in case of other
 382:Drivers/STM32F3xx_HAL_Driver/Src/stm32f3xx_hal.c ****   *         implementations  in user file.
 383:Drivers/STM32F3xx_HAL_Driver/Src/stm32f3xx_hal.c ****   * @retval None
 384:Drivers/STM32F3xx_HAL_Driver/Src/stm32f3xx_hal.c ****   */
 385:Drivers/STM32F3xx_HAL_Driver/Src/stm32f3xx_hal.c **** __weak void HAL_SuspendTick(void)
 386:Drivers/STM32F3xx_HAL_Driver/Src/stm32f3xx_hal.c **** 
 387:Drivers/STM32F3xx_HAL_Driver/Src/stm32f3xx_hal.c **** {
 515              		.loc 1 387 1 is_stmt 1 view -0
 516              		.cfi_startproc
 517              		@ args = 0, pretend = 0, frame = 0
 518              		@ frame_needed = 0, uses_anonymous_args = 0
 519              		@ link register save eliminated.
 388:Drivers/STM32F3xx_HAL_Driver/Src/stm32f3xx_hal.c ****   /* Disable SysTick Interrupt */
 389:Drivers/STM32F3xx_HAL_Driver/Src/stm32f3xx_hal.c ****   SysTick->CTRL &= ~SysTick_CTRL_TICKINT_Msk;
 520              		.loc 1 389 3 view .LVU104
 521              		.loc 1 389 17 is_stmt 0 view .LVU105
 522 0000 024A     		ldr	r2, .L50
 523 0002 1368     		ldr	r3, [r2]
 524 0004 23F00203 		bic	r3, r3, #2
 525 0008 1360     		str	r3, [r2]
 390:Drivers/STM32F3xx_HAL_Driver/Src/stm32f3xx_hal.c ****                                                    
 391:Drivers/STM32F3xx_HAL_Driver/Src/stm32f3xx_hal.c **** }
 526              		.loc 1 391 1 view .LVU106
 527 000a 7047     		bx	lr
 528              	.L51:
 529              		.align	2
 530              	.L50:
 531 000c 10E000E0 		.word	-536813552
 532              		.cfi_endproc
 533              	.LFE137:
 535              		.section	.text.HAL_ResumeTick,"ax",%progbits
 536              		.align	1
 537              		.p2align 2,,3
 538              		.weak	HAL_ResumeTick
 539              		.syntax unified
 540              		.thumb
 541              		.thumb_func
 542              		.fpu fpv4-sp-d16
 544              	HAL_ResumeTick:
 545              	.LFB138:
 392:Drivers/STM32F3xx_HAL_Driver/Src/stm32f3xx_hal.c **** 
 393:Drivers/STM32F3xx_HAL_Driver/Src/stm32f3xx_hal.c **** /**
 394:Drivers/STM32F3xx_HAL_Driver/Src/stm32f3xx_hal.c ****   * @brief  Resume Tick increment.
 395:Drivers/STM32F3xx_HAL_Driver/Src/stm32f3xx_hal.c ****   * @note   In the default implementation , SysTick timer is the source of time base. It is  
 396:Drivers/STM32F3xx_HAL_Driver/Src/stm32f3xx_hal.c ****   *         used to generate interrupts at regular time intervals. Once HAL_ResumeTick()
 397:Drivers/STM32F3xx_HAL_Driver/Src/stm32f3xx_hal.c ****   *         is called, the the SysTick interrupt will be enabled and so Tick increment 
 398:Drivers/STM32F3xx_HAL_Driver/Src/stm32f3xx_hal.c ****   *         is resumed.
 399:Drivers/STM32F3xx_HAL_Driver/Src/stm32f3xx_hal.c ****   *         The function is declared as __Weak  to be overwritten  in case of other
 400:Drivers/STM32F3xx_HAL_Driver/Src/stm32f3xx_hal.c ****   *         implementations  in user file.
 401:Drivers/STM32F3xx_HAL_Driver/Src/stm32f3xx_hal.c ****   * @retval None
ARM GAS  /var/folders/8c/gyvcglfx7f97kbqb2h83mm_r0000gn/T//ccpw2ghW.s 			page 18


 402:Drivers/STM32F3xx_HAL_Driver/Src/stm32f3xx_hal.c ****   */
 403:Drivers/STM32F3xx_HAL_Driver/Src/stm32f3xx_hal.c **** __weak void HAL_ResumeTick(void)
 404:Drivers/STM32F3xx_HAL_Driver/Src/stm32f3xx_hal.c **** {
 546              		.loc 1 404 1 is_stmt 1 view -0
 547              		.cfi_startproc
 548              		@ args = 0, pretend = 0, frame = 0
 549              		@ frame_needed = 0, uses_anonymous_args = 0
 550              		@ link register save eliminated.
 405:Drivers/STM32F3xx_HAL_Driver/Src/stm32f3xx_hal.c ****   /* Enable SysTick Interrupt */
 406:Drivers/STM32F3xx_HAL_Driver/Src/stm32f3xx_hal.c ****   SysTick->CTRL  |= SysTick_CTRL_TICKINT_Msk;
 551              		.loc 1 406 3 view .LVU108
 552              		.loc 1 406 18 is_stmt 0 view .LVU109
 553 0000 024A     		ldr	r2, .L53
 554 0002 1368     		ldr	r3, [r2]
 555 0004 43F00203 		orr	r3, r3, #2
 556 0008 1360     		str	r3, [r2]
 407:Drivers/STM32F3xx_HAL_Driver/Src/stm32f3xx_hal.c ****   
 408:Drivers/STM32F3xx_HAL_Driver/Src/stm32f3xx_hal.c **** }
 557              		.loc 1 408 1 view .LVU110
 558 000a 7047     		bx	lr
 559              	.L54:
 560              		.align	2
 561              	.L53:
 562 000c 10E000E0 		.word	-536813552
 563              		.cfi_endproc
 564              	.LFE138:
 566              		.section	.text.HAL_GetHalVersion,"ax",%progbits
 567              		.align	1
 568              		.p2align 2,,3
 569              		.global	HAL_GetHalVersion
 570              		.syntax unified
 571              		.thumb
 572              		.thumb_func
 573              		.fpu fpv4-sp-d16
 575              	HAL_GetHalVersion:
 576              	.LFB139:
 409:Drivers/STM32F3xx_HAL_Driver/Src/stm32f3xx_hal.c **** 
 410:Drivers/STM32F3xx_HAL_Driver/Src/stm32f3xx_hal.c **** /**
 411:Drivers/STM32F3xx_HAL_Driver/Src/stm32f3xx_hal.c ****   * @brief  This function returns the HAL revision
 412:Drivers/STM32F3xx_HAL_Driver/Src/stm32f3xx_hal.c ****   * @retval version 0xXYZR (8bits for each decimal, R for RC)
 413:Drivers/STM32F3xx_HAL_Driver/Src/stm32f3xx_hal.c ****   */
 414:Drivers/STM32F3xx_HAL_Driver/Src/stm32f3xx_hal.c **** uint32_t HAL_GetHalVersion(void)
 415:Drivers/STM32F3xx_HAL_Driver/Src/stm32f3xx_hal.c **** {
 577              		.loc 1 415 1 is_stmt 1 view -0
 578              		.cfi_startproc
 579              		@ args = 0, pretend = 0, frame = 0
 580              		@ frame_needed = 0, uses_anonymous_args = 0
 581              		@ link register save eliminated.
 416:Drivers/STM32F3xx_HAL_Driver/Src/stm32f3xx_hal.c ****  return __STM32F3xx_HAL_VERSION;
 582              		.loc 1 416 2 view .LVU112
 417:Drivers/STM32F3xx_HAL_Driver/Src/stm32f3xx_hal.c **** }
 583              		.loc 1 417 1 is_stmt 0 view .LVU113
 584 0000 0048     		ldr	r0, .L56
 585 0002 7047     		bx	lr
 586              	.L57:
 587              		.align	2
 588              	.L56:
ARM GAS  /var/folders/8c/gyvcglfx7f97kbqb2h83mm_r0000gn/T//ccpw2ghW.s 			page 19


 589 0004 00010501 		.word	17105152
 590              		.cfi_endproc
 591              	.LFE139:
 593              		.section	.text.HAL_GetREVID,"ax",%progbits
 594              		.align	1
 595              		.p2align 2,,3
 596              		.global	HAL_GetREVID
 597              		.syntax unified
 598              		.thumb
 599              		.thumb_func
 600              		.fpu fpv4-sp-d16
 602              	HAL_GetREVID:
 603              	.LFB140:
 418:Drivers/STM32F3xx_HAL_Driver/Src/stm32f3xx_hal.c **** 
 419:Drivers/STM32F3xx_HAL_Driver/Src/stm32f3xx_hal.c **** /**
 420:Drivers/STM32F3xx_HAL_Driver/Src/stm32f3xx_hal.c ****   * @brief  Returns the device revision identifier.
 421:Drivers/STM32F3xx_HAL_Driver/Src/stm32f3xx_hal.c ****   * @retval Device revision identifier
 422:Drivers/STM32F3xx_HAL_Driver/Src/stm32f3xx_hal.c ****   */
 423:Drivers/STM32F3xx_HAL_Driver/Src/stm32f3xx_hal.c **** uint32_t HAL_GetREVID(void)
 424:Drivers/STM32F3xx_HAL_Driver/Src/stm32f3xx_hal.c **** {
 604              		.loc 1 424 1 is_stmt 1 view -0
 605              		.cfi_startproc
 606              		@ args = 0, pretend = 0, frame = 0
 607              		@ frame_needed = 0, uses_anonymous_args = 0
 608              		@ link register save eliminated.
 425:Drivers/STM32F3xx_HAL_Driver/Src/stm32f3xx_hal.c ****   return((DBGMCU->IDCODE) >> 16U);
 609              		.loc 1 425 3 view .LVU115
 610              		.loc 1 425 17 is_stmt 0 view .LVU116
 611 0000 014B     		ldr	r3, .L59
 612 0002 1868     		ldr	r0, [r3]
 426:Drivers/STM32F3xx_HAL_Driver/Src/stm32f3xx_hal.c **** }
 613              		.loc 1 426 1 view .LVU117
 614 0004 000C     		lsrs	r0, r0, #16
 615 0006 7047     		bx	lr
 616              	.L60:
 617              		.align	2
 618              	.L59:
 619 0008 002004E0 		.word	-536600576
 620              		.cfi_endproc
 621              	.LFE140:
 623              		.section	.text.HAL_GetDEVID,"ax",%progbits
 624              		.align	1
 625              		.p2align 2,,3
 626              		.global	HAL_GetDEVID
 627              		.syntax unified
 628              		.thumb
 629              		.thumb_func
 630              		.fpu fpv4-sp-d16
 632              	HAL_GetDEVID:
 633              	.LFB141:
 427:Drivers/STM32F3xx_HAL_Driver/Src/stm32f3xx_hal.c **** 
 428:Drivers/STM32F3xx_HAL_Driver/Src/stm32f3xx_hal.c **** /**
 429:Drivers/STM32F3xx_HAL_Driver/Src/stm32f3xx_hal.c ****   * @brief  Returns the device identifier.
 430:Drivers/STM32F3xx_HAL_Driver/Src/stm32f3xx_hal.c ****   * @retval Device identifier
 431:Drivers/STM32F3xx_HAL_Driver/Src/stm32f3xx_hal.c ****   */
 432:Drivers/STM32F3xx_HAL_Driver/Src/stm32f3xx_hal.c **** uint32_t HAL_GetDEVID(void)
 433:Drivers/STM32F3xx_HAL_Driver/Src/stm32f3xx_hal.c **** {
ARM GAS  /var/folders/8c/gyvcglfx7f97kbqb2h83mm_r0000gn/T//ccpw2ghW.s 			page 20


 634              		.loc 1 433 1 is_stmt 1 view -0
 635              		.cfi_startproc
 636              		@ args = 0, pretend = 0, frame = 0
 637              		@ frame_needed = 0, uses_anonymous_args = 0
 638              		@ link register save eliminated.
 434:Drivers/STM32F3xx_HAL_Driver/Src/stm32f3xx_hal.c ****   return((DBGMCU->IDCODE) & IDCODE_DEVID_MASK);
 639              		.loc 1 434 3 view .LVU119
 640              		.loc 1 434 17 is_stmt 0 view .LVU120
 641 0000 024B     		ldr	r3, .L62
 642 0002 1868     		ldr	r0, [r3]
 435:Drivers/STM32F3xx_HAL_Driver/Src/stm32f3xx_hal.c **** }
 643              		.loc 1 435 1 view .LVU121
 644 0004 C0F30B00 		ubfx	r0, r0, #0, #12
 645 0008 7047     		bx	lr
 646              	.L63:
 647 000a 00BF     		.align	2
 648              	.L62:
 649 000c 002004E0 		.word	-536600576
 650              		.cfi_endproc
 651              	.LFE141:
 653              		.section	.text.HAL_GetUIDw0,"ax",%progbits
 654              		.align	1
 655              		.p2align 2,,3
 656              		.global	HAL_GetUIDw0
 657              		.syntax unified
 658              		.thumb
 659              		.thumb_func
 660              		.fpu fpv4-sp-d16
 662              	HAL_GetUIDw0:
 663              	.LFB142:
 436:Drivers/STM32F3xx_HAL_Driver/Src/stm32f3xx_hal.c **** 
 437:Drivers/STM32F3xx_HAL_Driver/Src/stm32f3xx_hal.c **** /**
 438:Drivers/STM32F3xx_HAL_Driver/Src/stm32f3xx_hal.c ****   * @brief  Returns first word of the unique device identifier (UID based on 96 bits)
 439:Drivers/STM32F3xx_HAL_Driver/Src/stm32f3xx_hal.c ****   * @retval Device identifier
 440:Drivers/STM32F3xx_HAL_Driver/Src/stm32f3xx_hal.c ****   */
 441:Drivers/STM32F3xx_HAL_Driver/Src/stm32f3xx_hal.c **** uint32_t HAL_GetUIDw0(void)
 442:Drivers/STM32F3xx_HAL_Driver/Src/stm32f3xx_hal.c **** {
 664              		.loc 1 442 1 is_stmt 1 view -0
 665              		.cfi_startproc
 666              		@ args = 0, pretend = 0, frame = 0
 667              		@ frame_needed = 0, uses_anonymous_args = 0
 668              		@ link register save eliminated.
 443:Drivers/STM32F3xx_HAL_Driver/Src/stm32f3xx_hal.c ****    return(READ_REG(*((uint32_t *)UID_BASE)));
 669              		.loc 1 443 4 view .LVU123
 670              		.loc 1 443 11 is_stmt 0 view .LVU124
 671 0000 014B     		ldr	r3, .L65
 444:Drivers/STM32F3xx_HAL_Driver/Src/stm32f3xx_hal.c **** }
 672              		.loc 1 444 1 view .LVU125
 673 0002 1868     		ldr	r0, [r3]
 674 0004 7047     		bx	lr
 675              	.L66:
 676 0006 00BF     		.align	2
 677              	.L65:
 678 0008 ACF7FF1F 		.word	536868780
 679              		.cfi_endproc
 680              	.LFE142:
 682              		.section	.text.HAL_GetUIDw1,"ax",%progbits
ARM GAS  /var/folders/8c/gyvcglfx7f97kbqb2h83mm_r0000gn/T//ccpw2ghW.s 			page 21


 683              		.align	1
 684              		.p2align 2,,3
 685              		.global	HAL_GetUIDw1
 686              		.syntax unified
 687              		.thumb
 688              		.thumb_func
 689              		.fpu fpv4-sp-d16
 691              	HAL_GetUIDw1:
 692              	.LFB143:
 445:Drivers/STM32F3xx_HAL_Driver/Src/stm32f3xx_hal.c **** 
 446:Drivers/STM32F3xx_HAL_Driver/Src/stm32f3xx_hal.c **** /**
 447:Drivers/STM32F3xx_HAL_Driver/Src/stm32f3xx_hal.c ****   * @brief  Returns second word of the unique device identifier (UID based on 96 bits)
 448:Drivers/STM32F3xx_HAL_Driver/Src/stm32f3xx_hal.c ****   * @retval Device identifier
 449:Drivers/STM32F3xx_HAL_Driver/Src/stm32f3xx_hal.c ****   */
 450:Drivers/STM32F3xx_HAL_Driver/Src/stm32f3xx_hal.c **** uint32_t HAL_GetUIDw1(void)
 451:Drivers/STM32F3xx_HAL_Driver/Src/stm32f3xx_hal.c **** {
 693              		.loc 1 451 1 is_stmt 1 view -0
 694              		.cfi_startproc
 695              		@ args = 0, pretend = 0, frame = 0
 696              		@ frame_needed = 0, uses_anonymous_args = 0
 697              		@ link register save eliminated.
 452:Drivers/STM32F3xx_HAL_Driver/Src/stm32f3xx_hal.c ****    return(READ_REG(*((uint32_t *)(UID_BASE + 4U))));
 698              		.loc 1 452 4 view .LVU127
 699              		.loc 1 452 11 is_stmt 0 view .LVU128
 700 0000 014B     		ldr	r3, .L68
 453:Drivers/STM32F3xx_HAL_Driver/Src/stm32f3xx_hal.c **** }
 701              		.loc 1 453 1 view .LVU129
 702 0002 1868     		ldr	r0, [r3]
 703 0004 7047     		bx	lr
 704              	.L69:
 705 0006 00BF     		.align	2
 706              	.L68:
 707 0008 B0F7FF1F 		.word	536868784
 708              		.cfi_endproc
 709              	.LFE143:
 711              		.section	.text.HAL_GetUIDw2,"ax",%progbits
 712              		.align	1
 713              		.p2align 2,,3
 714              		.global	HAL_GetUIDw2
 715              		.syntax unified
 716              		.thumb
 717              		.thumb_func
 718              		.fpu fpv4-sp-d16
 720              	HAL_GetUIDw2:
 721              	.LFB144:
 454:Drivers/STM32F3xx_HAL_Driver/Src/stm32f3xx_hal.c **** 
 455:Drivers/STM32F3xx_HAL_Driver/Src/stm32f3xx_hal.c **** /**
 456:Drivers/STM32F3xx_HAL_Driver/Src/stm32f3xx_hal.c ****   * @brief  Returns third word of the unique device identifier (UID based on 96 bits)
 457:Drivers/STM32F3xx_HAL_Driver/Src/stm32f3xx_hal.c ****   * @retval Device identifier
 458:Drivers/STM32F3xx_HAL_Driver/Src/stm32f3xx_hal.c ****   */
 459:Drivers/STM32F3xx_HAL_Driver/Src/stm32f3xx_hal.c **** uint32_t HAL_GetUIDw2(void)
 460:Drivers/STM32F3xx_HAL_Driver/Src/stm32f3xx_hal.c **** {
 722              		.loc 1 460 1 is_stmt 1 view -0
 723              		.cfi_startproc
 724              		@ args = 0, pretend = 0, frame = 0
 725              		@ frame_needed = 0, uses_anonymous_args = 0
 726              		@ link register save eliminated.
ARM GAS  /var/folders/8c/gyvcglfx7f97kbqb2h83mm_r0000gn/T//ccpw2ghW.s 			page 22


 461:Drivers/STM32F3xx_HAL_Driver/Src/stm32f3xx_hal.c ****    return(READ_REG(*((uint32_t *)(UID_BASE + 8U))));
 727              		.loc 1 461 4 view .LVU131
 728              		.loc 1 461 11 is_stmt 0 view .LVU132
 729 0000 014B     		ldr	r3, .L71
 462:Drivers/STM32F3xx_HAL_Driver/Src/stm32f3xx_hal.c **** }
 730              		.loc 1 462 1 view .LVU133
 731 0002 1868     		ldr	r0, [r3]
 732 0004 7047     		bx	lr
 733              	.L72:
 734 0006 00BF     		.align	2
 735              	.L71:
 736 0008 B4F7FF1F 		.word	536868788
 737              		.cfi_endproc
 738              	.LFE144:
 740              		.section	.text.HAL_DBGMCU_EnableDBGSleepMode,"ax",%progbits
 741              		.align	1
 742              		.p2align 2,,3
 743              		.global	HAL_DBGMCU_EnableDBGSleepMode
 744              		.syntax unified
 745              		.thumb
 746              		.thumb_func
 747              		.fpu fpv4-sp-d16
 749              	HAL_DBGMCU_EnableDBGSleepMode:
 750              	.LFB145:
 463:Drivers/STM32F3xx_HAL_Driver/Src/stm32f3xx_hal.c **** 
 464:Drivers/STM32F3xx_HAL_Driver/Src/stm32f3xx_hal.c **** /**
 465:Drivers/STM32F3xx_HAL_Driver/Src/stm32f3xx_hal.c ****   * @brief  Enable the Debug Module during SLEEP mode
 466:Drivers/STM32F3xx_HAL_Driver/Src/stm32f3xx_hal.c ****   * @retval None
 467:Drivers/STM32F3xx_HAL_Driver/Src/stm32f3xx_hal.c ****   */
 468:Drivers/STM32F3xx_HAL_Driver/Src/stm32f3xx_hal.c **** void HAL_DBGMCU_EnableDBGSleepMode(void)
 469:Drivers/STM32F3xx_HAL_Driver/Src/stm32f3xx_hal.c **** {
 751              		.loc 1 469 1 is_stmt 1 view -0
 752              		.cfi_startproc
 753              		@ args = 0, pretend = 0, frame = 0
 754              		@ frame_needed = 0, uses_anonymous_args = 0
 755              		@ link register save eliminated.
 470:Drivers/STM32F3xx_HAL_Driver/Src/stm32f3xx_hal.c ****   SET_BIT(DBGMCU->CR, DBGMCU_CR_DBG_SLEEP);
 756              		.loc 1 470 3 view .LVU135
 757 0000 024A     		ldr	r2, .L74
 758 0002 5368     		ldr	r3, [r2, #4]
 759 0004 43F00103 		orr	r3, r3, #1
 760 0008 5360     		str	r3, [r2, #4]
 471:Drivers/STM32F3xx_HAL_Driver/Src/stm32f3xx_hal.c **** }
 761              		.loc 1 471 1 is_stmt 0 view .LVU136
 762 000a 7047     		bx	lr
 763              	.L75:
 764              		.align	2
 765              	.L74:
 766 000c 002004E0 		.word	-536600576
 767              		.cfi_endproc
 768              	.LFE145:
 770              		.section	.text.HAL_DBGMCU_DisableDBGSleepMode,"ax",%progbits
 771              		.align	1
 772              		.p2align 2,,3
 773              		.global	HAL_DBGMCU_DisableDBGSleepMode
 774              		.syntax unified
 775              		.thumb
ARM GAS  /var/folders/8c/gyvcglfx7f97kbqb2h83mm_r0000gn/T//ccpw2ghW.s 			page 23


 776              		.thumb_func
 777              		.fpu fpv4-sp-d16
 779              	HAL_DBGMCU_DisableDBGSleepMode:
 780              	.LFB146:
 472:Drivers/STM32F3xx_HAL_Driver/Src/stm32f3xx_hal.c **** 
 473:Drivers/STM32F3xx_HAL_Driver/Src/stm32f3xx_hal.c **** /**
 474:Drivers/STM32F3xx_HAL_Driver/Src/stm32f3xx_hal.c ****   * @brief  Disable the Debug Module during SLEEP mode
 475:Drivers/STM32F3xx_HAL_Driver/Src/stm32f3xx_hal.c ****   * @retval None
 476:Drivers/STM32F3xx_HAL_Driver/Src/stm32f3xx_hal.c ****   */
 477:Drivers/STM32F3xx_HAL_Driver/Src/stm32f3xx_hal.c **** void HAL_DBGMCU_DisableDBGSleepMode(void)
 478:Drivers/STM32F3xx_HAL_Driver/Src/stm32f3xx_hal.c **** {
 781              		.loc 1 478 1 is_stmt 1 view -0
 782              		.cfi_startproc
 783              		@ args = 0, pretend = 0, frame = 0
 784              		@ frame_needed = 0, uses_anonymous_args = 0
 785              		@ link register save eliminated.
 479:Drivers/STM32F3xx_HAL_Driver/Src/stm32f3xx_hal.c ****   CLEAR_BIT(DBGMCU->CR, DBGMCU_CR_DBG_SLEEP);
 786              		.loc 1 479 3 view .LVU138
 787 0000 024A     		ldr	r2, .L77
 788 0002 5368     		ldr	r3, [r2, #4]
 789 0004 23F00103 		bic	r3, r3, #1
 790 0008 5360     		str	r3, [r2, #4]
 480:Drivers/STM32F3xx_HAL_Driver/Src/stm32f3xx_hal.c **** }
 791              		.loc 1 480 1 is_stmt 0 view .LVU139
 792 000a 7047     		bx	lr
 793              	.L78:
 794              		.align	2
 795              	.L77:
 796 000c 002004E0 		.word	-536600576
 797              		.cfi_endproc
 798              	.LFE146:
 800              		.section	.text.HAL_DBGMCU_EnableDBGStopMode,"ax",%progbits
 801              		.align	1
 802              		.p2align 2,,3
 803              		.global	HAL_DBGMCU_EnableDBGStopMode
 804              		.syntax unified
 805              		.thumb
 806              		.thumb_func
 807              		.fpu fpv4-sp-d16
 809              	HAL_DBGMCU_EnableDBGStopMode:
 810              	.LFB147:
 481:Drivers/STM32F3xx_HAL_Driver/Src/stm32f3xx_hal.c **** 
 482:Drivers/STM32F3xx_HAL_Driver/Src/stm32f3xx_hal.c **** /**
 483:Drivers/STM32F3xx_HAL_Driver/Src/stm32f3xx_hal.c ****   * @brief  Enable the Debug Module during STOP mode
 484:Drivers/STM32F3xx_HAL_Driver/Src/stm32f3xx_hal.c ****   * @retval None
 485:Drivers/STM32F3xx_HAL_Driver/Src/stm32f3xx_hal.c ****   */
 486:Drivers/STM32F3xx_HAL_Driver/Src/stm32f3xx_hal.c **** void HAL_DBGMCU_EnableDBGStopMode(void)
 487:Drivers/STM32F3xx_HAL_Driver/Src/stm32f3xx_hal.c **** {
 811              		.loc 1 487 1 is_stmt 1 view -0
 812              		.cfi_startproc
 813              		@ args = 0, pretend = 0, frame = 0
 814              		@ frame_needed = 0, uses_anonymous_args = 0
 815              		@ link register save eliminated.
 488:Drivers/STM32F3xx_HAL_Driver/Src/stm32f3xx_hal.c ****   SET_BIT(DBGMCU->CR, DBGMCU_CR_DBG_STOP);
 816              		.loc 1 488 3 view .LVU141
 817 0000 024A     		ldr	r2, .L80
 818 0002 5368     		ldr	r3, [r2, #4]
ARM GAS  /var/folders/8c/gyvcglfx7f97kbqb2h83mm_r0000gn/T//ccpw2ghW.s 			page 24


 819 0004 43F00203 		orr	r3, r3, #2
 820 0008 5360     		str	r3, [r2, #4]
 489:Drivers/STM32F3xx_HAL_Driver/Src/stm32f3xx_hal.c **** }
 821              		.loc 1 489 1 is_stmt 0 view .LVU142
 822 000a 7047     		bx	lr
 823              	.L81:
 824              		.align	2
 825              	.L80:
 826 000c 002004E0 		.word	-536600576
 827              		.cfi_endproc
 828              	.LFE147:
 830              		.section	.text.HAL_DBGMCU_DisableDBGStopMode,"ax",%progbits
 831              		.align	1
 832              		.p2align 2,,3
 833              		.global	HAL_DBGMCU_DisableDBGStopMode
 834              		.syntax unified
 835              		.thumb
 836              		.thumb_func
 837              		.fpu fpv4-sp-d16
 839              	HAL_DBGMCU_DisableDBGStopMode:
 840              	.LFB148:
 490:Drivers/STM32F3xx_HAL_Driver/Src/stm32f3xx_hal.c **** 
 491:Drivers/STM32F3xx_HAL_Driver/Src/stm32f3xx_hal.c **** /**
 492:Drivers/STM32F3xx_HAL_Driver/Src/stm32f3xx_hal.c ****   * @brief  Disable the Debug Module during STOP mode
 493:Drivers/STM32F3xx_HAL_Driver/Src/stm32f3xx_hal.c ****   * @retval None
 494:Drivers/STM32F3xx_HAL_Driver/Src/stm32f3xx_hal.c ****   */
 495:Drivers/STM32F3xx_HAL_Driver/Src/stm32f3xx_hal.c **** void HAL_DBGMCU_DisableDBGStopMode(void)
 496:Drivers/STM32F3xx_HAL_Driver/Src/stm32f3xx_hal.c **** {
 841              		.loc 1 496 1 is_stmt 1 view -0
 842              		.cfi_startproc
 843              		@ args = 0, pretend = 0, frame = 0
 844              		@ frame_needed = 0, uses_anonymous_args = 0
 845              		@ link register save eliminated.
 497:Drivers/STM32F3xx_HAL_Driver/Src/stm32f3xx_hal.c ****   CLEAR_BIT(DBGMCU->CR, DBGMCU_CR_DBG_STOP);
 846              		.loc 1 497 3 view .LVU144
 847 0000 024A     		ldr	r2, .L83
 848 0002 5368     		ldr	r3, [r2, #4]
 849 0004 23F00203 		bic	r3, r3, #2
 850 0008 5360     		str	r3, [r2, #4]
 498:Drivers/STM32F3xx_HAL_Driver/Src/stm32f3xx_hal.c **** }
 851              		.loc 1 498 1 is_stmt 0 view .LVU145
 852 000a 7047     		bx	lr
 853              	.L84:
 854              		.align	2
 855              	.L83:
 856 000c 002004E0 		.word	-536600576
 857              		.cfi_endproc
 858              	.LFE148:
 860              		.section	.text.HAL_DBGMCU_EnableDBGStandbyMode,"ax",%progbits
 861              		.align	1
 862              		.p2align 2,,3
 863              		.global	HAL_DBGMCU_EnableDBGStandbyMode
 864              		.syntax unified
 865              		.thumb
 866              		.thumb_func
 867              		.fpu fpv4-sp-d16
 869              	HAL_DBGMCU_EnableDBGStandbyMode:
ARM GAS  /var/folders/8c/gyvcglfx7f97kbqb2h83mm_r0000gn/T//ccpw2ghW.s 			page 25


 870              	.LFB149:
 499:Drivers/STM32F3xx_HAL_Driver/Src/stm32f3xx_hal.c **** 
 500:Drivers/STM32F3xx_HAL_Driver/Src/stm32f3xx_hal.c **** /**
 501:Drivers/STM32F3xx_HAL_Driver/Src/stm32f3xx_hal.c ****   * @brief  Enable the Debug Module during STANDBY mode
 502:Drivers/STM32F3xx_HAL_Driver/Src/stm32f3xx_hal.c ****   * @retval None
 503:Drivers/STM32F3xx_HAL_Driver/Src/stm32f3xx_hal.c ****   */
 504:Drivers/STM32F3xx_HAL_Driver/Src/stm32f3xx_hal.c **** void HAL_DBGMCU_EnableDBGStandbyMode(void)
 505:Drivers/STM32F3xx_HAL_Driver/Src/stm32f3xx_hal.c **** {
 871              		.loc 1 505 1 is_stmt 1 view -0
 872              		.cfi_startproc
 873              		@ args = 0, pretend = 0, frame = 0
 874              		@ frame_needed = 0, uses_anonymous_args = 0
 875              		@ link register save eliminated.
 506:Drivers/STM32F3xx_HAL_Driver/Src/stm32f3xx_hal.c ****   SET_BIT(DBGMCU->CR, DBGMCU_CR_DBG_STANDBY);
 876              		.loc 1 506 3 view .LVU147
 877 0000 024A     		ldr	r2, .L86
 878 0002 5368     		ldr	r3, [r2, #4]
 879 0004 43F00403 		orr	r3, r3, #4
 880 0008 5360     		str	r3, [r2, #4]
 507:Drivers/STM32F3xx_HAL_Driver/Src/stm32f3xx_hal.c **** }
 881              		.loc 1 507 1 is_stmt 0 view .LVU148
 882 000a 7047     		bx	lr
 883              	.L87:
 884              		.align	2
 885              	.L86:
 886 000c 002004E0 		.word	-536600576
 887              		.cfi_endproc
 888              	.LFE149:
 890              		.section	.text.HAL_DBGMCU_DisableDBGStandbyMode,"ax",%progbits
 891              		.align	1
 892              		.p2align 2,,3
 893              		.global	HAL_DBGMCU_DisableDBGStandbyMode
 894              		.syntax unified
 895              		.thumb
 896              		.thumb_func
 897              		.fpu fpv4-sp-d16
 899              	HAL_DBGMCU_DisableDBGStandbyMode:
 900              	.LFB150:
 508:Drivers/STM32F3xx_HAL_Driver/Src/stm32f3xx_hal.c **** 
 509:Drivers/STM32F3xx_HAL_Driver/Src/stm32f3xx_hal.c **** /**
 510:Drivers/STM32F3xx_HAL_Driver/Src/stm32f3xx_hal.c ****   * @brief  Disable the Debug Module during STANDBY mode
 511:Drivers/STM32F3xx_HAL_Driver/Src/stm32f3xx_hal.c ****   * @retval None
 512:Drivers/STM32F3xx_HAL_Driver/Src/stm32f3xx_hal.c ****   */
 513:Drivers/STM32F3xx_HAL_Driver/Src/stm32f3xx_hal.c **** void HAL_DBGMCU_DisableDBGStandbyMode(void)
 514:Drivers/STM32F3xx_HAL_Driver/Src/stm32f3xx_hal.c **** {
 901              		.loc 1 514 1 is_stmt 1 view -0
 902              		.cfi_startproc
 903              		@ args = 0, pretend = 0, frame = 0
 904              		@ frame_needed = 0, uses_anonymous_args = 0
 905              		@ link register save eliminated.
 515:Drivers/STM32F3xx_HAL_Driver/Src/stm32f3xx_hal.c ****   CLEAR_BIT(DBGMCU->CR, DBGMCU_CR_DBG_STANDBY);
 906              		.loc 1 515 3 view .LVU150
 907 0000 024A     		ldr	r2, .L89
 908 0002 5368     		ldr	r3, [r2, #4]
 909 0004 23F00403 		bic	r3, r3, #4
 910 0008 5360     		str	r3, [r2, #4]
 516:Drivers/STM32F3xx_HAL_Driver/Src/stm32f3xx_hal.c **** }
ARM GAS  /var/folders/8c/gyvcglfx7f97kbqb2h83mm_r0000gn/T//ccpw2ghW.s 			page 26


 911              		.loc 1 516 1 is_stmt 0 view .LVU151
 912 000a 7047     		bx	lr
 913              	.L90:
 914              		.align	2
 915              	.L89:
 916 000c 002004E0 		.word	-536600576
 917              		.cfi_endproc
 918              	.LFE150:
 920              		.global	uwTickFreq
 921              		.global	uwTickPrio
 922              		.comm	uwTick,4,4
 923              		.section	.data.uwTickFreq,"aw"
 924              		.set	.LANCHOR0,. + 0
 927              	uwTickFreq:
 928 0000 01       		.byte	1
 929              		.section	.data.uwTickPrio,"aw"
 930              		.align	2
 931              		.set	.LANCHOR1,. + 0
 934              	uwTickPrio:
 935 0000 10000000 		.word	16
 936              		.text
 937              	.Letext0:
 938              		.file 2 "/usr/local/gcc-arm-none-eabi-8-2018-q4-major/arm-none-eabi/include/machine/_default_types
 939              		.file 3 "/usr/local/gcc-arm-none-eabi-8-2018-q4-major/arm-none-eabi/include/sys/_stdint.h"
 940              		.file 4 "Drivers/CMSIS/Include/core_cm4.h"
 941              		.file 5 "Drivers/CMSIS/Device/ST/STM32F3xx/Include/system_stm32f3xx.h"
 942              		.file 6 "Drivers/CMSIS/Device/ST/STM32F3xx/Include/stm32f303xe.h"
 943              		.file 7 "/usr/local/gcc-arm-none-eabi-8-2018-q4-major/arm-none-eabi/include/sys/lock.h"
 944              		.file 8 "/usr/local/gcc-arm-none-eabi-8-2018-q4-major/arm-none-eabi/include/sys/_types.h"
 945              		.file 9 "/usr/local/gcc-arm-none-eabi-8-2018-q4-major/lib/gcc/arm-none-eabi/8.2.1/include/stddef.h
 946              		.file 10 "/usr/local/gcc-arm-none-eabi-8-2018-q4-major/arm-none-eabi/include/sys/reent.h"
 947              		.file 11 "Drivers/STM32F3xx_HAL_Driver/Inc/stm32f3xx_hal_def.h"
 948              		.file 12 "Drivers/STM32F3xx_HAL_Driver/Inc/stm32f3xx_hal.h"
 949              		.file 13 "Drivers/STM32F3xx_HAL_Driver/Inc/stm32f3xx_hal_cortex.h"
ARM GAS  /var/folders/8c/gyvcglfx7f97kbqb2h83mm_r0000gn/T//ccpw2ghW.s 			page 27


DEFINED SYMBOLS
                            *ABS*:0000000000000000 stm32f3xx_hal.c
/var/folders/8c/gyvcglfx7f97kbqb2h83mm_r0000gn/T//ccpw2ghW.s:18     .text.HAL_MspInit:0000000000000000 $t
/var/folders/8c/gyvcglfx7f97kbqb2h83mm_r0000gn/T//ccpw2ghW.s:27     .text.HAL_MspInit:0000000000000000 HAL_MspInit
/var/folders/8c/gyvcglfx7f97kbqb2h83mm_r0000gn/T//ccpw2ghW.s:41     .text.HAL_MspDeInit:0000000000000000 $t
/var/folders/8c/gyvcglfx7f97kbqb2h83mm_r0000gn/T//ccpw2ghW.s:49     .text.HAL_MspDeInit:0000000000000000 HAL_MspDeInit
/var/folders/8c/gyvcglfx7f97kbqb2h83mm_r0000gn/T//ccpw2ghW.s:60     .text.HAL_DeInit:0000000000000000 $t
/var/folders/8c/gyvcglfx7f97kbqb2h83mm_r0000gn/T//ccpw2ghW.s:68     .text.HAL_DeInit:0000000000000000 HAL_DeInit
/var/folders/8c/gyvcglfx7f97kbqb2h83mm_r0000gn/T//ccpw2ghW.s:108    .text.HAL_DeInit:0000000000000020 $d
/var/folders/8c/gyvcglfx7f97kbqb2h83mm_r0000gn/T//ccpw2ghW.s:113    .text.HAL_InitTick:0000000000000000 $t
/var/folders/8c/gyvcglfx7f97kbqb2h83mm_r0000gn/T//ccpw2ghW.s:121    .text.HAL_InitTick:0000000000000000 HAL_InitTick
/var/folders/8c/gyvcglfx7f97kbqb2h83mm_r0000gn/T//ccpw2ghW.s:199    .text.HAL_InitTick:000000000000003c $d
/var/folders/8c/gyvcglfx7f97kbqb2h83mm_r0000gn/T//ccpw2ghW.s:206    .text.HAL_Init:0000000000000000 $t
/var/folders/8c/gyvcglfx7f97kbqb2h83mm_r0000gn/T//ccpw2ghW.s:214    .text.HAL_Init:0000000000000000 HAL_Init
/var/folders/8c/gyvcglfx7f97kbqb2h83mm_r0000gn/T//ccpw2ghW.s:250    .text.HAL_Init:0000000000000020 $d
/var/folders/8c/gyvcglfx7f97kbqb2h83mm_r0000gn/T//ccpw2ghW.s:255    .text.HAL_IncTick:0000000000000000 $t
/var/folders/8c/gyvcglfx7f97kbqb2h83mm_r0000gn/T//ccpw2ghW.s:263    .text.HAL_IncTick:0000000000000000 HAL_IncTick
/var/folders/8c/gyvcglfx7f97kbqb2h83mm_r0000gn/T//ccpw2ghW.s:283    .text.HAL_IncTick:0000000000000010 $d
                            *COM*:0000000000000004 uwTick
/var/folders/8c/gyvcglfx7f97kbqb2h83mm_r0000gn/T//ccpw2ghW.s:289    .text.HAL_GetTick:0000000000000000 $t
/var/folders/8c/gyvcglfx7f97kbqb2h83mm_r0000gn/T//ccpw2ghW.s:297    .text.HAL_GetTick:0000000000000000 HAL_GetTick
/var/folders/8c/gyvcglfx7f97kbqb2h83mm_r0000gn/T//ccpw2ghW.s:313    .text.HAL_GetTick:0000000000000008 $d
/var/folders/8c/gyvcglfx7f97kbqb2h83mm_r0000gn/T//ccpw2ghW.s:318    .text.HAL_GetTickPrio:0000000000000000 $t
/var/folders/8c/gyvcglfx7f97kbqb2h83mm_r0000gn/T//ccpw2ghW.s:326    .text.HAL_GetTickPrio:0000000000000000 HAL_GetTickPrio
/var/folders/8c/gyvcglfx7f97kbqb2h83mm_r0000gn/T//ccpw2ghW.s:342    .text.HAL_GetTickPrio:0000000000000008 $d
/var/folders/8c/gyvcglfx7f97kbqb2h83mm_r0000gn/T//ccpw2ghW.s:347    .text.HAL_SetTickFreq:0000000000000000 $t
/var/folders/8c/gyvcglfx7f97kbqb2h83mm_r0000gn/T//ccpw2ghW.s:355    .text.HAL_SetTickFreq:0000000000000000 HAL_SetTickFreq
/var/folders/8c/gyvcglfx7f97kbqb2h83mm_r0000gn/T//ccpw2ghW.s:403    .text.HAL_SetTickFreq:000000000000001c $d
/var/folders/8c/gyvcglfx7f97kbqb2h83mm_r0000gn/T//ccpw2ghW.s:409    .text.HAL_GetTickFreq:0000000000000000 $t
/var/folders/8c/gyvcglfx7f97kbqb2h83mm_r0000gn/T//ccpw2ghW.s:417    .text.HAL_GetTickFreq:0000000000000000 HAL_GetTickFreq
/var/folders/8c/gyvcglfx7f97kbqb2h83mm_r0000gn/T//ccpw2ghW.s:433    .text.HAL_GetTickFreq:0000000000000008 $d
/var/folders/8c/gyvcglfx7f97kbqb2h83mm_r0000gn/T//ccpw2ghW.s:438    .text.HAL_Delay:0000000000000000 $t
/var/folders/8c/gyvcglfx7f97kbqb2h83mm_r0000gn/T//ccpw2ghW.s:446    .text.HAL_Delay:0000000000000000 HAL_Delay
/var/folders/8c/gyvcglfx7f97kbqb2h83mm_r0000gn/T//ccpw2ghW.s:500    .text.HAL_Delay:0000000000000020 $d
/var/folders/8c/gyvcglfx7f97kbqb2h83mm_r0000gn/T//ccpw2ghW.s:505    .text.HAL_SuspendTick:0000000000000000 $t
/var/folders/8c/gyvcglfx7f97kbqb2h83mm_r0000gn/T//ccpw2ghW.s:513    .text.HAL_SuspendTick:0000000000000000 HAL_SuspendTick
/var/folders/8c/gyvcglfx7f97kbqb2h83mm_r0000gn/T//ccpw2ghW.s:531    .text.HAL_SuspendTick:000000000000000c $d
/var/folders/8c/gyvcglfx7f97kbqb2h83mm_r0000gn/T//ccpw2ghW.s:536    .text.HAL_ResumeTick:0000000000000000 $t
/var/folders/8c/gyvcglfx7f97kbqb2h83mm_r0000gn/T//ccpw2ghW.s:544    .text.HAL_ResumeTick:0000000000000000 HAL_ResumeTick
/var/folders/8c/gyvcglfx7f97kbqb2h83mm_r0000gn/T//ccpw2ghW.s:562    .text.HAL_ResumeTick:000000000000000c $d
/var/folders/8c/gyvcglfx7f97kbqb2h83mm_r0000gn/T//ccpw2ghW.s:567    .text.HAL_GetHalVersion:0000000000000000 $t
/var/folders/8c/gyvcglfx7f97kbqb2h83mm_r0000gn/T//ccpw2ghW.s:575    .text.HAL_GetHalVersion:0000000000000000 HAL_GetHalVersion
/var/folders/8c/gyvcglfx7f97kbqb2h83mm_r0000gn/T//ccpw2ghW.s:589    .text.HAL_GetHalVersion:0000000000000004 $d
/var/folders/8c/gyvcglfx7f97kbqb2h83mm_r0000gn/T//ccpw2ghW.s:594    .text.HAL_GetREVID:0000000000000000 $t
/var/folders/8c/gyvcglfx7f97kbqb2h83mm_r0000gn/T//ccpw2ghW.s:602    .text.HAL_GetREVID:0000000000000000 HAL_GetREVID
/var/folders/8c/gyvcglfx7f97kbqb2h83mm_r0000gn/T//ccpw2ghW.s:619    .text.HAL_GetREVID:0000000000000008 $d
/var/folders/8c/gyvcglfx7f97kbqb2h83mm_r0000gn/T//ccpw2ghW.s:624    .text.HAL_GetDEVID:0000000000000000 $t
/var/folders/8c/gyvcglfx7f97kbqb2h83mm_r0000gn/T//ccpw2ghW.s:632    .text.HAL_GetDEVID:0000000000000000 HAL_GetDEVID
/var/folders/8c/gyvcglfx7f97kbqb2h83mm_r0000gn/T//ccpw2ghW.s:649    .text.HAL_GetDEVID:000000000000000c $d
/var/folders/8c/gyvcglfx7f97kbqb2h83mm_r0000gn/T//ccpw2ghW.s:654    .text.HAL_GetUIDw0:0000000000000000 $t
/var/folders/8c/gyvcglfx7f97kbqb2h83mm_r0000gn/T//ccpw2ghW.s:662    .text.HAL_GetUIDw0:0000000000000000 HAL_GetUIDw0
/var/folders/8c/gyvcglfx7f97kbqb2h83mm_r0000gn/T//ccpw2ghW.s:678    .text.HAL_GetUIDw0:0000000000000008 $d
/var/folders/8c/gyvcglfx7f97kbqb2h83mm_r0000gn/T//ccpw2ghW.s:683    .text.HAL_GetUIDw1:0000000000000000 $t
/var/folders/8c/gyvcglfx7f97kbqb2h83mm_r0000gn/T//ccpw2ghW.s:691    .text.HAL_GetUIDw1:0000000000000000 HAL_GetUIDw1
/var/folders/8c/gyvcglfx7f97kbqb2h83mm_r0000gn/T//ccpw2ghW.s:707    .text.HAL_GetUIDw1:0000000000000008 $d
/var/folders/8c/gyvcglfx7f97kbqb2h83mm_r0000gn/T//ccpw2ghW.s:712    .text.HAL_GetUIDw2:0000000000000000 $t
/var/folders/8c/gyvcglfx7f97kbqb2h83mm_r0000gn/T//ccpw2ghW.s:720    .text.HAL_GetUIDw2:0000000000000000 HAL_GetUIDw2
ARM GAS  /var/folders/8c/gyvcglfx7f97kbqb2h83mm_r0000gn/T//ccpw2ghW.s 			page 28


/var/folders/8c/gyvcglfx7f97kbqb2h83mm_r0000gn/T//ccpw2ghW.s:736    .text.HAL_GetUIDw2:0000000000000008 $d
/var/folders/8c/gyvcglfx7f97kbqb2h83mm_r0000gn/T//ccpw2ghW.s:741    .text.HAL_DBGMCU_EnableDBGSleepMode:0000000000000000 $t
/var/folders/8c/gyvcglfx7f97kbqb2h83mm_r0000gn/T//ccpw2ghW.s:749    .text.HAL_DBGMCU_EnableDBGSleepMode:0000000000000000 HAL_DBGMCU_EnableDBGSleepMode
/var/folders/8c/gyvcglfx7f97kbqb2h83mm_r0000gn/T//ccpw2ghW.s:766    .text.HAL_DBGMCU_EnableDBGSleepMode:000000000000000c $d
/var/folders/8c/gyvcglfx7f97kbqb2h83mm_r0000gn/T//ccpw2ghW.s:771    .text.HAL_DBGMCU_DisableDBGSleepMode:0000000000000000 $t
/var/folders/8c/gyvcglfx7f97kbqb2h83mm_r0000gn/T//ccpw2ghW.s:779    .text.HAL_DBGMCU_DisableDBGSleepMode:0000000000000000 HAL_DBGMCU_DisableDBGSleepMode
/var/folders/8c/gyvcglfx7f97kbqb2h83mm_r0000gn/T//ccpw2ghW.s:796    .text.HAL_DBGMCU_DisableDBGSleepMode:000000000000000c $d
/var/folders/8c/gyvcglfx7f97kbqb2h83mm_r0000gn/T//ccpw2ghW.s:801    .text.HAL_DBGMCU_EnableDBGStopMode:0000000000000000 $t
/var/folders/8c/gyvcglfx7f97kbqb2h83mm_r0000gn/T//ccpw2ghW.s:809    .text.HAL_DBGMCU_EnableDBGStopMode:0000000000000000 HAL_DBGMCU_EnableDBGStopMode
/var/folders/8c/gyvcglfx7f97kbqb2h83mm_r0000gn/T//ccpw2ghW.s:826    .text.HAL_DBGMCU_EnableDBGStopMode:000000000000000c $d
/var/folders/8c/gyvcglfx7f97kbqb2h83mm_r0000gn/T//ccpw2ghW.s:831    .text.HAL_DBGMCU_DisableDBGStopMode:0000000000000000 $t
/var/folders/8c/gyvcglfx7f97kbqb2h83mm_r0000gn/T//ccpw2ghW.s:839    .text.HAL_DBGMCU_DisableDBGStopMode:0000000000000000 HAL_DBGMCU_DisableDBGStopMode
/var/folders/8c/gyvcglfx7f97kbqb2h83mm_r0000gn/T//ccpw2ghW.s:856    .text.HAL_DBGMCU_DisableDBGStopMode:000000000000000c $d
/var/folders/8c/gyvcglfx7f97kbqb2h83mm_r0000gn/T//ccpw2ghW.s:861    .text.HAL_DBGMCU_EnableDBGStandbyMode:0000000000000000 $t
/var/folders/8c/gyvcglfx7f97kbqb2h83mm_r0000gn/T//ccpw2ghW.s:869    .text.HAL_DBGMCU_EnableDBGStandbyMode:0000000000000000 HAL_DBGMCU_EnableDBGStandbyMode
/var/folders/8c/gyvcglfx7f97kbqb2h83mm_r0000gn/T//ccpw2ghW.s:886    .text.HAL_DBGMCU_EnableDBGStandbyMode:000000000000000c $d
/var/folders/8c/gyvcglfx7f97kbqb2h83mm_r0000gn/T//ccpw2ghW.s:891    .text.HAL_DBGMCU_DisableDBGStandbyMode:0000000000000000 $t
/var/folders/8c/gyvcglfx7f97kbqb2h83mm_r0000gn/T//ccpw2ghW.s:899    .text.HAL_DBGMCU_DisableDBGStandbyMode:0000000000000000 HAL_DBGMCU_DisableDBGStandbyMode
/var/folders/8c/gyvcglfx7f97kbqb2h83mm_r0000gn/T//ccpw2ghW.s:916    .text.HAL_DBGMCU_DisableDBGStandbyMode:000000000000000c $d
/var/folders/8c/gyvcglfx7f97kbqb2h83mm_r0000gn/T//ccpw2ghW.s:927    .data.uwTickFreq:0000000000000000 uwTickFreq
/var/folders/8c/gyvcglfx7f97kbqb2h83mm_r0000gn/T//ccpw2ghW.s:934    .data.uwTickPrio:0000000000000000 uwTickPrio
/var/folders/8c/gyvcglfx7f97kbqb2h83mm_r0000gn/T//ccpw2ghW.s:930    .data.uwTickPrio:0000000000000000 $d

UNDEFINED SYMBOLS
HAL_SYSTICK_Config
HAL_NVIC_SetPriority
SystemCoreClock
HAL_NVIC_SetPriorityGrouping
