ARM GAS  /var/folders/8c/gyvcglfx7f97kbqb2h83mm_r0000gn/T//cc02uSGT.s 			page 1


   1              		.cpu cortex-m4
   2              		.eabi_attribute 27, 1
   3              		.eabi_attribute 28, 1
   4              		.eabi_attribute 20, 1
   5              		.eabi_attribute 21, 1
   6              		.eabi_attribute 23, 3
   7              		.eabi_attribute 24, 1
   8              		.eabi_attribute 25, 1
   9              		.eabi_attribute 26, 1
  10              		.eabi_attribute 30, 2
  11              		.eabi_attribute 34, 1
  12              		.eabi_attribute 18, 4
  13              		.file	"stm32f3xx_it.c"
  14              		.text
  15              	.Ltext0:
  16              		.cfi_sections	.debug_frame
  17              		.section	.text.NMI_Handler,"ax",%progbits
  18              		.align	1
  19              		.p2align 2,,3
  20              		.global	NMI_Handler
  21              		.arch armv7e-m
  22              		.syntax unified
  23              		.thumb
  24              		.thumb_func
  25              		.fpu fpv4-sp-d16
  27              	NMI_Handler:
  28              	.LFB126:
  29              		.file 1 "Src/stm32f3xx_it.c"
   1:Src/stm32f3xx_it.c **** /**
   2:Src/stm32f3xx_it.c ****   ******************************************************************************
   3:Src/stm32f3xx_it.c ****   * @file    stm32f3xx_it.c
   4:Src/stm32f3xx_it.c ****   * @brief   Interrupt Service Routines.
   5:Src/stm32f3xx_it.c ****   ******************************************************************************
   6:Src/stm32f3xx_it.c ****   *
   7:Src/stm32f3xx_it.c ****   * COPYRIGHT(c) 2019 STMicroelectronics
   8:Src/stm32f3xx_it.c ****   *
   9:Src/stm32f3xx_it.c ****   * Redistribution and use in source and binary forms, with or without modification,
  10:Src/stm32f3xx_it.c ****   * are permitted provided that the following conditions are met:
  11:Src/stm32f3xx_it.c ****   *   1. Redistributions of source code must retain the above copyright notice,
  12:Src/stm32f3xx_it.c ****   *      this list of conditions and the following disclaimer.
  13:Src/stm32f3xx_it.c ****   *   2. Redistributions in binary form must reproduce the above copyright notice,
  14:Src/stm32f3xx_it.c ****   *      this list of conditions and the following disclaimer in the documentation
  15:Src/stm32f3xx_it.c ****   *      and/or other materials provided with the distribution.
  16:Src/stm32f3xx_it.c ****   *   3. Neither the name of STMicroelectronics nor the names of its contributors
  17:Src/stm32f3xx_it.c ****   *      may be used to endorse or promote products derived from this software
  18:Src/stm32f3xx_it.c ****   *      without specific prior written permission.
  19:Src/stm32f3xx_it.c ****   *
  20:Src/stm32f3xx_it.c ****   * THIS SOFTWARE IS PROVIDED BY THE COPYRIGHT HOLDERS AND CONTRIBUTORS "AS IS"
  21:Src/stm32f3xx_it.c ****   * AND ANY EXPRESS OR IMPLIED WARRANTIES, INCLUDING, BUT NOT LIMITED TO, THE
  22:Src/stm32f3xx_it.c ****   * IMPLIED WARRANTIES OF MERCHANTABILITY AND FITNESS FOR A PARTICULAR PURPOSE ARE
  23:Src/stm32f3xx_it.c ****   * DISCLAIMED. IN NO EVENT SHALL THE COPYRIGHT HOLDER OR CONTRIBUTORS BE LIABLE
  24:Src/stm32f3xx_it.c ****   * FOR ANY DIRECT, INDIRECT, INCIDENTAL, SPECIAL, EXEMPLARY, OR CONSEQUENTIAL
  25:Src/stm32f3xx_it.c ****   * DAMAGES (INCLUDING, BUT NOT LIMITED TO, PROCUREMENT OF SUBSTITUTE GOODS OR
  26:Src/stm32f3xx_it.c ****   * SERVICES; LOSS OF USE, DATA, OR PROFITS; OR BUSINESS INTERRUPTION) HOWEVER
  27:Src/stm32f3xx_it.c ****   * CAUSED AND ON ANY THEORY OF LIABILITY, WHETHER IN CONTRACT, STRICT LIABILITY,
  28:Src/stm32f3xx_it.c ****   * OR TORT (INCLUDING NEGLIGENCE OR OTHERWISE) ARISING IN ANY WAY OUT OF THE USE
  29:Src/stm32f3xx_it.c ****   * OF THIS SOFTWARE, EVEN IF ADVISED OF THE POSSIBILITY OF SUCH DAMAGE.
ARM GAS  /var/folders/8c/gyvcglfx7f97kbqb2h83mm_r0000gn/T//cc02uSGT.s 			page 2


  30:Src/stm32f3xx_it.c ****   *
  31:Src/stm32f3xx_it.c ****   ******************************************************************************
  32:Src/stm32f3xx_it.c ****   */
  33:Src/stm32f3xx_it.c **** /* Includes ------------------------------------------------------------------*/
  34:Src/stm32f3xx_it.c **** #include "stm32f3xx_hal.h"
  35:Src/stm32f3xx_it.c **** #include "stm32f3xx.h"
  36:Src/stm32f3xx_it.c **** #include "stm32f3xx_it.h"
  37:Src/stm32f3xx_it.c **** 
  38:Src/stm32f3xx_it.c **** /* USER CODE BEGIN 0 */
  39:Src/stm32f3xx_it.c **** 
  40:Src/stm32f3xx_it.c **** /* USER CODE END 0 */
  41:Src/stm32f3xx_it.c **** 
  42:Src/stm32f3xx_it.c **** /* External variables --------------------------------------------------------*/
  43:Src/stm32f3xx_it.c **** extern ADC_HandleTypeDef hadc1;
  44:Src/stm32f3xx_it.c **** 
  45:Src/stm32f3xx_it.c **** /******************************************************************************/
  46:Src/stm32f3xx_it.c **** /*            Cortex-M4 Processor Interruption and Exception Handlers         */ 
  47:Src/stm32f3xx_it.c **** /******************************************************************************/
  48:Src/stm32f3xx_it.c **** 
  49:Src/stm32f3xx_it.c **** /**
  50:Src/stm32f3xx_it.c **** * @brief This function handles Non maskable interrupt.
  51:Src/stm32f3xx_it.c **** */
  52:Src/stm32f3xx_it.c **** void NMI_Handler(void)
  53:Src/stm32f3xx_it.c **** {
  30              		.loc 1 53 1 view -0
  31              		.cfi_startproc
  32              		@ args = 0, pretend = 0, frame = 0
  33              		@ frame_needed = 0, uses_anonymous_args = 0
  34              		@ link register save eliminated.
  54:Src/stm32f3xx_it.c ****   /* USER CODE BEGIN NonMaskableInt_IRQn 0 */
  55:Src/stm32f3xx_it.c **** 
  56:Src/stm32f3xx_it.c ****   /* USER CODE END NonMaskableInt_IRQn 0 */
  57:Src/stm32f3xx_it.c ****   /* USER CODE BEGIN NonMaskableInt_IRQn 1 */
  58:Src/stm32f3xx_it.c **** 
  59:Src/stm32f3xx_it.c ****   /* USER CODE END NonMaskableInt_IRQn 1 */
  60:Src/stm32f3xx_it.c **** }
  35              		.loc 1 60 1 view .LVU1
  36 0000 7047     		bx	lr
  37              		.cfi_endproc
  38              	.LFE126:
  40 0002 00BF     		.section	.text.HardFault_Handler,"ax",%progbits
  41              		.align	1
  42              		.p2align 2,,3
  43              		.global	HardFault_Handler
  44              		.syntax unified
  45              		.thumb
  46              		.thumb_func
  47              		.fpu fpv4-sp-d16
  49              	HardFault_Handler:
  50              	.LFB127:
  61:Src/stm32f3xx_it.c **** 
  62:Src/stm32f3xx_it.c **** /**
  63:Src/stm32f3xx_it.c **** * @brief This function handles Hard fault interrupt.
  64:Src/stm32f3xx_it.c **** */
  65:Src/stm32f3xx_it.c **** void HardFault_Handler(void)
  66:Src/stm32f3xx_it.c **** {
  51              		.loc 1 66 1 view -0
ARM GAS  /var/folders/8c/gyvcglfx7f97kbqb2h83mm_r0000gn/T//cc02uSGT.s 			page 3


  52              		.cfi_startproc
  53              		@ Volatile: function does not return.
  54              		@ args = 0, pretend = 0, frame = 0
  55              		@ frame_needed = 0, uses_anonymous_args = 0
  56              		@ link register save eliminated.
  57              	.L4:
  67:Src/stm32f3xx_it.c ****   /* USER CODE BEGIN HardFault_IRQn 0 */
  68:Src/stm32f3xx_it.c **** 
  69:Src/stm32f3xx_it.c ****   /* USER CODE END HardFault_IRQn 0 */
  70:Src/stm32f3xx_it.c ****   while (1)
  58              		.loc 1 70 3 discriminator 1 view .LVU3
  71:Src/stm32f3xx_it.c ****   {
  72:Src/stm32f3xx_it.c ****     /* USER CODE BEGIN W1_HardFault_IRQn 0 */
  73:Src/stm32f3xx_it.c ****     /* USER CODE END W1_HardFault_IRQn 0 */
  74:Src/stm32f3xx_it.c ****   }
  59              		.loc 1 74 3 discriminator 1 view .LVU4
  60 0000 FEE7     		b	.L4
  61              		.cfi_endproc
  62              	.LFE127:
  64 0002 00BF     		.section	.text.MemManage_Handler,"ax",%progbits
  65              		.align	1
  66              		.p2align 2,,3
  67              		.global	MemManage_Handler
  68              		.syntax unified
  69              		.thumb
  70              		.thumb_func
  71              		.fpu fpv4-sp-d16
  73              	MemManage_Handler:
  74              	.LFB128:
  75:Src/stm32f3xx_it.c ****   /* USER CODE BEGIN HardFault_IRQn 1 */
  76:Src/stm32f3xx_it.c **** 
  77:Src/stm32f3xx_it.c ****   /* USER CODE END HardFault_IRQn 1 */
  78:Src/stm32f3xx_it.c **** }
  79:Src/stm32f3xx_it.c **** 
  80:Src/stm32f3xx_it.c **** /**
  81:Src/stm32f3xx_it.c **** * @brief This function handles Memory management fault.
  82:Src/stm32f3xx_it.c **** */
  83:Src/stm32f3xx_it.c **** void MemManage_Handler(void)
  84:Src/stm32f3xx_it.c **** {
  75              		.loc 1 84 1 view -0
  76              		.cfi_startproc
  77              		@ Volatile: function does not return.
  78              		@ args = 0, pretend = 0, frame = 0
  79              		@ frame_needed = 0, uses_anonymous_args = 0
  80              		@ link register save eliminated.
  81              	.L6:
  85:Src/stm32f3xx_it.c ****   /* USER CODE BEGIN MemoryManagement_IRQn 0 */
  86:Src/stm32f3xx_it.c **** 
  87:Src/stm32f3xx_it.c ****   /* USER CODE END MemoryManagement_IRQn 0 */
  88:Src/stm32f3xx_it.c ****   while (1)
  82              		.loc 1 88 3 discriminator 1 view .LVU6
  89:Src/stm32f3xx_it.c ****   {
  90:Src/stm32f3xx_it.c ****     /* USER CODE BEGIN W1_MemoryManagement_IRQn 0 */
  91:Src/stm32f3xx_it.c ****     /* USER CODE END W1_MemoryManagement_IRQn 0 */
  92:Src/stm32f3xx_it.c ****   }
  83              		.loc 1 92 3 discriminator 1 view .LVU7
  84 0000 FEE7     		b	.L6
ARM GAS  /var/folders/8c/gyvcglfx7f97kbqb2h83mm_r0000gn/T//cc02uSGT.s 			page 4


  85              		.cfi_endproc
  86              	.LFE128:
  88 0002 00BF     		.section	.text.BusFault_Handler,"ax",%progbits
  89              		.align	1
  90              		.p2align 2,,3
  91              		.global	BusFault_Handler
  92              		.syntax unified
  93              		.thumb
  94              		.thumb_func
  95              		.fpu fpv4-sp-d16
  97              	BusFault_Handler:
  98              	.LFB129:
  93:Src/stm32f3xx_it.c ****   /* USER CODE BEGIN MemoryManagement_IRQn 1 */
  94:Src/stm32f3xx_it.c **** 
  95:Src/stm32f3xx_it.c ****   /* USER CODE END MemoryManagement_IRQn 1 */
  96:Src/stm32f3xx_it.c **** }
  97:Src/stm32f3xx_it.c **** 
  98:Src/stm32f3xx_it.c **** /**
  99:Src/stm32f3xx_it.c **** * @brief This function handles Pre-fetch fault, memory access fault.
 100:Src/stm32f3xx_it.c **** */
 101:Src/stm32f3xx_it.c **** void BusFault_Handler(void)
 102:Src/stm32f3xx_it.c **** {
  99              		.loc 1 102 1 view -0
 100              		.cfi_startproc
 101              		@ Volatile: function does not return.
 102              		@ args = 0, pretend = 0, frame = 0
 103              		@ frame_needed = 0, uses_anonymous_args = 0
 104              		@ link register save eliminated.
 105              	.L8:
 103:Src/stm32f3xx_it.c ****   /* USER CODE BEGIN BusFault_IRQn 0 */
 104:Src/stm32f3xx_it.c **** 
 105:Src/stm32f3xx_it.c ****   /* USER CODE END BusFault_IRQn 0 */
 106:Src/stm32f3xx_it.c ****   while (1)
 106              		.loc 1 106 3 discriminator 1 view .LVU9
 107:Src/stm32f3xx_it.c ****   {
 108:Src/stm32f3xx_it.c ****     /* USER CODE BEGIN W1_BusFault_IRQn 0 */
 109:Src/stm32f3xx_it.c ****     /* USER CODE END W1_BusFault_IRQn 0 */
 110:Src/stm32f3xx_it.c ****   }
 107              		.loc 1 110 3 discriminator 1 view .LVU10
 108 0000 FEE7     		b	.L8
 109              		.cfi_endproc
 110              	.LFE129:
 112 0002 00BF     		.section	.text.UsageFault_Handler,"ax",%progbits
 113              		.align	1
 114              		.p2align 2,,3
 115              		.global	UsageFault_Handler
 116              		.syntax unified
 117              		.thumb
 118              		.thumb_func
 119              		.fpu fpv4-sp-d16
 121              	UsageFault_Handler:
 122              	.LFB130:
 111:Src/stm32f3xx_it.c ****   /* USER CODE BEGIN BusFault_IRQn 1 */
 112:Src/stm32f3xx_it.c **** 
 113:Src/stm32f3xx_it.c ****   /* USER CODE END BusFault_IRQn 1 */
 114:Src/stm32f3xx_it.c **** }
 115:Src/stm32f3xx_it.c **** 
ARM GAS  /var/folders/8c/gyvcglfx7f97kbqb2h83mm_r0000gn/T//cc02uSGT.s 			page 5


 116:Src/stm32f3xx_it.c **** /**
 117:Src/stm32f3xx_it.c **** * @brief This function handles Undefined instruction or illegal state.
 118:Src/stm32f3xx_it.c **** */
 119:Src/stm32f3xx_it.c **** void UsageFault_Handler(void)
 120:Src/stm32f3xx_it.c **** {
 123              		.loc 1 120 1 view -0
 124              		.cfi_startproc
 125              		@ Volatile: function does not return.
 126              		@ args = 0, pretend = 0, frame = 0
 127              		@ frame_needed = 0, uses_anonymous_args = 0
 128              		@ link register save eliminated.
 129              	.L10:
 121:Src/stm32f3xx_it.c ****   /* USER CODE BEGIN UsageFault_IRQn 0 */
 122:Src/stm32f3xx_it.c **** 
 123:Src/stm32f3xx_it.c ****   /* USER CODE END UsageFault_IRQn 0 */
 124:Src/stm32f3xx_it.c ****   while (1)
 130              		.loc 1 124 3 discriminator 1 view .LVU12
 125:Src/stm32f3xx_it.c ****   {
 126:Src/stm32f3xx_it.c ****     /* USER CODE BEGIN W1_UsageFault_IRQn 0 */
 127:Src/stm32f3xx_it.c ****     /* USER CODE END W1_UsageFault_IRQn 0 */
 128:Src/stm32f3xx_it.c ****   }
 131              		.loc 1 128 3 discriminator 1 view .LVU13
 132 0000 FEE7     		b	.L10
 133              		.cfi_endproc
 134              	.LFE130:
 136 0002 00BF     		.section	.text.SVC_Handler,"ax",%progbits
 137              		.align	1
 138              		.p2align 2,,3
 139              		.global	SVC_Handler
 140              		.syntax unified
 141              		.thumb
 142              		.thumb_func
 143              		.fpu fpv4-sp-d16
 145              	SVC_Handler:
 146              	.LFB137:
 147              		.cfi_startproc
 148              		@ args = 0, pretend = 0, frame = 0
 149              		@ frame_needed = 0, uses_anonymous_args = 0
 150              		@ link register save eliminated.
 151 0000 7047     		bx	lr
 152              		.cfi_endproc
 153              	.LFE137:
 155 0002 00BF     		.section	.text.DebugMon_Handler,"ax",%progbits
 156              		.align	1
 157              		.p2align 2,,3
 158              		.global	DebugMon_Handler
 159              		.syntax unified
 160              		.thumb
 161              		.thumb_func
 162              		.fpu fpv4-sp-d16
 164              	DebugMon_Handler:
 165              	.LFB139:
 166              		.cfi_startproc
 167              		@ args = 0, pretend = 0, frame = 0
 168              		@ frame_needed = 0, uses_anonymous_args = 0
 169              		@ link register save eliminated.
 170 0000 7047     		bx	lr
ARM GAS  /var/folders/8c/gyvcglfx7f97kbqb2h83mm_r0000gn/T//cc02uSGT.s 			page 6


 171              		.cfi_endproc
 172              	.LFE139:
 174 0002 00BF     		.section	.text.PendSV_Handler,"ax",%progbits
 175              		.align	1
 176              		.p2align 2,,3
 177              		.global	PendSV_Handler
 178              		.syntax unified
 179              		.thumb
 180              		.thumb_func
 181              		.fpu fpv4-sp-d16
 183              	PendSV_Handler:
 184              	.LFB141:
 185              		.cfi_startproc
 186              		@ args = 0, pretend = 0, frame = 0
 187              		@ frame_needed = 0, uses_anonymous_args = 0
 188              		@ link register save eliminated.
 189 0000 7047     		bx	lr
 190              		.cfi_endproc
 191              	.LFE141:
 193 0002 00BF     		.section	.text.SysTick_Handler,"ax",%progbits
 194              		.align	1
 195              		.p2align 2,,3
 196              		.global	SysTick_Handler
 197              		.syntax unified
 198              		.thumb
 199              		.thumb_func
 200              		.fpu fpv4-sp-d16
 202              	SysTick_Handler:
 203              	.LFB134:
 129:Src/stm32f3xx_it.c ****   /* USER CODE BEGIN UsageFault_IRQn 1 */
 130:Src/stm32f3xx_it.c **** 
 131:Src/stm32f3xx_it.c ****   /* USER CODE END UsageFault_IRQn 1 */
 132:Src/stm32f3xx_it.c **** }
 133:Src/stm32f3xx_it.c **** 
 134:Src/stm32f3xx_it.c **** /**
 135:Src/stm32f3xx_it.c **** * @brief This function handles System service call via SWI instruction.
 136:Src/stm32f3xx_it.c **** */
 137:Src/stm32f3xx_it.c **** void SVC_Handler(void)
 138:Src/stm32f3xx_it.c **** {
 139:Src/stm32f3xx_it.c ****   /* USER CODE BEGIN SVCall_IRQn 0 */
 140:Src/stm32f3xx_it.c **** 
 141:Src/stm32f3xx_it.c ****   /* USER CODE END SVCall_IRQn 0 */
 142:Src/stm32f3xx_it.c ****   /* USER CODE BEGIN SVCall_IRQn 1 */
 143:Src/stm32f3xx_it.c **** 
 144:Src/stm32f3xx_it.c ****   /* USER CODE END SVCall_IRQn 1 */
 145:Src/stm32f3xx_it.c **** }
 146:Src/stm32f3xx_it.c **** 
 147:Src/stm32f3xx_it.c **** /**
 148:Src/stm32f3xx_it.c **** * @brief This function handles Debug monitor.
 149:Src/stm32f3xx_it.c **** */
 150:Src/stm32f3xx_it.c **** void DebugMon_Handler(void)
 151:Src/stm32f3xx_it.c **** {
 152:Src/stm32f3xx_it.c ****   /* USER CODE BEGIN DebugMonitor_IRQn 0 */
 153:Src/stm32f3xx_it.c **** 
 154:Src/stm32f3xx_it.c ****   /* USER CODE END DebugMonitor_IRQn 0 */
 155:Src/stm32f3xx_it.c ****   /* USER CODE BEGIN DebugMonitor_IRQn 1 */
 156:Src/stm32f3xx_it.c **** 
ARM GAS  /var/folders/8c/gyvcglfx7f97kbqb2h83mm_r0000gn/T//cc02uSGT.s 			page 7


 157:Src/stm32f3xx_it.c ****   /* USER CODE END DebugMonitor_IRQn 1 */
 158:Src/stm32f3xx_it.c **** }
 159:Src/stm32f3xx_it.c **** 
 160:Src/stm32f3xx_it.c **** /**
 161:Src/stm32f3xx_it.c **** * @brief This function handles Pendable request for system service.
 162:Src/stm32f3xx_it.c **** */
 163:Src/stm32f3xx_it.c **** void PendSV_Handler(void)
 164:Src/stm32f3xx_it.c **** {
 165:Src/stm32f3xx_it.c ****   /* USER CODE BEGIN PendSV_IRQn 0 */
 166:Src/stm32f3xx_it.c **** 
 167:Src/stm32f3xx_it.c ****   /* USER CODE END PendSV_IRQn 0 */
 168:Src/stm32f3xx_it.c ****   /* USER CODE BEGIN PendSV_IRQn 1 */
 169:Src/stm32f3xx_it.c **** 
 170:Src/stm32f3xx_it.c ****   /* USER CODE END PendSV_IRQn 1 */
 171:Src/stm32f3xx_it.c **** }
 172:Src/stm32f3xx_it.c **** 
 173:Src/stm32f3xx_it.c **** /**
 174:Src/stm32f3xx_it.c **** * @brief This function handles System tick timer.
 175:Src/stm32f3xx_it.c **** */
 176:Src/stm32f3xx_it.c **** void SysTick_Handler(void)
 177:Src/stm32f3xx_it.c **** {
 204              		.loc 1 177 1 view -0
 205              		.cfi_startproc
 206              		@ args = 0, pretend = 0, frame = 0
 207              		@ frame_needed = 0, uses_anonymous_args = 0
 178:Src/stm32f3xx_it.c ****   /* USER CODE BEGIN SysTick_IRQn 0 */
 179:Src/stm32f3xx_it.c **** 
 180:Src/stm32f3xx_it.c ****   /* USER CODE END SysTick_IRQn 0 */
 181:Src/stm32f3xx_it.c ****   HAL_IncTick();
 208              		.loc 1 181 3 view .LVU15
 177:Src/stm32f3xx_it.c ****   /* USER CODE BEGIN SysTick_IRQn 0 */
 209              		.loc 1 177 1 is_stmt 0 view .LVU16
 210 0000 08B5     		push	{r3, lr}
 211              	.LCFI0:
 212              		.cfi_def_cfa_offset 8
 213              		.cfi_offset 3, -8
 214              		.cfi_offset 14, -4
 215              		.loc 1 181 3 view .LVU17
 216 0002 FFF7FEFF 		bl	HAL_IncTick
 217              	.LVL0:
 182:Src/stm32f3xx_it.c ****   HAL_SYSTICK_IRQHandler();
 218              		.loc 1 182 3 is_stmt 1 view .LVU18
 183:Src/stm32f3xx_it.c ****   /* USER CODE BEGIN SysTick_IRQn 1 */
 184:Src/stm32f3xx_it.c **** 
 185:Src/stm32f3xx_it.c ****   /* USER CODE END SysTick_IRQn 1 */
 186:Src/stm32f3xx_it.c **** }
 219              		.loc 1 186 1 is_stmt 0 view .LVU19
 220 0006 BDE80840 		pop	{r3, lr}
 221              	.LCFI1:
 222              		.cfi_restore 14
 223              		.cfi_restore 3
 224              		.cfi_def_cfa_offset 0
 182:Src/stm32f3xx_it.c ****   HAL_SYSTICK_IRQHandler();
 225              		.loc 1 182 3 view .LVU20
 226 000a FFF7FEBF 		b	HAL_SYSTICK_IRQHandler
 227              	.LVL1:
 228              		.cfi_endproc
ARM GAS  /var/folders/8c/gyvcglfx7f97kbqb2h83mm_r0000gn/T//cc02uSGT.s 			page 8


 229              	.LFE134:
 231 000e 00BF     		.section	.text.ADC1_2_IRQHandler,"ax",%progbits
 232              		.align	1
 233              		.p2align 2,,3
 234              		.global	ADC1_2_IRQHandler
 235              		.syntax unified
 236              		.thumb
 237              		.thumb_func
 238              		.fpu fpv4-sp-d16
 240              	ADC1_2_IRQHandler:
 241              	.LFB135:
 187:Src/stm32f3xx_it.c **** 
 188:Src/stm32f3xx_it.c **** /******************************************************************************/
 189:Src/stm32f3xx_it.c **** /* STM32F3xx Peripheral Interrupt Handlers                                    */
 190:Src/stm32f3xx_it.c **** /* Add here the Interrupt Handlers for the used peripherals.                  */
 191:Src/stm32f3xx_it.c **** /* For the available peripheral interrupt handler names,                      */
 192:Src/stm32f3xx_it.c **** /* please refer to the startup file (startup_stm32f3xx.s).                    */
 193:Src/stm32f3xx_it.c **** /******************************************************************************/
 194:Src/stm32f3xx_it.c **** 
 195:Src/stm32f3xx_it.c **** /**
 196:Src/stm32f3xx_it.c **** * @brief This function handles ADC1 and ADC2 interrupts.
 197:Src/stm32f3xx_it.c **** */
 198:Src/stm32f3xx_it.c **** void ADC1_2_IRQHandler(void)
 199:Src/stm32f3xx_it.c **** {
 242              		.loc 1 199 1 is_stmt 1 view -0
 243              		.cfi_startproc
 244              		@ args = 0, pretend = 0, frame = 0
 245              		@ frame_needed = 0, uses_anonymous_args = 0
 246              		@ link register save eliminated.
 200:Src/stm32f3xx_it.c ****   /* USER CODE BEGIN ADC1_2_IRQn 0 */
 201:Src/stm32f3xx_it.c **** 
 202:Src/stm32f3xx_it.c ****   /* USER CODE END ADC1_2_IRQn 0 */
 203:Src/stm32f3xx_it.c ****   HAL_ADC_IRQHandler(&hadc1);
 247              		.loc 1 203 3 view .LVU22
 248 0000 0148     		ldr	r0, .L17
 249 0002 FFF7FEBF 		b	HAL_ADC_IRQHandler
 250              	.LVL2:
 251              	.L18:
 252 0006 00BF     		.align	2
 253              	.L17:
 254 0008 00000000 		.word	hadc1
 255              		.cfi_endproc
 256              	.LFE135:
 258              		.text
 259              	.Letext0:
 260              		.file 2 "/usr/local/gcc-arm-none-eabi-8-2018-q4-major/arm-none-eabi/include/machine/_default_types
 261              		.file 3 "/usr/local/gcc-arm-none-eabi-8-2018-q4-major/arm-none-eabi/include/sys/_stdint.h"
 262              		.file 4 "Drivers/CMSIS/Include/core_cm4.h"
 263              		.file 5 "Drivers/CMSIS/Device/ST/STM32F3xx/Include/system_stm32f3xx.h"
 264              		.file 6 "Drivers/CMSIS/Device/ST/STM32F3xx/Include/stm32f303xe.h"
 265              		.file 7 "/usr/local/gcc-arm-none-eabi-8-2018-q4-major/arm-none-eabi/include/sys/lock.h"
 266              		.file 8 "/usr/local/gcc-arm-none-eabi-8-2018-q4-major/arm-none-eabi/include/sys/_types.h"
 267              		.file 9 "/usr/local/gcc-arm-none-eabi-8-2018-q4-major/lib/gcc/arm-none-eabi/8.2.1/include/stddef.h
 268              		.file 10 "/usr/local/gcc-arm-none-eabi-8-2018-q4-major/arm-none-eabi/include/sys/reent.h"
 269              		.file 11 "Drivers/STM32F3xx_HAL_Driver/Inc/stm32f3xx_hal_def.h"
 270              		.file 12 "Drivers/STM32F3xx_HAL_Driver/Inc/stm32f3xx_hal_dma.h"
 271              		.file 13 "Drivers/STM32F3xx_HAL_Driver/Inc/stm32f3xx_hal_adc_ex.h"
ARM GAS  /var/folders/8c/gyvcglfx7f97kbqb2h83mm_r0000gn/T//cc02uSGT.s 			page 9


 272              		.file 14 "Drivers/STM32F3xx_HAL_Driver/Inc/stm32f3xx_hal_adc.h"
 273              		.file 15 "Drivers/STM32F3xx_HAL_Driver/Inc/stm32f3xx_hal.h"
 274              		.file 16 "Drivers/STM32F3xx_HAL_Driver/Inc/stm32f3xx_hal_cortex.h"
ARM GAS  /var/folders/8c/gyvcglfx7f97kbqb2h83mm_r0000gn/T//cc02uSGT.s 			page 10


DEFINED SYMBOLS
                            *ABS*:0000000000000000 stm32f3xx_it.c
/var/folders/8c/gyvcglfx7f97kbqb2h83mm_r0000gn/T//cc02uSGT.s:18     .text.NMI_Handler:0000000000000000 $t
/var/folders/8c/gyvcglfx7f97kbqb2h83mm_r0000gn/T//cc02uSGT.s:27     .text.NMI_Handler:0000000000000000 NMI_Handler
/var/folders/8c/gyvcglfx7f97kbqb2h83mm_r0000gn/T//cc02uSGT.s:41     .text.HardFault_Handler:0000000000000000 $t
/var/folders/8c/gyvcglfx7f97kbqb2h83mm_r0000gn/T//cc02uSGT.s:49     .text.HardFault_Handler:0000000000000000 HardFault_Handler
/var/folders/8c/gyvcglfx7f97kbqb2h83mm_r0000gn/T//cc02uSGT.s:65     .text.MemManage_Handler:0000000000000000 $t
/var/folders/8c/gyvcglfx7f97kbqb2h83mm_r0000gn/T//cc02uSGT.s:73     .text.MemManage_Handler:0000000000000000 MemManage_Handler
/var/folders/8c/gyvcglfx7f97kbqb2h83mm_r0000gn/T//cc02uSGT.s:89     .text.BusFault_Handler:0000000000000000 $t
/var/folders/8c/gyvcglfx7f97kbqb2h83mm_r0000gn/T//cc02uSGT.s:97     .text.BusFault_Handler:0000000000000000 BusFault_Handler
/var/folders/8c/gyvcglfx7f97kbqb2h83mm_r0000gn/T//cc02uSGT.s:113    .text.UsageFault_Handler:0000000000000000 $t
/var/folders/8c/gyvcglfx7f97kbqb2h83mm_r0000gn/T//cc02uSGT.s:121    .text.UsageFault_Handler:0000000000000000 UsageFault_Handler
/var/folders/8c/gyvcglfx7f97kbqb2h83mm_r0000gn/T//cc02uSGT.s:137    .text.SVC_Handler:0000000000000000 $t
/var/folders/8c/gyvcglfx7f97kbqb2h83mm_r0000gn/T//cc02uSGT.s:145    .text.SVC_Handler:0000000000000000 SVC_Handler
/var/folders/8c/gyvcglfx7f97kbqb2h83mm_r0000gn/T//cc02uSGT.s:156    .text.DebugMon_Handler:0000000000000000 $t
/var/folders/8c/gyvcglfx7f97kbqb2h83mm_r0000gn/T//cc02uSGT.s:164    .text.DebugMon_Handler:0000000000000000 DebugMon_Handler
/var/folders/8c/gyvcglfx7f97kbqb2h83mm_r0000gn/T//cc02uSGT.s:175    .text.PendSV_Handler:0000000000000000 $t
/var/folders/8c/gyvcglfx7f97kbqb2h83mm_r0000gn/T//cc02uSGT.s:183    .text.PendSV_Handler:0000000000000000 PendSV_Handler
/var/folders/8c/gyvcglfx7f97kbqb2h83mm_r0000gn/T//cc02uSGT.s:194    .text.SysTick_Handler:0000000000000000 $t
/var/folders/8c/gyvcglfx7f97kbqb2h83mm_r0000gn/T//cc02uSGT.s:202    .text.SysTick_Handler:0000000000000000 SysTick_Handler
/var/folders/8c/gyvcglfx7f97kbqb2h83mm_r0000gn/T//cc02uSGT.s:232    .text.ADC1_2_IRQHandler:0000000000000000 $t
/var/folders/8c/gyvcglfx7f97kbqb2h83mm_r0000gn/T//cc02uSGT.s:240    .text.ADC1_2_IRQHandler:0000000000000000 ADC1_2_IRQHandler
/var/folders/8c/gyvcglfx7f97kbqb2h83mm_r0000gn/T//cc02uSGT.s:254    .text.ADC1_2_IRQHandler:0000000000000008 $d

UNDEFINED SYMBOLS
HAL_IncTick
HAL_SYSTICK_IRQHandler
HAL_ADC_IRQHandler
hadc1
