ARM GAS  /var/folders/8c/gyvcglfx7f97kbqb2h83mm_r0000gn/T//cc2le61i.s 			page 1


   1              		.cpu cortex-m4
   2              		.eabi_attribute 27, 1
   3              		.eabi_attribute 28, 1
   4              		.eabi_attribute 20, 1
   5              		.eabi_attribute 21, 1
   6              		.eabi_attribute 23, 3
   7              		.eabi_attribute 24, 1
   8              		.eabi_attribute 25, 1
   9              		.eabi_attribute 26, 1
  10              		.eabi_attribute 30, 2
  11              		.eabi_attribute 34, 1
  12              		.eabi_attribute 18, 4
  13              		.file	"stm32f3xx_hal_uart_ex.c"
  14              		.text
  15              	.Ltext0:
  16              		.cfi_sections	.debug_frame
  17              		.section	.text.HAL_RS485Ex_Init,"ax",%progbits
  18              		.align	1
  19              		.p2align 2,,3
  20              		.global	HAL_RS485Ex_Init
  21              		.arch armv7e-m
  22              		.syntax unified
  23              		.thumb
  24              		.thumb_func
  25              		.fpu fpv4-sp-d16
  27              	HAL_RS485Ex_Init:
  28              	.LVL0:
  29              	.LFB126:
  30              		.file 1 "Drivers/STM32F3xx_HAL_Driver/Src/stm32f3xx_hal_uart_ex.c"
   1:Drivers/STM32F3xx_HAL_Driver/Src/stm32f3xx_hal_uart_ex.c **** /**
   2:Drivers/STM32F3xx_HAL_Driver/Src/stm32f3xx_hal_uart_ex.c ****   ******************************************************************************
   3:Drivers/STM32F3xx_HAL_Driver/Src/stm32f3xx_hal_uart_ex.c ****   * @file    stm32f3xx_hal_uart_ex.c
   4:Drivers/STM32F3xx_HAL_Driver/Src/stm32f3xx_hal_uart_ex.c ****   * @author  MCD Application Team
   5:Drivers/STM32F3xx_HAL_Driver/Src/stm32f3xx_hal_uart_ex.c ****   * @brief   Extended UART HAL module driver.
   6:Drivers/STM32F3xx_HAL_Driver/Src/stm32f3xx_hal_uart_ex.c ****   *          This file provides firmware functions to manage the following extended
   7:Drivers/STM32F3xx_HAL_Driver/Src/stm32f3xx_hal_uart_ex.c ****   *          functionalities of the Universal Asynchronous Receiver Transmitter Peripheral (UART).
   8:Drivers/STM32F3xx_HAL_Driver/Src/stm32f3xx_hal_uart_ex.c ****   *           + Initialization and de-initialization functions
   9:Drivers/STM32F3xx_HAL_Driver/Src/stm32f3xx_hal_uart_ex.c ****   *           + Peripheral Control functions
  10:Drivers/STM32F3xx_HAL_Driver/Src/stm32f3xx_hal_uart_ex.c ****   *
  11:Drivers/STM32F3xx_HAL_Driver/Src/stm32f3xx_hal_uart_ex.c ****   *
  12:Drivers/STM32F3xx_HAL_Driver/Src/stm32f3xx_hal_uart_ex.c ****   @verbatim
  13:Drivers/STM32F3xx_HAL_Driver/Src/stm32f3xx_hal_uart_ex.c ****   ==============================================================================
  14:Drivers/STM32F3xx_HAL_Driver/Src/stm32f3xx_hal_uart_ex.c ****                ##### UART peripheral extended features  #####
  15:Drivers/STM32F3xx_HAL_Driver/Src/stm32f3xx_hal_uart_ex.c ****   ==============================================================================
  16:Drivers/STM32F3xx_HAL_Driver/Src/stm32f3xx_hal_uart_ex.c **** 
  17:Drivers/STM32F3xx_HAL_Driver/Src/stm32f3xx_hal_uart_ex.c ****     (#) Declare a UART_HandleTypeDef handle structure.
  18:Drivers/STM32F3xx_HAL_Driver/Src/stm32f3xx_hal_uart_ex.c **** 
  19:Drivers/STM32F3xx_HAL_Driver/Src/stm32f3xx_hal_uart_ex.c ****     (#) For the UART RS485 Driver Enable mode, initialize the UART registers
  20:Drivers/STM32F3xx_HAL_Driver/Src/stm32f3xx_hal_uart_ex.c ****         by calling the HAL_RS485Ex_Init() API.
  21:Drivers/STM32F3xx_HAL_Driver/Src/stm32f3xx_hal_uart_ex.c **** 
  22:Drivers/STM32F3xx_HAL_Driver/Src/stm32f3xx_hal_uart_ex.c **** 
  23:Drivers/STM32F3xx_HAL_Driver/Src/stm32f3xx_hal_uart_ex.c ****   @endverbatim
  24:Drivers/STM32F3xx_HAL_Driver/Src/stm32f3xx_hal_uart_ex.c ****   ******************************************************************************
  25:Drivers/STM32F3xx_HAL_Driver/Src/stm32f3xx_hal_uart_ex.c ****   * @attention
  26:Drivers/STM32F3xx_HAL_Driver/Src/stm32f3xx_hal_uart_ex.c ****   *
  27:Drivers/STM32F3xx_HAL_Driver/Src/stm32f3xx_hal_uart_ex.c ****   * <h2><center>&copy; COPYRIGHT(c) 2016 STMicroelectronics</center></h2>
  28:Drivers/STM32F3xx_HAL_Driver/Src/stm32f3xx_hal_uart_ex.c ****   *
ARM GAS  /var/folders/8c/gyvcglfx7f97kbqb2h83mm_r0000gn/T//cc2le61i.s 			page 2


  29:Drivers/STM32F3xx_HAL_Driver/Src/stm32f3xx_hal_uart_ex.c ****   * Redistribution and use in source and binary forms, with or without modification,
  30:Drivers/STM32F3xx_HAL_Driver/Src/stm32f3xx_hal_uart_ex.c ****   * are permitted provided that the following conditions are met:
  31:Drivers/STM32F3xx_HAL_Driver/Src/stm32f3xx_hal_uart_ex.c ****   *   1. Redistributions of source code must retain the above copyright notice,
  32:Drivers/STM32F3xx_HAL_Driver/Src/stm32f3xx_hal_uart_ex.c ****   *      this list of conditions and the following disclaimer.
  33:Drivers/STM32F3xx_HAL_Driver/Src/stm32f3xx_hal_uart_ex.c ****   *   2. Redistributions in binary form must reproduce the above copyright notice,
  34:Drivers/STM32F3xx_HAL_Driver/Src/stm32f3xx_hal_uart_ex.c ****   *      this list of conditions and the following disclaimer in the documentation
  35:Drivers/STM32F3xx_HAL_Driver/Src/stm32f3xx_hal_uart_ex.c ****   *      and/or other materials provided with the distribution.
  36:Drivers/STM32F3xx_HAL_Driver/Src/stm32f3xx_hal_uart_ex.c ****   *   3. Neither the name of STMicroelectronics nor the names of its contributors
  37:Drivers/STM32F3xx_HAL_Driver/Src/stm32f3xx_hal_uart_ex.c ****   *      may be used to endorse or promote products derived from this software
  38:Drivers/STM32F3xx_HAL_Driver/Src/stm32f3xx_hal_uart_ex.c ****   *      without specific prior written permission.
  39:Drivers/STM32F3xx_HAL_Driver/Src/stm32f3xx_hal_uart_ex.c ****   *
  40:Drivers/STM32F3xx_HAL_Driver/Src/stm32f3xx_hal_uart_ex.c ****   * THIS SOFTWARE IS PROVIDED BY THE COPYRIGHT HOLDERS AND CONTRIBUTORS "AS IS"
  41:Drivers/STM32F3xx_HAL_Driver/Src/stm32f3xx_hal_uart_ex.c ****   * AND ANY EXPRESS OR IMPLIED WARRANTIES, INCLUDING, BUT NOT LIMITED TO, THE
  42:Drivers/STM32F3xx_HAL_Driver/Src/stm32f3xx_hal_uart_ex.c ****   * IMPLIED WARRANTIES OF MERCHANTABILITY AND FITNESS FOR A PARTICULAR PURPOSE ARE
  43:Drivers/STM32F3xx_HAL_Driver/Src/stm32f3xx_hal_uart_ex.c ****   * DISCLAIMED. IN NO EVENT SHALL THE COPYRIGHT HOLDER OR CONTRIBUTORS BE LIABLE
  44:Drivers/STM32F3xx_HAL_Driver/Src/stm32f3xx_hal_uart_ex.c ****   * FOR ANY DIRECT, INDIRECT, INCIDENTAL, SPECIAL, EXEMPLARY, OR CONSEQUENTIAL
  45:Drivers/STM32F3xx_HAL_Driver/Src/stm32f3xx_hal_uart_ex.c ****   * DAMAGES (INCLUDING, BUT NOT LIMITED TO, PROCUREMENT OF SUBSTITUTE GOODS OR
  46:Drivers/STM32F3xx_HAL_Driver/Src/stm32f3xx_hal_uart_ex.c ****   * SERVICES; LOSS OF USE, DATA, OR PROFITS; OR BUSINESS INTERRUPTION) HOWEVER
  47:Drivers/STM32F3xx_HAL_Driver/Src/stm32f3xx_hal_uart_ex.c ****   * CAUSED AND ON ANY THEORY OF LIABILITY, WHETHER IN CONTRACT, STRICT LIABILITY,
  48:Drivers/STM32F3xx_HAL_Driver/Src/stm32f3xx_hal_uart_ex.c ****   * OR TORT (INCLUDING NEGLIGENCE OR OTHERWISE) ARISING IN ANY WAY OUT OF THE USE
  49:Drivers/STM32F3xx_HAL_Driver/Src/stm32f3xx_hal_uart_ex.c ****   * OF THIS SOFTWARE, EVEN IF ADVISED OF THE POSSIBILITY OF SUCH DAMAGE.
  50:Drivers/STM32F3xx_HAL_Driver/Src/stm32f3xx_hal_uart_ex.c ****   *
  51:Drivers/STM32F3xx_HAL_Driver/Src/stm32f3xx_hal_uart_ex.c ****   ******************************************************************************
  52:Drivers/STM32F3xx_HAL_Driver/Src/stm32f3xx_hal_uart_ex.c ****   */
  53:Drivers/STM32F3xx_HAL_Driver/Src/stm32f3xx_hal_uart_ex.c **** 
  54:Drivers/STM32F3xx_HAL_Driver/Src/stm32f3xx_hal_uart_ex.c **** /* Includes ------------------------------------------------------------------*/
  55:Drivers/STM32F3xx_HAL_Driver/Src/stm32f3xx_hal_uart_ex.c **** #include "stm32f3xx_hal.h"
  56:Drivers/STM32F3xx_HAL_Driver/Src/stm32f3xx_hal_uart_ex.c **** 
  57:Drivers/STM32F3xx_HAL_Driver/Src/stm32f3xx_hal_uart_ex.c **** /** @addtogroup STM32F3xx_HAL_Driver
  58:Drivers/STM32F3xx_HAL_Driver/Src/stm32f3xx_hal_uart_ex.c ****   * @{
  59:Drivers/STM32F3xx_HAL_Driver/Src/stm32f3xx_hal_uart_ex.c ****   */
  60:Drivers/STM32F3xx_HAL_Driver/Src/stm32f3xx_hal_uart_ex.c **** 
  61:Drivers/STM32F3xx_HAL_Driver/Src/stm32f3xx_hal_uart_ex.c **** /** @defgroup UARTEx UARTEx
  62:Drivers/STM32F3xx_HAL_Driver/Src/stm32f3xx_hal_uart_ex.c ****   * @brief UART Extension HAL module driver
  63:Drivers/STM32F3xx_HAL_Driver/Src/stm32f3xx_hal_uart_ex.c ****   * @{
  64:Drivers/STM32F3xx_HAL_Driver/Src/stm32f3xx_hal_uart_ex.c ****   */
  65:Drivers/STM32F3xx_HAL_Driver/Src/stm32f3xx_hal_uart_ex.c **** 
  66:Drivers/STM32F3xx_HAL_Driver/Src/stm32f3xx_hal_uart_ex.c **** #ifdef HAL_UART_MODULE_ENABLED
  67:Drivers/STM32F3xx_HAL_Driver/Src/stm32f3xx_hal_uart_ex.c **** 
  68:Drivers/STM32F3xx_HAL_Driver/Src/stm32f3xx_hal_uart_ex.c **** /* Private typedef -----------------------------------------------------------*/
  69:Drivers/STM32F3xx_HAL_Driver/Src/stm32f3xx_hal_uart_ex.c **** /* Private define ------------------------------------------------------------*/
  70:Drivers/STM32F3xx_HAL_Driver/Src/stm32f3xx_hal_uart_ex.c **** /* Private macros ------------------------------------------------------------*/
  71:Drivers/STM32F3xx_HAL_Driver/Src/stm32f3xx_hal_uart_ex.c **** /* Private variables ---------------------------------------------------------*/
  72:Drivers/STM32F3xx_HAL_Driver/Src/stm32f3xx_hal_uart_ex.c **** /* Private function prototypes -----------------------------------------------*/
  73:Drivers/STM32F3xx_HAL_Driver/Src/stm32f3xx_hal_uart_ex.c **** /* Exported functions --------------------------------------------------------*/
  74:Drivers/STM32F3xx_HAL_Driver/Src/stm32f3xx_hal_uart_ex.c **** 
  75:Drivers/STM32F3xx_HAL_Driver/Src/stm32f3xx_hal_uart_ex.c **** /** @defgroup UARTEx_Exported_Functions UARTEx Exported Functions
  76:Drivers/STM32F3xx_HAL_Driver/Src/stm32f3xx_hal_uart_ex.c ****   * @{
  77:Drivers/STM32F3xx_HAL_Driver/Src/stm32f3xx_hal_uart_ex.c ****   */
  78:Drivers/STM32F3xx_HAL_Driver/Src/stm32f3xx_hal_uart_ex.c **** 
  79:Drivers/STM32F3xx_HAL_Driver/Src/stm32f3xx_hal_uart_ex.c **** /** @defgroup UARTEx_Exported_Functions_Group1 Extended Initialization and de-initialization functi
  80:Drivers/STM32F3xx_HAL_Driver/Src/stm32f3xx_hal_uart_ex.c ****   * @brief    Extended Initialization and Configuration Functions
  81:Drivers/STM32F3xx_HAL_Driver/Src/stm32f3xx_hal_uart_ex.c ****   *
  82:Drivers/STM32F3xx_HAL_Driver/Src/stm32f3xx_hal_uart_ex.c **** @verbatim
  83:Drivers/STM32F3xx_HAL_Driver/Src/stm32f3xx_hal_uart_ex.c **** ===============================================================================
  84:Drivers/STM32F3xx_HAL_Driver/Src/stm32f3xx_hal_uart_ex.c ****             ##### Initialization and Configuration functions #####
  85:Drivers/STM32F3xx_HAL_Driver/Src/stm32f3xx_hal_uart_ex.c ****  ==============================================================================
ARM GAS  /var/folders/8c/gyvcglfx7f97kbqb2h83mm_r0000gn/T//cc2le61i.s 			page 3


  86:Drivers/STM32F3xx_HAL_Driver/Src/stm32f3xx_hal_uart_ex.c ****     [..]
  87:Drivers/STM32F3xx_HAL_Driver/Src/stm32f3xx_hal_uart_ex.c ****     This subsection provides a set of functions allowing to initialize the USARTx or the UARTy
  88:Drivers/STM32F3xx_HAL_Driver/Src/stm32f3xx_hal_uart_ex.c ****     in asynchronous mode.
  89:Drivers/STM32F3xx_HAL_Driver/Src/stm32f3xx_hal_uart_ex.c ****       (+) For the asynchronous mode the parameters below can be configured:
  90:Drivers/STM32F3xx_HAL_Driver/Src/stm32f3xx_hal_uart_ex.c ****         (++) Baud Rate
  91:Drivers/STM32F3xx_HAL_Driver/Src/stm32f3xx_hal_uart_ex.c ****         (++) Word Length (Fixed to 8-bits only for LIN mode)
  92:Drivers/STM32F3xx_HAL_Driver/Src/stm32f3xx_hal_uart_ex.c ****         (++) Stop Bit
  93:Drivers/STM32F3xx_HAL_Driver/Src/stm32f3xx_hal_uart_ex.c ****         (++) Parity
  94:Drivers/STM32F3xx_HAL_Driver/Src/stm32f3xx_hal_uart_ex.c ****         (++) Hardware flow control
  95:Drivers/STM32F3xx_HAL_Driver/Src/stm32f3xx_hal_uart_ex.c ****         (++) Receiver/transmitter modes
  96:Drivers/STM32F3xx_HAL_Driver/Src/stm32f3xx_hal_uart_ex.c ****         (++) Over Sampling Method
  97:Drivers/STM32F3xx_HAL_Driver/Src/stm32f3xx_hal_uart_ex.c ****         (++) One-Bit Sampling Method
  98:Drivers/STM32F3xx_HAL_Driver/Src/stm32f3xx_hal_uart_ex.c ****       (+) For the asynchronous mode, the following advanced features can be configured as well:
  99:Drivers/STM32F3xx_HAL_Driver/Src/stm32f3xx_hal_uart_ex.c ****         (++) TX and/or RX pin level inversion
 100:Drivers/STM32F3xx_HAL_Driver/Src/stm32f3xx_hal_uart_ex.c ****         (++) data logical level inversion
 101:Drivers/STM32F3xx_HAL_Driver/Src/stm32f3xx_hal_uart_ex.c ****         (++) RX and TX pins swap
 102:Drivers/STM32F3xx_HAL_Driver/Src/stm32f3xx_hal_uart_ex.c ****         (++) RX overrun detection disabling
 103:Drivers/STM32F3xx_HAL_Driver/Src/stm32f3xx_hal_uart_ex.c ****         (++) DMA disabling on RX error
 104:Drivers/STM32F3xx_HAL_Driver/Src/stm32f3xx_hal_uart_ex.c ****         (++) MSB first on communication line
 105:Drivers/STM32F3xx_HAL_Driver/Src/stm32f3xx_hal_uart_ex.c ****         (++) auto Baud rate detection
 106:Drivers/STM32F3xx_HAL_Driver/Src/stm32f3xx_hal_uart_ex.c ****     [..]
 107:Drivers/STM32F3xx_HAL_Driver/Src/stm32f3xx_hal_uart_ex.c ****     The HAL_RS485Ex_Init() API follows respectively the UART RS485 mode
 108:Drivers/STM32F3xx_HAL_Driver/Src/stm32f3xx_hal_uart_ex.c ****     configuration procedures (details for the procedures are available in reference manual).
 109:Drivers/STM32F3xx_HAL_Driver/Src/stm32f3xx_hal_uart_ex.c **** 
 110:Drivers/STM32F3xx_HAL_Driver/Src/stm32f3xx_hal_uart_ex.c **** @endverbatim
 111:Drivers/STM32F3xx_HAL_Driver/Src/stm32f3xx_hal_uart_ex.c ****   * @{
 112:Drivers/STM32F3xx_HAL_Driver/Src/stm32f3xx_hal_uart_ex.c ****   */
 113:Drivers/STM32F3xx_HAL_Driver/Src/stm32f3xx_hal_uart_ex.c **** 
 114:Drivers/STM32F3xx_HAL_Driver/Src/stm32f3xx_hal_uart_ex.c **** /*
 115:Drivers/STM32F3xx_HAL_Driver/Src/stm32f3xx_hal_uart_ex.c ****   Additional Table:  If the parity is enabled, then the MSB bit of the data written
 116:Drivers/STM32F3xx_HAL_Driver/Src/stm32f3xx_hal_uart_ex.c ****                      in the data register is transmitted but is changed by the parity bit.
 117:Drivers/STM32F3xx_HAL_Driver/Src/stm32f3xx_hal_uart_ex.c ****                      According to device capability (support or not of 7-bit word length),
 118:Drivers/STM32F3xx_HAL_Driver/Src/stm32f3xx_hal_uart_ex.c ****                      frame length is either defined by the M bit (8-bits or 9-bits)
 119:Drivers/STM32F3xx_HAL_Driver/Src/stm32f3xx_hal_uart_ex.c ****                      or by the M1 and M0 bits (7-bit, 8-bit or 9-bit).
 120:Drivers/STM32F3xx_HAL_Driver/Src/stm32f3xx_hal_uart_ex.c ****                      Possible UART frame formats are as listed in the following table:
 121:Drivers/STM32F3xx_HAL_Driver/Src/stm32f3xx_hal_uart_ex.c ****             
 122:Drivers/STM32F3xx_HAL_Driver/Src/stm32f3xx_hal_uart_ex.c ****       Table 1. UART frame format.             
 123:Drivers/STM32F3xx_HAL_Driver/Src/stm32f3xx_hal_uart_ex.c ****       +-----------------------------------------------------------------------+
 124:Drivers/STM32F3xx_HAL_Driver/Src/stm32f3xx_hal_uart_ex.c ****       |       M bit       |  PCE bit  |             UART frame                |
 125:Drivers/STM32F3xx_HAL_Driver/Src/stm32f3xx_hal_uart_ex.c ****       |-------------------|-----------|---------------------------------------|
 126:Drivers/STM32F3xx_HAL_Driver/Src/stm32f3xx_hal_uart_ex.c ****       |         0         |     0     |    | SB |    8-bit data   | STB |     |
 127:Drivers/STM32F3xx_HAL_Driver/Src/stm32f3xx_hal_uart_ex.c ****       |-------------------|-----------|---------------------------------------|
 128:Drivers/STM32F3xx_HAL_Driver/Src/stm32f3xx_hal_uart_ex.c ****       |         0         |     1     |    | SB | 7-bit data | PB | STB |     |
 129:Drivers/STM32F3xx_HAL_Driver/Src/stm32f3xx_hal_uart_ex.c ****       |-------------------|-----------|---------------------------------------|
 130:Drivers/STM32F3xx_HAL_Driver/Src/stm32f3xx_hal_uart_ex.c ****       |         1         |     0     |    | SB |    9-bit data   | STB |     |
 131:Drivers/STM32F3xx_HAL_Driver/Src/stm32f3xx_hal_uart_ex.c ****       |-------------------|-----------|---------------------------------------|
 132:Drivers/STM32F3xx_HAL_Driver/Src/stm32f3xx_hal_uart_ex.c ****       |         1         |     1     |    | SB | 8-bit data | PB | STB |     |
 133:Drivers/STM32F3xx_HAL_Driver/Src/stm32f3xx_hal_uart_ex.c ****       +-----------------------------------------------------------------------+
 134:Drivers/STM32F3xx_HAL_Driver/Src/stm32f3xx_hal_uart_ex.c ****       |  M1 bit |  M0 bit |  PCE bit  |             UART frame                |
 135:Drivers/STM32F3xx_HAL_Driver/Src/stm32f3xx_hal_uart_ex.c ****       |---------|---------|-----------|---------------------------------------|
 136:Drivers/STM32F3xx_HAL_Driver/Src/stm32f3xx_hal_uart_ex.c ****       |    0    |    0    |     0     |    | SB |    8 bit data   | STB |     |
 137:Drivers/STM32F3xx_HAL_Driver/Src/stm32f3xx_hal_uart_ex.c ****       |---------|---------|-----------|---------------------------------------|
 138:Drivers/STM32F3xx_HAL_Driver/Src/stm32f3xx_hal_uart_ex.c ****       |    0    |    0    |     1     |    | SB | 7 bit data | PB | STB |     |
 139:Drivers/STM32F3xx_HAL_Driver/Src/stm32f3xx_hal_uart_ex.c ****       |---------|---------|-----------|---------------------------------------|
 140:Drivers/STM32F3xx_HAL_Driver/Src/stm32f3xx_hal_uart_ex.c ****       |    0    |    1    |     0     |    | SB |    9 bit data   | STB |     |
 141:Drivers/STM32F3xx_HAL_Driver/Src/stm32f3xx_hal_uart_ex.c ****       |---------|---------|-----------|---------------------------------------|
 142:Drivers/STM32F3xx_HAL_Driver/Src/stm32f3xx_hal_uart_ex.c ****       |    0    |    1    |     1     |    | SB | 8 bit data | PB | STB |     |
ARM GAS  /var/folders/8c/gyvcglfx7f97kbqb2h83mm_r0000gn/T//cc2le61i.s 			page 4


 143:Drivers/STM32F3xx_HAL_Driver/Src/stm32f3xx_hal_uart_ex.c ****       |---------|---------|-----------|---------------------------------------|
 144:Drivers/STM32F3xx_HAL_Driver/Src/stm32f3xx_hal_uart_ex.c ****       |    1    |    0    |     0     |    | SB |    7 bit data   | STB |     |
 145:Drivers/STM32F3xx_HAL_Driver/Src/stm32f3xx_hal_uart_ex.c ****       |---------|---------|-----------|---------------------------------------|
 146:Drivers/STM32F3xx_HAL_Driver/Src/stm32f3xx_hal_uart_ex.c ****       |    1    |    0    |     1     |    | SB | 6 bit data | PB | STB |     |
 147:Drivers/STM32F3xx_HAL_Driver/Src/stm32f3xx_hal_uart_ex.c ****       +-----------------------------------------------------------------------+
 148:Drivers/STM32F3xx_HAL_Driver/Src/stm32f3xx_hal_uart_ex.c **** 
 149:Drivers/STM32F3xx_HAL_Driver/Src/stm32f3xx_hal_uart_ex.c **** */
 150:Drivers/STM32F3xx_HAL_Driver/Src/stm32f3xx_hal_uart_ex.c **** 
 151:Drivers/STM32F3xx_HAL_Driver/Src/stm32f3xx_hal_uart_ex.c **** /**
 152:Drivers/STM32F3xx_HAL_Driver/Src/stm32f3xx_hal_uart_ex.c ****   * @brief Initialize the RS485 Driver enable feature according to the specified
 153:Drivers/STM32F3xx_HAL_Driver/Src/stm32f3xx_hal_uart_ex.c ****   *         parameters in the UART_InitTypeDef and creates the associated handle.
 154:Drivers/STM32F3xx_HAL_Driver/Src/stm32f3xx_hal_uart_ex.c ****   * @param huart UART handle.
 155:Drivers/STM32F3xx_HAL_Driver/Src/stm32f3xx_hal_uart_ex.c ****   * @param Polarity select the driver enable polarity.
 156:Drivers/STM32F3xx_HAL_Driver/Src/stm32f3xx_hal_uart_ex.c ****   *        This parameter can be one of the following values:
 157:Drivers/STM32F3xx_HAL_Driver/Src/stm32f3xx_hal_uart_ex.c ****   *          @arg @ref UART_DE_POLARITY_HIGH DE signal is active high
 158:Drivers/STM32F3xx_HAL_Driver/Src/stm32f3xx_hal_uart_ex.c ****   *          @arg @ref UART_DE_POLARITY_LOW  DE signal is active low
 159:Drivers/STM32F3xx_HAL_Driver/Src/stm32f3xx_hal_uart_ex.c ****   * @param AssertionTime Driver Enable assertion time:
 160:Drivers/STM32F3xx_HAL_Driver/Src/stm32f3xx_hal_uart_ex.c ****   *                         5-bit value defining the time between the activation of the DE (Driver 
 161:Drivers/STM32F3xx_HAL_Driver/Src/stm32f3xx_hal_uart_ex.c ****   *                         signal and the beginning of the start bit. It is expressed in sample ti
 162:Drivers/STM32F3xx_HAL_Driver/Src/stm32f3xx_hal_uart_ex.c ****   *                         units (1/8 or 1/16 bit time, depending on the oversampling rate)
 163:Drivers/STM32F3xx_HAL_Driver/Src/stm32f3xx_hal_uart_ex.c ****   * @param DeassertionTime Driver Enable deassertion time:
 164:Drivers/STM32F3xx_HAL_Driver/Src/stm32f3xx_hal_uart_ex.c ****   *                         5-bit value defining the time between the end of the last stop bit, in 
 165:Drivers/STM32F3xx_HAL_Driver/Src/stm32f3xx_hal_uart_ex.c ****   *                         transmitted message, and the de-activation of the DE (Driver Enable) si
 166:Drivers/STM32F3xx_HAL_Driver/Src/stm32f3xx_hal_uart_ex.c ****   *                         It is expressed in sample time units (1/8 or 1/16 bit time, depending o
 167:Drivers/STM32F3xx_HAL_Driver/Src/stm32f3xx_hal_uart_ex.c ****   *                         oversampling rate).
 168:Drivers/STM32F3xx_HAL_Driver/Src/stm32f3xx_hal_uart_ex.c ****   * @retval HAL status
 169:Drivers/STM32F3xx_HAL_Driver/Src/stm32f3xx_hal_uart_ex.c ****   */
 170:Drivers/STM32F3xx_HAL_Driver/Src/stm32f3xx_hal_uart_ex.c **** HAL_StatusTypeDef HAL_RS485Ex_Init(UART_HandleTypeDef *huart, uint32_t Polarity, uint32_t Assertion
 171:Drivers/STM32F3xx_HAL_Driver/Src/stm32f3xx_hal_uart_ex.c **** {
  31              		.loc 1 171 1 view -0
  32              		.cfi_startproc
  33              		@ args = 0, pretend = 0, frame = 0
  34              		@ frame_needed = 0, uses_anonymous_args = 0
 172:Drivers/STM32F3xx_HAL_Driver/Src/stm32f3xx_hal_uart_ex.c ****   uint32_t temp = 0x0U;
  35              		.loc 1 172 3 view .LVU1
 173:Drivers/STM32F3xx_HAL_Driver/Src/stm32f3xx_hal_uart_ex.c **** 
 174:Drivers/STM32F3xx_HAL_Driver/Src/stm32f3xx_hal_uart_ex.c ****   /* Check the UART handle allocation */
 175:Drivers/STM32F3xx_HAL_Driver/Src/stm32f3xx_hal_uart_ex.c ****   if(huart == NULL)
  36              		.loc 1 175 3 view .LVU2
  37              		.loc 1 175 5 is_stmt 0 view .LVU3
  38 0000 0028     		cmp	r0, #0
  39 0002 44D0     		beq	.L14
 176:Drivers/STM32F3xx_HAL_Driver/Src/stm32f3xx_hal_uart_ex.c ****   {
 177:Drivers/STM32F3xx_HAL_Driver/Src/stm32f3xx_hal_uart_ex.c ****     return HAL_ERROR;
 178:Drivers/STM32F3xx_HAL_Driver/Src/stm32f3xx_hal_uart_ex.c ****   }
 179:Drivers/STM32F3xx_HAL_Driver/Src/stm32f3xx_hal_uart_ex.c ****   /* Check the Driver Enable UART instance */
 180:Drivers/STM32F3xx_HAL_Driver/Src/stm32f3xx_hal_uart_ex.c ****   assert_param(IS_UART_DRIVER_ENABLE_INSTANCE(huart->Instance));
  40              		.loc 1 180 3 is_stmt 1 view .LVU4
 181:Drivers/STM32F3xx_HAL_Driver/Src/stm32f3xx_hal_uart_ex.c **** 
 182:Drivers/STM32F3xx_HAL_Driver/Src/stm32f3xx_hal_uart_ex.c ****   /* Check the Driver Enable polarity */
 183:Drivers/STM32F3xx_HAL_Driver/Src/stm32f3xx_hal_uart_ex.c ****   assert_param(IS_UART_DE_POLARITY(Polarity));
  41              		.loc 1 183 3 view .LVU5
 184:Drivers/STM32F3xx_HAL_Driver/Src/stm32f3xx_hal_uart_ex.c **** 
 185:Drivers/STM32F3xx_HAL_Driver/Src/stm32f3xx_hal_uart_ex.c ****   /* Check the Driver Enable assertion time */
 186:Drivers/STM32F3xx_HAL_Driver/Src/stm32f3xx_hal_uart_ex.c ****   assert_param(IS_UART_ASSERTIONTIME(AssertionTime));
  42              		.loc 1 186 3 view .LVU6
 187:Drivers/STM32F3xx_HAL_Driver/Src/stm32f3xx_hal_uart_ex.c **** 
ARM GAS  /var/folders/8c/gyvcglfx7f97kbqb2h83mm_r0000gn/T//cc2le61i.s 			page 5


 188:Drivers/STM32F3xx_HAL_Driver/Src/stm32f3xx_hal_uart_ex.c ****   /* Check the Driver Enable deassertion time */
 189:Drivers/STM32F3xx_HAL_Driver/Src/stm32f3xx_hal_uart_ex.c ****   assert_param(IS_UART_DEASSERTIONTIME(DeassertionTime));
  43              		.loc 1 189 3 view .LVU7
 190:Drivers/STM32F3xx_HAL_Driver/Src/stm32f3xx_hal_uart_ex.c **** 
 191:Drivers/STM32F3xx_HAL_Driver/Src/stm32f3xx_hal_uart_ex.c ****   if(huart->gState == HAL_UART_STATE_RESET)
  44              		.loc 1 191 3 view .LVU8
 171:Drivers/STM32F3xx_HAL_Driver/Src/stm32f3xx_hal_uart_ex.c ****   uint32_t temp = 0x0U;
  45              		.loc 1 171 1 is_stmt 0 view .LVU9
  46 0004 2DE9F041 		push	{r4, r5, r6, r7, r8, lr}
  47              	.LCFI0:
  48              		.cfi_def_cfa_offset 24
  49              		.cfi_offset 4, -24
  50              		.cfi_offset 5, -20
  51              		.cfi_offset 6, -16
  52              		.cfi_offset 7, -12
  53              		.cfi_offset 8, -8
  54              		.cfi_offset 14, -4
  55 0008 1D46     		mov	r5, r3
  56              		.loc 1 191 11 view .LVU10
  57 000a 90F86930 		ldrb	r3, [r0, #105]	@ zero_extendqisi2
  58              	.LVL1:
  59              		.loc 1 191 11 view .LVU11
  60 000e 1746     		mov	r7, r2
  61 0010 0446     		mov	r4, r0
  62 0012 8846     		mov	r8, r1
  63              		.loc 1 191 5 view .LVU12
  64 0014 03F0FF02 		and	r2, r3, #255
  65              	.LVL2:
  66              		.loc 1 191 5 view .LVU13
  67 0018 002B     		cmp	r3, #0
  68 001a 33D0     		beq	.L18
  69              	.LVL3:
  70              	.L4:
 192:Drivers/STM32F3xx_HAL_Driver/Src/stm32f3xx_hal_uart_ex.c ****   {
 193:Drivers/STM32F3xx_HAL_Driver/Src/stm32f3xx_hal_uart_ex.c ****     /* Allocate lock resource and initialize it */
 194:Drivers/STM32F3xx_HAL_Driver/Src/stm32f3xx_hal_uart_ex.c ****     huart->Lock = HAL_UNLOCKED;
 195:Drivers/STM32F3xx_HAL_Driver/Src/stm32f3xx_hal_uart_ex.c **** 
 196:Drivers/STM32F3xx_HAL_Driver/Src/stm32f3xx_hal_uart_ex.c ****     /* Init the low level hardware : GPIO, CLOCK, CORTEX */
 197:Drivers/STM32F3xx_HAL_Driver/Src/stm32f3xx_hal_uart_ex.c ****     HAL_UART_MspInit(huart);
 198:Drivers/STM32F3xx_HAL_Driver/Src/stm32f3xx_hal_uart_ex.c ****   }
 199:Drivers/STM32F3xx_HAL_Driver/Src/stm32f3xx_hal_uart_ex.c **** 
 200:Drivers/STM32F3xx_HAL_Driver/Src/stm32f3xx_hal_uart_ex.c ****   huart->gState = HAL_UART_STATE_BUSY;
  71              		.loc 1 200 3 is_stmt 1 view .LVU14
 201:Drivers/STM32F3xx_HAL_Driver/Src/stm32f3xx_hal_uart_ex.c **** 
 202:Drivers/STM32F3xx_HAL_Driver/Src/stm32f3xx_hal_uart_ex.c ****   /* Disable the Peripheral */
 203:Drivers/STM32F3xx_HAL_Driver/Src/stm32f3xx_hal_uart_ex.c ****   __HAL_UART_DISABLE(huart);
  72              		.loc 1 203 3 is_stmt 0 view .LVU15
  73 001c 2268     		ldr	r2, [r4]
 200:Drivers/STM32F3xx_HAL_Driver/Src/stm32f3xx_hal_uart_ex.c **** 
  74              		.loc 1 200 17 view .LVU16
  75 001e 2423     		movs	r3, #36
  76 0020 84F86930 		strb	r3, [r4, #105]
  77              		.loc 1 203 3 is_stmt 1 view .LVU17
  78 0024 1368     		ldr	r3, [r2]
  79 0026 23F00103 		bic	r3, r3, #1
  80 002a 1360     		str	r3, [r2]
 204:Drivers/STM32F3xx_HAL_Driver/Src/stm32f3xx_hal_uart_ex.c **** 
ARM GAS  /var/folders/8c/gyvcglfx7f97kbqb2h83mm_r0000gn/T//cc2le61i.s 			page 6


 205:Drivers/STM32F3xx_HAL_Driver/Src/stm32f3xx_hal_uart_ex.c ****   /* Set the UART Communication parameters */
 206:Drivers/STM32F3xx_HAL_Driver/Src/stm32f3xx_hal_uart_ex.c ****   if (UART_SetConfig(huart) == HAL_ERROR)
  81              		.loc 1 206 3 view .LVU18
  82              		.loc 1 206 7 is_stmt 0 view .LVU19
  83 002c 2046     		mov	r0, r4
  84 002e FFF7FEFF 		bl	UART_SetConfig
  85              	.LVL4:
  86              		.loc 1 206 6 view .LVU20
  87 0032 0128     		cmp	r0, #1
  88 0034 23D0     		beq	.L3
 207:Drivers/STM32F3xx_HAL_Driver/Src/stm32f3xx_hal_uart_ex.c ****   {
 208:Drivers/STM32F3xx_HAL_Driver/Src/stm32f3xx_hal_uart_ex.c ****     return HAL_ERROR;
 209:Drivers/STM32F3xx_HAL_Driver/Src/stm32f3xx_hal_uart_ex.c ****   }
 210:Drivers/STM32F3xx_HAL_Driver/Src/stm32f3xx_hal_uart_ex.c **** 
 211:Drivers/STM32F3xx_HAL_Driver/Src/stm32f3xx_hal_uart_ex.c ****   if(huart->AdvancedInit.AdvFeatureInit != UART_ADVFEATURE_NO_INIT)
  89              		.loc 1 211 3 is_stmt 1 view .LVU21
  90              		.loc 1 211 5 is_stmt 0 view .LVU22
  91 0036 636A     		ldr	r3, [r4, #36]
  92 0038 EBB9     		cbnz	r3, .L19
  93              	.L6:
 212:Drivers/STM32F3xx_HAL_Driver/Src/stm32f3xx_hal_uart_ex.c ****   {
 213:Drivers/STM32F3xx_HAL_Driver/Src/stm32f3xx_hal_uart_ex.c ****     UART_AdvFeatureConfig(huart);
 214:Drivers/STM32F3xx_HAL_Driver/Src/stm32f3xx_hal_uart_ex.c ****   }
 215:Drivers/STM32F3xx_HAL_Driver/Src/stm32f3xx_hal_uart_ex.c **** 
 216:Drivers/STM32F3xx_HAL_Driver/Src/stm32f3xx_hal_uart_ex.c ****   /* Enable the Driver Enable mode by setting the DEM bit in the CR3 register */
 217:Drivers/STM32F3xx_HAL_Driver/Src/stm32f3xx_hal_uart_ex.c ****   SET_BIT(huart->Instance->CR3, USART_CR3_DEM);
  94              		.loc 1 217 3 is_stmt 1 view .LVU23
  95 003a 2668     		ldr	r6, [r4]
  96 003c B368     		ldr	r3, [r6, #8]
  97 003e 43F48043 		orr	r3, r3, #16384
  98 0042 B360     		str	r3, [r6, #8]
 218:Drivers/STM32F3xx_HAL_Driver/Src/stm32f3xx_hal_uart_ex.c **** 
 219:Drivers/STM32F3xx_HAL_Driver/Src/stm32f3xx_hal_uart_ex.c ****   /* Set the Driver Enable polarity */
 220:Drivers/STM32F3xx_HAL_Driver/Src/stm32f3xx_hal_uart_ex.c ****   MODIFY_REG(huart->Instance->CR3, USART_CR3_DEP, Polarity);
  99              		.loc 1 220 3 view .LVU24
 100 0044 B368     		ldr	r3, [r6, #8]
 101 0046 23F40043 		bic	r3, r3, #32768
 102 004a 43EA0803 		orr	r3, r3, r8
 103 004e B360     		str	r3, [r6, #8]
 221:Drivers/STM32F3xx_HAL_Driver/Src/stm32f3xx_hal_uart_ex.c **** 
 222:Drivers/STM32F3xx_HAL_Driver/Src/stm32f3xx_hal_uart_ex.c ****   /* Set the Driver Enable assertion and deassertion times */
 223:Drivers/STM32F3xx_HAL_Driver/Src/stm32f3xx_hal_uart_ex.c ****   temp = (AssertionTime << UART_CR1_DEAT_ADDRESS_LSB_POS);
 104              		.loc 1 223 3 view .LVU25
 105              	.LVL5:
 224:Drivers/STM32F3xx_HAL_Driver/Src/stm32f3xx_hal_uart_ex.c ****   temp |= (DeassertionTime << UART_CR1_DEDT_ADDRESS_LSB_POS);
 106              		.loc 1 224 3 view .LVU26
 225:Drivers/STM32F3xx_HAL_Driver/Src/stm32f3xx_hal_uart_ex.c ****   MODIFY_REG(huart->Instance->CR1, (USART_CR1_DEDT|USART_CR1_DEAT), temp);
 107              		.loc 1 225 3 view .LVU27
 108 0050 3368     		ldr	r3, [r6]
 224:Drivers/STM32F3xx_HAL_Driver/Src/stm32f3xx_hal_uart_ex.c ****   temp |= (DeassertionTime << UART_CR1_DEDT_ADDRESS_LSB_POS);
 109              		.loc 1 224 28 is_stmt 0 view .LVU28
 110 0052 2D04     		lsls	r5, r5, #16
 111              	.LVL6:
 112              		.loc 1 225 3 view .LVU29
 113 0054 23F07F73 		bic	r3, r3, #66846720
 224:Drivers/STM32F3xx_HAL_Driver/Src/stm32f3xx_hal_uart_ex.c ****   temp |= (DeassertionTime << UART_CR1_DEDT_ADDRESS_LSB_POS);
 114              		.loc 1 224 8 view .LVU30
ARM GAS  /var/folders/8c/gyvcglfx7f97kbqb2h83mm_r0000gn/T//cc2le61i.s 			page 7


 115 0058 45EA4755 		orr	r5, r5, r7, lsl #21
 116              	.LVL7:
 117              		.loc 1 225 3 view .LVU31
 118 005c 23F44033 		bic	r3, r3, #196608
 119 0060 1D43     		orrs	r5, r5, r3
 120              	.LVL8:
 121              		.loc 1 225 3 view .LVU32
 122 0062 3560     		str	r5, [r6]
 226:Drivers/STM32F3xx_HAL_Driver/Src/stm32f3xx_hal_uart_ex.c **** 
 227:Drivers/STM32F3xx_HAL_Driver/Src/stm32f3xx_hal_uart_ex.c ****   /* Enable the Peripheral */
 228:Drivers/STM32F3xx_HAL_Driver/Src/stm32f3xx_hal_uart_ex.c ****   __HAL_UART_ENABLE(huart);
 123              		.loc 1 228 3 is_stmt 1 view .LVU33
 124 0064 3368     		ldr	r3, [r6]
 125 0066 43F00103 		orr	r3, r3, #1
 229:Drivers/STM32F3xx_HAL_Driver/Src/stm32f3xx_hal_uart_ex.c **** 
 230:Drivers/STM32F3xx_HAL_Driver/Src/stm32f3xx_hal_uart_ex.c ****   /* TEACK and/or REACK to check before moving huart->gState and huart->RxState to Ready */
 231:Drivers/STM32F3xx_HAL_Driver/Src/stm32f3xx_hal_uart_ex.c ****   return (UART_CheckIdleState(huart));
 126              		.loc 1 231 11 is_stmt 0 view .LVU34
 127 006a 2046     		mov	r0, r4
 228:Drivers/STM32F3xx_HAL_Driver/Src/stm32f3xx_hal_uart_ex.c **** 
 128              		.loc 1 228 3 view .LVU35
 129 006c 3360     		str	r3, [r6]
 130              		.loc 1 231 3 is_stmt 1 view .LVU36
 232:Drivers/STM32F3xx_HAL_Driver/Src/stm32f3xx_hal_uart_ex.c **** }
 131              		.loc 1 232 1 is_stmt 0 view .LVU37
 132 006e BDE8F041 		pop	{r4, r5, r6, r7, r8, lr}
 133              	.LCFI1:
 134              		.cfi_remember_state
 135              		.cfi_restore 14
 136              		.cfi_restore 8
 137              		.cfi_restore 7
 138              		.cfi_restore 6
 139              		.cfi_restore 5
 140              		.cfi_restore 4
 141              		.cfi_def_cfa_offset 0
 142              	.LVL9:
 231:Drivers/STM32F3xx_HAL_Driver/Src/stm32f3xx_hal_uart_ex.c **** }
 143              		.loc 1 231 11 view .LVU38
 144 0072 FFF7FEBF 		b	UART_CheckIdleState
 145              	.LVL10:
 146              	.L19:
 147              	.LCFI2:
 148              		.cfi_restore_state
 213:Drivers/STM32F3xx_HAL_Driver/Src/stm32f3xx_hal_uart_ex.c ****   }
 149              		.loc 1 213 5 is_stmt 1 view .LVU39
 150 0076 2046     		mov	r0, r4
 151 0078 FFF7FEFF 		bl	UART_AdvFeatureConfig
 152              	.LVL11:
 153 007c DDE7     		b	.L6
 154              	.L3:
 155              		.loc 1 232 1 is_stmt 0 view .LVU40
 156 007e 0120     		movs	r0, #1
 157 0080 BDE8F081 		pop	{r4, r5, r6, r7, r8, pc}
 158              	.LVL12:
 159              	.L18:
 194:Drivers/STM32F3xx_HAL_Driver/Src/stm32f3xx_hal_uart_ex.c **** 
 160              		.loc 1 194 5 is_stmt 1 view .LVU41
ARM GAS  /var/folders/8c/gyvcglfx7f97kbqb2h83mm_r0000gn/T//cc2le61i.s 			page 8


 194:Drivers/STM32F3xx_HAL_Driver/Src/stm32f3xx_hal_uart_ex.c **** 
 161              		.loc 1 194 17 is_stmt 0 view .LVU42
 162 0084 80F86820 		strb	r2, [r0, #104]
 197:Drivers/STM32F3xx_HAL_Driver/Src/stm32f3xx_hal_uart_ex.c ****   }
 163              		.loc 1 197 5 is_stmt 1 view .LVU43
 164 0088 FFF7FEFF 		bl	HAL_UART_MspInit
 165              	.LVL13:
 197:Drivers/STM32F3xx_HAL_Driver/Src/stm32f3xx_hal_uart_ex.c ****   }
 166              		.loc 1 197 5 is_stmt 0 view .LVU44
 167 008c C6E7     		b	.L4
 168              	.LVL14:
 169              	.L14:
 170              	.LCFI3:
 171              		.cfi_def_cfa_offset 0
 172              		.cfi_restore 4
 173              		.cfi_restore 5
 174              		.cfi_restore 6
 175              		.cfi_restore 7
 176              		.cfi_restore 8
 177              		.cfi_restore 14
 178              		.loc 1 232 1 view .LVU45
 179 008e 0120     		movs	r0, #1
 180              	.LVL15:
 181              		.loc 1 232 1 view .LVU46
 182 0090 7047     		bx	lr
 183              		.cfi_endproc
 184              	.LFE126:
 186 0092 00BF     		.section	.text.HAL_UARTEx_WakeupCallback,"ax",%progbits
 187              		.align	1
 188              		.p2align 2,,3
 189              		.weak	HAL_UARTEx_WakeupCallback
 190              		.syntax unified
 191              		.thumb
 192              		.thumb_func
 193              		.fpu fpv4-sp-d16
 195              	HAL_UARTEx_WakeupCallback:
 196              	.LVL16:
 197              	.LFB127:
 233:Drivers/STM32F3xx_HAL_Driver/Src/stm32f3xx_hal_uart_ex.c **** 
 234:Drivers/STM32F3xx_HAL_Driver/Src/stm32f3xx_hal_uart_ex.c **** 
 235:Drivers/STM32F3xx_HAL_Driver/Src/stm32f3xx_hal_uart_ex.c **** /**
 236:Drivers/STM32F3xx_HAL_Driver/Src/stm32f3xx_hal_uart_ex.c ****   * @}
 237:Drivers/STM32F3xx_HAL_Driver/Src/stm32f3xx_hal_uart_ex.c ****   */
 238:Drivers/STM32F3xx_HAL_Driver/Src/stm32f3xx_hal_uart_ex.c **** 
 239:Drivers/STM32F3xx_HAL_Driver/Src/stm32f3xx_hal_uart_ex.c **** /** @defgroup UARTEx_Exported_Functions_Group2 Extended IO operation function 
 240:Drivers/STM32F3xx_HAL_Driver/Src/stm32f3xx_hal_uart_ex.c ****   * @brief    Extended UART Interrupt handling function 
 241:Drivers/STM32F3xx_HAL_Driver/Src/stm32f3xx_hal_uart_ex.c ****   *
 242:Drivers/STM32F3xx_HAL_Driver/Src/stm32f3xx_hal_uart_ex.c **** @verbatim
 243:Drivers/STM32F3xx_HAL_Driver/Src/stm32f3xx_hal_uart_ex.c ****  ===============================================================================
 244:Drivers/STM32F3xx_HAL_Driver/Src/stm32f3xx_hal_uart_ex.c ****                       ##### IO operation function #####
 245:Drivers/STM32F3xx_HAL_Driver/Src/stm32f3xx_hal_uart_ex.c ****  ===============================================================================
 246:Drivers/STM32F3xx_HAL_Driver/Src/stm32f3xx_hal_uart_ex.c ****     [..]
 247:Drivers/STM32F3xx_HAL_Driver/Src/stm32f3xx_hal_uart_ex.c ****     This subsection provides functions allowing to manage the UART interrupts
 248:Drivers/STM32F3xx_HAL_Driver/Src/stm32f3xx_hal_uart_ex.c ****     and to handle Wake up interrupt call-back.
 249:Drivers/STM32F3xx_HAL_Driver/Src/stm32f3xx_hal_uart_ex.c ****         
 250:Drivers/STM32F3xx_HAL_Driver/Src/stm32f3xx_hal_uart_ex.c ****     (#) Callback provided in No_Blocking mode:
 251:Drivers/STM32F3xx_HAL_Driver/Src/stm32f3xx_hal_uart_ex.c ****         (++) HAL_UARTEx_WakeupCallback()
ARM GAS  /var/folders/8c/gyvcglfx7f97kbqb2h83mm_r0000gn/T//cc2le61i.s 			page 9


 252:Drivers/STM32F3xx_HAL_Driver/Src/stm32f3xx_hal_uart_ex.c **** 
 253:Drivers/STM32F3xx_HAL_Driver/Src/stm32f3xx_hal_uart_ex.c **** @endverbatim
 254:Drivers/STM32F3xx_HAL_Driver/Src/stm32f3xx_hal_uart_ex.c ****   * @{
 255:Drivers/STM32F3xx_HAL_Driver/Src/stm32f3xx_hal_uart_ex.c ****   */
 256:Drivers/STM32F3xx_HAL_Driver/Src/stm32f3xx_hal_uart_ex.c **** 
 257:Drivers/STM32F3xx_HAL_Driver/Src/stm32f3xx_hal_uart_ex.c **** 
 258:Drivers/STM32F3xx_HAL_Driver/Src/stm32f3xx_hal_uart_ex.c **** /**
 259:Drivers/STM32F3xx_HAL_Driver/Src/stm32f3xx_hal_uart_ex.c ****   * @brief  UART wakeup from Stop mode callback.
 260:Drivers/STM32F3xx_HAL_Driver/Src/stm32f3xx_hal_uart_ex.c ****   * @param  huart UART handle.
 261:Drivers/STM32F3xx_HAL_Driver/Src/stm32f3xx_hal_uart_ex.c ****   * @retval None
 262:Drivers/STM32F3xx_HAL_Driver/Src/stm32f3xx_hal_uart_ex.c ****   */
 263:Drivers/STM32F3xx_HAL_Driver/Src/stm32f3xx_hal_uart_ex.c **** __weak void HAL_UARTEx_WakeupCallback(UART_HandleTypeDef *huart)
 264:Drivers/STM32F3xx_HAL_Driver/Src/stm32f3xx_hal_uart_ex.c **** {
 198              		.loc 1 264 1 is_stmt 1 view -0
 199              		.cfi_startproc
 200              		@ args = 0, pretend = 0, frame = 0
 201              		@ frame_needed = 0, uses_anonymous_args = 0
 202              		@ link register save eliminated.
 265:Drivers/STM32F3xx_HAL_Driver/Src/stm32f3xx_hal_uart_ex.c ****   /* Prevent unused argument(s) compilation warning */
 266:Drivers/STM32F3xx_HAL_Driver/Src/stm32f3xx_hal_uart_ex.c ****   UNUSED(huart);
 203              		.loc 1 266 3 view .LVU48
 267:Drivers/STM32F3xx_HAL_Driver/Src/stm32f3xx_hal_uart_ex.c **** 
 268:Drivers/STM32F3xx_HAL_Driver/Src/stm32f3xx_hal_uart_ex.c ****   /* NOTE : This function should not be modified, when the callback is needed,
 269:Drivers/STM32F3xx_HAL_Driver/Src/stm32f3xx_hal_uart_ex.c ****             the HAL_UARTEx_WakeupCallback can be implemented in the user file.
 270:Drivers/STM32F3xx_HAL_Driver/Src/stm32f3xx_hal_uart_ex.c ****    */
 271:Drivers/STM32F3xx_HAL_Driver/Src/stm32f3xx_hal_uart_ex.c **** }
 204              		.loc 1 271 1 is_stmt 0 view .LVU49
 205 0000 7047     		bx	lr
 206              		.cfi_endproc
 207              	.LFE127:
 209 0002 00BF     		.section	.text.HAL_UARTEx_StopModeWakeUpSourceConfig,"ax",%progbits
 210              		.align	1
 211              		.p2align 2,,3
 212              		.global	HAL_UARTEx_StopModeWakeUpSourceConfig
 213              		.syntax unified
 214              		.thumb
 215              		.thumb_func
 216              		.fpu fpv4-sp-d16
 218              	HAL_UARTEx_StopModeWakeUpSourceConfig:
 219              	.LVL17:
 220              	.LFB128:
 272:Drivers/STM32F3xx_HAL_Driver/Src/stm32f3xx_hal_uart_ex.c **** 
 273:Drivers/STM32F3xx_HAL_Driver/Src/stm32f3xx_hal_uart_ex.c **** /**
 274:Drivers/STM32F3xx_HAL_Driver/Src/stm32f3xx_hal_uart_ex.c ****   * @}
 275:Drivers/STM32F3xx_HAL_Driver/Src/stm32f3xx_hal_uart_ex.c ****   */
 276:Drivers/STM32F3xx_HAL_Driver/Src/stm32f3xx_hal_uart_ex.c **** 
 277:Drivers/STM32F3xx_HAL_Driver/Src/stm32f3xx_hal_uart_ex.c **** 
 278:Drivers/STM32F3xx_HAL_Driver/Src/stm32f3xx_hal_uart_ex.c **** /** @defgroup UARTEx_Exported_Functions_Group3 Extended Peripheral Control functions
 279:Drivers/STM32F3xx_HAL_Driver/Src/stm32f3xx_hal_uart_ex.c ****   * @brief    Extended Peripheral Control functions
 280:Drivers/STM32F3xx_HAL_Driver/Src/stm32f3xx_hal_uart_ex.c ****   *
 281:Drivers/STM32F3xx_HAL_Driver/Src/stm32f3xx_hal_uart_ex.c **** @verbatim
 282:Drivers/STM32F3xx_HAL_Driver/Src/stm32f3xx_hal_uart_ex.c ****  ===============================================================================
 283:Drivers/STM32F3xx_HAL_Driver/Src/stm32f3xx_hal_uart_ex.c ****                       ##### Peripheral Control functions #####
 284:Drivers/STM32F3xx_HAL_Driver/Src/stm32f3xx_hal_uart_ex.c ****  ===============================================================================
 285:Drivers/STM32F3xx_HAL_Driver/Src/stm32f3xx_hal_uart_ex.c ****     [..]
 286:Drivers/STM32F3xx_HAL_Driver/Src/stm32f3xx_hal_uart_ex.c ****     This subsection provides extended functions allowing to control the UART.         
 287:Drivers/STM32F3xx_HAL_Driver/Src/stm32f3xx_hal_uart_ex.c ****      (+) HAL_UARTEx_StopModeWakeUpSourceConfig() API sets Wakeup from Stop mode interrupt flag sele
ARM GAS  /var/folders/8c/gyvcglfx7f97kbqb2h83mm_r0000gn/T//cc2le61i.s 			page 10


 288:Drivers/STM32F3xx_HAL_Driver/Src/stm32f3xx_hal_uart_ex.c ****      (+) HAL_UARTEx_EnableStopMode() API allows the UART to wake up the MCU from Stop mode as 
 289:Drivers/STM32F3xx_HAL_Driver/Src/stm32f3xx_hal_uart_ex.c ****          long as UART clock is HSI or LSE 
 290:Drivers/STM32F3xx_HAL_Driver/Src/stm32f3xx_hal_uart_ex.c ****      (+) HAL_UARTEx_DisableStopMode() API disables the above feature 
 291:Drivers/STM32F3xx_HAL_Driver/Src/stm32f3xx_hal_uart_ex.c ****      (+) HAL_MultiProcessorEx_AddressLength_Set() API optionally sets the UART node address
 292:Drivers/STM32F3xx_HAL_Driver/Src/stm32f3xx_hal_uart_ex.c ****          detection length to more than 4 bits for multiprocessor address mark wake up.
 293:Drivers/STM32F3xx_HAL_Driver/Src/stm32f3xx_hal_uart_ex.c **** @endverbatim
 294:Drivers/STM32F3xx_HAL_Driver/Src/stm32f3xx_hal_uart_ex.c ****   * @{
 295:Drivers/STM32F3xx_HAL_Driver/Src/stm32f3xx_hal_uart_ex.c ****   */
 296:Drivers/STM32F3xx_HAL_Driver/Src/stm32f3xx_hal_uart_ex.c **** 
 297:Drivers/STM32F3xx_HAL_Driver/Src/stm32f3xx_hal_uart_ex.c **** /**
 298:Drivers/STM32F3xx_HAL_Driver/Src/stm32f3xx_hal_uart_ex.c ****   * @brief Set Wakeup from Stop mode interrupt flag selection.
 299:Drivers/STM32F3xx_HAL_Driver/Src/stm32f3xx_hal_uart_ex.c ****   * @param huart UART handle.
 300:Drivers/STM32F3xx_HAL_Driver/Src/stm32f3xx_hal_uart_ex.c ****   * @param WakeUpSelection address match, Start Bit detection or RXNE bit status.
 301:Drivers/STM32F3xx_HAL_Driver/Src/stm32f3xx_hal_uart_ex.c ****   * This parameter can be one of the following values:
 302:Drivers/STM32F3xx_HAL_Driver/Src/stm32f3xx_hal_uart_ex.c ****   *      @arg @ref UART_WAKEUP_ON_ADDRESS
 303:Drivers/STM32F3xx_HAL_Driver/Src/stm32f3xx_hal_uart_ex.c ****   *      @arg @ref UART_WAKEUP_ON_STARTBIT
 304:Drivers/STM32F3xx_HAL_Driver/Src/stm32f3xx_hal_uart_ex.c ****   *      @arg @ref UART_WAKEUP_ON_READDATA_NONEMPTY
 305:Drivers/STM32F3xx_HAL_Driver/Src/stm32f3xx_hal_uart_ex.c ****   * @retval HAL status
 306:Drivers/STM32F3xx_HAL_Driver/Src/stm32f3xx_hal_uart_ex.c ****   */
 307:Drivers/STM32F3xx_HAL_Driver/Src/stm32f3xx_hal_uart_ex.c **** HAL_StatusTypeDef HAL_UARTEx_StopModeWakeUpSourceConfig(UART_HandleTypeDef *huart, UART_WakeUpTypeD
 308:Drivers/STM32F3xx_HAL_Driver/Src/stm32f3xx_hal_uart_ex.c **** {
 221              		.loc 1 308 1 is_stmt 1 view -0
 222              		.cfi_startproc
 223              		@ args = 0, pretend = 0, frame = 8
 224              		@ frame_needed = 0, uses_anonymous_args = 0
 225              		.loc 1 308 1 is_stmt 0 view .LVU51
 226 0000 70B5     		push	{r4, r5, r6, lr}
 227              	.LCFI4:
 228              		.cfi_def_cfa_offset 16
 229              		.cfi_offset 4, -16
 230              		.cfi_offset 5, -12
 231              		.cfi_offset 6, -8
 232              		.cfi_offset 14, -4
 309:Drivers/STM32F3xx_HAL_Driver/Src/stm32f3xx_hal_uart_ex.c ****   HAL_StatusTypeDef status = HAL_OK;
 310:Drivers/STM32F3xx_HAL_Driver/Src/stm32f3xx_hal_uart_ex.c ****   uint32_t tickstart = 0U;
 311:Drivers/STM32F3xx_HAL_Driver/Src/stm32f3xx_hal_uart_ex.c **** 
 312:Drivers/STM32F3xx_HAL_Driver/Src/stm32f3xx_hal_uart_ex.c ****   /* check the wake-up from stop mode UART instance */
 313:Drivers/STM32F3xx_HAL_Driver/Src/stm32f3xx_hal_uart_ex.c ****   assert_param(IS_UART_WAKEUP_FROMSTOP_INSTANCE(huart->Instance));
 314:Drivers/STM32F3xx_HAL_Driver/Src/stm32f3xx_hal_uart_ex.c ****   /* check the wake-up selection parameter */
 315:Drivers/STM32F3xx_HAL_Driver/Src/stm32f3xx_hal_uart_ex.c ****   assert_param(IS_UART_WAKEUP_SELECTION(WakeUpSelection.WakeUpEvent));
 316:Drivers/STM32F3xx_HAL_Driver/Src/stm32f3xx_hal_uart_ex.c **** 
 317:Drivers/STM32F3xx_HAL_Driver/Src/stm32f3xx_hal_uart_ex.c ****   /* Process Locked */
 318:Drivers/STM32F3xx_HAL_Driver/Src/stm32f3xx_hal_uart_ex.c ****   __HAL_LOCK(huart);
 233              		.loc 1 318 3 view .LVU52
 234 0002 90F86830 		ldrb	r3, [r0, #104]	@ zero_extendqisi2
 235              	.LVL18:
 309:Drivers/STM32F3xx_HAL_Driver/Src/stm32f3xx_hal_uart_ex.c ****   HAL_StatusTypeDef status = HAL_OK;
 236              		.loc 1 309 3 is_stmt 1 view .LVU53
 310:Drivers/STM32F3xx_HAL_Driver/Src/stm32f3xx_hal_uart_ex.c **** 
 237              		.loc 1 310 3 view .LVU54
 313:Drivers/STM32F3xx_HAL_Driver/Src/stm32f3xx_hal_uart_ex.c ****   /* check the wake-up selection parameter */
 238              		.loc 1 313 3 view .LVU55
 315:Drivers/STM32F3xx_HAL_Driver/Src/stm32f3xx_hal_uart_ex.c **** 
 239              		.loc 1 315 3 view .LVU56
 240              		.loc 1 318 3 view .LVU57
 241              		.loc 1 318 3 view .LVU58
 308:Drivers/STM32F3xx_HAL_Driver/Src/stm32f3xx_hal_uart_ex.c ****   HAL_StatusTypeDef status = HAL_OK;
ARM GAS  /var/folders/8c/gyvcglfx7f97kbqb2h83mm_r0000gn/T//cc2le61i.s 			page 11


 242              		.loc 1 308 1 is_stmt 0 view .LVU59
 243 0006 84B0     		sub	sp, sp, #16
 244              	.LCFI5:
 245              		.cfi_def_cfa_offset 32
 308:Drivers/STM32F3xx_HAL_Driver/Src/stm32f3xx_hal_uart_ex.c ****   HAL_StatusTypeDef status = HAL_OK;
 246              		.loc 1 308 1 view .LVU60
 247 0008 02AD     		add	r5, sp, #8
 248              		.loc 1 318 3 view .LVU61
 249 000a 012B     		cmp	r3, #1
 308:Drivers/STM32F3xx_HAL_Driver/Src/stm32f3xx_hal_uart_ex.c ****   HAL_StatusTypeDef status = HAL_OK;
 250              		.loc 1 308 1 view .LVU62
 251 000c 85E80600 		stm	r5, {r1, r2}
 252              		.loc 1 318 3 view .LVU63
 253 0010 32D0     		beq	.L25
 254              		.loc 1 318 3 is_stmt 1 discriminator 2 view .LVU64
 319:Drivers/STM32F3xx_HAL_Driver/Src/stm32f3xx_hal_uart_ex.c **** 
 320:Drivers/STM32F3xx_HAL_Driver/Src/stm32f3xx_hal_uart_ex.c ****   huart->gState = HAL_UART_STATE_BUSY;
 321:Drivers/STM32F3xx_HAL_Driver/Src/stm32f3xx_hal_uart_ex.c **** 
 322:Drivers/STM32F3xx_HAL_Driver/Src/stm32f3xx_hal_uart_ex.c ****   /* Disable the Peripheral */
 323:Drivers/STM32F3xx_HAL_Driver/Src/stm32f3xx_hal_uart_ex.c ****   __HAL_UART_DISABLE(huart);
 255              		.loc 1 323 3 is_stmt 0 discriminator 2 view .LVU65
 256 0012 0368     		ldr	r3, [r0]
 320:Drivers/STM32F3xx_HAL_Driver/Src/stm32f3xx_hal_uart_ex.c **** 
 257              		.loc 1 320 17 discriminator 2 view .LVU66
 258 0014 2422     		movs	r2, #36
 259 0016 80F86920 		strb	r2, [r0, #105]
 260              		.loc 1 323 3 discriminator 2 view .LVU67
 261 001a 1A68     		ldr	r2, [r3]
 318:Drivers/STM32F3xx_HAL_Driver/Src/stm32f3xx_hal_uart_ex.c **** 
 262              		.loc 1 318 3 discriminator 2 view .LVU68
 263 001c 0126     		movs	r6, #1
 264              		.loc 1 323 3 discriminator 2 view .LVU69
 265 001e 22F00102 		bic	r2, r2, #1
 318:Drivers/STM32F3xx_HAL_Driver/Src/stm32f3xx_hal_uart_ex.c **** 
 266              		.loc 1 318 3 discriminator 2 view .LVU70
 267 0022 80F86860 		strb	r6, [r0, #104]
 320:Drivers/STM32F3xx_HAL_Driver/Src/stm32f3xx_hal_uart_ex.c **** 
 268              		.loc 1 320 3 is_stmt 1 discriminator 2 view .LVU71
 269              		.loc 1 323 3 discriminator 2 view .LVU72
 270 0026 1A60     		str	r2, [r3]
 324:Drivers/STM32F3xx_HAL_Driver/Src/stm32f3xx_hal_uart_ex.c **** 
 325:Drivers/STM32F3xx_HAL_Driver/Src/stm32f3xx_hal_uart_ex.c ****   /* Set the wake-up selection scheme */
 326:Drivers/STM32F3xx_HAL_Driver/Src/stm32f3xx_hal_uart_ex.c ****   MODIFY_REG(huart->Instance->CR3, USART_CR3_WUS, WakeUpSelection.WakeUpEvent);
 271              		.loc 1 326 3 discriminator 2 view .LVU73
 272 0028 9A68     		ldr	r2, [r3, #8]
 273 002a 22F44012 		bic	r2, r2, #3145728
 274 002e 0A43     		orrs	r2, r2, r1
 275 0030 0446     		mov	r4, r0
 276 0032 9A60     		str	r2, [r3, #8]
 327:Drivers/STM32F3xx_HAL_Driver/Src/stm32f3xx_hal_uart_ex.c **** 
 328:Drivers/STM32F3xx_HAL_Driver/Src/stm32f3xx_hal_uart_ex.c ****   if (WakeUpSelection.WakeUpEvent == UART_WAKEUP_ON_ADDRESS)
 277              		.loc 1 328 3 discriminator 2 view .LVU74
 278              		.loc 1 328 6 is_stmt 0 discriminator 2 view .LVU75
 279 0034 D1B1     		cbz	r1, .L28
 280              	.LVL19:
 281              	.L23:
 329:Drivers/STM32F3xx_HAL_Driver/Src/stm32f3xx_hal_uart_ex.c ****   {
ARM GAS  /var/folders/8c/gyvcglfx7f97kbqb2h83mm_r0000gn/T//cc2le61i.s 			page 12


 330:Drivers/STM32F3xx_HAL_Driver/Src/stm32f3xx_hal_uart_ex.c ****     UART_Wakeup_AddressConfig(huart, WakeUpSelection);
 331:Drivers/STM32F3xx_HAL_Driver/Src/stm32f3xx_hal_uart_ex.c ****   }
 332:Drivers/STM32F3xx_HAL_Driver/Src/stm32f3xx_hal_uart_ex.c **** 
 333:Drivers/STM32F3xx_HAL_Driver/Src/stm32f3xx_hal_uart_ex.c ****   /* Enable the Peripheral */
 334:Drivers/STM32F3xx_HAL_Driver/Src/stm32f3xx_hal_uart_ex.c ****   __HAL_UART_ENABLE(huart);
 282              		.loc 1 334 3 is_stmt 1 view .LVU76
 283 0036 1A68     		ldr	r2, [r3]
 284 0038 42F00102 		orr	r2, r2, #1
 285 003c 1A60     		str	r2, [r3]
 335:Drivers/STM32F3xx_HAL_Driver/Src/stm32f3xx_hal_uart_ex.c **** 
 336:Drivers/STM32F3xx_HAL_Driver/Src/stm32f3xx_hal_uart_ex.c ****   /* Init tickstart for timeout managment*/
 337:Drivers/STM32F3xx_HAL_Driver/Src/stm32f3xx_hal_uart_ex.c ****   tickstart = HAL_GetTick();
 286              		.loc 1 337 3 view .LVU77
 287              		.loc 1 337 15 is_stmt 0 view .LVU78
 288 003e FFF7FEFF 		bl	HAL_GetTick
 289              	.LVL20:
 338:Drivers/STM32F3xx_HAL_Driver/Src/stm32f3xx_hal_uart_ex.c **** 
 339:Drivers/STM32F3xx_HAL_Driver/Src/stm32f3xx_hal_uart_ex.c ****   /* Wait until REACK flag is set */
 340:Drivers/STM32F3xx_HAL_Driver/Src/stm32f3xx_hal_uart_ex.c ****   if(UART_WaitOnFlagUntilTimeout(huart, USART_ISR_REACK, RESET, tickstart, HAL_UART_TIMEOUT_VALUE) 
 290              		.loc 1 340 3 is_stmt 1 view .LVU79
 291              		.loc 1 340 6 is_stmt 0 view .LVU80
 292 0042 6FF07E42 		mvn	r2, #-33554432
 293 0046 0346     		mov	r3, r0
 294 0048 0092     		str	r2, [sp]
 295 004a 4FF48001 		mov	r1, #4194304
 296 004e 0022     		movs	r2, #0
 297 0050 2046     		mov	r0, r4
 298              	.LVL21:
 299              		.loc 1 340 6 view .LVU81
 300 0052 FFF7FEFF 		bl	UART_WaitOnFlagUntilTimeout
 301              	.LVL22:
 302              		.loc 1 340 5 view .LVU82
 303 0056 38B9     		cbnz	r0, .L26
 341:Drivers/STM32F3xx_HAL_Driver/Src/stm32f3xx_hal_uart_ex.c ****   {
 342:Drivers/STM32F3xx_HAL_Driver/Src/stm32f3xx_hal_uart_ex.c ****     status = HAL_TIMEOUT;
 343:Drivers/STM32F3xx_HAL_Driver/Src/stm32f3xx_hal_uart_ex.c ****   }
 344:Drivers/STM32F3xx_HAL_Driver/Src/stm32f3xx_hal_uart_ex.c ****   else
 345:Drivers/STM32F3xx_HAL_Driver/Src/stm32f3xx_hal_uart_ex.c ****   {
 346:Drivers/STM32F3xx_HAL_Driver/Src/stm32f3xx_hal_uart_ex.c ****     /* Initialize the UART State */
 347:Drivers/STM32F3xx_HAL_Driver/Src/stm32f3xx_hal_uart_ex.c ****     huart->gState = HAL_UART_STATE_READY;
 304              		.loc 1 347 5 is_stmt 1 view .LVU83
 305              		.loc 1 347 19 is_stmt 0 view .LVU84
 306 0058 2023     		movs	r3, #32
 307 005a 84F86930 		strb	r3, [r4, #105]
 308              	.L24:
 309              	.LVL23:
 348:Drivers/STM32F3xx_HAL_Driver/Src/stm32f3xx_hal_uart_ex.c ****   }
 349:Drivers/STM32F3xx_HAL_Driver/Src/stm32f3xx_hal_uart_ex.c **** 
 350:Drivers/STM32F3xx_HAL_Driver/Src/stm32f3xx_hal_uart_ex.c ****   /* Process Unlocked */
 351:Drivers/STM32F3xx_HAL_Driver/Src/stm32f3xx_hal_uart_ex.c ****   __HAL_UNLOCK(huart);
 310              		.loc 1 351 3 is_stmt 1 view .LVU85
 311              		.loc 1 351 3 view .LVU86
 312 005e 0023     		movs	r3, #0
 313 0060 84F86830 		strb	r3, [r4, #104]
 352:Drivers/STM32F3xx_HAL_Driver/Src/stm32f3xx_hal_uart_ex.c **** 
 353:Drivers/STM32F3xx_HAL_Driver/Src/stm32f3xx_hal_uart_ex.c ****   return status;
 314              		.loc 1 353 3 view .LVU87
ARM GAS  /var/folders/8c/gyvcglfx7f97kbqb2h83mm_r0000gn/T//cc2le61i.s 			page 13


 354:Drivers/STM32F3xx_HAL_Driver/Src/stm32f3xx_hal_uart_ex.c **** }
 315              		.loc 1 354 1 is_stmt 0 view .LVU88
 316 0064 04B0     		add	sp, sp, #16
 317              	.LCFI6:
 318              		.cfi_remember_state
 319              		.cfi_def_cfa_offset 16
 320              		@ sp needed
 321 0066 70BD     		pop	{r4, r5, r6, pc}
 322              	.LVL24:
 323              	.L26:
 324              	.LCFI7:
 325              		.cfi_restore_state
 342:Drivers/STM32F3xx_HAL_Driver/Src/stm32f3xx_hal_uart_ex.c ****   }
 326              		.loc 1 342 12 view .LVU89
 327 0068 0320     		movs	r0, #3
 328 006a F8E7     		b	.L24
 329              	.LVL25:
 330              	.L28:
 330:Drivers/STM32F3xx_HAL_Driver/Src/stm32f3xx_hal_uart_ex.c ****   }
 331              		.loc 1 330 5 is_stmt 1 view .LVU90
 332 006c 95E80600 		ldm	r5, {r1, r2}
 333              	.LVL26:
 330:Drivers/STM32F3xx_HAL_Driver/Src/stm32f3xx_hal_uart_ex.c ****   }
 334              		.loc 1 330 5 is_stmt 0 view .LVU91
 335 0070 FFF7FEFF 		bl	UART_Wakeup_AddressConfig
 336              	.LVL27:
 330:Drivers/STM32F3xx_HAL_Driver/Src/stm32f3xx_hal_uart_ex.c ****   }
 337              		.loc 1 330 5 view .LVU92
 338 0074 2368     		ldr	r3, [r4]
 339 0076 DEE7     		b	.L23
 340              	.LVL28:
 341              	.L25:
 318:Drivers/STM32F3xx_HAL_Driver/Src/stm32f3xx_hal_uart_ex.c **** 
 342              		.loc 1 318 3 view .LVU93
 343 0078 0220     		movs	r0, #2
 344              	.LVL29:
 345              		.loc 1 354 1 view .LVU94
 346 007a 04B0     		add	sp, sp, #16
 347              	.LCFI8:
 348              		.cfi_def_cfa_offset 16
 349              		@ sp needed
 350 007c 70BD     		pop	{r4, r5, r6, pc}
 351              		.cfi_endproc
 352              	.LFE128:
 354 007e 00BF     		.section	.text.HAL_UARTEx_EnableStopMode,"ax",%progbits
 355              		.align	1
 356              		.p2align 2,,3
 357              		.global	HAL_UARTEx_EnableStopMode
 358              		.syntax unified
 359              		.thumb
 360              		.thumb_func
 361              		.fpu fpv4-sp-d16
 363              	HAL_UARTEx_EnableStopMode:
 364              	.LVL30:
 365              	.LFB129:
 355:Drivers/STM32F3xx_HAL_Driver/Src/stm32f3xx_hal_uart_ex.c **** 
 356:Drivers/STM32F3xx_HAL_Driver/Src/stm32f3xx_hal_uart_ex.c **** 
ARM GAS  /var/folders/8c/gyvcglfx7f97kbqb2h83mm_r0000gn/T//cc2le61i.s 			page 14


 357:Drivers/STM32F3xx_HAL_Driver/Src/stm32f3xx_hal_uart_ex.c **** /**
 358:Drivers/STM32F3xx_HAL_Driver/Src/stm32f3xx_hal_uart_ex.c ****   * @brief Enable UART Stop Mode.
 359:Drivers/STM32F3xx_HAL_Driver/Src/stm32f3xx_hal_uart_ex.c ****   * @note  The UART is able to wake up the MCU from Stop mode as long as UART clock is HSI or LSE.
 360:Drivers/STM32F3xx_HAL_Driver/Src/stm32f3xx_hal_uart_ex.c ****   * @param huart UART handle.
 361:Drivers/STM32F3xx_HAL_Driver/Src/stm32f3xx_hal_uart_ex.c ****   * @retval HAL status
 362:Drivers/STM32F3xx_HAL_Driver/Src/stm32f3xx_hal_uart_ex.c ****   */
 363:Drivers/STM32F3xx_HAL_Driver/Src/stm32f3xx_hal_uart_ex.c **** HAL_StatusTypeDef HAL_UARTEx_EnableStopMode(UART_HandleTypeDef *huart)
 364:Drivers/STM32F3xx_HAL_Driver/Src/stm32f3xx_hal_uart_ex.c **** {
 366              		.loc 1 364 1 is_stmt 1 view -0
 367              		.cfi_startproc
 368              		@ args = 0, pretend = 0, frame = 0
 369              		@ frame_needed = 0, uses_anonymous_args = 0
 370              		@ link register save eliminated.
 365:Drivers/STM32F3xx_HAL_Driver/Src/stm32f3xx_hal_uart_ex.c ****   /* Check parameter */
 366:Drivers/STM32F3xx_HAL_Driver/Src/stm32f3xx_hal_uart_ex.c ****   assert_param(IS_UART_WAKEUP_FROMSTOP_INSTANCE(huart->Instance));
 371              		.loc 1 366 3 view .LVU96
 367:Drivers/STM32F3xx_HAL_Driver/Src/stm32f3xx_hal_uart_ex.c **** 
 368:Drivers/STM32F3xx_HAL_Driver/Src/stm32f3xx_hal_uart_ex.c ****   /* Process Locked */
 369:Drivers/STM32F3xx_HAL_Driver/Src/stm32f3xx_hal_uart_ex.c ****   __HAL_LOCK(huart);
 372              		.loc 1 369 3 view .LVU97
 373              		.loc 1 369 3 view .LVU98
 374 0000 90F86820 		ldrb	r2, [r0, #104]	@ zero_extendqisi2
 375 0004 012A     		cmp	r2, #1
 376 0006 13D0     		beq	.L31
 377 0008 0346     		mov	r3, r0
 378              		.loc 1 369 3 discriminator 2 view .LVU99
 370:Drivers/STM32F3xx_HAL_Driver/Src/stm32f3xx_hal_uart_ex.c **** 
 371:Drivers/STM32F3xx_HAL_Driver/Src/stm32f3xx_hal_uart_ex.c ****   huart->gState = HAL_UART_STATE_BUSY;
 379              		.loc 1 371 3 discriminator 2 view .LVU100
 380              		.loc 1 371 17 is_stmt 0 discriminator 2 view .LVU101
 381 000a 2422     		movs	r2, #36
 372:Drivers/STM32F3xx_HAL_Driver/Src/stm32f3xx_hal_uart_ex.c **** 
 373:Drivers/STM32F3xx_HAL_Driver/Src/stm32f3xx_hal_uart_ex.c ****   /* Set UESM bit */
 374:Drivers/STM32F3xx_HAL_Driver/Src/stm32f3xx_hal_uart_ex.c ****   SET_BIT(huart->Instance->CR1, USART_CR1_UESM);
 382              		.loc 1 374 3 discriminator 2 view .LVU102
 383 000c 0068     		ldr	r0, [r0]
 384              	.LVL31:
 364:Drivers/STM32F3xx_HAL_Driver/Src/stm32f3xx_hal_uart_ex.c ****   /* Check parameter */
 385              		.loc 1 364 1 discriminator 2 view .LVU103
 386 000e 10B4     		push	{r4}
 387              	.LCFI9:
 388              		.cfi_def_cfa_offset 4
 389              		.cfi_offset 4, -4
 371:Drivers/STM32F3xx_HAL_Driver/Src/stm32f3xx_hal_uart_ex.c **** 
 390              		.loc 1 371 17 discriminator 2 view .LVU104
 391 0010 83F86920 		strb	r2, [r3, #105]
 392              		.loc 1 374 3 is_stmt 1 discriminator 2 view .LVU105
 393 0014 0268     		ldr	r2, [r0]
 375:Drivers/STM32F3xx_HAL_Driver/Src/stm32f3xx_hal_uart_ex.c **** 
 376:Drivers/STM32F3xx_HAL_Driver/Src/stm32f3xx_hal_uart_ex.c ****   huart->gState = HAL_UART_STATE_READY;
 394              		.loc 1 376 17 is_stmt 0 discriminator 2 view .LVU106
 395 0016 2024     		movs	r4, #32
 377:Drivers/STM32F3xx_HAL_Driver/Src/stm32f3xx_hal_uart_ex.c **** 
 378:Drivers/STM32F3xx_HAL_Driver/Src/stm32f3xx_hal_uart_ex.c ****   /* Process Unlocked */
 379:Drivers/STM32F3xx_HAL_Driver/Src/stm32f3xx_hal_uart_ex.c ****   __HAL_UNLOCK(huart);
 396              		.loc 1 379 3 discriminator 2 view .LVU107
 397 0018 0021     		movs	r1, #0
ARM GAS  /var/folders/8c/gyvcglfx7f97kbqb2h83mm_r0000gn/T//cc2le61i.s 			page 15


 374:Drivers/STM32F3xx_HAL_Driver/Src/stm32f3xx_hal_uart_ex.c **** 
 398              		.loc 1 374 3 discriminator 2 view .LVU108
 399 001a 42F00202 		orr	r2, r2, #2
 400 001e 0260     		str	r2, [r0]
 376:Drivers/STM32F3xx_HAL_Driver/Src/stm32f3xx_hal_uart_ex.c **** 
 401              		.loc 1 376 3 is_stmt 1 discriminator 2 view .LVU109
 380:Drivers/STM32F3xx_HAL_Driver/Src/stm32f3xx_hal_uart_ex.c **** 
 381:Drivers/STM32F3xx_HAL_Driver/Src/stm32f3xx_hal_uart_ex.c ****   return HAL_OK;
 402              		.loc 1 381 10 is_stmt 0 discriminator 2 view .LVU110
 403 0020 0846     		mov	r0, r1
 376:Drivers/STM32F3xx_HAL_Driver/Src/stm32f3xx_hal_uart_ex.c **** 
 404              		.loc 1 376 17 discriminator 2 view .LVU111
 405 0022 83F86940 		strb	r4, [r3, #105]
 379:Drivers/STM32F3xx_HAL_Driver/Src/stm32f3xx_hal_uart_ex.c **** 
 406              		.loc 1 379 3 is_stmt 1 discriminator 2 view .LVU112
 379:Drivers/STM32F3xx_HAL_Driver/Src/stm32f3xx_hal_uart_ex.c **** 
 407              		.loc 1 379 3 discriminator 2 view .LVU113
 408 0026 83F86810 		strb	r1, [r3, #104]
 409              		.loc 1 381 3 discriminator 2 view .LVU114
 382:Drivers/STM32F3xx_HAL_Driver/Src/stm32f3xx_hal_uart_ex.c **** }
 410              		.loc 1 382 1 is_stmt 0 discriminator 2 view .LVU115
 411 002a 5DF8044B 		ldr	r4, [sp], #4
 412              	.LCFI10:
 413              		.cfi_restore 4
 414              		.cfi_def_cfa_offset 0
 415 002e 7047     		bx	lr
 416              	.LVL32:
 417              	.L31:
 369:Drivers/STM32F3xx_HAL_Driver/Src/stm32f3xx_hal_uart_ex.c **** 
 418              		.loc 1 369 3 view .LVU116
 419 0030 0220     		movs	r0, #2
 420              	.LVL33:
 421              		.loc 1 382 1 view .LVU117
 422 0032 7047     		bx	lr
 423              		.cfi_endproc
 424              	.LFE129:
 426              		.section	.text.HAL_UARTEx_DisableStopMode,"ax",%progbits
 427              		.align	1
 428              		.p2align 2,,3
 429              		.global	HAL_UARTEx_DisableStopMode
 430              		.syntax unified
 431              		.thumb
 432              		.thumb_func
 433              		.fpu fpv4-sp-d16
 435              	HAL_UARTEx_DisableStopMode:
 436              	.LVL34:
 437              	.LFB130:
 383:Drivers/STM32F3xx_HAL_Driver/Src/stm32f3xx_hal_uart_ex.c **** 
 384:Drivers/STM32F3xx_HAL_Driver/Src/stm32f3xx_hal_uart_ex.c **** /**
 385:Drivers/STM32F3xx_HAL_Driver/Src/stm32f3xx_hal_uart_ex.c ****   * @brief Disable UART Stop Mode.
 386:Drivers/STM32F3xx_HAL_Driver/Src/stm32f3xx_hal_uart_ex.c ****   * @param huart UART handle.
 387:Drivers/STM32F3xx_HAL_Driver/Src/stm32f3xx_hal_uart_ex.c ****   * @retval HAL status
 388:Drivers/STM32F3xx_HAL_Driver/Src/stm32f3xx_hal_uart_ex.c ****   */
 389:Drivers/STM32F3xx_HAL_Driver/Src/stm32f3xx_hal_uart_ex.c **** HAL_StatusTypeDef HAL_UARTEx_DisableStopMode(UART_HandleTypeDef *huart)
 390:Drivers/STM32F3xx_HAL_Driver/Src/stm32f3xx_hal_uart_ex.c **** {
 438              		.loc 1 390 1 is_stmt 1 view -0
 439              		.cfi_startproc
ARM GAS  /var/folders/8c/gyvcglfx7f97kbqb2h83mm_r0000gn/T//cc2le61i.s 			page 16


 440              		@ args = 0, pretend = 0, frame = 0
 441              		@ frame_needed = 0, uses_anonymous_args = 0
 442              		@ link register save eliminated.
 391:Drivers/STM32F3xx_HAL_Driver/Src/stm32f3xx_hal_uart_ex.c ****   /* Check parameter */
 392:Drivers/STM32F3xx_HAL_Driver/Src/stm32f3xx_hal_uart_ex.c ****   assert_param(IS_UART_WAKEUP_FROMSTOP_INSTANCE(huart->Instance));
 443              		.loc 1 392 3 view .LVU119
 393:Drivers/STM32F3xx_HAL_Driver/Src/stm32f3xx_hal_uart_ex.c **** 
 394:Drivers/STM32F3xx_HAL_Driver/Src/stm32f3xx_hal_uart_ex.c ****   /* Process Locked */
 395:Drivers/STM32F3xx_HAL_Driver/Src/stm32f3xx_hal_uart_ex.c ****   __HAL_LOCK(huart);
 444              		.loc 1 395 3 view .LVU120
 445              		.loc 1 395 3 view .LVU121
 446 0000 90F86820 		ldrb	r2, [r0, #104]	@ zero_extendqisi2
 447 0004 012A     		cmp	r2, #1
 448 0006 13D0     		beq	.L38
 449 0008 0346     		mov	r3, r0
 450              		.loc 1 395 3 discriminator 2 view .LVU122
 396:Drivers/STM32F3xx_HAL_Driver/Src/stm32f3xx_hal_uart_ex.c **** 
 397:Drivers/STM32F3xx_HAL_Driver/Src/stm32f3xx_hal_uart_ex.c ****   huart->gState = HAL_UART_STATE_BUSY;
 451              		.loc 1 397 3 discriminator 2 view .LVU123
 452              		.loc 1 397 17 is_stmt 0 discriminator 2 view .LVU124
 453 000a 2422     		movs	r2, #36
 398:Drivers/STM32F3xx_HAL_Driver/Src/stm32f3xx_hal_uart_ex.c **** 
 399:Drivers/STM32F3xx_HAL_Driver/Src/stm32f3xx_hal_uart_ex.c ****   /* Clear UESM bit */
 400:Drivers/STM32F3xx_HAL_Driver/Src/stm32f3xx_hal_uart_ex.c ****   CLEAR_BIT(huart->Instance->CR1, USART_CR1_UESM);
 454              		.loc 1 400 3 discriminator 2 view .LVU125
 455 000c 0068     		ldr	r0, [r0]
 456              	.LVL35:
 390:Drivers/STM32F3xx_HAL_Driver/Src/stm32f3xx_hal_uart_ex.c ****   /* Check parameter */
 457              		.loc 1 390 1 discriminator 2 view .LVU126
 458 000e 10B4     		push	{r4}
 459              	.LCFI11:
 460              		.cfi_def_cfa_offset 4
 461              		.cfi_offset 4, -4
 397:Drivers/STM32F3xx_HAL_Driver/Src/stm32f3xx_hal_uart_ex.c **** 
 462              		.loc 1 397 17 discriminator 2 view .LVU127
 463 0010 83F86920 		strb	r2, [r3, #105]
 464              		.loc 1 400 3 is_stmt 1 discriminator 2 view .LVU128
 465 0014 0268     		ldr	r2, [r0]
 401:Drivers/STM32F3xx_HAL_Driver/Src/stm32f3xx_hal_uart_ex.c **** 
 402:Drivers/STM32F3xx_HAL_Driver/Src/stm32f3xx_hal_uart_ex.c ****   huart->gState = HAL_UART_STATE_READY;
 466              		.loc 1 402 17 is_stmt 0 discriminator 2 view .LVU129
 467 0016 2024     		movs	r4, #32
 403:Drivers/STM32F3xx_HAL_Driver/Src/stm32f3xx_hal_uart_ex.c **** 
 404:Drivers/STM32F3xx_HAL_Driver/Src/stm32f3xx_hal_uart_ex.c ****   /* Process Unlocked */
 405:Drivers/STM32F3xx_HAL_Driver/Src/stm32f3xx_hal_uart_ex.c ****   __HAL_UNLOCK(huart);
 468              		.loc 1 405 3 discriminator 2 view .LVU130
 469 0018 0021     		movs	r1, #0
 400:Drivers/STM32F3xx_HAL_Driver/Src/stm32f3xx_hal_uart_ex.c **** 
 470              		.loc 1 400 3 discriminator 2 view .LVU131
 471 001a 22F00202 		bic	r2, r2, #2
 472 001e 0260     		str	r2, [r0]
 402:Drivers/STM32F3xx_HAL_Driver/Src/stm32f3xx_hal_uart_ex.c **** 
 473              		.loc 1 402 3 is_stmt 1 discriminator 2 view .LVU132
 406:Drivers/STM32F3xx_HAL_Driver/Src/stm32f3xx_hal_uart_ex.c **** 
 407:Drivers/STM32F3xx_HAL_Driver/Src/stm32f3xx_hal_uart_ex.c ****   return HAL_OK;
 474              		.loc 1 407 10 is_stmt 0 discriminator 2 view .LVU133
 475 0020 0846     		mov	r0, r1
ARM GAS  /var/folders/8c/gyvcglfx7f97kbqb2h83mm_r0000gn/T//cc2le61i.s 			page 17


 402:Drivers/STM32F3xx_HAL_Driver/Src/stm32f3xx_hal_uart_ex.c **** 
 476              		.loc 1 402 17 discriminator 2 view .LVU134
 477 0022 83F86940 		strb	r4, [r3, #105]
 405:Drivers/STM32F3xx_HAL_Driver/Src/stm32f3xx_hal_uart_ex.c **** 
 478              		.loc 1 405 3 is_stmt 1 discriminator 2 view .LVU135
 405:Drivers/STM32F3xx_HAL_Driver/Src/stm32f3xx_hal_uart_ex.c **** 
 479              		.loc 1 405 3 discriminator 2 view .LVU136
 480 0026 83F86810 		strb	r1, [r3, #104]
 481              		.loc 1 407 3 discriminator 2 view .LVU137
 408:Drivers/STM32F3xx_HAL_Driver/Src/stm32f3xx_hal_uart_ex.c **** }
 482              		.loc 1 408 1 is_stmt 0 discriminator 2 view .LVU138
 483 002a 5DF8044B 		ldr	r4, [sp], #4
 484              	.LCFI12:
 485              		.cfi_restore 4
 486              		.cfi_def_cfa_offset 0
 487 002e 7047     		bx	lr
 488              	.LVL36:
 489              	.L38:
 395:Drivers/STM32F3xx_HAL_Driver/Src/stm32f3xx_hal_uart_ex.c **** 
 490              		.loc 1 395 3 view .LVU139
 491 0030 0220     		movs	r0, #2
 492              	.LVL37:
 493              		.loc 1 408 1 view .LVU140
 494 0032 7047     		bx	lr
 495              		.cfi_endproc
 496              	.LFE130:
 498              		.section	.text.HAL_MultiProcessorEx_AddressLength_Set,"ax",%progbits
 499              		.align	1
 500              		.p2align 2,,3
 501              		.global	HAL_MultiProcessorEx_AddressLength_Set
 502              		.syntax unified
 503              		.thumb
 504              		.thumb_func
 505              		.fpu fpv4-sp-d16
 507              	HAL_MultiProcessorEx_AddressLength_Set:
 508              	.LVL38:
 509              	.LFB131:
 409:Drivers/STM32F3xx_HAL_Driver/Src/stm32f3xx_hal_uart_ex.c **** 
 410:Drivers/STM32F3xx_HAL_Driver/Src/stm32f3xx_hal_uart_ex.c **** /**
 411:Drivers/STM32F3xx_HAL_Driver/Src/stm32f3xx_hal_uart_ex.c ****   * @brief By default in multiprocessor mode, when the wake up method is set
 412:Drivers/STM32F3xx_HAL_Driver/Src/stm32f3xx_hal_uart_ex.c ****   *        to address mark, the UART handles only 4-bit long addresses detection;
 413:Drivers/STM32F3xx_HAL_Driver/Src/stm32f3xx_hal_uart_ex.c ****   *        this API allows to enable longer addresses detection (6-, 7- or 8-bit
 414:Drivers/STM32F3xx_HAL_Driver/Src/stm32f3xx_hal_uart_ex.c ****   *        long).
 415:Drivers/STM32F3xx_HAL_Driver/Src/stm32f3xx_hal_uart_ex.c ****   * @note  Addresses detection lengths are: 6-bit address detection in 7-bit data mode, 
 416:Drivers/STM32F3xx_HAL_Driver/Src/stm32f3xx_hal_uart_ex.c ****   *        7-bit address detection in 8-bit data mode, 8-bit address detection in 9-bit data mode.
 417:Drivers/STM32F3xx_HAL_Driver/Src/stm32f3xx_hal_uart_ex.c ****   * @param huart UART handle.
 418:Drivers/STM32F3xx_HAL_Driver/Src/stm32f3xx_hal_uart_ex.c ****   * @param AddressLength this parameter can be one of the following values:
 419:Drivers/STM32F3xx_HAL_Driver/Src/stm32f3xx_hal_uart_ex.c ****   *          @arg @ref UART_ADDRESS_DETECT_4B 4-bit long address
 420:Drivers/STM32F3xx_HAL_Driver/Src/stm32f3xx_hal_uart_ex.c ****   *          @arg @ref UART_ADDRESS_DETECT_7B 6-, 7- or 8-bit long address
 421:Drivers/STM32F3xx_HAL_Driver/Src/stm32f3xx_hal_uart_ex.c ****   * @retval HAL status
 422:Drivers/STM32F3xx_HAL_Driver/Src/stm32f3xx_hal_uart_ex.c ****   */
 423:Drivers/STM32F3xx_HAL_Driver/Src/stm32f3xx_hal_uart_ex.c **** HAL_StatusTypeDef HAL_MultiProcessorEx_AddressLength_Set(UART_HandleTypeDef *huart, uint32_t Addres
 424:Drivers/STM32F3xx_HAL_Driver/Src/stm32f3xx_hal_uart_ex.c **** {
 510              		.loc 1 424 1 is_stmt 1 view -0
 511              		.cfi_startproc
 512              		@ args = 0, pretend = 0, frame = 0
 513              		@ frame_needed = 0, uses_anonymous_args = 0
ARM GAS  /var/folders/8c/gyvcglfx7f97kbqb2h83mm_r0000gn/T//cc2le61i.s 			page 18


 514              		@ link register save eliminated.
 425:Drivers/STM32F3xx_HAL_Driver/Src/stm32f3xx_hal_uart_ex.c ****   /* Check the UART handle allocation */
 426:Drivers/STM32F3xx_HAL_Driver/Src/stm32f3xx_hal_uart_ex.c ****   if(huart == NULL)
 515              		.loc 1 426 3 view .LVU142
 516              		.loc 1 426 5 is_stmt 0 view .LVU143
 517 0000 A8B1     		cbz	r0, .L44
 427:Drivers/STM32F3xx_HAL_Driver/Src/stm32f3xx_hal_uart_ex.c ****   {
 428:Drivers/STM32F3xx_HAL_Driver/Src/stm32f3xx_hal_uart_ex.c ****     return HAL_ERROR;
 429:Drivers/STM32F3xx_HAL_Driver/Src/stm32f3xx_hal_uart_ex.c ****   }
 430:Drivers/STM32F3xx_HAL_Driver/Src/stm32f3xx_hal_uart_ex.c **** 
 431:Drivers/STM32F3xx_HAL_Driver/Src/stm32f3xx_hal_uart_ex.c ****   /* Check the address length parameter */
 432:Drivers/STM32F3xx_HAL_Driver/Src/stm32f3xx_hal_uart_ex.c ****   assert_param(IS_UART_ADDRESSLENGTH_DETECT(AddressLength));
 518              		.loc 1 432 3 is_stmt 1 view .LVU144
 433:Drivers/STM32F3xx_HAL_Driver/Src/stm32f3xx_hal_uart_ex.c **** 
 434:Drivers/STM32F3xx_HAL_Driver/Src/stm32f3xx_hal_uart_ex.c ****   huart->gState = HAL_UART_STATE_BUSY;
 519              		.loc 1 434 3 view .LVU145
 435:Drivers/STM32F3xx_HAL_Driver/Src/stm32f3xx_hal_uart_ex.c **** 
 436:Drivers/STM32F3xx_HAL_Driver/Src/stm32f3xx_hal_uart_ex.c ****   /* Disable the Peripheral */
 437:Drivers/STM32F3xx_HAL_Driver/Src/stm32f3xx_hal_uart_ex.c ****   __HAL_UART_DISABLE(huart);
 520              		.loc 1 437 3 is_stmt 0 view .LVU146
 521 0002 0368     		ldr	r3, [r0]
 434:Drivers/STM32F3xx_HAL_Driver/Src/stm32f3xx_hal_uart_ex.c **** 
 522              		.loc 1 434 17 view .LVU147
 523 0004 2422     		movs	r2, #36
 424:Drivers/STM32F3xx_HAL_Driver/Src/stm32f3xx_hal_uart_ex.c ****   /* Check the UART handle allocation */
 524              		.loc 1 424 1 view .LVU148
 525 0006 10B4     		push	{r4}
 526              	.LCFI13:
 527              		.cfi_def_cfa_offset 4
 528              		.cfi_offset 4, -4
 434:Drivers/STM32F3xx_HAL_Driver/Src/stm32f3xx_hal_uart_ex.c **** 
 529              		.loc 1 434 17 view .LVU149
 530 0008 80F86920 		strb	r2, [r0, #105]
 531              		.loc 1 437 3 is_stmt 1 view .LVU150
 532 000c 1C68     		ldr	r4, [r3]
 533 000e 24F00104 		bic	r4, r4, #1
 534 0012 1C60     		str	r4, [r3]
 438:Drivers/STM32F3xx_HAL_Driver/Src/stm32f3xx_hal_uart_ex.c **** 
 439:Drivers/STM32F3xx_HAL_Driver/Src/stm32f3xx_hal_uart_ex.c ****   /* Set the address length */
 440:Drivers/STM32F3xx_HAL_Driver/Src/stm32f3xx_hal_uart_ex.c ****   MODIFY_REG(huart->Instance->CR2, USART_CR2_ADDM7, AddressLength);
 535              		.loc 1 440 3 view .LVU151
 536 0014 5A68     		ldr	r2, [r3, #4]
 441:Drivers/STM32F3xx_HAL_Driver/Src/stm32f3xx_hal_uart_ex.c **** 
 442:Drivers/STM32F3xx_HAL_Driver/Src/stm32f3xx_hal_uart_ex.c ****   /* Enable the Peripheral */
 443:Drivers/STM32F3xx_HAL_Driver/Src/stm32f3xx_hal_uart_ex.c ****   __HAL_UART_ENABLE(huart);
 444:Drivers/STM32F3xx_HAL_Driver/Src/stm32f3xx_hal_uart_ex.c **** 
 445:Drivers/STM32F3xx_HAL_Driver/Src/stm32f3xx_hal_uart_ex.c ****   /* TEACK and/or REACK to check before moving huart->gState to Ready */
 446:Drivers/STM32F3xx_HAL_Driver/Src/stm32f3xx_hal_uart_ex.c ****   return (UART_CheckIdleState(huart));
 447:Drivers/STM32F3xx_HAL_Driver/Src/stm32f3xx_hal_uart_ex.c **** }
 537              		.loc 1 447 1 is_stmt 0 view .LVU152
 538 0016 5DF8044B 		ldr	r4, [sp], #4
 539              	.LCFI14:
 540              		.cfi_restore 4
 541              		.cfi_def_cfa_offset 0
 440:Drivers/STM32F3xx_HAL_Driver/Src/stm32f3xx_hal_uart_ex.c **** 
 542              		.loc 1 440 3 view .LVU153
 543 001a 22F01002 		bic	r2, r2, #16
ARM GAS  /var/folders/8c/gyvcglfx7f97kbqb2h83mm_r0000gn/T//cc2le61i.s 			page 19


 544 001e 0A43     		orrs	r2, r2, r1
 545 0020 5A60     		str	r2, [r3, #4]
 443:Drivers/STM32F3xx_HAL_Driver/Src/stm32f3xx_hal_uart_ex.c **** 
 546              		.loc 1 443 3 is_stmt 1 view .LVU154
 547 0022 1A68     		ldr	r2, [r3]
 548 0024 42F00102 		orr	r2, r2, #1
 549 0028 1A60     		str	r2, [r3]
 446:Drivers/STM32F3xx_HAL_Driver/Src/stm32f3xx_hal_uart_ex.c **** }
 550              		.loc 1 446 3 view .LVU155
 446:Drivers/STM32F3xx_HAL_Driver/Src/stm32f3xx_hal_uart_ex.c **** }
 551              		.loc 1 446 11 is_stmt 0 view .LVU156
 552 002a FFF7FEBF 		b	UART_CheckIdleState
 553              	.LVL39:
 554              	.L44:
 555              		.loc 1 447 1 view .LVU157
 556 002e 0120     		movs	r0, #1
 557              	.LVL40:
 558              		.loc 1 447 1 view .LVU158
 559 0030 7047     		bx	lr
 560              		.cfi_endproc
 561              	.LFE131:
 563 0032 00BF     		.text
 564              	.Letext0:
 565              		.file 2 "/usr/local/gcc-arm-none-eabi-8-2018-q4-major/arm-none-eabi/include/machine/_default_types
 566              		.file 3 "/usr/local/gcc-arm-none-eabi-8-2018-q4-major/arm-none-eabi/include/sys/_stdint.h"
 567              		.file 4 "/usr/local/gcc-arm-none-eabi-8-2018-q4-major/arm-none-eabi/include/sys/lock.h"
 568              		.file 5 "/usr/local/gcc-arm-none-eabi-8-2018-q4-major/arm-none-eabi/include/sys/_types.h"
 569              		.file 6 "/usr/local/gcc-arm-none-eabi-8-2018-q4-major/lib/gcc/arm-none-eabi/8.2.1/include/stddef.h
 570              		.file 7 "/usr/local/gcc-arm-none-eabi-8-2018-q4-major/arm-none-eabi/include/sys/reent.h"
 571              		.file 8 "/usr/local/gcc-arm-none-eabi-8-2018-q4-major/arm-none-eabi/include/stdlib.h"
 572              		.file 9 "Drivers/CMSIS/Include/core_cm4.h"
 573              		.file 10 "Drivers/CMSIS/Device/ST/STM32F3xx/Include/system_stm32f3xx.h"
 574              		.file 11 "Drivers/CMSIS/Device/ST/STM32F3xx/Include/stm32f303xe.h"
 575              		.file 12 "Drivers/CMSIS/Device/ST/STM32F3xx/Include/stm32f3xx.h"
 576              		.file 13 "Drivers/STM32F3xx_HAL_Driver/Inc/stm32f3xx_hal_def.h"
 577              		.file 14 "Drivers/STM32F3xx_HAL_Driver/Inc/stm32f3xx_hal_dma.h"
 578              		.file 15 "Drivers/STM32F3xx_HAL_Driver/Inc/stm32f3xx_hal_uart.h"
 579              		.file 16 "Drivers/STM32F3xx_HAL_Driver/Inc/stm32f3xx_hal.h"
ARM GAS  /var/folders/8c/gyvcglfx7f97kbqb2h83mm_r0000gn/T//cc2le61i.s 			page 20


DEFINED SYMBOLS
                            *ABS*:0000000000000000 stm32f3xx_hal_uart_ex.c
/var/folders/8c/gyvcglfx7f97kbqb2h83mm_r0000gn/T//cc2le61i.s:18     .text.HAL_RS485Ex_Init:0000000000000000 $t
/var/folders/8c/gyvcglfx7f97kbqb2h83mm_r0000gn/T//cc2le61i.s:27     .text.HAL_RS485Ex_Init:0000000000000000 HAL_RS485Ex_Init
/var/folders/8c/gyvcglfx7f97kbqb2h83mm_r0000gn/T//cc2le61i.s:187    .text.HAL_UARTEx_WakeupCallback:0000000000000000 $t
/var/folders/8c/gyvcglfx7f97kbqb2h83mm_r0000gn/T//cc2le61i.s:195    .text.HAL_UARTEx_WakeupCallback:0000000000000000 HAL_UARTEx_WakeupCallback
/var/folders/8c/gyvcglfx7f97kbqb2h83mm_r0000gn/T//cc2le61i.s:210    .text.HAL_UARTEx_StopModeWakeUpSourceConfig:0000000000000000 $t
/var/folders/8c/gyvcglfx7f97kbqb2h83mm_r0000gn/T//cc2le61i.s:218    .text.HAL_UARTEx_StopModeWakeUpSourceConfig:0000000000000000 HAL_UARTEx_StopModeWakeUpSourceConfig
/var/folders/8c/gyvcglfx7f97kbqb2h83mm_r0000gn/T//cc2le61i.s:355    .text.HAL_UARTEx_EnableStopMode:0000000000000000 $t
/var/folders/8c/gyvcglfx7f97kbqb2h83mm_r0000gn/T//cc2le61i.s:363    .text.HAL_UARTEx_EnableStopMode:0000000000000000 HAL_UARTEx_EnableStopMode
/var/folders/8c/gyvcglfx7f97kbqb2h83mm_r0000gn/T//cc2le61i.s:427    .text.HAL_UARTEx_DisableStopMode:0000000000000000 $t
/var/folders/8c/gyvcglfx7f97kbqb2h83mm_r0000gn/T//cc2le61i.s:435    .text.HAL_UARTEx_DisableStopMode:0000000000000000 HAL_UARTEx_DisableStopMode
/var/folders/8c/gyvcglfx7f97kbqb2h83mm_r0000gn/T//cc2le61i.s:499    .text.HAL_MultiProcessorEx_AddressLength_Set:0000000000000000 $t
/var/folders/8c/gyvcglfx7f97kbqb2h83mm_r0000gn/T//cc2le61i.s:507    .text.HAL_MultiProcessorEx_AddressLength_Set:0000000000000000 HAL_MultiProcessorEx_AddressLength_Set

UNDEFINED SYMBOLS
UART_SetConfig
UART_CheckIdleState
UART_AdvFeatureConfig
HAL_UART_MspInit
HAL_GetTick
UART_WaitOnFlagUntilTimeout
UART_Wakeup_AddressConfig
