ARM GAS  /var/folders/8c/gyvcglfx7f97kbqb2h83mm_r0000gn/T//cc234LSX.s 			page 1


   1              		.cpu cortex-m4
   2              		.eabi_attribute 27, 1
   3              		.eabi_attribute 28, 1
   4              		.eabi_attribute 20, 1
   5              		.eabi_attribute 21, 1
   6              		.eabi_attribute 23, 3
   7              		.eabi_attribute 24, 1
   8              		.eabi_attribute 25, 1
   9              		.eabi_attribute 26, 1
  10              		.eabi_attribute 30, 1
  11              		.eabi_attribute 34, 1
  12              		.eabi_attribute 18, 4
  13              		.file	"system_stm32f3xx.c"
  14              		.text
  15              	.Ltext0:
  16              		.cfi_sections	.debug_frame
  17              		.section	.text.SystemInit,"ax",%progbits
  18              		.align	1
  19              		.global	SystemInit
  20              		.arch armv7e-m
  21              		.syntax unified
  22              		.thumb
  23              		.thumb_func
  24              		.fpu fpv4-sp-d16
  26              	SystemInit:
  27              	.LFB126:
  28              		.file 1 "Src/system_stm32f3xx.c"
   1:Src/system_stm32f3xx.c **** /**
   2:Src/system_stm32f3xx.c ****   ******************************************************************************
   3:Src/system_stm32f3xx.c ****   * @file    system_stm32f3xx.c
   4:Src/system_stm32f3xx.c ****   * @author  MCD Application Team
   5:Src/system_stm32f3xx.c ****   * @brief   CMSIS Cortex-M4 Device Peripheral Access Layer System Source File.
   6:Src/system_stm32f3xx.c ****   *
   7:Src/system_stm32f3xx.c ****   * 1. This file provides two functions and one global variable to be called from
   8:Src/system_stm32f3xx.c ****   *    user application:
   9:Src/system_stm32f3xx.c ****   *      - SystemInit(): This function is called at startup just after reset and 
  10:Src/system_stm32f3xx.c ****   *                      before branch to main program. This call is made inside
  11:Src/system_stm32f3xx.c ****   *                      the "startup_stm32f3xx.s" file.
  12:Src/system_stm32f3xx.c ****   *
  13:Src/system_stm32f3xx.c ****   *      - SystemCoreClock variable: Contains the core clock (HCLK), it can be used
  14:Src/system_stm32f3xx.c ****   *                                  by the user application to setup the SysTick
  15:Src/system_stm32f3xx.c ****   *                                  timer or configure other parameters.
  16:Src/system_stm32f3xx.c ****   *
  17:Src/system_stm32f3xx.c ****   *      - SystemCoreClockUpdate(): Updates the variable SystemCoreClock and must
  18:Src/system_stm32f3xx.c ****   *                                 be called whenever the core clock is changed
  19:Src/system_stm32f3xx.c ****   *                                 during program execution.
  20:Src/system_stm32f3xx.c ****   *
  21:Src/system_stm32f3xx.c ****   * 2. After each device reset the HSI (8 MHz) is used as system clock source.
  22:Src/system_stm32f3xx.c ****   *    Then SystemInit() function is called, in "startup_stm32f3xx.s" file, to
  23:Src/system_stm32f3xx.c ****   *    configure the system clock before to branch to main program.
  24:Src/system_stm32f3xx.c ****   *
  25:Src/system_stm32f3xx.c ****   * 3. This file configures the system clock as follows:
  26:Src/system_stm32f3xx.c ****   *=============================================================================
  27:Src/system_stm32f3xx.c ****   *                         Supported STM32F3xx device
  28:Src/system_stm32f3xx.c ****   *-----------------------------------------------------------------------------
  29:Src/system_stm32f3xx.c ****   *        System Clock source                    | HSI
  30:Src/system_stm32f3xx.c ****   *-----------------------------------------------------------------------------
ARM GAS  /var/folders/8c/gyvcglfx7f97kbqb2h83mm_r0000gn/T//cc234LSX.s 			page 2


  31:Src/system_stm32f3xx.c ****   *        SYSCLK(Hz)                             | 8000000
  32:Src/system_stm32f3xx.c ****   *-----------------------------------------------------------------------------
  33:Src/system_stm32f3xx.c ****   *        HCLK(Hz)                               | 8000000
  34:Src/system_stm32f3xx.c ****   *-----------------------------------------------------------------------------
  35:Src/system_stm32f3xx.c ****   *        AHB Prescaler                          | 1
  36:Src/system_stm32f3xx.c ****   *-----------------------------------------------------------------------------
  37:Src/system_stm32f3xx.c ****   *        APB2 Prescaler                         | 1
  38:Src/system_stm32f3xx.c ****   *-----------------------------------------------------------------------------
  39:Src/system_stm32f3xx.c ****   *        APB1 Prescaler                         | 1
  40:Src/system_stm32f3xx.c ****   *-----------------------------------------------------------------------------
  41:Src/system_stm32f3xx.c ****   *        USB Clock                              | DISABLE
  42:Src/system_stm32f3xx.c ****   *-----------------------------------------------------------------------------
  43:Src/system_stm32f3xx.c ****   *=============================================================================
  44:Src/system_stm32f3xx.c ****   ******************************************************************************
  45:Src/system_stm32f3xx.c ****   * @attention
  46:Src/system_stm32f3xx.c ****   *
  47:Src/system_stm32f3xx.c ****   * <h2><center>&copy; COPYRIGHT(c) 2016 STMicroelectronics</center></h2>
  48:Src/system_stm32f3xx.c ****   *
  49:Src/system_stm32f3xx.c ****   * Redistribution and use in source and binary forms, with or without modification,
  50:Src/system_stm32f3xx.c ****   * are permitted provided that the following conditions are met:
  51:Src/system_stm32f3xx.c ****   *   1. Redistributions of source code must retain the above copyright notice,
  52:Src/system_stm32f3xx.c ****   *      this list of conditions and the following disclaimer.
  53:Src/system_stm32f3xx.c ****   *   2. Redistributions in binary form must reproduce the above copyright notice,
  54:Src/system_stm32f3xx.c ****   *      this list of conditions and the following disclaimer in the documentation
  55:Src/system_stm32f3xx.c ****   *      and/or other materials provided with the distribution.
  56:Src/system_stm32f3xx.c ****   *   3. Neither the name of STMicroelectronics nor the names of its contributors
  57:Src/system_stm32f3xx.c ****   *      may be used to endorse or promote products derived from this software
  58:Src/system_stm32f3xx.c ****   *      without specific prior written permission.
  59:Src/system_stm32f3xx.c ****   *
  60:Src/system_stm32f3xx.c ****   * THIS SOFTWARE IS PROVIDED BY THE COPYRIGHT HOLDERS AND CONTRIBUTORS "AS IS"
  61:Src/system_stm32f3xx.c ****   * AND ANY EXPRESS OR IMPLIED WARRANTIES, INCLUDING, BUT NOT LIMITED TO, THE
  62:Src/system_stm32f3xx.c ****   * IMPLIED WARRANTIES OF MERCHANTABILITY AND FITNESS FOR A PARTICULAR PURPOSE ARE
  63:Src/system_stm32f3xx.c ****   * DISCLAIMED. IN NO EVENT SHALL THE COPYRIGHT HOLDER OR CONTRIBUTORS BE LIABLE
  64:Src/system_stm32f3xx.c ****   * FOR ANY DIRECT, INDIRECT, INCIDENTAL, SPECIAL, EXEMPLARY, OR CONSEQUENTIAL
  65:Src/system_stm32f3xx.c ****   * DAMAGES (INCLUDING, BUT NOT LIMITED TO, PROCUREMENT OF SUBSTITUTE GOODS OR
  66:Src/system_stm32f3xx.c ****   * SERVICES; LOSS OF USE, DATA, OR PROFITS; OR BUSINESS INTERRUPTION) HOWEVER
  67:Src/system_stm32f3xx.c ****   * CAUSED AND ON ANY THEORY OF LIABILITY, WHETHER IN CONTRACT, STRICT LIABILITY,
  68:Src/system_stm32f3xx.c ****   * OR TORT (INCLUDING NEGLIGENCE OR OTHERWISE) ARISING IN ANY WAY OUT OF THE USE
  69:Src/system_stm32f3xx.c ****   * OF THIS SOFTWARE, EVEN IF ADVISED OF THE POSSIBILITY OF SUCH DAMAGE.
  70:Src/system_stm32f3xx.c ****   *
  71:Src/system_stm32f3xx.c ****   ******************************************************************************
  72:Src/system_stm32f3xx.c ****   */
  73:Src/system_stm32f3xx.c **** 
  74:Src/system_stm32f3xx.c **** /** @addtogroup CMSIS
  75:Src/system_stm32f3xx.c ****   * @{
  76:Src/system_stm32f3xx.c ****   */
  77:Src/system_stm32f3xx.c **** 
  78:Src/system_stm32f3xx.c **** /** @addtogroup stm32f3xx_system
  79:Src/system_stm32f3xx.c ****   * @{
  80:Src/system_stm32f3xx.c ****   */
  81:Src/system_stm32f3xx.c **** 
  82:Src/system_stm32f3xx.c **** /** @addtogroup STM32F3xx_System_Private_Includes
  83:Src/system_stm32f3xx.c ****   * @{
  84:Src/system_stm32f3xx.c ****   */
  85:Src/system_stm32f3xx.c **** 
  86:Src/system_stm32f3xx.c **** #include "stm32f3xx.h"
  87:Src/system_stm32f3xx.c **** 
ARM GAS  /var/folders/8c/gyvcglfx7f97kbqb2h83mm_r0000gn/T//cc234LSX.s 			page 3


  88:Src/system_stm32f3xx.c **** /**
  89:Src/system_stm32f3xx.c ****   * @}
  90:Src/system_stm32f3xx.c ****   */
  91:Src/system_stm32f3xx.c **** 
  92:Src/system_stm32f3xx.c **** /** @addtogroup STM32F3xx_System_Private_TypesDefinitions
  93:Src/system_stm32f3xx.c ****   * @{
  94:Src/system_stm32f3xx.c ****   */
  95:Src/system_stm32f3xx.c **** 
  96:Src/system_stm32f3xx.c **** /**
  97:Src/system_stm32f3xx.c ****   * @}
  98:Src/system_stm32f3xx.c ****   */
  99:Src/system_stm32f3xx.c **** 
 100:Src/system_stm32f3xx.c **** /** @addtogroup STM32F3xx_System_Private_Defines
 101:Src/system_stm32f3xx.c ****   * @{
 102:Src/system_stm32f3xx.c ****   */
 103:Src/system_stm32f3xx.c **** #if !defined  (HSE_VALUE) 
 104:Src/system_stm32f3xx.c ****   #define HSE_VALUE    ((uint32_t)8000000) /*!< Default value of the External oscillator in Hz.
 105:Src/system_stm32f3xx.c ****                                                 This value can be provided and adapted by the user 
 106:Src/system_stm32f3xx.c **** #endif /* HSE_VALUE */
 107:Src/system_stm32f3xx.c **** 
 108:Src/system_stm32f3xx.c **** #if !defined  (HSI_VALUE)
 109:Src/system_stm32f3xx.c ****   #define HSI_VALUE    ((uint32_t)8000000) /*!< Default value of the Internal oscillator in Hz.
 110:Src/system_stm32f3xx.c ****                                                 This value can be provided and adapted by the user 
 111:Src/system_stm32f3xx.c **** #endif /* HSI_VALUE */
 112:Src/system_stm32f3xx.c **** 
 113:Src/system_stm32f3xx.c **** /*!< Uncomment the following line if you need to relocate your vector Table in
 114:Src/system_stm32f3xx.c ****      Internal SRAM. */
 115:Src/system_stm32f3xx.c **** /* #define VECT_TAB_SRAM */
 116:Src/system_stm32f3xx.c **** #define VECT_TAB_OFFSET  0x0 /*!< Vector Table base offset field.
 117:Src/system_stm32f3xx.c ****                                   This value must be a multiple of 0x200. */
 118:Src/system_stm32f3xx.c **** /**
 119:Src/system_stm32f3xx.c ****   * @}
 120:Src/system_stm32f3xx.c ****   */
 121:Src/system_stm32f3xx.c **** 
 122:Src/system_stm32f3xx.c **** /** @addtogroup STM32F3xx_System_Private_Macros
 123:Src/system_stm32f3xx.c ****   * @{
 124:Src/system_stm32f3xx.c ****   */
 125:Src/system_stm32f3xx.c **** 
 126:Src/system_stm32f3xx.c **** /**
 127:Src/system_stm32f3xx.c ****   * @}
 128:Src/system_stm32f3xx.c ****   */
 129:Src/system_stm32f3xx.c **** 
 130:Src/system_stm32f3xx.c **** /** @addtogroup STM32F3xx_System_Private_Variables
 131:Src/system_stm32f3xx.c ****   * @{
 132:Src/system_stm32f3xx.c ****   */
 133:Src/system_stm32f3xx.c ****   /* This variable is updated in three ways:
 134:Src/system_stm32f3xx.c ****       1) by calling CMSIS function SystemCoreClockUpdate()
 135:Src/system_stm32f3xx.c ****       2) by calling HAL API function HAL_RCC_GetHCLKFreq()
 136:Src/system_stm32f3xx.c ****       3) each time HAL_RCC_ClockConfig() is called to configure the system clock frequency
 137:Src/system_stm32f3xx.c ****          Note: If you use this function to configure the system clock there is no need to
 138:Src/system_stm32f3xx.c ****                call the 2 first functions listed above, since SystemCoreClock variable is 
 139:Src/system_stm32f3xx.c ****                updated automatically.
 140:Src/system_stm32f3xx.c ****   */
 141:Src/system_stm32f3xx.c **** uint32_t SystemCoreClock = 8000000;
 142:Src/system_stm32f3xx.c **** 
 143:Src/system_stm32f3xx.c **** const uint8_t AHBPrescTable[16] = {0, 0, 0, 0, 0, 0, 0, 0, 1, 2, 3, 4, 6, 7, 8, 9};
 144:Src/system_stm32f3xx.c **** const uint8_t APBPrescTable[8]  = {0, 0, 0, 0, 1, 2, 3, 4};
ARM GAS  /var/folders/8c/gyvcglfx7f97kbqb2h83mm_r0000gn/T//cc234LSX.s 			page 4


 145:Src/system_stm32f3xx.c **** 
 146:Src/system_stm32f3xx.c **** /**
 147:Src/system_stm32f3xx.c ****   * @}
 148:Src/system_stm32f3xx.c ****   */
 149:Src/system_stm32f3xx.c **** 
 150:Src/system_stm32f3xx.c **** /** @addtogroup STM32F3xx_System_Private_FunctionPrototypes
 151:Src/system_stm32f3xx.c ****   * @{
 152:Src/system_stm32f3xx.c ****   */
 153:Src/system_stm32f3xx.c **** 
 154:Src/system_stm32f3xx.c **** /**
 155:Src/system_stm32f3xx.c ****   * @}
 156:Src/system_stm32f3xx.c ****   */
 157:Src/system_stm32f3xx.c **** 
 158:Src/system_stm32f3xx.c **** /** @addtogroup STM32F3xx_System_Private_Functions
 159:Src/system_stm32f3xx.c ****   * @{
 160:Src/system_stm32f3xx.c ****   */
 161:Src/system_stm32f3xx.c **** 
 162:Src/system_stm32f3xx.c **** /**
 163:Src/system_stm32f3xx.c ****   * @brief  Setup the microcontroller system
 164:Src/system_stm32f3xx.c ****   *         Initialize the FPU setting, vector table location and the PLL configuration is reset.
 165:Src/system_stm32f3xx.c ****   * @param  None
 166:Src/system_stm32f3xx.c ****   * @retval None
 167:Src/system_stm32f3xx.c ****   */
 168:Src/system_stm32f3xx.c **** void SystemInit(void)
 169:Src/system_stm32f3xx.c **** {
  29              		.loc 1 169 1 view -0
  30              		.cfi_startproc
  31              		@ args = 0, pretend = 0, frame = 0
  32              		@ frame_needed = 0, uses_anonymous_args = 0
  33              		@ link register save eliminated.
 170:Src/system_stm32f3xx.c ****   /* FPU settings ------------------------------------------------------------*/
 171:Src/system_stm32f3xx.c ****   #if (__FPU_PRESENT == 1) && (__FPU_USED == 1)
 172:Src/system_stm32f3xx.c ****     SCB->CPACR |= ((3UL << 10*2)|(3UL << 11*2));  /* set CP10 and CP11 Full Access */
  34              		.loc 1 172 5 view .LVU1
  35              		.loc 1 172 16 is_stmt 0 view .LVU2
  36 0000 1549     		ldr	r1, .L2
  37 0002 D1F88830 		ldr	r3, [r1, #136]
  38 0006 43F47003 		orr	r3, r3, #15728640
  39 000a C1F88830 		str	r3, [r1, #136]
 173:Src/system_stm32f3xx.c ****   #endif
 174:Src/system_stm32f3xx.c **** 
 175:Src/system_stm32f3xx.c ****   /* Reset the RCC clock configuration to the default reset state ------------*/
 176:Src/system_stm32f3xx.c ****   /* Set HSION bit */
 177:Src/system_stm32f3xx.c ****   RCC->CR |= 0x00000001U;
  40              		.loc 1 177 3 is_stmt 1 view .LVU3
  41              		.loc 1 177 11 is_stmt 0 view .LVU4
  42 000e 134B     		ldr	r3, .L2+4
  43 0010 1A68     		ldr	r2, [r3]
  44 0012 42F00102 		orr	r2, r2, #1
  45 0016 1A60     		str	r2, [r3]
 178:Src/system_stm32f3xx.c **** 
 179:Src/system_stm32f3xx.c ****   /* Reset CFGR register */
 180:Src/system_stm32f3xx.c ****   RCC->CFGR &= 0xF87FC00CU;
  46              		.loc 1 180 3 is_stmt 1 view .LVU5
  47              		.loc 1 180 13 is_stmt 0 view .LVU6
  48 0018 5868     		ldr	r0, [r3, #4]
  49 001a 114A     		ldr	r2, .L2+8
ARM GAS  /var/folders/8c/gyvcglfx7f97kbqb2h83mm_r0000gn/T//cc234LSX.s 			page 5


  50 001c 0240     		ands	r2, r2, r0
  51 001e 5A60     		str	r2, [r3, #4]
 181:Src/system_stm32f3xx.c **** 
 182:Src/system_stm32f3xx.c ****   /* Reset HSEON, CSSON and PLLON bits */
 183:Src/system_stm32f3xx.c ****   RCC->CR &= 0xFEF6FFFFU;
  52              		.loc 1 183 3 is_stmt 1 view .LVU7
  53              		.loc 1 183 11 is_stmt 0 view .LVU8
  54 0020 1A68     		ldr	r2, [r3]
  55 0022 22F08472 		bic	r2, r2, #17301504
  56 0026 22F48032 		bic	r2, r2, #65536
  57 002a 1A60     		str	r2, [r3]
 184:Src/system_stm32f3xx.c **** 
 185:Src/system_stm32f3xx.c ****   /* Reset HSEBYP bit */
 186:Src/system_stm32f3xx.c ****   RCC->CR &= 0xFFFBFFFFU;
  58              		.loc 1 186 3 is_stmt 1 view .LVU9
  59              		.loc 1 186 11 is_stmt 0 view .LVU10
  60 002c 1A68     		ldr	r2, [r3]
  61 002e 22F48022 		bic	r2, r2, #262144
  62 0032 1A60     		str	r2, [r3]
 187:Src/system_stm32f3xx.c **** 
 188:Src/system_stm32f3xx.c ****   /* Reset PLLSRC, PLLXTPRE, PLLMUL and USBPRE bits */
 189:Src/system_stm32f3xx.c ****   RCC->CFGR &= 0xFF80FFFFU;
  63              		.loc 1 189 3 is_stmt 1 view .LVU11
  64              		.loc 1 189 13 is_stmt 0 view .LVU12
  65 0034 5A68     		ldr	r2, [r3, #4]
  66 0036 22F4FE02 		bic	r2, r2, #8323072
  67 003a 5A60     		str	r2, [r3, #4]
 190:Src/system_stm32f3xx.c **** 
 191:Src/system_stm32f3xx.c ****   /* Reset PREDIV1[3:0] bits */
 192:Src/system_stm32f3xx.c ****   RCC->CFGR2 &= 0xFFFFFFF0U;
  68              		.loc 1 192 3 is_stmt 1 view .LVU13
  69              		.loc 1 192 14 is_stmt 0 view .LVU14
  70 003c DA6A     		ldr	r2, [r3, #44]
  71 003e 22F00F02 		bic	r2, r2, #15
  72 0042 DA62     		str	r2, [r3, #44]
 193:Src/system_stm32f3xx.c **** 
 194:Src/system_stm32f3xx.c ****   /* Reset USARTSW[1:0], I2CSW and TIMs bits */
 195:Src/system_stm32f3xx.c ****   RCC->CFGR3 &= 0xFF00FCCCU;
  73              		.loc 1 195 3 is_stmt 1 view .LVU15
  74              		.loc 1 195 14 is_stmt 0 view .LVU16
  75 0044 186B     		ldr	r0, [r3, #48]
  76 0046 074A     		ldr	r2, .L2+12
  77 0048 0240     		ands	r2, r2, r0
  78 004a 1A63     		str	r2, [r3, #48]
 196:Src/system_stm32f3xx.c **** 
 197:Src/system_stm32f3xx.c ****   /* Disable all interrupts */
 198:Src/system_stm32f3xx.c ****   RCC->CIR = 0x00000000U;
  79              		.loc 1 198 3 is_stmt 1 view .LVU17
  80              		.loc 1 198 12 is_stmt 0 view .LVU18
  81 004c 0022     		movs	r2, #0
  82 004e 9A60     		str	r2, [r3, #8]
 199:Src/system_stm32f3xx.c **** 
 200:Src/system_stm32f3xx.c **** #ifdef VECT_TAB_SRAM
 201:Src/system_stm32f3xx.c ****   SCB->VTOR = SRAM_BASE | VECT_TAB_OFFSET; /* Vector Table Relocation in Internal SRAM */
 202:Src/system_stm32f3xx.c **** #else
 203:Src/system_stm32f3xx.c ****   SCB->VTOR = FLASH_BASE | VECT_TAB_OFFSET; /* Vector Table Relocation in Internal FLASH */
  83              		.loc 1 203 3 is_stmt 1 view .LVU19
ARM GAS  /var/folders/8c/gyvcglfx7f97kbqb2h83mm_r0000gn/T//cc234LSX.s 			page 6


  84              		.loc 1 203 13 is_stmt 0 view .LVU20
  85 0050 4FF00063 		mov	r3, #134217728
  86 0054 8B60     		str	r3, [r1, #8]
 204:Src/system_stm32f3xx.c **** #endif
 205:Src/system_stm32f3xx.c **** }
  87              		.loc 1 205 1 view .LVU21
  88 0056 7047     		bx	lr
  89              	.L3:
  90              		.align	2
  91              	.L2:
  92 0058 00ED00E0 		.word	-536810240
  93 005c 00100240 		.word	1073876992
  94 0060 0CC07FF8 		.word	-125845492
  95 0064 CCFC00FF 		.word	-16712500
  96              		.cfi_endproc
  97              	.LFE126:
  99              		.section	.text.SystemCoreClockUpdate,"ax",%progbits
 100              		.align	1
 101              		.global	SystemCoreClockUpdate
 102              		.syntax unified
 103              		.thumb
 104              		.thumb_func
 105              		.fpu fpv4-sp-d16
 107              	SystemCoreClockUpdate:
 108              	.LFB127:
 206:Src/system_stm32f3xx.c **** 
 207:Src/system_stm32f3xx.c **** /**
 208:Src/system_stm32f3xx.c ****    * @brief  Update SystemCoreClock variable according to Clock Register Values.
 209:Src/system_stm32f3xx.c ****   *         The SystemCoreClock variable contains the core clock (HCLK), it can
 210:Src/system_stm32f3xx.c ****   *         be used by the user application to setup the SysTick timer or configure
 211:Src/system_stm32f3xx.c ****   *         other parameters.
 212:Src/system_stm32f3xx.c ****   *
 213:Src/system_stm32f3xx.c ****   * @note   Each time the core clock (HCLK) changes, this function must be called
 214:Src/system_stm32f3xx.c ****   *         to update SystemCoreClock variable value. Otherwise, any configuration
 215:Src/system_stm32f3xx.c ****   *         based on this variable will be incorrect.
 216:Src/system_stm32f3xx.c ****   *
 217:Src/system_stm32f3xx.c ****   * @note   - The system frequency computed by this function is not the real
 218:Src/system_stm32f3xx.c ****   *           frequency in the chip. It is calculated based on the predefined
 219:Src/system_stm32f3xx.c ****   *           constant and the selected clock source:
 220:Src/system_stm32f3xx.c ****   *
 221:Src/system_stm32f3xx.c ****   *           - If SYSCLK source is HSI, SystemCoreClock will contain the HSI_VALUE(*)
 222:Src/system_stm32f3xx.c ****   *
 223:Src/system_stm32f3xx.c ****   *           - If SYSCLK source is HSE, SystemCoreClock will contain the HSE_VALUE(**)
 224:Src/system_stm32f3xx.c ****   *
 225:Src/system_stm32f3xx.c ****   *           - If SYSCLK source is PLL, SystemCoreClock will contain the HSE_VALUE(**)
 226:Src/system_stm32f3xx.c ****   *             or HSI_VALUE(*) multiplied/divided by the PLL factors.
 227:Src/system_stm32f3xx.c ****   *
 228:Src/system_stm32f3xx.c ****   *         (*) HSI_VALUE is a constant defined in stm32f3xx_hal.h file (default value
 229:Src/system_stm32f3xx.c ****   *             8 MHz) but the real value may vary depending on the variations
 230:Src/system_stm32f3xx.c ****   *             in voltage and temperature.
 231:Src/system_stm32f3xx.c ****   *
 232:Src/system_stm32f3xx.c ****   *         (**) HSE_VALUE is a constant defined in stm32f3xx_hal.h file (default value
 233:Src/system_stm32f3xx.c ****   *              8 MHz), user has to ensure that HSE_VALUE is same as the real
 234:Src/system_stm32f3xx.c ****   *              frequency of the crystal used. Otherwise, this function may
 235:Src/system_stm32f3xx.c ****   *              have wrong result.
 236:Src/system_stm32f3xx.c ****   *
 237:Src/system_stm32f3xx.c ****   *         - The result of this function could be not correct when using fractional
ARM GAS  /var/folders/8c/gyvcglfx7f97kbqb2h83mm_r0000gn/T//cc234LSX.s 			page 7


 238:Src/system_stm32f3xx.c ****   *           value for HSE crystal.
 239:Src/system_stm32f3xx.c ****   *
 240:Src/system_stm32f3xx.c ****   * @param  None
 241:Src/system_stm32f3xx.c ****   * @retval None
 242:Src/system_stm32f3xx.c ****   */
 243:Src/system_stm32f3xx.c **** void SystemCoreClockUpdate (void)
 244:Src/system_stm32f3xx.c **** {
 109              		.loc 1 244 1 is_stmt 1 view -0
 110              		.cfi_startproc
 111              		@ args = 0, pretend = 0, frame = 0
 112              		@ frame_needed = 0, uses_anonymous_args = 0
 113              		@ link register save eliminated.
 245:Src/system_stm32f3xx.c ****   uint32_t tmp = 0, pllmull = 0, pllsource = 0, predivfactor = 0;
 114              		.loc 1 245 3 view .LVU23
 115              	.LVL0:
 246:Src/system_stm32f3xx.c **** 
 247:Src/system_stm32f3xx.c ****   /* Get SYSCLK source -------------------------------------------------------*/
 248:Src/system_stm32f3xx.c ****   tmp = RCC->CFGR & RCC_CFGR_SWS;
 116              		.loc 1 248 3 view .LVU24
 117              		.loc 1 248 12 is_stmt 0 view .LVU25
 118 0000 1E4B     		ldr	r3, .L12
 119 0002 5B68     		ldr	r3, [r3, #4]
 120              		.loc 1 248 7 view .LVU26
 121 0004 03F00C03 		and	r3, r3, #12
 122              	.LVL1:
 249:Src/system_stm32f3xx.c **** 
 250:Src/system_stm32f3xx.c ****   switch (tmp)
 123              		.loc 1 250 3 is_stmt 1 view .LVU27
 124 0008 042B     		cmp	r3, #4
 125 000a 14D0     		beq	.L5
 126 000c 082B     		cmp	r3, #8
 127 000e 16D0     		beq	.L6
 128 0010 1BB1     		cbz	r3, .L10
 251:Src/system_stm32f3xx.c ****   {
 252:Src/system_stm32f3xx.c ****     case RCC_CFGR_SWS_HSI:  /* HSI used as system clock */
 253:Src/system_stm32f3xx.c ****       SystemCoreClock = HSI_VALUE;
 254:Src/system_stm32f3xx.c ****       break;
 255:Src/system_stm32f3xx.c ****     case RCC_CFGR_SWS_HSE:  /* HSE used as system clock */
 256:Src/system_stm32f3xx.c ****       SystemCoreClock = HSE_VALUE;
 257:Src/system_stm32f3xx.c ****       break;
 258:Src/system_stm32f3xx.c ****     case RCC_CFGR_SWS_PLL:  /* PLL used as system clock */
 259:Src/system_stm32f3xx.c ****       /* Get PLL clock source and multiplication factor ----------------------*/
 260:Src/system_stm32f3xx.c ****       pllmull = RCC->CFGR & RCC_CFGR_PLLMUL;
 261:Src/system_stm32f3xx.c ****       pllsource = RCC->CFGR & RCC_CFGR_PLLSRC;
 262:Src/system_stm32f3xx.c ****       pllmull = ( pllmull >> 18) + 2;
 263:Src/system_stm32f3xx.c **** 
 264:Src/system_stm32f3xx.c **** #if defined (STM32F302xE) || defined (STM32F303xE) || defined (STM32F398xx)
 265:Src/system_stm32f3xx.c ****         predivfactor = (RCC->CFGR2 & RCC_CFGR2_PREDIV) + 1;
 266:Src/system_stm32f3xx.c ****       if (pllsource == RCC_CFGR_PLLSRC_HSE_PREDIV)
 267:Src/system_stm32f3xx.c ****       {
 268:Src/system_stm32f3xx.c ****         /* HSE oscillator clock selected as PREDIV1 clock entry */
 269:Src/system_stm32f3xx.c ****         SystemCoreClock = (HSE_VALUE / predivfactor) * pllmull;
 270:Src/system_stm32f3xx.c ****       }
 271:Src/system_stm32f3xx.c ****       else
 272:Src/system_stm32f3xx.c ****       {
 273:Src/system_stm32f3xx.c ****         /* HSI oscillator clock selected as PREDIV1 clock entry */
 274:Src/system_stm32f3xx.c ****         SystemCoreClock = (HSI_VALUE / predivfactor) * pllmull;
ARM GAS  /var/folders/8c/gyvcglfx7f97kbqb2h83mm_r0000gn/T//cc234LSX.s 			page 8


 275:Src/system_stm32f3xx.c ****       }
 276:Src/system_stm32f3xx.c **** #else      
 277:Src/system_stm32f3xx.c ****       if (pllsource == RCC_CFGR_PLLSRC_HSI_DIV2)
 278:Src/system_stm32f3xx.c ****       {
 279:Src/system_stm32f3xx.c ****         /* HSI oscillator clock divided by 2 selected as PLL clock entry */
 280:Src/system_stm32f3xx.c ****         SystemCoreClock = (HSI_VALUE >> 1) * pllmull;
 281:Src/system_stm32f3xx.c ****       }
 282:Src/system_stm32f3xx.c ****       else
 283:Src/system_stm32f3xx.c ****       {
 284:Src/system_stm32f3xx.c ****         predivfactor = (RCC->CFGR2 & RCC_CFGR2_PREDIV) + 1;
 285:Src/system_stm32f3xx.c ****         /* HSE oscillator clock selected as PREDIV1 clock entry */
 286:Src/system_stm32f3xx.c ****         SystemCoreClock = (HSE_VALUE / predivfactor) * pllmull;
 287:Src/system_stm32f3xx.c ****       }
 288:Src/system_stm32f3xx.c **** #endif /* STM32F302xE || STM32F303xE || STM32F398xx */
 289:Src/system_stm32f3xx.c ****       break;
 290:Src/system_stm32f3xx.c ****     default: /* HSI used as system clock */
 291:Src/system_stm32f3xx.c ****       SystemCoreClock = HSI_VALUE;
 129              		.loc 1 291 7 view .LVU28
 130              		.loc 1 291 23 is_stmt 0 view .LVU29
 131 0012 1B4B     		ldr	r3, .L12+4
 132              	.LVL2:
 133              		.loc 1 291 23 view .LVU30
 134 0014 1B4A     		ldr	r2, .L12+8
 135 0016 1A60     		str	r2, [r3]
 292:Src/system_stm32f3xx.c ****       break;
 136              		.loc 1 292 7 is_stmt 1 view .LVU31
 137 0018 02E0     		b	.L8
 138              	.LVL3:
 139              	.L10:
 253:Src/system_stm32f3xx.c ****       break;
 140              		.loc 1 253 7 view .LVU32
 253:Src/system_stm32f3xx.c ****       break;
 141              		.loc 1 253 23 is_stmt 0 view .LVU33
 142 001a 194B     		ldr	r3, .L12+4
 143              	.LVL4:
 253:Src/system_stm32f3xx.c ****       break;
 144              		.loc 1 253 23 view .LVU34
 145 001c 194A     		ldr	r2, .L12+8
 146 001e 1A60     		str	r2, [r3]
 254:Src/system_stm32f3xx.c ****     case RCC_CFGR_SWS_HSE:  /* HSE used as system clock */
 147              		.loc 1 254 7 is_stmt 1 view .LVU35
 148              	.LVL5:
 149              	.L8:
 293:Src/system_stm32f3xx.c ****   }
 294:Src/system_stm32f3xx.c ****   /* Compute HCLK clock frequency ----------------*/
 295:Src/system_stm32f3xx.c ****   /* Get HCLK prescaler */
 296:Src/system_stm32f3xx.c ****   tmp = AHBPrescTable[((RCC->CFGR & RCC_CFGR_HPRE) >> 4)];
 150              		.loc 1 296 3 view .LVU36
 151              		.loc 1 296 28 is_stmt 0 view .LVU37
 152 0020 164B     		ldr	r3, .L12
 153 0022 5B68     		ldr	r3, [r3, #4]
 154              		.loc 1 296 52 view .LVU38
 155 0024 C3F30313 		ubfx	r3, r3, #4, #4
 156              		.loc 1 296 22 view .LVU39
 157 0028 174A     		ldr	r2, .L12+12
 158 002a D15C     		ldrb	r1, [r2, r3]	@ zero_extendqisi2
 159              	.LVL6:
ARM GAS  /var/folders/8c/gyvcglfx7f97kbqb2h83mm_r0000gn/T//cc234LSX.s 			page 9


 297:Src/system_stm32f3xx.c ****   /* HCLK clock frequency */
 298:Src/system_stm32f3xx.c ****   SystemCoreClock >>= tmp;
 160              		.loc 1 298 3 is_stmt 1 view .LVU40
 161              		.loc 1 298 19 is_stmt 0 view .LVU41
 162 002c 144A     		ldr	r2, .L12+4
 163 002e 1368     		ldr	r3, [r2]
 164 0030 CB40     		lsrs	r3, r3, r1
 165 0032 1360     		str	r3, [r2]
 299:Src/system_stm32f3xx.c **** }
 166              		.loc 1 299 1 view .LVU42
 167 0034 7047     		bx	lr
 168              	.LVL7:
 169              	.L5:
 256:Src/system_stm32f3xx.c ****       break;
 170              		.loc 1 256 7 is_stmt 1 view .LVU43
 256:Src/system_stm32f3xx.c ****       break;
 171              		.loc 1 256 23 is_stmt 0 view .LVU44
 172 0036 124B     		ldr	r3, .L12+4
 173              	.LVL8:
 256:Src/system_stm32f3xx.c ****       break;
 174              		.loc 1 256 23 view .LVU45
 175 0038 124A     		ldr	r2, .L12+8
 176 003a 1A60     		str	r2, [r3]
 257:Src/system_stm32f3xx.c ****     case RCC_CFGR_SWS_PLL:  /* PLL used as system clock */
 177              		.loc 1 257 7 is_stmt 1 view .LVU46
 178 003c F0E7     		b	.L8
 179              	.LVL9:
 180              	.L6:
 260:Src/system_stm32f3xx.c ****       pllsource = RCC->CFGR & RCC_CFGR_PLLSRC;
 181              		.loc 1 260 7 view .LVU47
 260:Src/system_stm32f3xx.c ****       pllsource = RCC->CFGR & RCC_CFGR_PLLSRC;
 182              		.loc 1 260 20 is_stmt 0 view .LVU48
 183 003e 0F4A     		ldr	r2, .L12
 184 0040 5368     		ldr	r3, [r2, #4]
 185              	.LVL10:
 261:Src/system_stm32f3xx.c ****       pllmull = ( pllmull >> 18) + 2;
 186              		.loc 1 261 7 is_stmt 1 view .LVU49
 261:Src/system_stm32f3xx.c ****       pllmull = ( pllmull >> 18) + 2;
 187              		.loc 1 261 22 is_stmt 0 view .LVU50
 188 0042 5168     		ldr	r1, [r2, #4]
 261:Src/system_stm32f3xx.c ****       pllmull = ( pllmull >> 18) + 2;
 189              		.loc 1 261 17 view .LVU51
 190 0044 01F4C031 		and	r1, r1, #98304
 191              	.LVL11:
 262:Src/system_stm32f3xx.c **** 
 192              		.loc 1 262 7 is_stmt 1 view .LVU52
 262:Src/system_stm32f3xx.c **** 
 193              		.loc 1 262 27 is_stmt 0 view .LVU53
 194 0048 C3F38343 		ubfx	r3, r3, #18, #4
 195              	.LVL12:
 262:Src/system_stm32f3xx.c **** 
 196              		.loc 1 262 15 view .LVU54
 197 004c 0233     		adds	r3, r3, #2
 198              	.LVL13:
 265:Src/system_stm32f3xx.c ****       if (pllsource == RCC_CFGR_PLLSRC_HSE_PREDIV)
 199              		.loc 1 265 9 is_stmt 1 view .LVU55
 265:Src/system_stm32f3xx.c ****       if (pllsource == RCC_CFGR_PLLSRC_HSE_PREDIV)
ARM GAS  /var/folders/8c/gyvcglfx7f97kbqb2h83mm_r0000gn/T//cc234LSX.s 			page 10


 200              		.loc 1 265 28 is_stmt 0 view .LVU56
 201 004e D26A     		ldr	r2, [r2, #44]
 265:Src/system_stm32f3xx.c ****       if (pllsource == RCC_CFGR_PLLSRC_HSE_PREDIV)
 202              		.loc 1 265 36 view .LVU57
 203 0050 02F00F02 		and	r2, r2, #15
 265:Src/system_stm32f3xx.c ****       if (pllsource == RCC_CFGR_PLLSRC_HSE_PREDIV)
 204              		.loc 1 265 22 view .LVU58
 205 0054 0132     		adds	r2, r2, #1
 206              	.LVL14:
 266:Src/system_stm32f3xx.c ****       {
 207              		.loc 1 266 7 is_stmt 1 view .LVU59
 266:Src/system_stm32f3xx.c ****       {
 208              		.loc 1 266 10 is_stmt 0 view .LVU60
 209 0056 B1F5803F 		cmp	r1, #65536
 210 005a 07D0     		beq	.L11
 274:Src/system_stm32f3xx.c ****       }
 211              		.loc 1 274 9 is_stmt 1 view .LVU61
 274:Src/system_stm32f3xx.c ****       }
 212              		.loc 1 274 38 is_stmt 0 view .LVU62
 213 005c 0949     		ldr	r1, .L12+8
 214              	.LVL15:
 274:Src/system_stm32f3xx.c ****       }
 215              		.loc 1 274 38 view .LVU63
 216 005e B1FBF2F2 		udiv	r2, r1, r2
 217              	.LVL16:
 274:Src/system_stm32f3xx.c ****       }
 218              		.loc 1 274 54 view .LVU64
 219 0062 03FB02F3 		mul	r3, r3, r2
 220              	.LVL17:
 274:Src/system_stm32f3xx.c ****       }
 221              		.loc 1 274 25 view .LVU65
 222 0066 064A     		ldr	r2, .L12+4
 223 0068 1360     		str	r3, [r2]
 224 006a D9E7     		b	.L8
 225              	.LVL18:
 226              	.L11:
 269:Src/system_stm32f3xx.c ****       }
 227              		.loc 1 269 9 is_stmt 1 view .LVU66
 269:Src/system_stm32f3xx.c ****       }
 228              		.loc 1 269 38 is_stmt 0 view .LVU67
 229 006c 0549     		ldr	r1, .L12+8
 230              	.LVL19:
 269:Src/system_stm32f3xx.c ****       }
 231              		.loc 1 269 38 view .LVU68
 232 006e B1FBF2F2 		udiv	r2, r1, r2
 233              	.LVL20:
 269:Src/system_stm32f3xx.c ****       }
 234              		.loc 1 269 54 view .LVU69
 235 0072 03FB02F3 		mul	r3, r3, r2
 236              	.LVL21:
 269:Src/system_stm32f3xx.c ****       }
 237              		.loc 1 269 25 view .LVU70
 238 0076 024A     		ldr	r2, .L12+4
 239 0078 1360     		str	r3, [r2]
 240 007a D1E7     		b	.L8
 241              	.L13:
 242              		.align	2
ARM GAS  /var/folders/8c/gyvcglfx7f97kbqb2h83mm_r0000gn/T//cc234LSX.s 			page 11


 243              	.L12:
 244 007c 00100240 		.word	1073876992
 245 0080 00000000 		.word	.LANCHOR0
 246 0084 00127A00 		.word	8000000
 247 0088 00000000 		.word	.LANCHOR1
 248              		.cfi_endproc
 249              	.LFE127:
 251              		.global	APBPrescTable
 252              		.global	AHBPrescTable
 253              		.global	SystemCoreClock
 254              		.section	.data.SystemCoreClock,"aw"
 255              		.align	2
 256              		.set	.LANCHOR0,. + 0
 259              	SystemCoreClock:
 260 0000 00127A00 		.word	8000000
 261              		.section	.rodata.AHBPrescTable,"a"
 262              		.align	2
 263              		.set	.LANCHOR1,. + 0
 266              	AHBPrescTable:
 267 0000 00       		.byte	0
 268 0001 00       		.byte	0
 269 0002 00       		.byte	0
 270 0003 00       		.byte	0
 271 0004 00       		.byte	0
 272 0005 00       		.byte	0
 273 0006 00       		.byte	0
 274 0007 00       		.byte	0
 275 0008 01       		.byte	1
 276 0009 02       		.byte	2
 277 000a 03       		.byte	3
 278 000b 04       		.byte	4
 279 000c 06       		.byte	6
 280 000d 07       		.byte	7
 281 000e 08       		.byte	8
 282 000f 09       		.byte	9
 283              		.section	.rodata.APBPrescTable,"a"
 284              		.align	2
 287              	APBPrescTable:
 288 0000 00       		.byte	0
 289 0001 00       		.byte	0
 290 0002 00       		.byte	0
 291 0003 00       		.byte	0
 292 0004 01       		.byte	1
 293 0005 02       		.byte	2
 294 0006 03       		.byte	3
 295 0007 04       		.byte	4
 296              		.text
 297              	.Letext0:
 298              		.file 2 "/usr/local/gcc-arm-none-eabi-8-2018-q4-major/arm-none-eabi/include/machine/_default_types
 299              		.file 3 "/usr/local/gcc-arm-none-eabi-8-2018-q4-major/arm-none-eabi/include/sys/_stdint.h"
 300              		.file 4 "Drivers/CMSIS/Include/core_cm4.h"
 301              		.file 5 "Drivers/CMSIS/Device/ST/STM32F3xx/Include/system_stm32f3xx.h"
 302              		.file 6 "Drivers/CMSIS/Device/ST/STM32F3xx/Include/stm32f303xe.h"
 303              		.file 7 "/usr/local/gcc-arm-none-eabi-8-2018-q4-major/arm-none-eabi/include/sys/lock.h"
 304              		.file 8 "/usr/local/gcc-arm-none-eabi-8-2018-q4-major/arm-none-eabi/include/sys/_types.h"
 305              		.file 9 "/usr/local/gcc-arm-none-eabi-8-2018-q4-major/lib/gcc/arm-none-eabi/8.2.1/include/stddef.h
 306              		.file 10 "/usr/local/gcc-arm-none-eabi-8-2018-q4-major/arm-none-eabi/include/sys/reent.h"
ARM GAS  /var/folders/8c/gyvcglfx7f97kbqb2h83mm_r0000gn/T//cc234LSX.s 			page 12


ARM GAS  /var/folders/8c/gyvcglfx7f97kbqb2h83mm_r0000gn/T//cc234LSX.s 			page 13


DEFINED SYMBOLS
                            *ABS*:0000000000000000 system_stm32f3xx.c
/var/folders/8c/gyvcglfx7f97kbqb2h83mm_r0000gn/T//cc234LSX.s:18     .text.SystemInit:0000000000000000 $t
/var/folders/8c/gyvcglfx7f97kbqb2h83mm_r0000gn/T//cc234LSX.s:26     .text.SystemInit:0000000000000000 SystemInit
/var/folders/8c/gyvcglfx7f97kbqb2h83mm_r0000gn/T//cc234LSX.s:92     .text.SystemInit:0000000000000058 $d
/var/folders/8c/gyvcglfx7f97kbqb2h83mm_r0000gn/T//cc234LSX.s:100    .text.SystemCoreClockUpdate:0000000000000000 $t
/var/folders/8c/gyvcglfx7f97kbqb2h83mm_r0000gn/T//cc234LSX.s:107    .text.SystemCoreClockUpdate:0000000000000000 SystemCoreClockUpdate
/var/folders/8c/gyvcglfx7f97kbqb2h83mm_r0000gn/T//cc234LSX.s:244    .text.SystemCoreClockUpdate:000000000000007c $d
/var/folders/8c/gyvcglfx7f97kbqb2h83mm_r0000gn/T//cc234LSX.s:287    .rodata.APBPrescTable:0000000000000000 APBPrescTable
/var/folders/8c/gyvcglfx7f97kbqb2h83mm_r0000gn/T//cc234LSX.s:266    .rodata.AHBPrescTable:0000000000000000 AHBPrescTable
/var/folders/8c/gyvcglfx7f97kbqb2h83mm_r0000gn/T//cc234LSX.s:259    .data.SystemCoreClock:0000000000000000 SystemCoreClock
/var/folders/8c/gyvcglfx7f97kbqb2h83mm_r0000gn/T//cc234LSX.s:255    .data.SystemCoreClock:0000000000000000 $d
/var/folders/8c/gyvcglfx7f97kbqb2h83mm_r0000gn/T//cc234LSX.s:262    .rodata.AHBPrescTable:0000000000000000 $d
/var/folders/8c/gyvcglfx7f97kbqb2h83mm_r0000gn/T//cc234LSX.s:284    .rodata.APBPrescTable:0000000000000000 $d

NO UNDEFINED SYMBOLS
