ARM GAS  /var/folders/_1/sgnj6dm57r56n1x62bwb5w5h0000gn/T//cc2AULaO.s 			page 1


   1              		.cpu cortex-m4
   2              		.eabi_attribute 27, 1
   3              		.eabi_attribute 28, 1
   4              		.eabi_attribute 20, 1
   5              		.eabi_attribute 21, 1
   6              		.eabi_attribute 23, 3
   7              		.eabi_attribute 24, 1
   8              		.eabi_attribute 25, 1
   9              		.eabi_attribute 26, 1
  10              		.eabi_attribute 30, 1
  11              		.eabi_attribute 34, 1
  12              		.eabi_attribute 18, 4
  13              		.file	"gpio.c"
  14              		.text
  15              	.Ltext0:
  16              		.cfi_sections	.debug_frame
  17              		.section	.text.MX_GPIO_Init,"ax",%progbits
  18              		.align	1
  19              		.global	MX_GPIO_Init
  20              		.arch armv7e-m
  21              		.syntax unified
  22              		.thumb
  23              		.thumb_func
  24              		.fpu fpv4-sp-d16
  26              	MX_GPIO_Init:
  27              	.LFB126:
  28              		.file 1 "Src/gpio.c"
   1:Src/gpio.c    **** /**
   2:Src/gpio.c    ****   ******************************************************************************
   3:Src/gpio.c    ****   * File Name          : gpio.c
   4:Src/gpio.c    ****   * Description        : This file provides code for the configuration
   5:Src/gpio.c    ****   *                      of all used GPIO pins.
   6:Src/gpio.c    ****   ******************************************************************************
   7:Src/gpio.c    ****   * @attention
   8:Src/gpio.c    ****   *
   9:Src/gpio.c    ****   * <h2><center>&copy; Copyright (c) 2019 STMicroelectronics.
  10:Src/gpio.c    ****   * All rights reserved.</center></h2>
  11:Src/gpio.c    ****   *
  12:Src/gpio.c    ****   * This software component is licensed by ST under Ultimate Liberty license
  13:Src/gpio.c    ****   * SLA0044, the "License"; You may not use this file except in compliance with
  14:Src/gpio.c    ****   * the License. You may obtain a copy of the License at:
  15:Src/gpio.c    ****   *                             www.st.com/SLA0044
  16:Src/gpio.c    ****   *
  17:Src/gpio.c    ****   ******************************************************************************
  18:Src/gpio.c    ****   */
  19:Src/gpio.c    **** 
  20:Src/gpio.c    **** /* Includes ------------------------------------------------------------------*/
  21:Src/gpio.c    **** #include "gpio.h"
  22:Src/gpio.c    **** /* USER CODE BEGIN 0 */
  23:Src/gpio.c    **** 
  24:Src/gpio.c    **** /* USER CODE END 0 */
  25:Src/gpio.c    **** 
  26:Src/gpio.c    **** /*----------------------------------------------------------------------------*/
  27:Src/gpio.c    **** /* Configure GPIO                                                             */
  28:Src/gpio.c    **** /*----------------------------------------------------------------------------*/
  29:Src/gpio.c    **** /* USER CODE BEGIN 1 */
  30:Src/gpio.c    **** 
ARM GAS  /var/folders/_1/sgnj6dm57r56n1x62bwb5w5h0000gn/T//cc2AULaO.s 			page 2


  31:Src/gpio.c    **** /* USER CODE END 1 */
  32:Src/gpio.c    **** 
  33:Src/gpio.c    **** /** Configure pins as 
  34:Src/gpio.c    ****         * Analog 
  35:Src/gpio.c    ****         * Input 
  36:Src/gpio.c    ****         * Output
  37:Src/gpio.c    ****         * EVENT_OUT
  38:Src/gpio.c    ****         * EXTI
  39:Src/gpio.c    ****         * Free pins are configured automatically as Analog (this feature is enabled through 
  40:Src/gpio.c    ****         * the Code Generation settings)
  41:Src/gpio.c    **** */
  42:Src/gpio.c    **** void MX_GPIO_Init(void)
  43:Src/gpio.c    **** {
  29              		.loc 1 43 1 view -0
  30              		.cfi_startproc
  31              		@ args = 0, pretend = 0, frame = 48
  32              		@ frame_needed = 0, uses_anonymous_args = 0
  33 0000 2DE9F04F 		push	{r4, r5, r6, r7, r8, r9, r10, fp, lr}
  34              	.LCFI0:
  35              		.cfi_def_cfa_offset 36
  36              		.cfi_offset 4, -36
  37              		.cfi_offset 5, -32
  38              		.cfi_offset 6, -28
  39              		.cfi_offset 7, -24
  40              		.cfi_offset 8, -20
  41              		.cfi_offset 9, -16
  42              		.cfi_offset 10, -12
  43              		.cfi_offset 11, -8
  44              		.cfi_offset 14, -4
  45 0004 8DB0     		sub	sp, sp, #52
  46              	.LCFI1:
  47              		.cfi_def_cfa_offset 88
  44:Src/gpio.c    **** 
  45:Src/gpio.c    ****   GPIO_InitTypeDef GPIO_InitStruct = {0};
  48              		.loc 1 45 3 view .LVU1
  49              		.loc 1 45 20 is_stmt 0 view .LVU2
  50 0006 0024     		movs	r4, #0
  51 0008 0794     		str	r4, [sp, #28]
  52 000a 0894     		str	r4, [sp, #32]
  53 000c 0994     		str	r4, [sp, #36]
  54 000e 0A94     		str	r4, [sp, #40]
  55 0010 0B94     		str	r4, [sp, #44]
  46:Src/gpio.c    **** 
  47:Src/gpio.c    ****   /* GPIO Ports Clock Enable */
  48:Src/gpio.c    ****   __HAL_RCC_GPIOE_CLK_ENABLE();
  56              		.loc 1 48 3 is_stmt 1 view .LVU3
  57              	.LBB2:
  58              		.loc 1 48 3 view .LVU4
  59              		.loc 1 48 3 view .LVU5
  60 0012 634B     		ldr	r3, .L3
  61 0014 5A69     		ldr	r2, [r3, #20]
  62 0016 42F40012 		orr	r2, r2, #2097152
  63 001a 5A61     		str	r2, [r3, #20]
  64              		.loc 1 48 3 view .LVU6
  65 001c 5A69     		ldr	r2, [r3, #20]
  66 001e 02F40012 		and	r2, r2, #2097152
  67 0022 0192     		str	r2, [sp, #4]
ARM GAS  /var/folders/_1/sgnj6dm57r56n1x62bwb5w5h0000gn/T//cc2AULaO.s 			page 3


  68              		.loc 1 48 3 view .LVU7
  69 0024 019A     		ldr	r2, [sp, #4]
  70              	.LBE2:
  49:Src/gpio.c    ****   __HAL_RCC_GPIOC_CLK_ENABLE();
  71              		.loc 1 49 3 view .LVU8
  72              	.LBB3:
  73              		.loc 1 49 3 view .LVU9
  74              		.loc 1 49 3 view .LVU10
  75 0026 5A69     		ldr	r2, [r3, #20]
  76 0028 42F40022 		orr	r2, r2, #524288
  77 002c 5A61     		str	r2, [r3, #20]
  78              		.loc 1 49 3 view .LVU11
  79 002e 5A69     		ldr	r2, [r3, #20]
  80 0030 02F40022 		and	r2, r2, #524288
  81 0034 0292     		str	r2, [sp, #8]
  82              		.loc 1 49 3 view .LVU12
  83 0036 029A     		ldr	r2, [sp, #8]
  84              	.LBE3:
  50:Src/gpio.c    ****   __HAL_RCC_GPIOF_CLK_ENABLE();
  85              		.loc 1 50 3 view .LVU13
  86              	.LBB4:
  87              		.loc 1 50 3 view .LVU14
  88              		.loc 1 50 3 view .LVU15
  89 0038 5A69     		ldr	r2, [r3, #20]
  90 003a 42F48002 		orr	r2, r2, #4194304
  91 003e 5A61     		str	r2, [r3, #20]
  92              		.loc 1 50 3 view .LVU16
  93 0040 5A69     		ldr	r2, [r3, #20]
  94 0042 02F48002 		and	r2, r2, #4194304
  95 0046 0392     		str	r2, [sp, #12]
  96              		.loc 1 50 3 view .LVU17
  97 0048 039A     		ldr	r2, [sp, #12]
  98              	.LBE4:
  51:Src/gpio.c    ****   __HAL_RCC_GPIOA_CLK_ENABLE();
  99              		.loc 1 51 3 view .LVU18
 100              	.LBB5:
 101              		.loc 1 51 3 view .LVU19
 102              		.loc 1 51 3 view .LVU20
 103 004a 5A69     		ldr	r2, [r3, #20]
 104 004c 42F40032 		orr	r2, r2, #131072
 105 0050 5A61     		str	r2, [r3, #20]
 106              		.loc 1 51 3 view .LVU21
 107 0052 5A69     		ldr	r2, [r3, #20]
 108 0054 02F40032 		and	r2, r2, #131072
 109 0058 0492     		str	r2, [sp, #16]
 110              		.loc 1 51 3 view .LVU22
 111 005a 049A     		ldr	r2, [sp, #16]
 112              	.LBE5:
  52:Src/gpio.c    ****   __HAL_RCC_GPIOB_CLK_ENABLE();
 113              		.loc 1 52 3 view .LVU23
 114              	.LBB6:
 115              		.loc 1 52 3 view .LVU24
 116              		.loc 1 52 3 view .LVU25
 117 005c 5A69     		ldr	r2, [r3, #20]
 118 005e 42F48022 		orr	r2, r2, #262144
 119 0062 5A61     		str	r2, [r3, #20]
 120              		.loc 1 52 3 view .LVU26
ARM GAS  /var/folders/_1/sgnj6dm57r56n1x62bwb5w5h0000gn/T//cc2AULaO.s 			page 4


 121 0064 5A69     		ldr	r2, [r3, #20]
 122 0066 02F48022 		and	r2, r2, #262144
 123 006a 0592     		str	r2, [sp, #20]
 124              		.loc 1 52 3 view .LVU27
 125 006c 059A     		ldr	r2, [sp, #20]
 126              	.LBE6:
  53:Src/gpio.c    ****   __HAL_RCC_GPIOD_CLK_ENABLE();
 127              		.loc 1 53 3 view .LVU28
 128              	.LBB7:
 129              		.loc 1 53 3 view .LVU29
 130              		.loc 1 53 3 view .LVU30
 131 006e 5A69     		ldr	r2, [r3, #20]
 132 0070 42F48012 		orr	r2, r2, #1048576
 133 0074 5A61     		str	r2, [r3, #20]
 134              		.loc 1 53 3 view .LVU31
 135 0076 5B69     		ldr	r3, [r3, #20]
 136 0078 03F48013 		and	r3, r3, #1048576
 137 007c 0693     		str	r3, [sp, #24]
 138              		.loc 1 53 3 view .LVU32
 139 007e 069B     		ldr	r3, [sp, #24]
 140              	.LBE7:
  54:Src/gpio.c    **** 
  55:Src/gpio.c    ****   /*Configure GPIO pin Output Level */
  56:Src/gpio.c    ****   HAL_GPIO_WritePin(GPIOE, IO3_EX_Pin|IO1_EX_Pin|IO2_EX_Pin, GPIO_PIN_RESET);
 141              		.loc 1 56 3 view .LVU33
 142 0080 484F     		ldr	r7, .L3+4
 143 0082 2246     		mov	r2, r4
 144 0084 0721     		movs	r1, #7
 145 0086 3846     		mov	r0, r7
 146 0088 FFF7FEFF 		bl	HAL_GPIO_WritePin
 147              	.LVL0:
  57:Src/gpio.c    **** 
  58:Src/gpio.c    ****   /*Configure GPIO pin Output Level */
  59:Src/gpio.c    ****   HAL_GPIO_WritePin(GPIOD, LED1_Pin|LED2_Pin|LED3_Pin|GPIO_PIN_3, GPIO_PIN_RESET);
 148              		.loc 1 59 3 view .LVU34
 149 008c 464E     		ldr	r6, .L3+8
 150 008e 2246     		mov	r2, r4
 151 0090 4FF4E161 		mov	r1, #1800
 152 0094 3046     		mov	r0, r6
 153 0096 FFF7FEFF 		bl	HAL_GPIO_WritePin
 154              	.LVL1:
  60:Src/gpio.c    **** 
  61:Src/gpio.c    ****   /*Configure GPIO pins : PEPin PEPin PEPin */
  62:Src/gpio.c    ****   GPIO_InitStruct.Pin = IO3_EX_Pin|IO1_EX_Pin|IO2_EX_Pin;
 155              		.loc 1 62 3 view .LVU35
 156              		.loc 1 62 23 is_stmt 0 view .LVU36
 157 009a 0723     		movs	r3, #7
 158 009c 0793     		str	r3, [sp, #28]
  63:Src/gpio.c    ****   GPIO_InitStruct.Mode = GPIO_MODE_OUTPUT_PP;
 159              		.loc 1 63 3 is_stmt 1 view .LVU37
 160              		.loc 1 63 24 is_stmt 0 view .LVU38
 161 009e 4FF0010A 		mov	r10, #1
 162 00a2 CDF820A0 		str	r10, [sp, #32]
  64:Src/gpio.c    ****   GPIO_InitStruct.Pull = GPIO_NOPULL;
 163              		.loc 1 64 3 is_stmt 1 view .LVU39
 164              		.loc 1 64 24 is_stmt 0 view .LVU40
 165 00a6 0994     		str	r4, [sp, #36]
ARM GAS  /var/folders/_1/sgnj6dm57r56n1x62bwb5w5h0000gn/T//cc2AULaO.s 			page 5


  65:Src/gpio.c    ****   GPIO_InitStruct.Speed = GPIO_SPEED_FREQ_LOW;
 166              		.loc 1 65 3 is_stmt 1 view .LVU41
 167              		.loc 1 65 25 is_stmt 0 view .LVU42
 168 00a8 0A94     		str	r4, [sp, #40]
  66:Src/gpio.c    ****   HAL_GPIO_Init(GPIOE, &GPIO_InitStruct);
 169              		.loc 1 66 3 is_stmt 1 view .LVU43
 170 00aa 07A9     		add	r1, sp, #28
 171 00ac 3846     		mov	r0, r7
 172 00ae FFF7FEFF 		bl	HAL_GPIO_Init
 173              	.LVL2:
  67:Src/gpio.c    **** 
  68:Src/gpio.c    ****   /*Configure GPIO pins : PEPin PEPin PEPin PEPin */
  69:Src/gpio.c    ****   GPIO_InitStruct.Pin = IO4_EX_Pin|IO5_EX_Pin|IO6_EX_Pin|IO7_EX_Pin;
 174              		.loc 1 69 3 view .LVU44
 175              		.loc 1 69 23 is_stmt 0 view .LVU45
 176 00b2 7823     		movs	r3, #120
 177 00b4 0793     		str	r3, [sp, #28]
  70:Src/gpio.c    ****   GPIO_InitStruct.Mode = GPIO_MODE_INPUT;
 178              		.loc 1 70 3 is_stmt 1 view .LVU46
 179              		.loc 1 70 24 is_stmt 0 view .LVU47
 180 00b6 0894     		str	r4, [sp, #32]
  71:Src/gpio.c    ****   GPIO_InitStruct.Pull = GPIO_NOPULL;
 181              		.loc 1 71 3 is_stmt 1 view .LVU48
 182              		.loc 1 71 24 is_stmt 0 view .LVU49
 183 00b8 0994     		str	r4, [sp, #36]
  72:Src/gpio.c    ****   HAL_GPIO_Init(GPIOE, &GPIO_InitStruct);
 184              		.loc 1 72 3 is_stmt 1 view .LVU50
 185 00ba 07A9     		add	r1, sp, #28
 186 00bc 3846     		mov	r0, r7
 187 00be FFF7FEFF 		bl	HAL_GPIO_Init
 188              	.LVL3:
  73:Src/gpio.c    **** 
  74:Src/gpio.c    ****   /*Configure GPIO pins : PC13 PC5 */
  75:Src/gpio.c    ****   GPIO_InitStruct.Pin = GPIO_PIN_13|GPIO_PIN_5;
 189              		.loc 1 75 3 view .LVU51
 190              		.loc 1 75 23 is_stmt 0 view .LVU52
 191 00c2 42F22003 		movw	r3, #8224
 192 00c6 0793     		str	r3, [sp, #28]
  76:Src/gpio.c    ****   GPIO_InitStruct.Mode = GPIO_MODE_ANALOG;
 193              		.loc 1 76 3 is_stmt 1 view .LVU53
 194              		.loc 1 76 24 is_stmt 0 view .LVU54
 195 00c8 0325     		movs	r5, #3
 196 00ca 0895     		str	r5, [sp, #32]
  77:Src/gpio.c    ****   GPIO_InitStruct.Pull = GPIO_NOPULL;
 197              		.loc 1 77 3 is_stmt 1 view .LVU55
 198              		.loc 1 77 24 is_stmt 0 view .LVU56
 199 00cc 0994     		str	r4, [sp, #36]
  78:Src/gpio.c    ****   HAL_GPIO_Init(GPIOC, &GPIO_InitStruct);
 200              		.loc 1 78 3 is_stmt 1 view .LVU57
 201 00ce DFF8DC90 		ldr	r9, .L3+12
 202 00d2 07A9     		add	r1, sp, #28
 203 00d4 4846     		mov	r0, r9
 204 00d6 FFF7FEFF 		bl	HAL_GPIO_Init
 205              	.LVL4:
  79:Src/gpio.c    **** 
  80:Src/gpio.c    ****   /*Configure GPIO pins : PF9 PF10 PF4 */
  81:Src/gpio.c    ****   GPIO_InitStruct.Pin = GPIO_PIN_9|GPIO_PIN_10|GPIO_PIN_4;
ARM GAS  /var/folders/_1/sgnj6dm57r56n1x62bwb5w5h0000gn/T//cc2AULaO.s 			page 6


 206              		.loc 1 81 3 view .LVU58
 207              		.loc 1 81 23 is_stmt 0 view .LVU59
 208 00da 4FF4C263 		mov	r3, #1552
 209 00de 0793     		str	r3, [sp, #28]
  82:Src/gpio.c    ****   GPIO_InitStruct.Mode = GPIO_MODE_ANALOG;
 210              		.loc 1 82 3 is_stmt 1 view .LVU60
 211              		.loc 1 82 24 is_stmt 0 view .LVU61
 212 00e0 0895     		str	r5, [sp, #32]
  83:Src/gpio.c    ****   GPIO_InitStruct.Pull = GPIO_NOPULL;
 213              		.loc 1 83 3 is_stmt 1 view .LVU62
 214              		.loc 1 83 24 is_stmt 0 view .LVU63
 215 00e2 0994     		str	r4, [sp, #36]
  84:Src/gpio.c    ****   HAL_GPIO_Init(GPIOF, &GPIO_InitStruct);
 216              		.loc 1 84 3 is_stmt 1 view .LVU64
 217 00e4 DFF8C880 		ldr	r8, .L3+16
 218 00e8 07A9     		add	r1, sp, #28
 219 00ea 4046     		mov	r0, r8
 220 00ec FFF7FEFF 		bl	HAL_GPIO_Init
 221              	.LVL5:
  85:Src/gpio.c    **** 
  86:Src/gpio.c    ****   /*Configure GPIO pins : PB2 PB13 PB15 PB3 
  87:Src/gpio.c    ****                            PB4 */
  88:Src/gpio.c    ****   GPIO_InitStruct.Pin = GPIO_PIN_2|GPIO_PIN_13|GPIO_PIN_15|GPIO_PIN_3 
 222              		.loc 1 88 3 view .LVU65
 223              		.loc 1 88 23 is_stmt 0 view .LVU66
 224 00f0 4AF21C03 		movw	r3, #40988
 225 00f4 0793     		str	r3, [sp, #28]
  89:Src/gpio.c    ****                           |GPIO_PIN_4;
  90:Src/gpio.c    ****   GPIO_InitStruct.Mode = GPIO_MODE_ANALOG;
 226              		.loc 1 90 3 is_stmt 1 view .LVU67
 227              		.loc 1 90 24 is_stmt 0 view .LVU68
 228 00f6 0895     		str	r5, [sp, #32]
  91:Src/gpio.c    ****   GPIO_InitStruct.Pull = GPIO_NOPULL;
 229              		.loc 1 91 3 is_stmt 1 view .LVU69
 230              		.loc 1 91 24 is_stmt 0 view .LVU70
 231 00f8 0994     		str	r4, [sp, #36]
  92:Src/gpio.c    ****   HAL_GPIO_Init(GPIOB, &GPIO_InitStruct);
 232              		.loc 1 92 3 is_stmt 1 view .LVU71
 233 00fa DFF8B8B0 		ldr	fp, .L3+20
 234 00fe 07A9     		add	r1, sp, #28
 235 0100 5846     		mov	r0, fp
 236 0102 FFF7FEFF 		bl	HAL_GPIO_Init
 237              	.LVL6:
  93:Src/gpio.c    **** 
  94:Src/gpio.c    ****   /*Configure GPIO pins : PE14 PE15 */
  95:Src/gpio.c    ****   GPIO_InitStruct.Pin = GPIO_PIN_14|GPIO_PIN_15;
 238              		.loc 1 95 3 view .LVU72
 239              		.loc 1 95 23 is_stmt 0 view .LVU73
 240 0106 4FF44043 		mov	r3, #49152
 241 010a 0793     		str	r3, [sp, #28]
  96:Src/gpio.c    ****   GPIO_InitStruct.Mode = GPIO_MODE_ANALOG;
 242              		.loc 1 96 3 is_stmt 1 view .LVU74
 243              		.loc 1 96 24 is_stmt 0 view .LVU75
 244 010c 0895     		str	r5, [sp, #32]
  97:Src/gpio.c    ****   GPIO_InitStruct.Pull = GPIO_NOPULL;
 245              		.loc 1 97 3 is_stmt 1 view .LVU76
 246              		.loc 1 97 24 is_stmt 0 view .LVU77
ARM GAS  /var/folders/_1/sgnj6dm57r56n1x62bwb5w5h0000gn/T//cc2AULaO.s 			page 7


 247 010e 0994     		str	r4, [sp, #36]
  98:Src/gpio.c    ****   HAL_GPIO_Init(GPIOE, &GPIO_InitStruct);
 248              		.loc 1 98 3 is_stmt 1 view .LVU78
 249 0110 07A9     		add	r1, sp, #28
 250 0112 3846     		mov	r0, r7
 251 0114 FFF7FEFF 		bl	HAL_GPIO_Init
 252              	.LVL7:
  99:Src/gpio.c    **** 
 100:Src/gpio.c    ****   /*Configure GPIO pins : PBPin PBPin PBPin PBPin */
 101:Src/gpio.c    ****   GPIO_InitStruct.Pin = BUTTON1_Pin|IO8_EX_Pin|IO11_EX_Pin|PUSHIN_1_Pin;
 253              		.loc 1 101 3 view .LVU79
 254              		.loc 1 101 23 is_stmt 0 view .LVU80
 255 0118 44F22033 		movw	r3, #17184
 256 011c 0793     		str	r3, [sp, #28]
 102:Src/gpio.c    ****   GPIO_InitStruct.Mode = GPIO_MODE_INPUT;
 257              		.loc 1 102 3 is_stmt 1 view .LVU81
 258              		.loc 1 102 24 is_stmt 0 view .LVU82
 259 011e 0894     		str	r4, [sp, #32]
 103:Src/gpio.c    ****   GPIO_InitStruct.Pull = GPIO_NOPULL;
 260              		.loc 1 103 3 is_stmt 1 view .LVU83
 261              		.loc 1 103 24 is_stmt 0 view .LVU84
 262 0120 0994     		str	r4, [sp, #36]
 104:Src/gpio.c    ****   HAL_GPIO_Init(GPIOB, &GPIO_InitStruct);
 263              		.loc 1 104 3 is_stmt 1 view .LVU85
 264 0122 07A9     		add	r1, sp, #28
 265 0124 5846     		mov	r0, fp
 266 0126 FFF7FEFF 		bl	HAL_GPIO_Init
 267              	.LVL8:
 105:Src/gpio.c    **** 
 106:Src/gpio.c    ****   /*Configure GPIO pins : PDPin PDPin PDPin PD3 */
 107:Src/gpio.c    ****   GPIO_InitStruct.Pin = LED1_Pin|LED2_Pin|LED3_Pin|GPIO_PIN_3;
 268              		.loc 1 107 3 view .LVU86
 269              		.loc 1 107 23 is_stmt 0 view .LVU87
 270 012a 4FF4E163 		mov	r3, #1800
 271 012e 0793     		str	r3, [sp, #28]
 108:Src/gpio.c    ****   GPIO_InitStruct.Mode = GPIO_MODE_OUTPUT_PP;
 272              		.loc 1 108 3 is_stmt 1 view .LVU88
 273              		.loc 1 108 24 is_stmt 0 view .LVU89
 274 0130 CDF820A0 		str	r10, [sp, #32]
 109:Src/gpio.c    ****   GPIO_InitStruct.Pull = GPIO_NOPULL;
 275              		.loc 1 109 3 is_stmt 1 view .LVU90
 276              		.loc 1 109 24 is_stmt 0 view .LVU91
 277 0134 0994     		str	r4, [sp, #36]
 110:Src/gpio.c    ****   GPIO_InitStruct.Speed = GPIO_SPEED_FREQ_LOW;
 278              		.loc 1 110 3 is_stmt 1 view .LVU92
 279              		.loc 1 110 25 is_stmt 0 view .LVU93
 280 0136 0A94     		str	r4, [sp, #40]
 111:Src/gpio.c    ****   HAL_GPIO_Init(GPIOD, &GPIO_InitStruct);
 281              		.loc 1 111 3 is_stmt 1 view .LVU94
 282 0138 07A9     		add	r1, sp, #28
 283 013a 3046     		mov	r0, r6
 284 013c FFF7FEFF 		bl	HAL_GPIO_Init
 285              	.LVL9:
 112:Src/gpio.c    **** 
 113:Src/gpio.c    ****   /*Configure GPIO pins : PDPin PDPin PDPin PDPin 
 114:Src/gpio.c    ****                            PD0 PD1 */
 115:Src/gpio.c    ****   GPIO_InitStruct.Pin = rpi_gpio16_Pin|rpi_gpio20_Pin|DS18B20_2_Pin|PUSHIN_2_Pin 
ARM GAS  /var/folders/_1/sgnj6dm57r56n1x62bwb5w5h0000gn/T//cc2AULaO.s 			page 8


 286              		.loc 1 115 3 view .LVU95
 287              		.loc 1 115 23 is_stmt 0 view .LVU96
 288 0140 4FF20303 		movw	r3, #61443
 289 0144 0793     		str	r3, [sp, #28]
 116:Src/gpio.c    ****                           |GPIO_PIN_0|GPIO_PIN_1;
 117:Src/gpio.c    ****   GPIO_InitStruct.Mode = GPIO_MODE_INPUT;
 290              		.loc 1 117 3 is_stmt 1 view .LVU97
 291              		.loc 1 117 24 is_stmt 0 view .LVU98
 292 0146 0894     		str	r4, [sp, #32]
 118:Src/gpio.c    ****   GPIO_InitStruct.Pull = GPIO_NOPULL;
 293              		.loc 1 118 3 is_stmt 1 view .LVU99
 294              		.loc 1 118 24 is_stmt 0 view .LVU100
 295 0148 0994     		str	r4, [sp, #36]
 119:Src/gpio.c    ****   HAL_GPIO_Init(GPIOD, &GPIO_InitStruct);
 296              		.loc 1 119 3 is_stmt 1 view .LVU101
 297 014a 07A9     		add	r1, sp, #28
 298 014c 3046     		mov	r0, r6
 299 014e FFF7FEFF 		bl	HAL_GPIO_Init
 300              	.LVL10:
 120:Src/gpio.c    **** 
 121:Src/gpio.c    ****   /*Configure GPIO pins : PCPin PCPin PCPin PCPin */
 122:Src/gpio.c    ****   GPIO_InitStruct.Pin = PUSHIN_3_Pin|PUSHIN_4_Pin|PULSE2_Pin|DS18B20_RJ45_Pin;
 301              		.loc 1 122 3 view .LVU102
 302              		.loc 1 122 23 is_stmt 0 view .LVU103
 303 0152 4FF47073 		mov	r3, #960
 304 0156 0793     		str	r3, [sp, #28]
 123:Src/gpio.c    ****   GPIO_InitStruct.Mode = GPIO_MODE_INPUT;
 305              		.loc 1 123 3 is_stmt 1 view .LVU104
 306              		.loc 1 123 24 is_stmt 0 view .LVU105
 307 0158 0894     		str	r4, [sp, #32]
 124:Src/gpio.c    ****   GPIO_InitStruct.Pull = GPIO_NOPULL;
 308              		.loc 1 124 3 is_stmt 1 view .LVU106
 309              		.loc 1 124 24 is_stmt 0 view .LVU107
 310 015a 0994     		str	r4, [sp, #36]
 125:Src/gpio.c    ****   HAL_GPIO_Init(GPIOC, &GPIO_InitStruct);
 311              		.loc 1 125 3 is_stmt 1 view .LVU108
 312 015c 07A9     		add	r1, sp, #28
 313 015e 4846     		mov	r0, r9
 314 0160 FFF7FEFF 		bl	HAL_GPIO_Init
 315              	.LVL11:
 126:Src/gpio.c    **** 
 127:Src/gpio.c    ****   /*Configure GPIO pins : PAPin PA15 */
 128:Src/gpio.c    ****   GPIO_InitStruct.Pin = PULSE1_RJ45_Pin|GPIO_PIN_15;
 316              		.loc 1 128 3 view .LVU109
 317              		.loc 1 128 23 is_stmt 0 view .LVU110
 318 0164 4FF40143 		mov	r3, #33024
 319 0168 0793     		str	r3, [sp, #28]
 129:Src/gpio.c    ****   GPIO_InitStruct.Mode = GPIO_MODE_INPUT;
 320              		.loc 1 129 3 is_stmt 1 view .LVU111
 321              		.loc 1 129 24 is_stmt 0 view .LVU112
 322 016a 0894     		str	r4, [sp, #32]
 130:Src/gpio.c    ****   GPIO_InitStruct.Pull = GPIO_NOPULL;
 323              		.loc 1 130 3 is_stmt 1 view .LVU113
 324              		.loc 1 130 24 is_stmt 0 view .LVU114
 325 016c 0994     		str	r4, [sp, #36]
 131:Src/gpio.c    ****   HAL_GPIO_Init(GPIOA, &GPIO_InitStruct);
 326              		.loc 1 131 3 is_stmt 1 view .LVU115
ARM GAS  /var/folders/_1/sgnj6dm57r56n1x62bwb5w5h0000gn/T//cc2AULaO.s 			page 9


 327 016e 07A9     		add	r1, sp, #28
 328 0170 4FF09040 		mov	r0, #1207959552
 329 0174 FFF7FEFF 		bl	HAL_GPIO_Init
 330              	.LVL12:
 132:Src/gpio.c    **** 
 133:Src/gpio.c    ****   /*Configure GPIO pin : PF6 */
 134:Src/gpio.c    ****   GPIO_InitStruct.Pin = GPIO_PIN_6;
 331              		.loc 1 134 3 view .LVU116
 332              		.loc 1 134 23 is_stmt 0 view .LVU117
 333 0178 4023     		movs	r3, #64
 334 017a 0793     		str	r3, [sp, #28]
 135:Src/gpio.c    ****   GPIO_InitStruct.Mode = GPIO_MODE_INPUT;
 335              		.loc 1 135 3 is_stmt 1 view .LVU118
 336              		.loc 1 135 24 is_stmt 0 view .LVU119
 337 017c 0894     		str	r4, [sp, #32]
 136:Src/gpio.c    ****   GPIO_InitStruct.Pull = GPIO_NOPULL;
 338              		.loc 1 136 3 is_stmt 1 view .LVU120
 339              		.loc 1 136 24 is_stmt 0 view .LVU121
 340 017e 0994     		str	r4, [sp, #36]
 137:Src/gpio.c    ****   HAL_GPIO_Init(GPIOF, &GPIO_InitStruct);
 341              		.loc 1 137 3 is_stmt 1 view .LVU122
 342 0180 07A9     		add	r1, sp, #28
 343 0182 4046     		mov	r0, r8
 344 0184 FFF7FEFF 		bl	HAL_GPIO_Init
 345              	.LVL13:
 138:Src/gpio.c    **** 
 139:Src/gpio.c    ****   /*Configure GPIO pins : PD2 PD4 PD6 PD7 */
 140:Src/gpio.c    ****   GPIO_InitStruct.Pin = GPIO_PIN_2|GPIO_PIN_4|GPIO_PIN_6|GPIO_PIN_7;
 346              		.loc 1 140 3 view .LVU123
 347              		.loc 1 140 23 is_stmt 0 view .LVU124
 348 0188 D423     		movs	r3, #212
 349 018a 0793     		str	r3, [sp, #28]
 141:Src/gpio.c    ****   GPIO_InitStruct.Mode = GPIO_MODE_ANALOG;
 350              		.loc 1 141 3 is_stmt 1 view .LVU125
 351              		.loc 1 141 24 is_stmt 0 view .LVU126
 352 018c 0895     		str	r5, [sp, #32]
 142:Src/gpio.c    ****   GPIO_InitStruct.Pull = GPIO_NOPULL;
 353              		.loc 1 142 3 is_stmt 1 view .LVU127
 354              		.loc 1 142 24 is_stmt 0 view .LVU128
 355 018e 0994     		str	r4, [sp, #36]
 143:Src/gpio.c    ****   HAL_GPIO_Init(GPIOD, &GPIO_InitStruct);
 356              		.loc 1 143 3 is_stmt 1 view .LVU129
 357 0190 07A9     		add	r1, sp, #28
 358 0192 3046     		mov	r0, r6
 359 0194 FFF7FEFF 		bl	HAL_GPIO_Init
 360              	.LVL14:
 144:Src/gpio.c    **** 
 145:Src/gpio.c    **** }
 361              		.loc 1 145 1 is_stmt 0 view .LVU130
 362 0198 0DB0     		add	sp, sp, #52
 363              	.LCFI2:
 364              		.cfi_def_cfa_offset 36
 365              		@ sp needed
 366 019a BDE8F08F 		pop	{r4, r5, r6, r7, r8, r9, r10, fp, pc}
 367              	.L4:
 368 019e 00BF     		.align	2
 369              	.L3:
ARM GAS  /var/folders/_1/sgnj6dm57r56n1x62bwb5w5h0000gn/T//cc2AULaO.s 			page 10


 370 01a0 00100240 		.word	1073876992
 371 01a4 00100048 		.word	1207963648
 372 01a8 000C0048 		.word	1207962624
 373 01ac 00080048 		.word	1207961600
 374 01b0 00140048 		.word	1207964672
 375 01b4 00040048 		.word	1207960576
 376              		.cfi_endproc
 377              	.LFE126:
 379              		.text
 380              	.Letext0:
 381              		.file 2 "/usr/local/opt/gcc-arm-none-eabi-8-2019-q3-update/arm-none-eabi/include/machine/_default_
 382              		.file 3 "/usr/local/opt/gcc-arm-none-eabi-8-2019-q3-update/arm-none-eabi/include/sys/_stdint.h"
 383              		.file 4 "Drivers/CMSIS/Include/core_cm4.h"
 384              		.file 5 "Drivers/CMSIS/Device/ST/STM32F3xx/Include/system_stm32f3xx.h"
 385              		.file 6 "Drivers/CMSIS/Device/ST/STM32F3xx/Include/stm32f303xc.h"
 386              		.file 7 "/usr/local/opt/gcc-arm-none-eabi-8-2019-q3-update/lib/gcc/arm-none-eabi/8.3.1/include/std
 387              		.file 8 "/usr/local/opt/gcc-arm-none-eabi-8-2019-q3-update/arm-none-eabi/include/sys/_types.h"
 388              		.file 9 "/usr/local/opt/gcc-arm-none-eabi-8-2019-q3-update/arm-none-eabi/include/sys/reent.h"
 389              		.file 10 "/usr/local/opt/gcc-arm-none-eabi-8-2019-q3-update/arm-none-eabi/include/sys/lock.h"
 390              		.file 11 "Drivers/STM32F3xx_HAL_Driver/Inc/stm32f3xx_hal_gpio.h"
 391              		.file 12 "Drivers/STM32F3xx_HAL_Driver/Inc/stm32f3xx_hal.h"
ARM GAS  /var/folders/_1/sgnj6dm57r56n1x62bwb5w5h0000gn/T//cc2AULaO.s 			page 11


DEFINED SYMBOLS
                            *ABS*:0000000000000000 gpio.c
/var/folders/_1/sgnj6dm57r56n1x62bwb5w5h0000gn/T//cc2AULaO.s:18     .text.MX_GPIO_Init:0000000000000000 $t
/var/folders/_1/sgnj6dm57r56n1x62bwb5w5h0000gn/T//cc2AULaO.s:26     .text.MX_GPIO_Init:0000000000000000 MX_GPIO_Init
/var/folders/_1/sgnj6dm57r56n1x62bwb5w5h0000gn/T//cc2AULaO.s:370    .text.MX_GPIO_Init:00000000000001a0 $d

UNDEFINED SYMBOLS
HAL_GPIO_WritePin
HAL_GPIO_Init
