ARM GAS  /var/folders/_1/sgnj6dm57r56n1x62bwb5w5h0000gn/T//cc0eCm9q.s 			page 1


   1              		.cpu cortex-m4
   2              		.eabi_attribute 27, 1
   3              		.eabi_attribute 28, 1
   4              		.eabi_attribute 20, 1
   5              		.eabi_attribute 21, 1
   6              		.eabi_attribute 23, 3
   7              		.eabi_attribute 24, 1
   8              		.eabi_attribute 25, 1
   9              		.eabi_attribute 26, 1
  10              		.eabi_attribute 30, 1
  11              		.eabi_attribute 34, 1
  12              		.eabi_attribute 18, 4
  13              		.file	"stm32f3xx_hal_pcd_ex.c"
  14              		.text
  15              	.Ltext0:
  16              		.cfi_sections	.debug_frame
  17              		.section	.text.HAL_PCDEx_PMAConfig,"ax",%progbits
  18              		.align	1
  19              		.global	HAL_PCDEx_PMAConfig
  20              		.arch armv7e-m
  21              		.syntax unified
  22              		.thumb
  23              		.thumb_func
  24              		.fpu fpv4-sp-d16
  26              	HAL_PCDEx_PMAConfig:
  27              	.LVL0:
  28              	.LFB126:
  29              		.file 1 "Drivers/STM32F3xx_HAL_Driver/Src/stm32f3xx_hal_pcd_ex.c"
   1:Drivers/STM32F3xx_HAL_Driver/Src/stm32f3xx_hal_pcd_ex.c **** /**
   2:Drivers/STM32F3xx_HAL_Driver/Src/stm32f3xx_hal_pcd_ex.c ****   ******************************************************************************
   3:Drivers/STM32F3xx_HAL_Driver/Src/stm32f3xx_hal_pcd_ex.c ****   * @file    stm32f3xx_hal_pcd_ex.c
   4:Drivers/STM32F3xx_HAL_Driver/Src/stm32f3xx_hal_pcd_ex.c ****   * @author  MCD Application Team
   5:Drivers/STM32F3xx_HAL_Driver/Src/stm32f3xx_hal_pcd_ex.c ****   * @brief   Extended PCD HAL module driver.
   6:Drivers/STM32F3xx_HAL_Driver/Src/stm32f3xx_hal_pcd_ex.c ****   *          This file provides firmware functions to manage the following 
   7:Drivers/STM32F3xx_HAL_Driver/Src/stm32f3xx_hal_pcd_ex.c ****   *          functionalities of the USB Peripheral Controller:
   8:Drivers/STM32F3xx_HAL_Driver/Src/stm32f3xx_hal_pcd_ex.c ****   *           + Configuration of the PMA for EP
   9:Drivers/STM32F3xx_HAL_Driver/Src/stm32f3xx_hal_pcd_ex.c ****   *         
  10:Drivers/STM32F3xx_HAL_Driver/Src/stm32f3xx_hal_pcd_ex.c ****   ******************************************************************************
  11:Drivers/STM32F3xx_HAL_Driver/Src/stm32f3xx_hal_pcd_ex.c ****   * @attention
  12:Drivers/STM32F3xx_HAL_Driver/Src/stm32f3xx_hal_pcd_ex.c ****   *
  13:Drivers/STM32F3xx_HAL_Driver/Src/stm32f3xx_hal_pcd_ex.c ****   * <h2><center>&copy; COPYRIGHT(c) 2016 STMicroelectronics</center></h2>
  14:Drivers/STM32F3xx_HAL_Driver/Src/stm32f3xx_hal_pcd_ex.c ****   *
  15:Drivers/STM32F3xx_HAL_Driver/Src/stm32f3xx_hal_pcd_ex.c ****   * Redistribution and use in source and binary forms, with or without modification,
  16:Drivers/STM32F3xx_HAL_Driver/Src/stm32f3xx_hal_pcd_ex.c ****   * are permitted provided that the following conditions are met:
  17:Drivers/STM32F3xx_HAL_Driver/Src/stm32f3xx_hal_pcd_ex.c ****   *   1. Redistributions of source code must retain the above copyright notice,
  18:Drivers/STM32F3xx_HAL_Driver/Src/stm32f3xx_hal_pcd_ex.c ****   *      this list of conditions and the following disclaimer.
  19:Drivers/STM32F3xx_HAL_Driver/Src/stm32f3xx_hal_pcd_ex.c ****   *   2. Redistributions in binary form must reproduce the above copyright notice,
  20:Drivers/STM32F3xx_HAL_Driver/Src/stm32f3xx_hal_pcd_ex.c ****   *      this list of conditions and the following disclaimer in the documentation
  21:Drivers/STM32F3xx_HAL_Driver/Src/stm32f3xx_hal_pcd_ex.c ****   *      and/or other materials provided with the distribution.
  22:Drivers/STM32F3xx_HAL_Driver/Src/stm32f3xx_hal_pcd_ex.c ****   *   3. Neither the name of STMicroelectronics nor the names of its contributors
  23:Drivers/STM32F3xx_HAL_Driver/Src/stm32f3xx_hal_pcd_ex.c ****   *      may be used to endorse or promote products derived from this software
  24:Drivers/STM32F3xx_HAL_Driver/Src/stm32f3xx_hal_pcd_ex.c ****   *      without specific prior written permission.
  25:Drivers/STM32F3xx_HAL_Driver/Src/stm32f3xx_hal_pcd_ex.c ****   *
  26:Drivers/STM32F3xx_HAL_Driver/Src/stm32f3xx_hal_pcd_ex.c ****   * THIS SOFTWARE IS PROVIDED BY THE COPYRIGHT HOLDERS AND CONTRIBUTORS "AS IS"
  27:Drivers/STM32F3xx_HAL_Driver/Src/stm32f3xx_hal_pcd_ex.c ****   * AND ANY EXPRESS OR IMPLIED WARRANTIES, INCLUDING, BUT NOT LIMITED TO, THE
  28:Drivers/STM32F3xx_HAL_Driver/Src/stm32f3xx_hal_pcd_ex.c ****   * IMPLIED WARRANTIES OF MERCHANTABILITY AND FITNESS FOR A PARTICULAR PURPOSE ARE
  29:Drivers/STM32F3xx_HAL_Driver/Src/stm32f3xx_hal_pcd_ex.c ****   * DISCLAIMED. IN NO EVENT SHALL THE COPYRIGHT HOLDER OR CONTRIBUTORS BE LIABLE
ARM GAS  /var/folders/_1/sgnj6dm57r56n1x62bwb5w5h0000gn/T//cc0eCm9q.s 			page 2


  30:Drivers/STM32F3xx_HAL_Driver/Src/stm32f3xx_hal_pcd_ex.c ****   * FOR ANY DIRECT, INDIRECT, INCIDENTAL, SPECIAL, EXEMPLARY, OR CONSEQUENTIAL
  31:Drivers/STM32F3xx_HAL_Driver/Src/stm32f3xx_hal_pcd_ex.c ****   * DAMAGES (INCLUDING, BUT NOT LIMITED TO, PROCUREMENT OF SUBSTITUTE GOODS OR
  32:Drivers/STM32F3xx_HAL_Driver/Src/stm32f3xx_hal_pcd_ex.c ****   * SERVICES; LOSS OF USE, DATA, OR PROFITS; OR BUSINESS INTERRUPTION) HOWEVER
  33:Drivers/STM32F3xx_HAL_Driver/Src/stm32f3xx_hal_pcd_ex.c ****   * CAUSED AND ON ANY THEORY OF LIABILITY, WHETHER IN CONTRACT, STRICT LIABILITY,
  34:Drivers/STM32F3xx_HAL_Driver/Src/stm32f3xx_hal_pcd_ex.c ****   * OR TORT (INCLUDING NEGLIGENCE OR OTHERWISE) ARISING IN ANY WAY OUT OF THE USE
  35:Drivers/STM32F3xx_HAL_Driver/Src/stm32f3xx_hal_pcd_ex.c ****   * OF THIS SOFTWARE, EVEN IF ADVISED OF THE POSSIBILITY OF SUCH DAMAGE.
  36:Drivers/STM32F3xx_HAL_Driver/Src/stm32f3xx_hal_pcd_ex.c ****   *
  37:Drivers/STM32F3xx_HAL_Driver/Src/stm32f3xx_hal_pcd_ex.c ****   ******************************************************************************
  38:Drivers/STM32F3xx_HAL_Driver/Src/stm32f3xx_hal_pcd_ex.c ****   */
  39:Drivers/STM32F3xx_HAL_Driver/Src/stm32f3xx_hal_pcd_ex.c **** 
  40:Drivers/STM32F3xx_HAL_Driver/Src/stm32f3xx_hal_pcd_ex.c **** /* Includes ------------------------------------------------------------------*/
  41:Drivers/STM32F3xx_HAL_Driver/Src/stm32f3xx_hal_pcd_ex.c **** #include "stm32f3xx_hal.h"
  42:Drivers/STM32F3xx_HAL_Driver/Src/stm32f3xx_hal_pcd_ex.c **** 
  43:Drivers/STM32F3xx_HAL_Driver/Src/stm32f3xx_hal_pcd_ex.c **** #ifdef HAL_PCD_MODULE_ENABLED
  44:Drivers/STM32F3xx_HAL_Driver/Src/stm32f3xx_hal_pcd_ex.c **** 
  45:Drivers/STM32F3xx_HAL_Driver/Src/stm32f3xx_hal_pcd_ex.c **** #if defined(STM32F302xE) || defined(STM32F303xE) || \
  46:Drivers/STM32F3xx_HAL_Driver/Src/stm32f3xx_hal_pcd_ex.c ****     defined(STM32F302xC) || defined(STM32F303xC) || \
  47:Drivers/STM32F3xx_HAL_Driver/Src/stm32f3xx_hal_pcd_ex.c ****     defined(STM32F302x8)                         || \
  48:Drivers/STM32F3xx_HAL_Driver/Src/stm32f3xx_hal_pcd_ex.c ****     defined(STM32F373xC)
  49:Drivers/STM32F3xx_HAL_Driver/Src/stm32f3xx_hal_pcd_ex.c **** 
  50:Drivers/STM32F3xx_HAL_Driver/Src/stm32f3xx_hal_pcd_ex.c **** /** @addtogroup STM32F3xx_HAL_Driver
  51:Drivers/STM32F3xx_HAL_Driver/Src/stm32f3xx_hal_pcd_ex.c ****   * @{
  52:Drivers/STM32F3xx_HAL_Driver/Src/stm32f3xx_hal_pcd_ex.c ****   */
  53:Drivers/STM32F3xx_HAL_Driver/Src/stm32f3xx_hal_pcd_ex.c **** 
  54:Drivers/STM32F3xx_HAL_Driver/Src/stm32f3xx_hal_pcd_ex.c **** /** @defgroup PCDEx PCDEx
  55:Drivers/STM32F3xx_HAL_Driver/Src/stm32f3xx_hal_pcd_ex.c ****   * @brief PCD Extended HAL module driver
  56:Drivers/STM32F3xx_HAL_Driver/Src/stm32f3xx_hal_pcd_ex.c ****   * @{
  57:Drivers/STM32F3xx_HAL_Driver/Src/stm32f3xx_hal_pcd_ex.c ****   */
  58:Drivers/STM32F3xx_HAL_Driver/Src/stm32f3xx_hal_pcd_ex.c **** 
  59:Drivers/STM32F3xx_HAL_Driver/Src/stm32f3xx_hal_pcd_ex.c **** /* Private typedef -----------------------------------------------------------*/
  60:Drivers/STM32F3xx_HAL_Driver/Src/stm32f3xx_hal_pcd_ex.c **** /* Private define ------------------------------------------------------------*/
  61:Drivers/STM32F3xx_HAL_Driver/Src/stm32f3xx_hal_pcd_ex.c **** /* Private macro -------------------------------------------------------------*/
  62:Drivers/STM32F3xx_HAL_Driver/Src/stm32f3xx_hal_pcd_ex.c **** /* Private variables ---------------------------------------------------------*/
  63:Drivers/STM32F3xx_HAL_Driver/Src/stm32f3xx_hal_pcd_ex.c **** /* Private function prototypes -----------------------------------------------*/
  64:Drivers/STM32F3xx_HAL_Driver/Src/stm32f3xx_hal_pcd_ex.c **** /* Exported functions ---------------------------------------------------------*/
  65:Drivers/STM32F3xx_HAL_Driver/Src/stm32f3xx_hal_pcd_ex.c **** 
  66:Drivers/STM32F3xx_HAL_Driver/Src/stm32f3xx_hal_pcd_ex.c **** /** @defgroup PCDEx_Exported_Functions PCDEx Exported Functions
  67:Drivers/STM32F3xx_HAL_Driver/Src/stm32f3xx_hal_pcd_ex.c ****   * @{
  68:Drivers/STM32F3xx_HAL_Driver/Src/stm32f3xx_hal_pcd_ex.c ****   */
  69:Drivers/STM32F3xx_HAL_Driver/Src/stm32f3xx_hal_pcd_ex.c **** 
  70:Drivers/STM32F3xx_HAL_Driver/Src/stm32f3xx_hal_pcd_ex.c **** /** @defgroup PCDEx_Exported_Functions_Group1 Peripheral Control functions
  71:Drivers/STM32F3xx_HAL_Driver/Src/stm32f3xx_hal_pcd_ex.c ****   * @brief    PCDEx control functions 
  72:Drivers/STM32F3xx_HAL_Driver/Src/stm32f3xx_hal_pcd_ex.c ****   *
  73:Drivers/STM32F3xx_HAL_Driver/Src/stm32f3xx_hal_pcd_ex.c **** @verbatim
  74:Drivers/STM32F3xx_HAL_Driver/Src/stm32f3xx_hal_pcd_ex.c ****  ===============================================================================
  75:Drivers/STM32F3xx_HAL_Driver/Src/stm32f3xx_hal_pcd_ex.c ****               ##### Extended Peripheral Control functions #####
  76:Drivers/STM32F3xx_HAL_Driver/Src/stm32f3xx_hal_pcd_ex.c ****  ===============================================================================
  77:Drivers/STM32F3xx_HAL_Driver/Src/stm32f3xx_hal_pcd_ex.c ****     [..]  This section provides functions allowing to:
  78:Drivers/STM32F3xx_HAL_Driver/Src/stm32f3xx_hal_pcd_ex.c ****       (+) Update PMA configuration
  79:Drivers/STM32F3xx_HAL_Driver/Src/stm32f3xx_hal_pcd_ex.c **** 
  80:Drivers/STM32F3xx_HAL_Driver/Src/stm32f3xx_hal_pcd_ex.c **** @endverbatim
  81:Drivers/STM32F3xx_HAL_Driver/Src/stm32f3xx_hal_pcd_ex.c ****   * @{
  82:Drivers/STM32F3xx_HAL_Driver/Src/stm32f3xx_hal_pcd_ex.c ****   */
  83:Drivers/STM32F3xx_HAL_Driver/Src/stm32f3xx_hal_pcd_ex.c **** 
  84:Drivers/STM32F3xx_HAL_Driver/Src/stm32f3xx_hal_pcd_ex.c **** /**
  85:Drivers/STM32F3xx_HAL_Driver/Src/stm32f3xx_hal_pcd_ex.c ****   * @brief Configure PMA for EP
  86:Drivers/STM32F3xx_HAL_Driver/Src/stm32f3xx_hal_pcd_ex.c ****   * @param  hpcd PCD handle
ARM GAS  /var/folders/_1/sgnj6dm57r56n1x62bwb5w5h0000gn/T//cc0eCm9q.s 			page 3


  87:Drivers/STM32F3xx_HAL_Driver/Src/stm32f3xx_hal_pcd_ex.c ****   * @param  ep_addr endpoint address
  88:Drivers/STM32F3xx_HAL_Driver/Src/stm32f3xx_hal_pcd_ex.c ****   * @param  ep_kind endpoint Kind
  89:Drivers/STM32F3xx_HAL_Driver/Src/stm32f3xx_hal_pcd_ex.c ****   *                @arg USB_SNG_BUF: Single Buffer used
  90:Drivers/STM32F3xx_HAL_Driver/Src/stm32f3xx_hal_pcd_ex.c ****   *                @arg USB_DBL_BUF: Double Buffer used
  91:Drivers/STM32F3xx_HAL_Driver/Src/stm32f3xx_hal_pcd_ex.c ****   * @param  pmaadress EP address in The PMA: In case of single buffer endpoint
  92:Drivers/STM32F3xx_HAL_Driver/Src/stm32f3xx_hal_pcd_ex.c ****   *                   this parameter is 16-bit value providing the address
  93:Drivers/STM32F3xx_HAL_Driver/Src/stm32f3xx_hal_pcd_ex.c ****   *                   in PMA allocated to endpoint.
  94:Drivers/STM32F3xx_HAL_Driver/Src/stm32f3xx_hal_pcd_ex.c ****   *                   In case of double buffer endpoint this parameter
  95:Drivers/STM32F3xx_HAL_Driver/Src/stm32f3xx_hal_pcd_ex.c ****   *                   is a 32-bit value providing the endpoint buffer 0 address
  96:Drivers/STM32F3xx_HAL_Driver/Src/stm32f3xx_hal_pcd_ex.c ****   *                   in the LSB part of 32-bit value and endpoint buffer 1 address
  97:Drivers/STM32F3xx_HAL_Driver/Src/stm32f3xx_hal_pcd_ex.c ****   *                   in the MSB part of 32-bit value.
  98:Drivers/STM32F3xx_HAL_Driver/Src/stm32f3xx_hal_pcd_ex.c ****   * @retval : status
  99:Drivers/STM32F3xx_HAL_Driver/Src/stm32f3xx_hal_pcd_ex.c ****   */
 100:Drivers/STM32F3xx_HAL_Driver/Src/stm32f3xx_hal_pcd_ex.c **** 
 101:Drivers/STM32F3xx_HAL_Driver/Src/stm32f3xx_hal_pcd_ex.c **** HAL_StatusTypeDef  HAL_PCDEx_PMAConfig(PCD_HandleTypeDef *hpcd, 
 102:Drivers/STM32F3xx_HAL_Driver/Src/stm32f3xx_hal_pcd_ex.c ****                         uint16_t ep_addr,
 103:Drivers/STM32F3xx_HAL_Driver/Src/stm32f3xx_hal_pcd_ex.c ****                         uint16_t ep_kind,
 104:Drivers/STM32F3xx_HAL_Driver/Src/stm32f3xx_hal_pcd_ex.c ****                         uint32_t pmaadress)
 105:Drivers/STM32F3xx_HAL_Driver/Src/stm32f3xx_hal_pcd_ex.c **** 
 106:Drivers/STM32F3xx_HAL_Driver/Src/stm32f3xx_hal_pcd_ex.c **** {
  30              		.loc 1 106 1 view -0
  31              		.cfi_startproc
  32              		@ args = 0, pretend = 0, frame = 0
  33              		@ frame_needed = 0, uses_anonymous_args = 0
  34              		@ link register save eliminated.
  35              		.loc 1 106 1 is_stmt 0 view .LVU1
  36 0000 10B4     		push	{r4}
  37              	.LCFI0:
  38              		.cfi_def_cfa_offset 4
  39              		.cfi_offset 4, -4
 107:Drivers/STM32F3xx_HAL_Driver/Src/stm32f3xx_hal_pcd_ex.c ****   PCD_EPTypeDef *ep;
  40              		.loc 1 107 3 is_stmt 1 view .LVU2
 108:Drivers/STM32F3xx_HAL_Driver/Src/stm32f3xx_hal_pcd_ex.c ****   
 109:Drivers/STM32F3xx_HAL_Driver/Src/stm32f3xx_hal_pcd_ex.c ****   /* initialize ep structure*/
 110:Drivers/STM32F3xx_HAL_Driver/Src/stm32f3xx_hal_pcd_ex.c ****   if ((0x80U & ep_addr) == 0x80U)
  41              		.loc 1 110 3 view .LVU3
  42              		.loc 1 110 6 is_stmt 0 view .LVU4
  43 0002 11F0800F 		tst	r1, #128
  44 0006 0DD0     		beq	.L2
 111:Drivers/STM32F3xx_HAL_Driver/Src/stm32f3xx_hal_pcd_ex.c ****   {
 112:Drivers/STM32F3xx_HAL_Driver/Src/stm32f3xx_hal_pcd_ex.c ****     ep = &hpcd->IN_ep[ep_addr & 0x7FU];
  45              		.loc 1 112 5 is_stmt 1 view .LVU5
  46              		.loc 1 112 31 is_stmt 0 view .LVU6
  47 0008 01F07F01 		and	r1, r1, #127
  48              	.LVL1:
  49              		.loc 1 112 8 view .LVU7
  50 000c C1EBC101 		rsb	r1, r1, r1, lsl #3
  51 0010 8C00     		lsls	r4, r1, #2
  52 0012 2834     		adds	r4, r4, #40
  53 0014 2044     		add	r0, r0, r4
  54              	.LVL2:
  55              	.L3:
 113:Drivers/STM32F3xx_HAL_Driver/Src/stm32f3xx_hal_pcd_ex.c ****   }
 114:Drivers/STM32F3xx_HAL_Driver/Src/stm32f3xx_hal_pcd_ex.c ****   else
 115:Drivers/STM32F3xx_HAL_Driver/Src/stm32f3xx_hal_pcd_ex.c ****   {
 116:Drivers/STM32F3xx_HAL_Driver/Src/stm32f3xx_hal_pcd_ex.c ****     ep = &hpcd->OUT_ep[ep_addr];
 117:Drivers/STM32F3xx_HAL_Driver/Src/stm32f3xx_hal_pcd_ex.c ****   }
ARM GAS  /var/folders/_1/sgnj6dm57r56n1x62bwb5w5h0000gn/T//cc0eCm9q.s 			page 4


 118:Drivers/STM32F3xx_HAL_Driver/Src/stm32f3xx_hal_pcd_ex.c ****   
 119:Drivers/STM32F3xx_HAL_Driver/Src/stm32f3xx_hal_pcd_ex.c ****   /* Here we check if the endpoint is single or double Buffer*/
 120:Drivers/STM32F3xx_HAL_Driver/Src/stm32f3xx_hal_pcd_ex.c ****   if (ep_kind == PCD_SNG_BUF)
  56              		.loc 1 120 3 is_stmt 1 view .LVU8
  57              		.loc 1 120 6 is_stmt 0 view .LVU9
  58 0016 6AB9     		cbnz	r2, .L4
 121:Drivers/STM32F3xx_HAL_Driver/Src/stm32f3xx_hal_pcd_ex.c ****   {
 122:Drivers/STM32F3xx_HAL_Driver/Src/stm32f3xx_hal_pcd_ex.c ****     /*Single Buffer*/
 123:Drivers/STM32F3xx_HAL_Driver/Src/stm32f3xx_hal_pcd_ex.c ****     ep->doublebuffer = 0U;
  59              		.loc 1 123 5 is_stmt 1 view .LVU10
  60              		.loc 1 123 22 is_stmt 0 view .LVU11
  61 0018 8272     		strb	r2, [r0, #10]
 124:Drivers/STM32F3xx_HAL_Driver/Src/stm32f3xx_hal_pcd_ex.c ****     /*Configure the PMA*/
 125:Drivers/STM32F3xx_HAL_Driver/Src/stm32f3xx_hal_pcd_ex.c ****     ep->pmaadress = (uint16_t)pmaadress;
  62              		.loc 1 125 5 is_stmt 1 view .LVU12
  63              		.loc 1 125 19 is_stmt 0 view .LVU13
  64 001a 8380     		strh	r3, [r0, #4]	@ movhi
  65              	.LVL3:
  66              	.L5:
 126:Drivers/STM32F3xx_HAL_Driver/Src/stm32f3xx_hal_pcd_ex.c ****   }
 127:Drivers/STM32F3xx_HAL_Driver/Src/stm32f3xx_hal_pcd_ex.c ****   else /*USB_DBL_BUF*/
 128:Drivers/STM32F3xx_HAL_Driver/Src/stm32f3xx_hal_pcd_ex.c ****   {
 129:Drivers/STM32F3xx_HAL_Driver/Src/stm32f3xx_hal_pcd_ex.c ****     /*Double Buffer Endpoint*/
 130:Drivers/STM32F3xx_HAL_Driver/Src/stm32f3xx_hal_pcd_ex.c ****     ep->doublebuffer = 1;
 131:Drivers/STM32F3xx_HAL_Driver/Src/stm32f3xx_hal_pcd_ex.c ****     /*Configure the PMA*/
 132:Drivers/STM32F3xx_HAL_Driver/Src/stm32f3xx_hal_pcd_ex.c ****     ep->pmaaddr0 =  pmaadress & 0xFFFFU;
 133:Drivers/STM32F3xx_HAL_Driver/Src/stm32f3xx_hal_pcd_ex.c ****     ep->pmaaddr1 =  (pmaadress & 0xFFFF0000U) >> 16U;
 134:Drivers/STM32F3xx_HAL_Driver/Src/stm32f3xx_hal_pcd_ex.c ****   }
 135:Drivers/STM32F3xx_HAL_Driver/Src/stm32f3xx_hal_pcd_ex.c ****   
 136:Drivers/STM32F3xx_HAL_Driver/Src/stm32f3xx_hal_pcd_ex.c ****   return HAL_OK; 
  67              		.loc 1 136 3 is_stmt 1 view .LVU14
 137:Drivers/STM32F3xx_HAL_Driver/Src/stm32f3xx_hal_pcd_ex.c **** }
  68              		.loc 1 137 1 is_stmt 0 view .LVU15
  69 001c 0020     		movs	r0, #0
  70              	.LVL4:
  71              		.loc 1 137 1 view .LVU16
  72 001e 5DF8044B 		ldr	r4, [sp], #4
  73              	.LCFI1:
  74              		.cfi_remember_state
  75              		.cfi_restore 4
  76              		.cfi_def_cfa_offset 0
  77 0022 7047     		bx	lr
  78              	.LVL5:
  79              	.L2:
  80              	.LCFI2:
  81              		.cfi_restore_state
 116:Drivers/STM32F3xx_HAL_Driver/Src/stm32f3xx_hal_pcd_ex.c ****   }
  82              		.loc 1 116 5 is_stmt 1 view .LVU17
 116:Drivers/STM32F3xx_HAL_Driver/Src/stm32f3xx_hal_pcd_ex.c ****   }
  83              		.loc 1 116 8 is_stmt 0 view .LVU18
  84 0024 C1EBC101 		rsb	r1, r1, r1, lsl #3
  85              	.LVL6:
 116:Drivers/STM32F3xx_HAL_Driver/Src/stm32f3xx_hal_pcd_ex.c ****   }
  86              		.loc 1 116 8 view .LVU19
  87 0028 8C00     		lsls	r4, r1, #2
  88 002a 04F5E474 		add	r4, r4, #456
  89 002e 2044     		add	r0, r0, r4
ARM GAS  /var/folders/_1/sgnj6dm57r56n1x62bwb5w5h0000gn/T//cc0eCm9q.s 			page 5


  90              	.LVL7:
 116:Drivers/STM32F3xx_HAL_Driver/Src/stm32f3xx_hal_pcd_ex.c ****   }
  91              		.loc 1 116 8 view .LVU20
  92 0030 0430     		adds	r0, r0, #4
  93              	.LVL8:
 116:Drivers/STM32F3xx_HAL_Driver/Src/stm32f3xx_hal_pcd_ex.c ****   }
  94              		.loc 1 116 8 view .LVU21
  95 0032 F0E7     		b	.L3
  96              	.L4:
 130:Drivers/STM32F3xx_HAL_Driver/Src/stm32f3xx_hal_pcd_ex.c ****     /*Configure the PMA*/
  97              		.loc 1 130 5 is_stmt 1 view .LVU22
 130:Drivers/STM32F3xx_HAL_Driver/Src/stm32f3xx_hal_pcd_ex.c ****     /*Configure the PMA*/
  98              		.loc 1 130 22 is_stmt 0 view .LVU23
  99 0034 0122     		movs	r2, #1
 100              	.LVL9:
 130:Drivers/STM32F3xx_HAL_Driver/Src/stm32f3xx_hal_pcd_ex.c ****     /*Configure the PMA*/
 101              		.loc 1 130 22 view .LVU24
 102 0036 8272     		strb	r2, [r0, #10]
 132:Drivers/STM32F3xx_HAL_Driver/Src/stm32f3xx_hal_pcd_ex.c ****     ep->pmaaddr1 =  (pmaadress & 0xFFFF0000U) >> 16U;
 103              		.loc 1 132 5 is_stmt 1 view .LVU25
 132:Drivers/STM32F3xx_HAL_Driver/Src/stm32f3xx_hal_pcd_ex.c ****     ep->pmaaddr1 =  (pmaadress & 0xFFFF0000U) >> 16U;
 104              		.loc 1 132 18 is_stmt 0 view .LVU26
 105 0038 C380     		strh	r3, [r0, #6]	@ movhi
 133:Drivers/STM32F3xx_HAL_Driver/Src/stm32f3xx_hal_pcd_ex.c ****   }
 106              		.loc 1 133 5 is_stmt 1 view .LVU27
 133:Drivers/STM32F3xx_HAL_Driver/Src/stm32f3xx_hal_pcd_ex.c ****   }
 107              		.loc 1 133 47 is_stmt 0 view .LVU28
 108 003a 1B0C     		lsrs	r3, r3, #16
 109              	.LVL10:
 133:Drivers/STM32F3xx_HAL_Driver/Src/stm32f3xx_hal_pcd_ex.c ****   }
 110              		.loc 1 133 18 view .LVU29
 111 003c 0381     		strh	r3, [r0, #8]	@ movhi
 112 003e EDE7     		b	.L5
 113              		.cfi_endproc
 114              	.LFE126:
 116              		.section	.text.PCD_WritePMA,"ax",%progbits
 117              		.align	1
 118              		.global	PCD_WritePMA
 119              		.syntax unified
 120              		.thumb
 121              		.thumb_func
 122              		.fpu fpv4-sp-d16
 124              	PCD_WritePMA:
 125              	.LVL11:
 126              	.LFB127:
 138:Drivers/STM32F3xx_HAL_Driver/Src/stm32f3xx_hal_pcd_ex.c **** /**
 139:Drivers/STM32F3xx_HAL_Driver/Src/stm32f3xx_hal_pcd_ex.c ****   * @}
 140:Drivers/STM32F3xx_HAL_Driver/Src/stm32f3xx_hal_pcd_ex.c ****   */ 
 141:Drivers/STM32F3xx_HAL_Driver/Src/stm32f3xx_hal_pcd_ex.c **** 
 142:Drivers/STM32F3xx_HAL_Driver/Src/stm32f3xx_hal_pcd_ex.c **** /**
 143:Drivers/STM32F3xx_HAL_Driver/Src/stm32f3xx_hal_pcd_ex.c ****   * @}
 144:Drivers/STM32F3xx_HAL_Driver/Src/stm32f3xx_hal_pcd_ex.c ****   */ 
 145:Drivers/STM32F3xx_HAL_Driver/Src/stm32f3xx_hal_pcd_ex.c **** 
 146:Drivers/STM32F3xx_HAL_Driver/Src/stm32f3xx_hal_pcd_ex.c **** /** @defgroup PCDEx_Private_Functions PCD Extended Private Functions
 147:Drivers/STM32F3xx_HAL_Driver/Src/stm32f3xx_hal_pcd_ex.c ****   * @{
 148:Drivers/STM32F3xx_HAL_Driver/Src/stm32f3xx_hal_pcd_ex.c ****   */
 149:Drivers/STM32F3xx_HAL_Driver/Src/stm32f3xx_hal_pcd_ex.c **** #if defined(STM32F303xC)                         || \
ARM GAS  /var/folders/_1/sgnj6dm57r56n1x62bwb5w5h0000gn/T//cc0eCm9q.s 			page 6


 150:Drivers/STM32F3xx_HAL_Driver/Src/stm32f3xx_hal_pcd_ex.c ****     defined(STM32F303x8) || defined(STM32F334x8) || \
 151:Drivers/STM32F3xx_HAL_Driver/Src/stm32f3xx_hal_pcd_ex.c ****     defined(STM32F301x8)                         || \
 152:Drivers/STM32F3xx_HAL_Driver/Src/stm32f3xx_hal_pcd_ex.c ****     defined(STM32F373xC) || defined(STM32F378xx) || \
 153:Drivers/STM32F3xx_HAL_Driver/Src/stm32f3xx_hal_pcd_ex.c ****     defined(STM32F302xC)
 154:Drivers/STM32F3xx_HAL_Driver/Src/stm32f3xx_hal_pcd_ex.c ****      
 155:Drivers/STM32F3xx_HAL_Driver/Src/stm32f3xx_hal_pcd_ex.c **** /**
 156:Drivers/STM32F3xx_HAL_Driver/Src/stm32f3xx_hal_pcd_ex.c ****   * @brief Copy a buffer from user memory area to packet memory area (PMA)
 157:Drivers/STM32F3xx_HAL_Driver/Src/stm32f3xx_hal_pcd_ex.c ****   * @param   USBx: USB peripheral instance register address.
 158:Drivers/STM32F3xx_HAL_Driver/Src/stm32f3xx_hal_pcd_ex.c ****   * @param   pbUsrBuf: pointer to user memory area.
 159:Drivers/STM32F3xx_HAL_Driver/Src/stm32f3xx_hal_pcd_ex.c ****   * @param   wPMABufAddr: address into PMA.
 160:Drivers/STM32F3xx_HAL_Driver/Src/stm32f3xx_hal_pcd_ex.c ****   * @param   wNBytes: no. of bytes to be copied.
 161:Drivers/STM32F3xx_HAL_Driver/Src/stm32f3xx_hal_pcd_ex.c ****   * @retval None
 162:Drivers/STM32F3xx_HAL_Driver/Src/stm32f3xx_hal_pcd_ex.c ****   */
 163:Drivers/STM32F3xx_HAL_Driver/Src/stm32f3xx_hal_pcd_ex.c **** void PCD_WritePMA(USB_TypeDef  *USBx, uint8_t *pbUsrBuf, uint16_t wPMABufAddr, uint16_t wNBytes)
 164:Drivers/STM32F3xx_HAL_Driver/Src/stm32f3xx_hal_pcd_ex.c **** {
 127              		.loc 1 164 1 is_stmt 1 view -0
 128              		.cfi_startproc
 129              		@ args = 0, pretend = 0, frame = 0
 130              		@ frame_needed = 0, uses_anonymous_args = 0
 131              		@ link register save eliminated.
 165:Drivers/STM32F3xx_HAL_Driver/Src/stm32f3xx_hal_pcd_ex.c ****   uint32_t n =  ((uint32_t)((uint32_t)wNBytes + 1U)) >> 1U;
 132              		.loc 1 165 3 view .LVU31
 133              		.loc 1 165 18 is_stmt 0 view .LVU32
 134 0000 0133     		adds	r3, r3, #1
 135              	.LVL12:
 136              		.loc 1 165 12 view .LVU33
 137 0002 5B08     		lsrs	r3, r3, #1
 138              	.LVL13:
 166:Drivers/STM32F3xx_HAL_Driver/Src/stm32f3xx_hal_pcd_ex.c ****   
 167:Drivers/STM32F3xx_HAL_Driver/Src/stm32f3xx_hal_pcd_ex.c ****   uint32_t i, temp1, temp2;
 139              		.loc 1 167 3 is_stmt 1 view .LVU34
 168:Drivers/STM32F3xx_HAL_Driver/Src/stm32f3xx_hal_pcd_ex.c ****   uint16_t *pdwVal;
 140              		.loc 1 168 3 view .LVU35
 169:Drivers/STM32F3xx_HAL_Driver/Src/stm32f3xx_hal_pcd_ex.c ****   pdwVal = (uint16_t *)((uint32_t)(wPMABufAddr * 2 + (uint32_t)USBx + 0x400U));
 141              		.loc 1 169 3 view .LVU36
 142              		.loc 1 169 52 is_stmt 0 view .LVU37
 143 0004 00EB4202 		add	r2, r0, r2, lsl #1
 144              	.LVL14:
 145              		.loc 1 169 25 view .LVU38
 146 0008 02F58062 		add	r2, r2, #1024
 147              	.LVL15:
 170:Drivers/STM32F3xx_HAL_Driver/Src/stm32f3xx_hal_pcd_ex.c ****   
 171:Drivers/STM32F3xx_HAL_Driver/Src/stm32f3xx_hal_pcd_ex.c ****   for (i = n; i != 0; i--)
 148              		.loc 1 171 3 is_stmt 1 view .LVU39
 149              		.loc 1 171 3 is_stmt 0 view .LVU40
 150 000c 6BB1     		cbz	r3, .L13
 164:Drivers/STM32F3xx_HAL_Driver/Src/stm32f3xx_hal_pcd_ex.c ****   uint32_t n =  ((uint32_t)((uint32_t)wNBytes + 1U)) >> 1U;
 151              		.loc 1 164 1 view .LVU41
 152 000e 10B4     		push	{r4}
 153              	.LCFI3:
 154              		.cfi_def_cfa_offset 4
 155              		.cfi_offset 4, -4
 156              	.LVL16:
 157              	.L9:
 172:Drivers/STM32F3xx_HAL_Driver/Src/stm32f3xx_hal_pcd_ex.c ****   {
 173:Drivers/STM32F3xx_HAL_Driver/Src/stm32f3xx_hal_pcd_ex.c ****     temp1 = (uint16_t) * pbUsrBuf;
 158              		.loc 1 173 5 is_stmt 1 discriminator 3 view .LVU42
ARM GAS  /var/folders/_1/sgnj6dm57r56n1x62bwb5w5h0000gn/T//cc0eCm9q.s 			page 7


 159              		.loc 1 173 24 is_stmt 0 discriminator 3 view .LVU43
 160 0010 0C78     		ldrb	r4, [r1]	@ zero_extendqisi2
 161              	.LVL17:
 174:Drivers/STM32F3xx_HAL_Driver/Src/stm32f3xx_hal_pcd_ex.c ****     pbUsrBuf++;
 162              		.loc 1 174 5 is_stmt 1 discriminator 3 view .LVU44
 175:Drivers/STM32F3xx_HAL_Driver/Src/stm32f3xx_hal_pcd_ex.c ****     temp2 = temp1 | ((uint16_t)((uint16_t)  * pbUsrBuf << 8U)) ;
 163              		.loc 1 175 5 discriminator 3 view .LVU45
 164              		.loc 1 175 45 is_stmt 0 discriminator 3 view .LVU46
 165 0012 4878     		ldrb	r0, [r1, #1]	@ zero_extendqisi2
 166              		.loc 1 175 11 discriminator 3 view .LVU47
 167 0014 44EA0024 		orr	r4, r4, r0, lsl #8
 168              	.LVL18:
 176:Drivers/STM32F3xx_HAL_Driver/Src/stm32f3xx_hal_pcd_ex.c ****     *pdwVal++ = temp2;
 169              		.loc 1 176 5 is_stmt 1 discriminator 3 view .LVU48
 170              		.loc 1 176 15 is_stmt 0 discriminator 3 view .LVU49
 171 0018 22F8044B 		strh	r4, [r2], #4	@ movhi
 172              	.LVL19:
 177:Drivers/STM32F3xx_HAL_Driver/Src/stm32f3xx_hal_pcd_ex.c ****     pdwVal++;
 173              		.loc 1 177 5 is_stmt 1 discriminator 3 view .LVU50
 178:Drivers/STM32F3xx_HAL_Driver/Src/stm32f3xx_hal_pcd_ex.c ****     pbUsrBuf++;
 174              		.loc 1 178 5 discriminator 3 view .LVU51
 175              		.loc 1 178 13 is_stmt 0 discriminator 3 view .LVU52
 176 001c 0231     		adds	r1, r1, #2
 177              	.LVL20:
 171:Drivers/STM32F3xx_HAL_Driver/Src/stm32f3xx_hal_pcd_ex.c ****   {
 178              		.loc 1 171 24 discriminator 3 view .LVU53
 179 001e 013B     		subs	r3, r3, #1
 180              	.LVL21:
 171:Drivers/STM32F3xx_HAL_Driver/Src/stm32f3xx_hal_pcd_ex.c ****   {
 181              		.loc 1 171 3 discriminator 3 view .LVU54
 182 0020 002B     		cmp	r3, #0
 183 0022 F5D1     		bne	.L9
 179:Drivers/STM32F3xx_HAL_Driver/Src/stm32f3xx_hal_pcd_ex.c ****   }
 180:Drivers/STM32F3xx_HAL_Driver/Src/stm32f3xx_hal_pcd_ex.c **** }
 184              		.loc 1 180 1 view .LVU55
 185 0024 5DF8044B 		ldr	r4, [sp], #4
 186              	.LCFI4:
 187              		.cfi_restore 4
 188              		.cfi_def_cfa_offset 0
 189              	.LVL22:
 190              		.loc 1 180 1 view .LVU56
 191 0028 7047     		bx	lr
 192              	.LVL23:
 193              	.L13:
 194              		.loc 1 180 1 view .LVU57
 195 002a 7047     		bx	lr
 196              		.cfi_endproc
 197              	.LFE127:
 199              		.section	.text.PCD_ReadPMA,"ax",%progbits
 200              		.align	1
 201              		.global	PCD_ReadPMA
 202              		.syntax unified
 203              		.thumb
 204              		.thumb_func
 205              		.fpu fpv4-sp-d16
 207              	PCD_ReadPMA:
 208              	.LVL24:
ARM GAS  /var/folders/_1/sgnj6dm57r56n1x62bwb5w5h0000gn/T//cc0eCm9q.s 			page 8


 209              	.LFB128:
 181:Drivers/STM32F3xx_HAL_Driver/Src/stm32f3xx_hal_pcd_ex.c **** 
 182:Drivers/STM32F3xx_HAL_Driver/Src/stm32f3xx_hal_pcd_ex.c **** /**
 183:Drivers/STM32F3xx_HAL_Driver/Src/stm32f3xx_hal_pcd_ex.c ****   * @brief Copy a buffer from user memory area to packet memory area (PMA)
 184:Drivers/STM32F3xx_HAL_Driver/Src/stm32f3xx_hal_pcd_ex.c ****   * @param   USBx: USB peripheral instance register address.
 185:Drivers/STM32F3xx_HAL_Driver/Src/stm32f3xx_hal_pcd_ex.c ****   * @param   pbUsrBuf: pointer to user memory area.
 186:Drivers/STM32F3xx_HAL_Driver/Src/stm32f3xx_hal_pcd_ex.c ****   * @param   wPMABufAddr: address into PMA.
 187:Drivers/STM32F3xx_HAL_Driver/Src/stm32f3xx_hal_pcd_ex.c ****   * @param   wNBytes: no. of bytes to be copied.
 188:Drivers/STM32F3xx_HAL_Driver/Src/stm32f3xx_hal_pcd_ex.c ****   * @retval None
 189:Drivers/STM32F3xx_HAL_Driver/Src/stm32f3xx_hal_pcd_ex.c ****   */
 190:Drivers/STM32F3xx_HAL_Driver/Src/stm32f3xx_hal_pcd_ex.c **** void PCD_ReadPMA(USB_TypeDef  *USBx, uint8_t *pbUsrBuf, uint16_t wPMABufAddr, uint16_t wNBytes)
 191:Drivers/STM32F3xx_HAL_Driver/Src/stm32f3xx_hal_pcd_ex.c **** {
 210              		.loc 1 191 1 is_stmt 1 view -0
 211              		.cfi_startproc
 212              		@ args = 0, pretend = 0, frame = 0
 213              		@ frame_needed = 0, uses_anonymous_args = 0
 214              		@ link register save eliminated.
 215              		.loc 1 191 1 is_stmt 0 view .LVU59
 216 0000 70B4     		push	{r4, r5, r6}
 217              	.LCFI5:
 218              		.cfi_def_cfa_offset 12
 219              		.cfi_offset 4, -12
 220              		.cfi_offset 5, -8
 221              		.cfi_offset 6, -4
 192:Drivers/STM32F3xx_HAL_Driver/Src/stm32f3xx_hal_pcd_ex.c ****   uint32_t n = (uint32_t)wNBytes >> 1U;
 222              		.loc 1 192 3 is_stmt 1 view .LVU60
 223              		.loc 1 192 34 is_stmt 0 view .LVU61
 224 0002 5E08     		lsrs	r6, r3, #1
 225              	.LVL25:
 193:Drivers/STM32F3xx_HAL_Driver/Src/stm32f3xx_hal_pcd_ex.c ****   uint32_t i;
 226              		.loc 1 193 3 is_stmt 1 view .LVU62
 194:Drivers/STM32F3xx_HAL_Driver/Src/stm32f3xx_hal_pcd_ex.c ****   uint16_t *pdwVal;
 227              		.loc 1 194 3 view .LVU63
 195:Drivers/STM32F3xx_HAL_Driver/Src/stm32f3xx_hal_pcd_ex.c ****   uint32_t temp;
 228              		.loc 1 195 3 view .LVU64
 196:Drivers/STM32F3xx_HAL_Driver/Src/stm32f3xx_hal_pcd_ex.c ****   pdwVal = (uint16_t *)((uint32_t)(wPMABufAddr * 2 + (uint32_t)USBx + 0x400U));
 229              		.loc 1 196 3 view .LVU65
 230              		.loc 1 196 52 is_stmt 0 view .LVU66
 231 0004 00EB4202 		add	r2, r0, r2, lsl #1
 232              	.LVL26:
 233              		.loc 1 196 25 view .LVU67
 234 0008 02F58062 		add	r2, r2, #1024
 235              	.LVL27:
 197:Drivers/STM32F3xx_HAL_Driver/Src/stm32f3xx_hal_pcd_ex.c ****   
 198:Drivers/STM32F3xx_HAL_Driver/Src/stm32f3xx_hal_pcd_ex.c ****   for (i = n; i != 0U; i--)
 236              		.loc 1 198 3 is_stmt 1 view .LVU68
 237              	.L15:
 238              		.loc 1 198 3 is_stmt 0 discriminator 1 view .LVU69
 239 000c 4EB1     		cbz	r6, .L19
 199:Drivers/STM32F3xx_HAL_Driver/Src/stm32f3xx_hal_pcd_ex.c ****   {
 200:Drivers/STM32F3xx_HAL_Driver/Src/stm32f3xx_hal_pcd_ex.c ****     temp = *pdwVal++;
 240              		.loc 1 200 5 is_stmt 1 discriminator 3 view .LVU70
 241              	.LVL28:
 242              		.loc 1 200 12 is_stmt 0 discriminator 3 view .LVU71
 243 000e 32F8044B 		ldrh	r4, [r2], #4
 244              	.LVL29:
 201:Drivers/STM32F3xx_HAL_Driver/Src/stm32f3xx_hal_pcd_ex.c ****     *pbUsrBuf++ = ((temp >> 0) & 0xFF);
ARM GAS  /var/folders/_1/sgnj6dm57r56n1x62bwb5w5h0000gn/T//cc0eCm9q.s 			page 9


 245              		.loc 1 201 5 is_stmt 1 discriminator 3 view .LVU72
 246              		.loc 1 201 17 is_stmt 0 discriminator 3 view .LVU73
 247 0012 0D46     		mov	r5, r1
 248 0014 05F8024B 		strb	r4, [r5], #2
 202:Drivers/STM32F3xx_HAL_Driver/Src/stm32f3xx_hal_pcd_ex.c ****     *pbUsrBuf++ = ((temp >> 8) & 0xFF);
 249              		.loc 1 202 5 is_stmt 1 discriminator 3 view .LVU74
 250              		.loc 1 202 26 is_stmt 0 discriminator 3 view .LVU75
 251 0018 240A     		lsrs	r4, r4, #8
 252              	.LVL30:
 253              		.loc 1 202 17 discriminator 3 view .LVU76
 254 001a 4C70     		strb	r4, [r1, #1]
 203:Drivers/STM32F3xx_HAL_Driver/Src/stm32f3xx_hal_pcd_ex.c ****     pdwVal++;
 255              		.loc 1 203 5 is_stmt 1 discriminator 3 view .LVU77
 256              	.LVL31:
 198:Drivers/STM32F3xx_HAL_Driver/Src/stm32f3xx_hal_pcd_ex.c ****   {
 257              		.loc 1 198 25 is_stmt 0 discriminator 3 view .LVU78
 258 001c 013E     		subs	r6, r6, #1
 259              	.LVL32:
 202:Drivers/STM32F3xx_HAL_Driver/Src/stm32f3xx_hal_pcd_ex.c ****     *pbUsrBuf++ = ((temp >> 8) & 0xFF);
 260              		.loc 1 202 14 discriminator 3 view .LVU79
 261 001e 2946     		mov	r1, r5
 262 0020 F4E7     		b	.L15
 263              	.LVL33:
 264              	.L19:
 204:Drivers/STM32F3xx_HAL_Driver/Src/stm32f3xx_hal_pcd_ex.c ****   }
 205:Drivers/STM32F3xx_HAL_Driver/Src/stm32f3xx_hal_pcd_ex.c **** 
 206:Drivers/STM32F3xx_HAL_Driver/Src/stm32f3xx_hal_pcd_ex.c ****   if (wNBytes % 2)
 265              		.loc 1 206 3 is_stmt 1 view .LVU80
 266              		.loc 1 206 6 is_stmt 0 view .LVU81
 267 0022 13F0010F 		tst	r3, #1
 268 0026 01D0     		beq	.L14
 207:Drivers/STM32F3xx_HAL_Driver/Src/stm32f3xx_hal_pcd_ex.c ****   {
 208:Drivers/STM32F3xx_HAL_Driver/Src/stm32f3xx_hal_pcd_ex.c ****     temp = *pdwVal++;
 269              		.loc 1 208 5 is_stmt 1 view .LVU82
 270              	.LVL34:
 271              		.loc 1 208 12 is_stmt 0 view .LVU83
 272 0028 1388     		ldrh	r3, [r2]
 273              	.LVL35:
 209:Drivers/STM32F3xx_HAL_Driver/Src/stm32f3xx_hal_pcd_ex.c ****     *pbUsrBuf++ = ((temp >> 0) & 0xFF);
 274              		.loc 1 209 5 is_stmt 1 view .LVU84
 275              		.loc 1 209 17 is_stmt 0 view .LVU85
 276 002a 0B70     		strb	r3, [r1]
 277              	.LVL36:
 278              	.L14:
 210:Drivers/STM32F3xx_HAL_Driver/Src/stm32f3xx_hal_pcd_ex.c ****   }
 211:Drivers/STM32F3xx_HAL_Driver/Src/stm32f3xx_hal_pcd_ex.c **** }
 279              		.loc 1 211 1 view .LVU86
 280 002c 70BC     		pop	{r4, r5, r6}
 281              	.LCFI6:
 282              		.cfi_restore 6
 283              		.cfi_restore 5
 284              		.cfi_restore 4
 285              		.cfi_def_cfa_offset 0
 286              	.LVL37:
 287              		.loc 1 211 1 view .LVU87
 288 002e 7047     		bx	lr
 289              		.cfi_endproc
ARM GAS  /var/folders/_1/sgnj6dm57r56n1x62bwb5w5h0000gn/T//cc0eCm9q.s 			page 10


 290              	.LFE128:
 292              		.section	.text.HAL_PCDEx_SetConnectionState,"ax",%progbits
 293              		.align	1
 294              		.weak	HAL_PCDEx_SetConnectionState
 295              		.syntax unified
 296              		.thumb
 297              		.thumb_func
 298              		.fpu fpv4-sp-d16
 300              	HAL_PCDEx_SetConnectionState:
 301              	.LVL38:
 302              	.LFB129:
 212:Drivers/STM32F3xx_HAL_Driver/Src/stm32f3xx_hal_pcd_ex.c **** #endif /* STM32F303xC                || */
 213:Drivers/STM32F3xx_HAL_Driver/Src/stm32f3xx_hal_pcd_ex.c ****        /* STM32F303x8 || STM32F334x8 || */
 214:Drivers/STM32F3xx_HAL_Driver/Src/stm32f3xx_hal_pcd_ex.c ****        /* STM32F301x8                || */
 215:Drivers/STM32F3xx_HAL_Driver/Src/stm32f3xx_hal_pcd_ex.c ****        /* STM32F373xC || STM32F378xx    */
 216:Drivers/STM32F3xx_HAL_Driver/Src/stm32f3xx_hal_pcd_ex.c **** 
 217:Drivers/STM32F3xx_HAL_Driver/Src/stm32f3xx_hal_pcd_ex.c **** #if defined(STM32F302xE) || defined(STM32F303xE) || \
 218:Drivers/STM32F3xx_HAL_Driver/Src/stm32f3xx_hal_pcd_ex.c ****     defined(STM32F302x8) 
 219:Drivers/STM32F3xx_HAL_Driver/Src/stm32f3xx_hal_pcd_ex.c **** /**
 220:Drivers/STM32F3xx_HAL_Driver/Src/stm32f3xx_hal_pcd_ex.c ****   * @brief Copy a buffer from user memory area to packet memory area (PMA)
 221:Drivers/STM32F3xx_HAL_Driver/Src/stm32f3xx_hal_pcd_ex.c ****   * @param   USBx: USB peripheral instance register address.
 222:Drivers/STM32F3xx_HAL_Driver/Src/stm32f3xx_hal_pcd_ex.c ****   * @param   pbUsrBuf: pointer to user memory area.
 223:Drivers/STM32F3xx_HAL_Driver/Src/stm32f3xx_hal_pcd_ex.c ****   * @param   wPMABufAddr: address into PMA.
 224:Drivers/STM32F3xx_HAL_Driver/Src/stm32f3xx_hal_pcd_ex.c ****   * @param   wNBytes: no. of bytes to be copied.
 225:Drivers/STM32F3xx_HAL_Driver/Src/stm32f3xx_hal_pcd_ex.c ****   * @retval None
 226:Drivers/STM32F3xx_HAL_Driver/Src/stm32f3xx_hal_pcd_ex.c ****   */
 227:Drivers/STM32F3xx_HAL_Driver/Src/stm32f3xx_hal_pcd_ex.c **** void PCD_WritePMA(USB_TypeDef  *USBx, uint8_t *pbUsrBuf, uint16_t wPMABufAddr, uint16_t wNBytes)
 228:Drivers/STM32F3xx_HAL_Driver/Src/stm32f3xx_hal_pcd_ex.c **** {
 229:Drivers/STM32F3xx_HAL_Driver/Src/stm32f3xx_hal_pcd_ex.c ****   uint32_t n =  ((uint32_t)((uint32_t)wNBytes + 1U)) >> 1U;
 230:Drivers/STM32F3xx_HAL_Driver/Src/stm32f3xx_hal_pcd_ex.c ****   uint32_t i;
 231:Drivers/STM32F3xx_HAL_Driver/Src/stm32f3xx_hal_pcd_ex.c ****   uint16_t temp1, temp2;
 232:Drivers/STM32F3xx_HAL_Driver/Src/stm32f3xx_hal_pcd_ex.c ****   uint16_t *pdwVal;
 233:Drivers/STM32F3xx_HAL_Driver/Src/stm32f3xx_hal_pcd_ex.c ****   pdwVal = (uint16_t *)((uint32_t)(wPMABufAddr + (uint32_t)USBx + 0x400U));  
 234:Drivers/STM32F3xx_HAL_Driver/Src/stm32f3xx_hal_pcd_ex.c ****   for (i = n; i != 0U; i--)
 235:Drivers/STM32F3xx_HAL_Driver/Src/stm32f3xx_hal_pcd_ex.c ****   {
 236:Drivers/STM32F3xx_HAL_Driver/Src/stm32f3xx_hal_pcd_ex.c ****     temp1 = (uint16_t) * pbUsrBuf;
 237:Drivers/STM32F3xx_HAL_Driver/Src/stm32f3xx_hal_pcd_ex.c ****     pbUsrBuf++;
 238:Drivers/STM32F3xx_HAL_Driver/Src/stm32f3xx_hal_pcd_ex.c ****     temp2 = temp1 | ((uint16_t)((uint16_t)  * pbUsrBuf << 8U)) ;
 239:Drivers/STM32F3xx_HAL_Driver/Src/stm32f3xx_hal_pcd_ex.c ****     *pdwVal++ = temp2;
 240:Drivers/STM32F3xx_HAL_Driver/Src/stm32f3xx_hal_pcd_ex.c ****     pbUsrBuf++;
 241:Drivers/STM32F3xx_HAL_Driver/Src/stm32f3xx_hal_pcd_ex.c ****   }
 242:Drivers/STM32F3xx_HAL_Driver/Src/stm32f3xx_hal_pcd_ex.c **** }
 243:Drivers/STM32F3xx_HAL_Driver/Src/stm32f3xx_hal_pcd_ex.c **** 
 244:Drivers/STM32F3xx_HAL_Driver/Src/stm32f3xx_hal_pcd_ex.c **** /**
 245:Drivers/STM32F3xx_HAL_Driver/Src/stm32f3xx_hal_pcd_ex.c ****   * @brief Copy a buffer from user memory area to packet memory area (PMA)
 246:Drivers/STM32F3xx_HAL_Driver/Src/stm32f3xx_hal_pcd_ex.c ****   * @param   USBx: USB peripheral instance register address.
 247:Drivers/STM32F3xx_HAL_Driver/Src/stm32f3xx_hal_pcd_ex.c ****   * @param   pbUsrBuf: pointer to user memory area.
 248:Drivers/STM32F3xx_HAL_Driver/Src/stm32f3xx_hal_pcd_ex.c ****   * @param   wPMABufAddr: address into PMA.
 249:Drivers/STM32F3xx_HAL_Driver/Src/stm32f3xx_hal_pcd_ex.c ****   * @param   wNBytes: no. of bytes to be copied.
 250:Drivers/STM32F3xx_HAL_Driver/Src/stm32f3xx_hal_pcd_ex.c ****   * @retval None
 251:Drivers/STM32F3xx_HAL_Driver/Src/stm32f3xx_hal_pcd_ex.c ****   */
 252:Drivers/STM32F3xx_HAL_Driver/Src/stm32f3xx_hal_pcd_ex.c **** void PCD_ReadPMA(USB_TypeDef  *USBx, uint8_t *pbUsrBuf, uint16_t wPMABufAddr, uint16_t wNBytes)
 253:Drivers/STM32F3xx_HAL_Driver/Src/stm32f3xx_hal_pcd_ex.c **** {
 254:Drivers/STM32F3xx_HAL_Driver/Src/stm32f3xx_hal_pcd_ex.c ****   uint32_t n = (uint32_t)wNBytes >> 1U;
 255:Drivers/STM32F3xx_HAL_Driver/Src/stm32f3xx_hal_pcd_ex.c ****   uint32_t i;
 256:Drivers/STM32F3xx_HAL_Driver/Src/stm32f3xx_hal_pcd_ex.c ****   uint16_t *pdwVal;
 257:Drivers/STM32F3xx_HAL_Driver/Src/stm32f3xx_hal_pcd_ex.c ****   uint32_t temp;
ARM GAS  /var/folders/_1/sgnj6dm57r56n1x62bwb5w5h0000gn/T//cc0eCm9q.s 			page 11


 258:Drivers/STM32F3xx_HAL_Driver/Src/stm32f3xx_hal_pcd_ex.c ****   pdwVal = (uint16_t *)((uint32_t)(wPMABufAddr + (uint32_t)USBx + 0x400U));
 259:Drivers/STM32F3xx_HAL_Driver/Src/stm32f3xx_hal_pcd_ex.c **** 
 260:Drivers/STM32F3xx_HAL_Driver/Src/stm32f3xx_hal_pcd_ex.c ****   for (i = n; i != 0U; i--)
 261:Drivers/STM32F3xx_HAL_Driver/Src/stm32f3xx_hal_pcd_ex.c ****   {
 262:Drivers/STM32F3xx_HAL_Driver/Src/stm32f3xx_hal_pcd_ex.c ****     temp = *pdwVal++;
 263:Drivers/STM32F3xx_HAL_Driver/Src/stm32f3xx_hal_pcd_ex.c ****     *pbUsrBuf++ = ((temp >> 0) & 0xFF);
 264:Drivers/STM32F3xx_HAL_Driver/Src/stm32f3xx_hal_pcd_ex.c ****     *pbUsrBuf++ = ((temp >> 8) & 0xFF);
 265:Drivers/STM32F3xx_HAL_Driver/Src/stm32f3xx_hal_pcd_ex.c ****   }
 266:Drivers/STM32F3xx_HAL_Driver/Src/stm32f3xx_hal_pcd_ex.c **** 
 267:Drivers/STM32F3xx_HAL_Driver/Src/stm32f3xx_hal_pcd_ex.c ****   if (wNBytes % 2)
 268:Drivers/STM32F3xx_HAL_Driver/Src/stm32f3xx_hal_pcd_ex.c ****   {
 269:Drivers/STM32F3xx_HAL_Driver/Src/stm32f3xx_hal_pcd_ex.c ****     temp = *pdwVal++;
 270:Drivers/STM32F3xx_HAL_Driver/Src/stm32f3xx_hal_pcd_ex.c ****     *pbUsrBuf++ = ((temp >> 0) & 0xFF);
 271:Drivers/STM32F3xx_HAL_Driver/Src/stm32f3xx_hal_pcd_ex.c ****   }
 272:Drivers/STM32F3xx_HAL_Driver/Src/stm32f3xx_hal_pcd_ex.c **** }
 273:Drivers/STM32F3xx_HAL_Driver/Src/stm32f3xx_hal_pcd_ex.c **** #endif /* STM32F302xE || STM32F303xE || */
 274:Drivers/STM32F3xx_HAL_Driver/Src/stm32f3xx_hal_pcd_ex.c ****        /* STM32F302xC                || */
 275:Drivers/STM32F3xx_HAL_Driver/Src/stm32f3xx_hal_pcd_ex.c ****        /* STM32F302x8                   */
 276:Drivers/STM32F3xx_HAL_Driver/Src/stm32f3xx_hal_pcd_ex.c **** 
 277:Drivers/STM32F3xx_HAL_Driver/Src/stm32f3xx_hal_pcd_ex.c **** /**
 278:Drivers/STM32F3xx_HAL_Driver/Src/stm32f3xx_hal_pcd_ex.c ****   * @}
 279:Drivers/STM32F3xx_HAL_Driver/Src/stm32f3xx_hal_pcd_ex.c ****   */ 
 280:Drivers/STM32F3xx_HAL_Driver/Src/stm32f3xx_hal_pcd_ex.c **** 
 281:Drivers/STM32F3xx_HAL_Driver/Src/stm32f3xx_hal_pcd_ex.c **** /** @addtogroup PCDEx_Exported_Functions PCDEx Exported Functions
 282:Drivers/STM32F3xx_HAL_Driver/Src/stm32f3xx_hal_pcd_ex.c ****   * @{
 283:Drivers/STM32F3xx_HAL_Driver/Src/stm32f3xx_hal_pcd_ex.c ****   */
 284:Drivers/STM32F3xx_HAL_Driver/Src/stm32f3xx_hal_pcd_ex.c **** 
 285:Drivers/STM32F3xx_HAL_Driver/Src/stm32f3xx_hal_pcd_ex.c **** /** @addtogroup PCDEx_Exported_Functions_Group2 Extended Initialization and de-initialization funct
 286:Drivers/STM32F3xx_HAL_Driver/Src/stm32f3xx_hal_pcd_ex.c ****   * @{
 287:Drivers/STM32F3xx_HAL_Driver/Src/stm32f3xx_hal_pcd_ex.c ****   */
 288:Drivers/STM32F3xx_HAL_Driver/Src/stm32f3xx_hal_pcd_ex.c **** /**
 289:Drivers/STM32F3xx_HAL_Driver/Src/stm32f3xx_hal_pcd_ex.c ****   * @brief  Software Device Connection
 290:Drivers/STM32F3xx_HAL_Driver/Src/stm32f3xx_hal_pcd_ex.c ****   * @param  hpcd PCD handle
 291:Drivers/STM32F3xx_HAL_Driver/Src/stm32f3xx_hal_pcd_ex.c ****   * @param  state Device state
 292:Drivers/STM32F3xx_HAL_Driver/Src/stm32f3xx_hal_pcd_ex.c ****   * @retval None
 293:Drivers/STM32F3xx_HAL_Driver/Src/stm32f3xx_hal_pcd_ex.c ****   */
 294:Drivers/STM32F3xx_HAL_Driver/Src/stm32f3xx_hal_pcd_ex.c ****  __weak void HAL_PCDEx_SetConnectionState(PCD_HandleTypeDef *hpcd, uint8_t state)
 295:Drivers/STM32F3xx_HAL_Driver/Src/stm32f3xx_hal_pcd_ex.c **** {
 303              		.loc 1 295 1 is_stmt 1 view -0
 304              		.cfi_startproc
 305              		@ args = 0, pretend = 0, frame = 0
 306              		@ frame_needed = 0, uses_anonymous_args = 0
 307              		@ link register save eliminated.
 296:Drivers/STM32F3xx_HAL_Driver/Src/stm32f3xx_hal_pcd_ex.c ****   /* Prevent unused argument(s) compilation warning */
 297:Drivers/STM32F3xx_HAL_Driver/Src/stm32f3xx_hal_pcd_ex.c ****   UNUSED(hpcd);
 308              		.loc 1 297 3 view .LVU89
 298:Drivers/STM32F3xx_HAL_Driver/Src/stm32f3xx_hal_pcd_ex.c ****   UNUSED(state);
 309              		.loc 1 298 3 view .LVU90
 299:Drivers/STM32F3xx_HAL_Driver/Src/stm32f3xx_hal_pcd_ex.c **** 
 300:Drivers/STM32F3xx_HAL_Driver/Src/stm32f3xx_hal_pcd_ex.c ****   /* NOTE : This function Should not be modified, when the callback is needed,
 301:Drivers/STM32F3xx_HAL_Driver/Src/stm32f3xx_hal_pcd_ex.c ****             the HAL_PCDEx_SetConnectionState could be implenetd in the user file
 302:Drivers/STM32F3xx_HAL_Driver/Src/stm32f3xx_hal_pcd_ex.c ****    */ 
 303:Drivers/STM32F3xx_HAL_Driver/Src/stm32f3xx_hal_pcd_ex.c **** }
 310              		.loc 1 303 1 is_stmt 0 view .LVU91
 311 0000 7047     		bx	lr
 312              		.cfi_endproc
 313              	.LFE129:
ARM GAS  /var/folders/_1/sgnj6dm57r56n1x62bwb5w5h0000gn/T//cc0eCm9q.s 			page 12


 315              		.text
 316              	.Letext0:
 317              		.file 2 "/usr/local/opt/gcc-arm-none-eabi-8-2019-q3-update/arm-none-eabi/include/machine/_default_
 318              		.file 3 "/usr/local/opt/gcc-arm-none-eabi-8-2019-q3-update/arm-none-eabi/include/sys/_stdint.h"
 319              		.file 4 "Drivers/CMSIS/Include/core_cm4.h"
 320              		.file 5 "Drivers/CMSIS/Device/ST/STM32F3xx/Include/system_stm32f3xx.h"
 321              		.file 6 "Drivers/CMSIS/Device/ST/STM32F3xx/Include/stm32f303xc.h"
 322              		.file 7 "/usr/local/opt/gcc-arm-none-eabi-8-2019-q3-update/lib/gcc/arm-none-eabi/8.3.1/include/std
 323              		.file 8 "/usr/local/opt/gcc-arm-none-eabi-8-2019-q3-update/arm-none-eabi/include/sys/_types.h"
 324              		.file 9 "/usr/local/opt/gcc-arm-none-eabi-8-2019-q3-update/arm-none-eabi/include/sys/reent.h"
 325              		.file 10 "/usr/local/opt/gcc-arm-none-eabi-8-2019-q3-update/arm-none-eabi/include/sys/lock.h"
 326              		.file 11 "Drivers/STM32F3xx_HAL_Driver/Inc/stm32f3xx_hal_def.h"
 327              		.file 12 "Drivers/STM32F3xx_HAL_Driver/Inc/stm32f3xx_hal_pcd.h"
 328              		.file 13 "Drivers/STM32F3xx_HAL_Driver/Inc/stm32f3xx_hal.h"
ARM GAS  /var/folders/_1/sgnj6dm57r56n1x62bwb5w5h0000gn/T//cc0eCm9q.s 			page 13


DEFINED SYMBOLS
                            *ABS*:0000000000000000 stm32f3xx_hal_pcd_ex.c
/var/folders/_1/sgnj6dm57r56n1x62bwb5w5h0000gn/T//cc0eCm9q.s:18     .text.HAL_PCDEx_PMAConfig:0000000000000000 $t
/var/folders/_1/sgnj6dm57r56n1x62bwb5w5h0000gn/T//cc0eCm9q.s:26     .text.HAL_PCDEx_PMAConfig:0000000000000000 HAL_PCDEx_PMAConfig
/var/folders/_1/sgnj6dm57r56n1x62bwb5w5h0000gn/T//cc0eCm9q.s:117    .text.PCD_WritePMA:0000000000000000 $t
/var/folders/_1/sgnj6dm57r56n1x62bwb5w5h0000gn/T//cc0eCm9q.s:124    .text.PCD_WritePMA:0000000000000000 PCD_WritePMA
/var/folders/_1/sgnj6dm57r56n1x62bwb5w5h0000gn/T//cc0eCm9q.s:200    .text.PCD_ReadPMA:0000000000000000 $t
/var/folders/_1/sgnj6dm57r56n1x62bwb5w5h0000gn/T//cc0eCm9q.s:207    .text.PCD_ReadPMA:0000000000000000 PCD_ReadPMA
/var/folders/_1/sgnj6dm57r56n1x62bwb5w5h0000gn/T//cc0eCm9q.s:293    .text.HAL_PCDEx_SetConnectionState:0000000000000000 $t
/var/folders/_1/sgnj6dm57r56n1x62bwb5w5h0000gn/T//cc0eCm9q.s:300    .text.HAL_PCDEx_SetConnectionState:0000000000000000 HAL_PCDEx_SetConnectionState

NO UNDEFINED SYMBOLS
