ARM GAS  /var/folders/md/lgcc8l7571l9vt9sx0g0zflw0000gn/T//ccvD9R2b.s 			page 1


   1              		.cpu cortex-m4
   2              		.eabi_attribute 27, 1
   3              		.eabi_attribute 28, 1
   4              		.eabi_attribute 20, 1
   5              		.eabi_attribute 21, 1
   6              		.eabi_attribute 23, 3
   7              		.eabi_attribute 24, 1
   8              		.eabi_attribute 25, 1
   9              		.eabi_attribute 26, 1
  10              		.eabi_attribute 30, 1
  11              		.eabi_attribute 34, 1
  12              		.eabi_attribute 18, 4
  13              		.file	"stm32f3xx_hal_spi_ex.c"
  14              		.text
  15              	.Ltext0:
  16              		.cfi_sections	.debug_frame
  17              		.section	.text.HAL_SPIEx_FlushRxFifo,"ax",%progbits
  18              		.align	1
  19              		.global	HAL_SPIEx_FlushRxFifo
  20              		.arch armv7e-m
  21              		.syntax unified
  22              		.thumb
  23              		.thumb_func
  24              		.fpu fpv4-sp-d16
  26              	HAL_SPIEx_FlushRxFifo:
  27              	.LVL0:
  28              	.LFB126:
  29              		.file 1 "Drivers/STM32F3xx_HAL_Driver/Src/stm32f3xx_hal_spi_ex.c"
   1:Drivers/STM32F3xx_HAL_Driver/Src/stm32f3xx_hal_spi_ex.c **** /**
   2:Drivers/STM32F3xx_HAL_Driver/Src/stm32f3xx_hal_spi_ex.c ****   ******************************************************************************
   3:Drivers/STM32F3xx_HAL_Driver/Src/stm32f3xx_hal_spi_ex.c ****   * @file    stm32f3xx_hal_spi_ex.c
   4:Drivers/STM32F3xx_HAL_Driver/Src/stm32f3xx_hal_spi_ex.c ****   * @author  MCD Application Team
   5:Drivers/STM32F3xx_HAL_Driver/Src/stm32f3xx_hal_spi_ex.c ****   * @brief   Extended SPI HAL module driver.
   6:Drivers/STM32F3xx_HAL_Driver/Src/stm32f3xx_hal_spi_ex.c ****   *          This file provides firmware functions to manage the following
   7:Drivers/STM32F3xx_HAL_Driver/Src/stm32f3xx_hal_spi_ex.c ****   *          SPI peripheral extended functionalities :
   8:Drivers/STM32F3xx_HAL_Driver/Src/stm32f3xx_hal_spi_ex.c ****   *           + IO operation functions
   9:Drivers/STM32F3xx_HAL_Driver/Src/stm32f3xx_hal_spi_ex.c ****   *
  10:Drivers/STM32F3xx_HAL_Driver/Src/stm32f3xx_hal_spi_ex.c ****   ******************************************************************************
  11:Drivers/STM32F3xx_HAL_Driver/Src/stm32f3xx_hal_spi_ex.c ****   * @attention
  12:Drivers/STM32F3xx_HAL_Driver/Src/stm32f3xx_hal_spi_ex.c ****   *
  13:Drivers/STM32F3xx_HAL_Driver/Src/stm32f3xx_hal_spi_ex.c ****   * <h2><center>&copy; COPYRIGHT(c) 2016 STMicroelectronics</center></h2>
  14:Drivers/STM32F3xx_HAL_Driver/Src/stm32f3xx_hal_spi_ex.c ****   *
  15:Drivers/STM32F3xx_HAL_Driver/Src/stm32f3xx_hal_spi_ex.c ****   * Redistribution and use in source and binary forms, with or without modification,
  16:Drivers/STM32F3xx_HAL_Driver/Src/stm32f3xx_hal_spi_ex.c ****   * are permitted provided that the following conditions are met:
  17:Drivers/STM32F3xx_HAL_Driver/Src/stm32f3xx_hal_spi_ex.c ****   *   1. Redistributions of source code must retain the above copyright notice,
  18:Drivers/STM32F3xx_HAL_Driver/Src/stm32f3xx_hal_spi_ex.c ****   *      this list of conditions and the following disclaimer.
  19:Drivers/STM32F3xx_HAL_Driver/Src/stm32f3xx_hal_spi_ex.c ****   *   2. Redistributions in binary form must reproduce the above copyright notice,
  20:Drivers/STM32F3xx_HAL_Driver/Src/stm32f3xx_hal_spi_ex.c ****   *      this list of conditions and the following disclaimer in the documentation
  21:Drivers/STM32F3xx_HAL_Driver/Src/stm32f3xx_hal_spi_ex.c ****   *      and/or other materials provided with the distribution.
  22:Drivers/STM32F3xx_HAL_Driver/Src/stm32f3xx_hal_spi_ex.c ****   *   3. Neither the name of STMicroelectronics nor the names of its contributors
  23:Drivers/STM32F3xx_HAL_Driver/Src/stm32f3xx_hal_spi_ex.c ****   *      may be used to endorse or promote products derived from this software
  24:Drivers/STM32F3xx_HAL_Driver/Src/stm32f3xx_hal_spi_ex.c ****   *      without specific prior written permission.
  25:Drivers/STM32F3xx_HAL_Driver/Src/stm32f3xx_hal_spi_ex.c ****   *
  26:Drivers/STM32F3xx_HAL_Driver/Src/stm32f3xx_hal_spi_ex.c ****   * THIS SOFTWARE IS PROVIDED BY THE COPYRIGHT HOLDERS AND CONTRIBUTORS "AS IS"
  27:Drivers/STM32F3xx_HAL_Driver/Src/stm32f3xx_hal_spi_ex.c ****   * AND ANY EXPRESS OR IMPLIED WARRANTIES, INCLUDING, BUT NOT LIMITED TO, THE
  28:Drivers/STM32F3xx_HAL_Driver/Src/stm32f3xx_hal_spi_ex.c ****   * IMPLIED WARRANTIES OF MERCHANTABILITY AND FITNESS FOR A PARTICULAR PURPOSE ARE
  29:Drivers/STM32F3xx_HAL_Driver/Src/stm32f3xx_hal_spi_ex.c ****   * DISCLAIMED. IN NO EVENT SHALL THE COPYRIGHT HOLDER OR CONTRIBUTORS BE LIABLE
ARM GAS  /var/folders/md/lgcc8l7571l9vt9sx0g0zflw0000gn/T//ccvD9R2b.s 			page 2


  30:Drivers/STM32F3xx_HAL_Driver/Src/stm32f3xx_hal_spi_ex.c ****   * FOR ANY DIRECT, INDIRECT, INCIDENTAL, SPECIAL, EXEMPLARY, OR CONSEQUENTIAL
  31:Drivers/STM32F3xx_HAL_Driver/Src/stm32f3xx_hal_spi_ex.c ****   * DAMAGES (INCLUDING, BUT NOT LIMITED TO, PROCUREMENT OF SUBSTITUTE GOODS OR
  32:Drivers/STM32F3xx_HAL_Driver/Src/stm32f3xx_hal_spi_ex.c ****   * SERVICES; LOSS OF USE, DATA, OR PROFITS; OR BUSINESS INTERRUPTION) HOWEVER
  33:Drivers/STM32F3xx_HAL_Driver/Src/stm32f3xx_hal_spi_ex.c ****   * CAUSED AND ON ANY THEORY OF LIABILITY, WHETHER IN CONTRACT, STRICT LIABILITY,
  34:Drivers/STM32F3xx_HAL_Driver/Src/stm32f3xx_hal_spi_ex.c ****   * OR TORT (INCLUDING NEGLIGENCE OR OTHERWISE) ARISING IN ANY WAY OUT OF THE USE
  35:Drivers/STM32F3xx_HAL_Driver/Src/stm32f3xx_hal_spi_ex.c ****   * OF THIS SOFTWARE, EVEN IF ADVISED OF THE POSSIBILITY OF SUCH DAMAGE.
  36:Drivers/STM32F3xx_HAL_Driver/Src/stm32f3xx_hal_spi_ex.c ****   *
  37:Drivers/STM32F3xx_HAL_Driver/Src/stm32f3xx_hal_spi_ex.c ****   ******************************************************************************
  38:Drivers/STM32F3xx_HAL_Driver/Src/stm32f3xx_hal_spi_ex.c ****   */
  39:Drivers/STM32F3xx_HAL_Driver/Src/stm32f3xx_hal_spi_ex.c **** 
  40:Drivers/STM32F3xx_HAL_Driver/Src/stm32f3xx_hal_spi_ex.c **** /* Includes ------------------------------------------------------------------*/
  41:Drivers/STM32F3xx_HAL_Driver/Src/stm32f3xx_hal_spi_ex.c **** #include "stm32f3xx_hal.h"
  42:Drivers/STM32F3xx_HAL_Driver/Src/stm32f3xx_hal_spi_ex.c **** 
  43:Drivers/STM32F3xx_HAL_Driver/Src/stm32f3xx_hal_spi_ex.c **** /** @addtogroup STM32F3xx_HAL_Driver
  44:Drivers/STM32F3xx_HAL_Driver/Src/stm32f3xx_hal_spi_ex.c ****   * @{
  45:Drivers/STM32F3xx_HAL_Driver/Src/stm32f3xx_hal_spi_ex.c ****   */
  46:Drivers/STM32F3xx_HAL_Driver/Src/stm32f3xx_hal_spi_ex.c **** 
  47:Drivers/STM32F3xx_HAL_Driver/Src/stm32f3xx_hal_spi_ex.c **** /** @defgroup SPIEx SPIEx
  48:Drivers/STM32F3xx_HAL_Driver/Src/stm32f3xx_hal_spi_ex.c ****   * @brief SPI Extended HAL module driver
  49:Drivers/STM32F3xx_HAL_Driver/Src/stm32f3xx_hal_spi_ex.c ****   * @{
  50:Drivers/STM32F3xx_HAL_Driver/Src/stm32f3xx_hal_spi_ex.c ****   */
  51:Drivers/STM32F3xx_HAL_Driver/Src/stm32f3xx_hal_spi_ex.c **** #ifdef HAL_SPI_MODULE_ENABLED
  52:Drivers/STM32F3xx_HAL_Driver/Src/stm32f3xx_hal_spi_ex.c **** 
  53:Drivers/STM32F3xx_HAL_Driver/Src/stm32f3xx_hal_spi_ex.c **** /* Private typedef -----------------------------------------------------------*/
  54:Drivers/STM32F3xx_HAL_Driver/Src/stm32f3xx_hal_spi_ex.c **** /* Private defines -----------------------------------------------------------*/
  55:Drivers/STM32F3xx_HAL_Driver/Src/stm32f3xx_hal_spi_ex.c **** /** @defgroup SPIEx_Private_Constants SPIEx Private Constants
  56:Drivers/STM32F3xx_HAL_Driver/Src/stm32f3xx_hal_spi_ex.c ****   * @{
  57:Drivers/STM32F3xx_HAL_Driver/Src/stm32f3xx_hal_spi_ex.c ****   */
  58:Drivers/STM32F3xx_HAL_Driver/Src/stm32f3xx_hal_spi_ex.c **** #define SPI_FIFO_SIZE       4
  59:Drivers/STM32F3xx_HAL_Driver/Src/stm32f3xx_hal_spi_ex.c **** /**
  60:Drivers/STM32F3xx_HAL_Driver/Src/stm32f3xx_hal_spi_ex.c ****   * @}
  61:Drivers/STM32F3xx_HAL_Driver/Src/stm32f3xx_hal_spi_ex.c ****   */
  62:Drivers/STM32F3xx_HAL_Driver/Src/stm32f3xx_hal_spi_ex.c **** 
  63:Drivers/STM32F3xx_HAL_Driver/Src/stm32f3xx_hal_spi_ex.c **** /* Private macros ------------------------------------------------------------*/
  64:Drivers/STM32F3xx_HAL_Driver/Src/stm32f3xx_hal_spi_ex.c **** /* Private variables ---------------------------------------------------------*/
  65:Drivers/STM32F3xx_HAL_Driver/Src/stm32f3xx_hal_spi_ex.c **** /* Private function prototypes -----------------------------------------------*/
  66:Drivers/STM32F3xx_HAL_Driver/Src/stm32f3xx_hal_spi_ex.c **** /* Exported functions ---------------------------------------------------------*/
  67:Drivers/STM32F3xx_HAL_Driver/Src/stm32f3xx_hal_spi_ex.c **** 
  68:Drivers/STM32F3xx_HAL_Driver/Src/stm32f3xx_hal_spi_ex.c **** /** @defgroup SPIEx_Exported_Functions SPIEx Exported Functions
  69:Drivers/STM32F3xx_HAL_Driver/Src/stm32f3xx_hal_spi_ex.c ****   * @{
  70:Drivers/STM32F3xx_HAL_Driver/Src/stm32f3xx_hal_spi_ex.c ****   */
  71:Drivers/STM32F3xx_HAL_Driver/Src/stm32f3xx_hal_spi_ex.c **** 
  72:Drivers/STM32F3xx_HAL_Driver/Src/stm32f3xx_hal_spi_ex.c **** /** @defgroup SPIEx_Exported_Functions_Group1 IO operation functions
  73:Drivers/STM32F3xx_HAL_Driver/Src/stm32f3xx_hal_spi_ex.c ****   *  @brief   Data transfers functions
  74:Drivers/STM32F3xx_HAL_Driver/Src/stm32f3xx_hal_spi_ex.c ****   *
  75:Drivers/STM32F3xx_HAL_Driver/Src/stm32f3xx_hal_spi_ex.c **** @verbatim
  76:Drivers/STM32F3xx_HAL_Driver/Src/stm32f3xx_hal_spi_ex.c ****   ==============================================================================
  77:Drivers/STM32F3xx_HAL_Driver/Src/stm32f3xx_hal_spi_ex.c ****                       ##### IO operation functions #####
  78:Drivers/STM32F3xx_HAL_Driver/Src/stm32f3xx_hal_spi_ex.c ****  ===============================================================================
  79:Drivers/STM32F3xx_HAL_Driver/Src/stm32f3xx_hal_spi_ex.c ****  [..]
  80:Drivers/STM32F3xx_HAL_Driver/Src/stm32f3xx_hal_spi_ex.c ****     This subsection provides a set of extended functions to manage the SPI
  81:Drivers/STM32F3xx_HAL_Driver/Src/stm32f3xx_hal_spi_ex.c ****     data transfers.
  82:Drivers/STM32F3xx_HAL_Driver/Src/stm32f3xx_hal_spi_ex.c **** 
  83:Drivers/STM32F3xx_HAL_Driver/Src/stm32f3xx_hal_spi_ex.c ****     (#) Rx data flush function:
  84:Drivers/STM32F3xx_HAL_Driver/Src/stm32f3xx_hal_spi_ex.c ****         (++) HAL_SPIEx_FlushRxFifo()
  85:Drivers/STM32F3xx_HAL_Driver/Src/stm32f3xx_hal_spi_ex.c **** 
  86:Drivers/STM32F3xx_HAL_Driver/Src/stm32f3xx_hal_spi_ex.c **** @endverbatim
ARM GAS  /var/folders/md/lgcc8l7571l9vt9sx0g0zflw0000gn/T//ccvD9R2b.s 			page 3


  87:Drivers/STM32F3xx_HAL_Driver/Src/stm32f3xx_hal_spi_ex.c ****   * @{
  88:Drivers/STM32F3xx_HAL_Driver/Src/stm32f3xx_hal_spi_ex.c ****   */
  89:Drivers/STM32F3xx_HAL_Driver/Src/stm32f3xx_hal_spi_ex.c **** 
  90:Drivers/STM32F3xx_HAL_Driver/Src/stm32f3xx_hal_spi_ex.c **** /**
  91:Drivers/STM32F3xx_HAL_Driver/Src/stm32f3xx_hal_spi_ex.c ****   * @brief Flush the RX fifo.
  92:Drivers/STM32F3xx_HAL_Driver/Src/stm32f3xx_hal_spi_ex.c ****   * @param  hspi pointer to a SPI_HandleTypeDef structure that contains
  93:Drivers/STM32F3xx_HAL_Driver/Src/stm32f3xx_hal_spi_ex.c ****   *               the configuration information for the specified SPI module.
  94:Drivers/STM32F3xx_HAL_Driver/Src/stm32f3xx_hal_spi_ex.c ****   * @retval HAL status
  95:Drivers/STM32F3xx_HAL_Driver/Src/stm32f3xx_hal_spi_ex.c ****   */
  96:Drivers/STM32F3xx_HAL_Driver/Src/stm32f3xx_hal_spi_ex.c **** HAL_StatusTypeDef HAL_SPIEx_FlushRxFifo(SPI_HandleTypeDef *hspi)
  97:Drivers/STM32F3xx_HAL_Driver/Src/stm32f3xx_hal_spi_ex.c **** {
  30              		.loc 1 97 1 view -0
  31              		.cfi_startproc
  32              		@ args = 0, pretend = 0, frame = 8
  33              		@ frame_needed = 0, uses_anonymous_args = 0
  34              		@ link register save eliminated.
  98:Drivers/STM32F3xx_HAL_Driver/Src/stm32f3xx_hal_spi_ex.c ****   __IO uint32_t tmpreg;
  35              		.loc 1 98 3 view .LVU1
  99:Drivers/STM32F3xx_HAL_Driver/Src/stm32f3xx_hal_spi_ex.c ****   uint8_t  count = 0U;
  36              		.loc 1 99 3 view .LVU2
 100:Drivers/STM32F3xx_HAL_Driver/Src/stm32f3xx_hal_spi_ex.c ****   while ((hspi->Instance->SR & SPI_FLAG_FRLVL) !=  SPI_FRLVL_EMPTY)
  37              		.loc 1 100 3 view .LVU3
  99:Drivers/STM32F3xx_HAL_Driver/Src/stm32f3xx_hal_spi_ex.c ****   uint8_t  count = 0U;
  38              		.loc 1 99 12 is_stmt 0 view .LVU4
  39 0000 0023     		movs	r3, #0
  40              	.LVL1:
  41              		.loc 1 100 15 view .LVU5
  42 0002 0268     		ldr	r2, [r0]
  43              		.loc 1 100 25 view .LVU6
  44 0004 9168     		ldr	r1, [r2, #8]
  45              		.loc 1 100 9 view .LVU7
  46 0006 11F4C06F 		tst	r1, #1536
  47 000a 12D0     		beq	.L10
  97:Drivers/STM32F3xx_HAL_Driver/Src/stm32f3xx_hal_spi_ex.c ****   __IO uint32_t tmpreg;
  48              		.loc 1 97 1 view .LVU8
  49 000c 82B0     		sub	sp, sp, #8
  50              	.LCFI0:
  51              		.cfi_def_cfa_offset 8
  52 000e 04E0     		b	.L4
  53              	.L12:
  54              		.loc 1 100 15 view .LVU9
  55 0010 0268     		ldr	r2, [r0]
  56              		.loc 1 100 25 view .LVU10
  57 0012 9168     		ldr	r1, [r2, #8]
  58              		.loc 1 100 9 view .LVU11
  59 0014 11F4C06F 		tst	r1, #1536
  60 0018 09D0     		beq	.L11
  61              	.L4:
 101:Drivers/STM32F3xx_HAL_Driver/Src/stm32f3xx_hal_spi_ex.c ****   {
 102:Drivers/STM32F3xx_HAL_Driver/Src/stm32f3xx_hal_spi_ex.c ****     count++;
  62              		.loc 1 102 5 is_stmt 1 view .LVU12
  63              		.loc 1 102 10 is_stmt 0 view .LVU13
  64 001a 0133     		adds	r3, r3, #1
  65              	.LVL2:
  66              		.loc 1 102 10 view .LVU14
  67 001c DBB2     		uxtb	r3, r3
  68              	.LVL3:
ARM GAS  /var/folders/md/lgcc8l7571l9vt9sx0g0zflw0000gn/T//ccvD9R2b.s 			page 4


 103:Drivers/STM32F3xx_HAL_Driver/Src/stm32f3xx_hal_spi_ex.c ****     tmpreg = hspi->Instance->DR;
  69              		.loc 1 103 5 is_stmt 1 view .LVU15
  70              		.loc 1 103 28 is_stmt 0 view .LVU16
  71 001e D268     		ldr	r2, [r2, #12]
  72              		.loc 1 103 12 view .LVU17
  73 0020 0192     		str	r2, [sp, #4]
 104:Drivers/STM32F3xx_HAL_Driver/Src/stm32f3xx_hal_spi_ex.c ****     UNUSED(tmpreg); /* To avoid GCC warning */
  74              		.loc 1 104 5 is_stmt 1 view .LVU18
  75 0022 019A     		ldr	r2, [sp, #4]
 105:Drivers/STM32F3xx_HAL_Driver/Src/stm32f3xx_hal_spi_ex.c ****     if (count == SPI_FIFO_SIZE)
  76              		.loc 1 105 5 view .LVU19
  77              		.loc 1 105 8 is_stmt 0 view .LVU20
  78 0024 042B     		cmp	r3, #4
  79 0026 F3D1     		bne	.L12
 106:Drivers/STM32F3xx_HAL_Driver/Src/stm32f3xx_hal_spi_ex.c ****     {
 107:Drivers/STM32F3xx_HAL_Driver/Src/stm32f3xx_hal_spi_ex.c ****       return HAL_TIMEOUT;
  80              		.loc 1 107 14 view .LVU21
  81 0028 0320     		movs	r0, #3
  82              	.LVL4:
  83              	.L3:
 108:Drivers/STM32F3xx_HAL_Driver/Src/stm32f3xx_hal_spi_ex.c ****     }
 109:Drivers/STM32F3xx_HAL_Driver/Src/stm32f3xx_hal_spi_ex.c ****   }
 110:Drivers/STM32F3xx_HAL_Driver/Src/stm32f3xx_hal_spi_ex.c ****   return HAL_OK;
 111:Drivers/STM32F3xx_HAL_Driver/Src/stm32f3xx_hal_spi_ex.c **** }
  84              		.loc 1 111 1 view .LVU22
  85 002a 02B0     		add	sp, sp, #8
  86              	.LCFI1:
  87              		.cfi_remember_state
  88              		.cfi_def_cfa_offset 0
  89              		@ sp needed
  90 002c 7047     		bx	lr
  91              	.LVL5:
  92              	.L11:
  93              	.LCFI2:
  94              		.cfi_restore_state
 110:Drivers/STM32F3xx_HAL_Driver/Src/stm32f3xx_hal_spi_ex.c **** }
  95              		.loc 1 110 10 view .LVU23
  96 002e 0020     		movs	r0, #0
  97              	.LVL6:
 110:Drivers/STM32F3xx_HAL_Driver/Src/stm32f3xx_hal_spi_ex.c **** }
  98              		.loc 1 110 10 view .LVU24
  99 0030 FBE7     		b	.L3
 100              	.LVL7:
 101              	.L10:
 102              	.LCFI3:
 103              		.cfi_def_cfa_offset 0
 110:Drivers/STM32F3xx_HAL_Driver/Src/stm32f3xx_hal_spi_ex.c **** }
 104              		.loc 1 110 10 view .LVU25
 105 0032 0020     		movs	r0, #0
 106              	.LVL8:
 107              		.loc 1 111 1 view .LVU26
 108 0034 7047     		bx	lr
 109              		.cfi_endproc
 110              	.LFE126:
 112              		.text
 113              	.Letext0:
 114              		.file 2 "/usr/local/gcc-arm-none-eabi-8-2019-q3-update/arm-none-eabi/include/machine/_default_type
ARM GAS  /var/folders/md/lgcc8l7571l9vt9sx0g0zflw0000gn/T//ccvD9R2b.s 			page 5


 115              		.file 3 "/usr/local/gcc-arm-none-eabi-8-2019-q3-update/arm-none-eabi/include/sys/_stdint.h"
 116              		.file 4 "Drivers/CMSIS/Include/core_cm4.h"
 117              		.file 5 "Drivers/CMSIS/Device/ST/STM32F3xx/Include/system_stm32f3xx.h"
 118              		.file 6 "Drivers/CMSIS/Device/ST/STM32F3xx/Include/stm32f303xc.h"
 119              		.file 7 "/usr/local/gcc-arm-none-eabi-8-2019-q3-update/lib/gcc/arm-none-eabi/8.3.1/include/stddef.
 120              		.file 8 "/usr/local/gcc-arm-none-eabi-8-2019-q3-update/arm-none-eabi/include/sys/_types.h"
 121              		.file 9 "/usr/local/gcc-arm-none-eabi-8-2019-q3-update/arm-none-eabi/include/sys/reent.h"
 122              		.file 10 "/usr/local/gcc-arm-none-eabi-8-2019-q3-update/arm-none-eabi/include/sys/lock.h"
 123              		.file 11 "Drivers/STM32F3xx_HAL_Driver/Inc/stm32f3xx_hal_def.h"
 124              		.file 12 "Drivers/STM32F3xx_HAL_Driver/Inc/stm32f3xx_hal_dma.h"
 125              		.file 13 "Drivers/STM32F3xx_HAL_Driver/Inc/stm32f3xx_hal_spi.h"
 126              		.file 14 "Drivers/STM32F3xx_HAL_Driver/Inc/stm32f3xx_hal.h"
ARM GAS  /var/folders/md/lgcc8l7571l9vt9sx0g0zflw0000gn/T//ccvD9R2b.s 			page 6


DEFINED SYMBOLS
                            *ABS*:0000000000000000 stm32f3xx_hal_spi_ex.c
/var/folders/md/lgcc8l7571l9vt9sx0g0zflw0000gn/T//ccvD9R2b.s:18     .text.HAL_SPIEx_FlushRxFifo:0000000000000000 $t
/var/folders/md/lgcc8l7571l9vt9sx0g0zflw0000gn/T//ccvD9R2b.s:26     .text.HAL_SPIEx_FlushRxFifo:0000000000000000 HAL_SPIEx_FlushRxFifo

NO UNDEFINED SYMBOLS
