ARM GAS  /var/folders/_1/sgnj6dm57r56n1x62bwb5w5h0000gn/T//ccbAe6he.s 			page 1


   1              		.cpu cortex-m4
   2              		.eabi_attribute 27, 1
   3              		.eabi_attribute 28, 1
   4              		.eabi_attribute 20, 1
   5              		.eabi_attribute 21, 1
   6              		.eabi_attribute 23, 3
   7              		.eabi_attribute 24, 1
   8              		.eabi_attribute 25, 1
   9              		.eabi_attribute 26, 1
  10              		.eabi_attribute 30, 1
  11              		.eabi_attribute 34, 1
  12              		.eabi_attribute 18, 4
  13              		.file	"usb_device.c"
  14              		.text
  15              	.Ltext0:
  16              		.cfi_sections	.debug_frame
  17              		.section	.text.MX_USB_DEVICE_Init,"ax",%progbits
  18              		.align	1
  19              		.global	MX_USB_DEVICE_Init
  20              		.arch armv7e-m
  21              		.syntax unified
  22              		.thumb
  23              		.thumb_func
  24              		.fpu fpv4-sp-d16
  26              	MX_USB_DEVICE_Init:
  27              	.LFB126:
  28              		.file 1 "Src/usb_device.c"
   1:Src/usb_device.c **** /* USER CODE BEGIN Header */
   2:Src/usb_device.c **** /**
   3:Src/usb_device.c ****   ******************************************************************************
   4:Src/usb_device.c ****   * @file           : usb_device.c
   5:Src/usb_device.c ****   * @version        : v2.0_Cube
   6:Src/usb_device.c ****   * @brief          : This file implements the USB Device
   7:Src/usb_device.c ****   ******************************************************************************
   8:Src/usb_device.c ****   * @attention
   9:Src/usb_device.c ****   *
  10:Src/usb_device.c ****   * <h2><center>&copy; Copyright (c) 2019 STMicroelectronics.
  11:Src/usb_device.c ****   * All rights reserved.</center></h2>
  12:Src/usb_device.c ****   *
  13:Src/usb_device.c ****   * This software component is licensed by ST under Ultimate Liberty license
  14:Src/usb_device.c ****   * SLA0044, the "License"; You may not use this file except in compliance with
  15:Src/usb_device.c ****   * the License. You may obtain a copy of the License at:
  16:Src/usb_device.c ****   *                             www.st.com/SLA0044
  17:Src/usb_device.c ****   *
  18:Src/usb_device.c ****   ******************************************************************************
  19:Src/usb_device.c ****   */
  20:Src/usb_device.c **** /* USER CODE END Header */
  21:Src/usb_device.c **** 
  22:Src/usb_device.c **** /* Includes ------------------------------------------------------------------*/
  23:Src/usb_device.c **** 
  24:Src/usb_device.c **** #include "usb_device.h"
  25:Src/usb_device.c **** #include "usbd_core.h"
  26:Src/usb_device.c **** #include "usbd_desc.h"
  27:Src/usb_device.c **** #include "usbd_dfu.h"
  28:Src/usb_device.c **** #include "usbd_dfu_if.h"
  29:Src/usb_device.c **** 
  30:Src/usb_device.c **** /* USER CODE BEGIN Includes */
ARM GAS  /var/folders/_1/sgnj6dm57r56n1x62bwb5w5h0000gn/T//ccbAe6he.s 			page 2


  31:Src/usb_device.c **** 
  32:Src/usb_device.c **** /* USER CODE END Includes */
  33:Src/usb_device.c **** 
  34:Src/usb_device.c **** /* USER CODE BEGIN PV */
  35:Src/usb_device.c **** /* Private variables ---------------------------------------------------------*/
  36:Src/usb_device.c **** 
  37:Src/usb_device.c **** /* USER CODE END PV */
  38:Src/usb_device.c **** 
  39:Src/usb_device.c **** /* USER CODE BEGIN PFP */
  40:Src/usb_device.c **** /* Private function prototypes -----------------------------------------------*/
  41:Src/usb_device.c **** 
  42:Src/usb_device.c **** /* USER CODE END PFP */
  43:Src/usb_device.c **** 
  44:Src/usb_device.c **** /* USB Device Core handle declaration. */
  45:Src/usb_device.c **** USBD_HandleTypeDef hUsbDeviceFS;
  46:Src/usb_device.c **** 
  47:Src/usb_device.c **** /*
  48:Src/usb_device.c ****  * -- Insert your variables declaration here --
  49:Src/usb_device.c ****  */
  50:Src/usb_device.c **** /* USER CODE BEGIN 0 */
  51:Src/usb_device.c **** 
  52:Src/usb_device.c **** /* USER CODE END 0 */
  53:Src/usb_device.c **** 
  54:Src/usb_device.c **** /*
  55:Src/usb_device.c ****  * -- Insert your external function declaration here --
  56:Src/usb_device.c ****  */
  57:Src/usb_device.c **** /* USER CODE BEGIN 1 */
  58:Src/usb_device.c **** 
  59:Src/usb_device.c **** /* USER CODE END 1 */
  60:Src/usb_device.c **** 
  61:Src/usb_device.c **** /**
  62:Src/usb_device.c ****   * Init USB device Library, add supported class and start the library
  63:Src/usb_device.c ****   * @retval None
  64:Src/usb_device.c ****   */
  65:Src/usb_device.c **** void MX_USB_DEVICE_Init(void)
  66:Src/usb_device.c **** {
  29              		.loc 1 66 1 view -0
  30              		.cfi_startproc
  31              		@ args = 0, pretend = 0, frame = 0
  32              		@ frame_needed = 0, uses_anonymous_args = 0
  33 0000 08B5     		push	{r3, lr}
  34              	.LCFI0:
  35              		.cfi_def_cfa_offset 8
  36              		.cfi_offset 3, -8
  37              		.cfi_offset 14, -4
  67:Src/usb_device.c ****   /* USER CODE BEGIN USB_DEVICE_Init_PreTreatment */
  68:Src/usb_device.c ****   
  69:Src/usb_device.c ****   /* USER CODE END USB_DEVICE_Init_PreTreatment */
  70:Src/usb_device.c ****   
  71:Src/usb_device.c ****   /* Init Device Library, add supported class and start the library. */
  72:Src/usb_device.c ****   if (USBD_Init(&hUsbDeviceFS, &FS_Desc, DEVICE_FS) != USBD_OK)
  38              		.loc 1 72 3 view .LVU1
  39              		.loc 1 72 7 is_stmt 0 view .LVU2
  40 0002 0022     		movs	r2, #0
  41 0004 0F49     		ldr	r1, .L11
  42 0006 1048     		ldr	r0, .L11+4
  43 0008 FFF7FEFF 		bl	USBD_Init
ARM GAS  /var/folders/_1/sgnj6dm57r56n1x62bwb5w5h0000gn/T//ccbAe6he.s 			page 3


  44              	.LVL0:
  45              		.loc 1 72 6 view .LVU3
  46 000c 70B9     		cbnz	r0, .L7
  47              	.L2:
  73:Src/usb_device.c ****   {
  74:Src/usb_device.c ****     Error_Handler();
  75:Src/usb_device.c ****   }
  76:Src/usb_device.c ****   if (USBD_RegisterClass(&hUsbDeviceFS, &USBD_DFU) != USBD_OK)
  48              		.loc 1 76 3 is_stmt 1 view .LVU4
  49              		.loc 1 76 7 is_stmt 0 view .LVU5
  50 000e 0F49     		ldr	r1, .L11+8
  51 0010 0D48     		ldr	r0, .L11+4
  52 0012 FFF7FEFF 		bl	USBD_RegisterClass
  53              	.LVL1:
  54              		.loc 1 76 6 view .LVU6
  55 0016 60B9     		cbnz	r0, .L8
  56              	.L3:
  77:Src/usb_device.c ****   {
  78:Src/usb_device.c ****     Error_Handler();
  79:Src/usb_device.c ****   }
  80:Src/usb_device.c ****   if (USBD_DFU_RegisterMedia(&hUsbDeviceFS, &USBD_DFU_fops_FS) != USBD_OK)
  57              		.loc 1 80 3 is_stmt 1 view .LVU7
  58              		.loc 1 80 7 is_stmt 0 view .LVU8
  59 0018 0D49     		ldr	r1, .L11+12
  60 001a 0B48     		ldr	r0, .L11+4
  61 001c FFF7FEFF 		bl	USBD_DFU_RegisterMedia
  62              	.LVL2:
  63              		.loc 1 80 6 view .LVU9
  64 0020 50B9     		cbnz	r0, .L9
  65              	.L4:
  81:Src/usb_device.c ****   {
  82:Src/usb_device.c ****     Error_Handler();
  83:Src/usb_device.c ****   }
  84:Src/usb_device.c ****   if (USBD_Start(&hUsbDeviceFS) != USBD_OK)
  66              		.loc 1 84 3 is_stmt 1 view .LVU10
  67              		.loc 1 84 7 is_stmt 0 view .LVU11
  68 0022 0948     		ldr	r0, .L11+4
  69 0024 FFF7FEFF 		bl	USBD_Start
  70              	.LVL3:
  71              		.loc 1 84 6 view .LVU12
  72 0028 48B9     		cbnz	r0, .L10
  73              	.L1:
  85:Src/usb_device.c ****   {
  86:Src/usb_device.c ****     Error_Handler();
  87:Src/usb_device.c ****   }
  88:Src/usb_device.c **** 
  89:Src/usb_device.c ****   /* USER CODE BEGIN USB_DEVICE_Init_PostTreatment */
  90:Src/usb_device.c ****   
  91:Src/usb_device.c ****   /* USER CODE END USB_DEVICE_Init_PostTreatment */
  92:Src/usb_device.c **** }
  74              		.loc 1 92 1 view .LVU13
  75 002a 08BD     		pop	{r3, pc}
  76              	.L7:
  74:Src/usb_device.c ****   }
  77              		.loc 1 74 5 is_stmt 1 view .LVU14
  78 002c FFF7FEFF 		bl	Error_Handler
  79              	.LVL4:
ARM GAS  /var/folders/_1/sgnj6dm57r56n1x62bwb5w5h0000gn/T//ccbAe6he.s 			page 4


  80 0030 EDE7     		b	.L2
  81              	.L8:
  78:Src/usb_device.c ****   }
  82              		.loc 1 78 5 view .LVU15
  83 0032 FFF7FEFF 		bl	Error_Handler
  84              	.LVL5:
  85 0036 EFE7     		b	.L3
  86              	.L9:
  82:Src/usb_device.c ****   }
  87              		.loc 1 82 5 view .LVU16
  88 0038 FFF7FEFF 		bl	Error_Handler
  89              	.LVL6:
  90 003c F1E7     		b	.L4
  91              	.L10:
  86:Src/usb_device.c ****   }
  92              		.loc 1 86 5 view .LVU17
  93 003e FFF7FEFF 		bl	Error_Handler
  94              	.LVL7:
  95              		.loc 1 92 1 is_stmt 0 view .LVU18
  96 0042 F2E7     		b	.L1
  97              	.L12:
  98              		.align	2
  99              	.L11:
 100 0044 00000000 		.word	FS_Desc
 101 0048 00000000 		.word	hUsbDeviceFS
 102 004c 00000000 		.word	USBD_DFU
 103 0050 00000000 		.word	USBD_DFU_fops_FS
 104              		.cfi_endproc
 105              	.LFE126:
 107              		.comm	hUsbDeviceFS,548,4
 108              		.text
 109              	.Letext0:
 110              		.file 2 "/usr/local/opt/gcc-arm-none-eabi-8-2019-q3-update/arm-none-eabi/include/machine/_default_
 111              		.file 3 "/usr/local/opt/gcc-arm-none-eabi-8-2019-q3-update/arm-none-eabi/include/sys/_stdint.h"
 112              		.file 4 "Drivers/CMSIS/Include/core_cm4.h"
 113              		.file 5 "Drivers/CMSIS/Device/ST/STM32F3xx/Include/system_stm32f3xx.h"
 114              		.file 6 "/usr/local/opt/gcc-arm-none-eabi-8-2019-q3-update/lib/gcc/arm-none-eabi/8.3.1/include/std
 115              		.file 7 "/usr/local/opt/gcc-arm-none-eabi-8-2019-q3-update/arm-none-eabi/include/sys/_types.h"
 116              		.file 8 "/usr/local/opt/gcc-arm-none-eabi-8-2019-q3-update/arm-none-eabi/include/sys/reent.h"
 117              		.file 9 "/usr/local/opt/gcc-arm-none-eabi-8-2019-q3-update/arm-none-eabi/include/sys/lock.h"
 118              		.file 10 "Drivers/STM32F3xx_HAL_Driver/Inc/stm32f3xx_hal.h"
 119              		.file 11 "/usr/local/opt/gcc-arm-none-eabi-8-2019-q3-update/arm-none-eabi/include/stdlib.h"
 120              		.file 12 "Middlewares/ST/STM32_USB_Device_Library/Core/Inc/usbd_def.h"
 121              		.file 13 "Inc/usbd_desc.h"
 122              		.file 14 "Middlewares/ST/STM32_USB_Device_Library/Class/DFU/Inc/usbd_dfu.h"
 123              		.file 15 "Inc/usbd_dfu_if.h"
 124              		.file 16 "Middlewares/ST/STM32_USB_Device_Library/Core/Inc/usbd_core.h"
 125              		.file 17 "Inc/main.h"
ARM GAS  /var/folders/_1/sgnj6dm57r56n1x62bwb5w5h0000gn/T//ccbAe6he.s 			page 5


DEFINED SYMBOLS
                            *ABS*:0000000000000000 usb_device.c
/var/folders/_1/sgnj6dm57r56n1x62bwb5w5h0000gn/T//ccbAe6he.s:18     .text.MX_USB_DEVICE_Init:0000000000000000 $t
/var/folders/_1/sgnj6dm57r56n1x62bwb5w5h0000gn/T//ccbAe6he.s:26     .text.MX_USB_DEVICE_Init:0000000000000000 MX_USB_DEVICE_Init
/var/folders/_1/sgnj6dm57r56n1x62bwb5w5h0000gn/T//ccbAe6he.s:100    .text.MX_USB_DEVICE_Init:0000000000000044 $d
                            *COM*:0000000000000224 hUsbDeviceFS

UNDEFINED SYMBOLS
USBD_Init
USBD_RegisterClass
USBD_DFU_RegisterMedia
USBD_Start
Error_Handler
FS_Desc
USBD_DFU
USBD_DFU_fops_FS
