ARM GAS  /var/folders/_1/sgnj6dm57r56n1x62bwb5w5h0000gn/T//cc1RkN8F.s 			page 1


   1              		.cpu cortex-m4
   2              		.eabi_attribute 27, 1
   3              		.eabi_attribute 28, 1
   4              		.eabi_attribute 20, 1
   5              		.eabi_attribute 21, 1
   6              		.eabi_attribute 23, 3
   7              		.eabi_attribute 24, 1
   8              		.eabi_attribute 25, 1
   9              		.eabi_attribute 26, 1
  10              		.eabi_attribute 30, 1
  11              		.eabi_attribute 34, 1
  12              		.eabi_attribute 18, 4
  13              		.file	"usbd_ioreq.c"
  14              		.text
  15              	.Ltext0:
  16              		.cfi_sections	.debug_frame
  17              		.section	.text.USBD_CtlSendData,"ax",%progbits
  18              		.align	1
  19              		.global	USBD_CtlSendData
  20              		.arch armv7e-m
  21              		.syntax unified
  22              		.thumb
  23              		.thumb_func
  24              		.fpu fpv4-sp-d16
  26              	USBD_CtlSendData:
  27              	.LVL0:
  28              	.LFB126:
  29              		.file 1 "Middlewares/ST/STM32_USB_Device_Library/Core/Src/usbd_ioreq.c"
   1:Middlewares/ST/STM32_USB_Device_Library/Core/Src/usbd_ioreq.c **** /**
   2:Middlewares/ST/STM32_USB_Device_Library/Core/Src/usbd_ioreq.c ****   ******************************************************************************
   3:Middlewares/ST/STM32_USB_Device_Library/Core/Src/usbd_ioreq.c ****   * @file    usbd_ioreq.c
   4:Middlewares/ST/STM32_USB_Device_Library/Core/Src/usbd_ioreq.c ****   * @author  MCD Application Team
   5:Middlewares/ST/STM32_USB_Device_Library/Core/Src/usbd_ioreq.c ****   * @version V2.4.2
   6:Middlewares/ST/STM32_USB_Device_Library/Core/Src/usbd_ioreq.c ****   * @date    11-December-2015
   7:Middlewares/ST/STM32_USB_Device_Library/Core/Src/usbd_ioreq.c ****   * @brief   This file provides the IO requests APIs for control endpoints.
   8:Middlewares/ST/STM32_USB_Device_Library/Core/Src/usbd_ioreq.c ****   ******************************************************************************
   9:Middlewares/ST/STM32_USB_Device_Library/Core/Src/usbd_ioreq.c ****   * @attention
  10:Middlewares/ST/STM32_USB_Device_Library/Core/Src/usbd_ioreq.c ****   *
  11:Middlewares/ST/STM32_USB_Device_Library/Core/Src/usbd_ioreq.c ****   * <h2><center>&copy; COPYRIGHT 2015 STMicroelectronics</center></h2>
  12:Middlewares/ST/STM32_USB_Device_Library/Core/Src/usbd_ioreq.c ****   *
  13:Middlewares/ST/STM32_USB_Device_Library/Core/Src/usbd_ioreq.c ****   * Licensed under MCD-ST Liberty SW License Agreement V2, (the "License");
  14:Middlewares/ST/STM32_USB_Device_Library/Core/Src/usbd_ioreq.c ****   * You may not use this file except in compliance with the License.
  15:Middlewares/ST/STM32_USB_Device_Library/Core/Src/usbd_ioreq.c ****   * You may obtain a copy of the License at:
  16:Middlewares/ST/STM32_USB_Device_Library/Core/Src/usbd_ioreq.c ****   *
  17:Middlewares/ST/STM32_USB_Device_Library/Core/Src/usbd_ioreq.c ****   *        http://www.st.com/software_license_agreement_liberty_v2
  18:Middlewares/ST/STM32_USB_Device_Library/Core/Src/usbd_ioreq.c ****   *
  19:Middlewares/ST/STM32_USB_Device_Library/Core/Src/usbd_ioreq.c ****   * Unless required by applicable law or agreed to in writing, software 
  20:Middlewares/ST/STM32_USB_Device_Library/Core/Src/usbd_ioreq.c ****   * distributed under the License is distributed on an "AS IS" BASIS, 
  21:Middlewares/ST/STM32_USB_Device_Library/Core/Src/usbd_ioreq.c ****   * WITHOUT WARRANTIES OR CONDITIONS OF ANY KIND, either express or implied.
  22:Middlewares/ST/STM32_USB_Device_Library/Core/Src/usbd_ioreq.c ****   * See the License for the specific language governing permissions and
  23:Middlewares/ST/STM32_USB_Device_Library/Core/Src/usbd_ioreq.c ****   * limitations under the License.
  24:Middlewares/ST/STM32_USB_Device_Library/Core/Src/usbd_ioreq.c ****   *
  25:Middlewares/ST/STM32_USB_Device_Library/Core/Src/usbd_ioreq.c ****   ******************************************************************************
  26:Middlewares/ST/STM32_USB_Device_Library/Core/Src/usbd_ioreq.c ****   */ 
  27:Middlewares/ST/STM32_USB_Device_Library/Core/Src/usbd_ioreq.c **** 
  28:Middlewares/ST/STM32_USB_Device_Library/Core/Src/usbd_ioreq.c **** /* Includes ------------------------------------------------------------------*/
  29:Middlewares/ST/STM32_USB_Device_Library/Core/Src/usbd_ioreq.c **** #include "usbd_ioreq.h"
ARM GAS  /var/folders/_1/sgnj6dm57r56n1x62bwb5w5h0000gn/T//cc1RkN8F.s 			page 2


  30:Middlewares/ST/STM32_USB_Device_Library/Core/Src/usbd_ioreq.c **** 
  31:Middlewares/ST/STM32_USB_Device_Library/Core/Src/usbd_ioreq.c **** /** @addtogroup STM32_USB_DEVICE_LIBRARY
  32:Middlewares/ST/STM32_USB_Device_Library/Core/Src/usbd_ioreq.c ****   * @{
  33:Middlewares/ST/STM32_USB_Device_Library/Core/Src/usbd_ioreq.c ****   */
  34:Middlewares/ST/STM32_USB_Device_Library/Core/Src/usbd_ioreq.c **** 
  35:Middlewares/ST/STM32_USB_Device_Library/Core/Src/usbd_ioreq.c **** 
  36:Middlewares/ST/STM32_USB_Device_Library/Core/Src/usbd_ioreq.c **** /** @defgroup USBD_IOREQ 
  37:Middlewares/ST/STM32_USB_Device_Library/Core/Src/usbd_ioreq.c ****   * @brief control I/O requests module
  38:Middlewares/ST/STM32_USB_Device_Library/Core/Src/usbd_ioreq.c ****   * @{
  39:Middlewares/ST/STM32_USB_Device_Library/Core/Src/usbd_ioreq.c ****   */ 
  40:Middlewares/ST/STM32_USB_Device_Library/Core/Src/usbd_ioreq.c **** 
  41:Middlewares/ST/STM32_USB_Device_Library/Core/Src/usbd_ioreq.c **** /** @defgroup USBD_IOREQ_Private_TypesDefinitions
  42:Middlewares/ST/STM32_USB_Device_Library/Core/Src/usbd_ioreq.c ****   * @{
  43:Middlewares/ST/STM32_USB_Device_Library/Core/Src/usbd_ioreq.c ****   */ 
  44:Middlewares/ST/STM32_USB_Device_Library/Core/Src/usbd_ioreq.c **** /**
  45:Middlewares/ST/STM32_USB_Device_Library/Core/Src/usbd_ioreq.c ****   * @}
  46:Middlewares/ST/STM32_USB_Device_Library/Core/Src/usbd_ioreq.c ****   */ 
  47:Middlewares/ST/STM32_USB_Device_Library/Core/Src/usbd_ioreq.c **** 
  48:Middlewares/ST/STM32_USB_Device_Library/Core/Src/usbd_ioreq.c **** 
  49:Middlewares/ST/STM32_USB_Device_Library/Core/Src/usbd_ioreq.c **** /** @defgroup USBD_IOREQ_Private_Defines
  50:Middlewares/ST/STM32_USB_Device_Library/Core/Src/usbd_ioreq.c ****   * @{
  51:Middlewares/ST/STM32_USB_Device_Library/Core/Src/usbd_ioreq.c ****   */ 
  52:Middlewares/ST/STM32_USB_Device_Library/Core/Src/usbd_ioreq.c **** 
  53:Middlewares/ST/STM32_USB_Device_Library/Core/Src/usbd_ioreq.c **** /**
  54:Middlewares/ST/STM32_USB_Device_Library/Core/Src/usbd_ioreq.c ****   * @}
  55:Middlewares/ST/STM32_USB_Device_Library/Core/Src/usbd_ioreq.c ****   */ 
  56:Middlewares/ST/STM32_USB_Device_Library/Core/Src/usbd_ioreq.c **** 
  57:Middlewares/ST/STM32_USB_Device_Library/Core/Src/usbd_ioreq.c **** 
  58:Middlewares/ST/STM32_USB_Device_Library/Core/Src/usbd_ioreq.c **** /** @defgroup USBD_IOREQ_Private_Macros
  59:Middlewares/ST/STM32_USB_Device_Library/Core/Src/usbd_ioreq.c ****   * @{
  60:Middlewares/ST/STM32_USB_Device_Library/Core/Src/usbd_ioreq.c ****   */ 
  61:Middlewares/ST/STM32_USB_Device_Library/Core/Src/usbd_ioreq.c **** /**
  62:Middlewares/ST/STM32_USB_Device_Library/Core/Src/usbd_ioreq.c ****   * @}
  63:Middlewares/ST/STM32_USB_Device_Library/Core/Src/usbd_ioreq.c ****   */ 
  64:Middlewares/ST/STM32_USB_Device_Library/Core/Src/usbd_ioreq.c **** 
  65:Middlewares/ST/STM32_USB_Device_Library/Core/Src/usbd_ioreq.c **** 
  66:Middlewares/ST/STM32_USB_Device_Library/Core/Src/usbd_ioreq.c **** /** @defgroup USBD_IOREQ_Private_Variables
  67:Middlewares/ST/STM32_USB_Device_Library/Core/Src/usbd_ioreq.c ****   * @{
  68:Middlewares/ST/STM32_USB_Device_Library/Core/Src/usbd_ioreq.c ****   */ 
  69:Middlewares/ST/STM32_USB_Device_Library/Core/Src/usbd_ioreq.c **** 
  70:Middlewares/ST/STM32_USB_Device_Library/Core/Src/usbd_ioreq.c **** /**
  71:Middlewares/ST/STM32_USB_Device_Library/Core/Src/usbd_ioreq.c ****   * @}
  72:Middlewares/ST/STM32_USB_Device_Library/Core/Src/usbd_ioreq.c ****   */ 
  73:Middlewares/ST/STM32_USB_Device_Library/Core/Src/usbd_ioreq.c **** 
  74:Middlewares/ST/STM32_USB_Device_Library/Core/Src/usbd_ioreq.c **** 
  75:Middlewares/ST/STM32_USB_Device_Library/Core/Src/usbd_ioreq.c **** /** @defgroup USBD_IOREQ_Private_FunctionPrototypes
  76:Middlewares/ST/STM32_USB_Device_Library/Core/Src/usbd_ioreq.c ****   * @{
  77:Middlewares/ST/STM32_USB_Device_Library/Core/Src/usbd_ioreq.c ****   */ 
  78:Middlewares/ST/STM32_USB_Device_Library/Core/Src/usbd_ioreq.c **** /**
  79:Middlewares/ST/STM32_USB_Device_Library/Core/Src/usbd_ioreq.c ****   * @}
  80:Middlewares/ST/STM32_USB_Device_Library/Core/Src/usbd_ioreq.c ****   */ 
  81:Middlewares/ST/STM32_USB_Device_Library/Core/Src/usbd_ioreq.c **** 
  82:Middlewares/ST/STM32_USB_Device_Library/Core/Src/usbd_ioreq.c **** 
  83:Middlewares/ST/STM32_USB_Device_Library/Core/Src/usbd_ioreq.c **** /** @defgroup USBD_IOREQ_Private_Functions
  84:Middlewares/ST/STM32_USB_Device_Library/Core/Src/usbd_ioreq.c ****   * @{
  85:Middlewares/ST/STM32_USB_Device_Library/Core/Src/usbd_ioreq.c ****   */ 
  86:Middlewares/ST/STM32_USB_Device_Library/Core/Src/usbd_ioreq.c **** 
ARM GAS  /var/folders/_1/sgnj6dm57r56n1x62bwb5w5h0000gn/T//cc1RkN8F.s 			page 3


  87:Middlewares/ST/STM32_USB_Device_Library/Core/Src/usbd_ioreq.c **** /**
  88:Middlewares/ST/STM32_USB_Device_Library/Core/Src/usbd_ioreq.c **** * @brief  USBD_CtlSendData
  89:Middlewares/ST/STM32_USB_Device_Library/Core/Src/usbd_ioreq.c **** *         send data on the ctl pipe
  90:Middlewares/ST/STM32_USB_Device_Library/Core/Src/usbd_ioreq.c **** * @param  pdev: device instance
  91:Middlewares/ST/STM32_USB_Device_Library/Core/Src/usbd_ioreq.c **** * @param  buff: pointer to data buffer
  92:Middlewares/ST/STM32_USB_Device_Library/Core/Src/usbd_ioreq.c **** * @param  len: length of data to be sent
  93:Middlewares/ST/STM32_USB_Device_Library/Core/Src/usbd_ioreq.c **** * @retval status
  94:Middlewares/ST/STM32_USB_Device_Library/Core/Src/usbd_ioreq.c **** */
  95:Middlewares/ST/STM32_USB_Device_Library/Core/Src/usbd_ioreq.c **** USBD_StatusTypeDef  USBD_CtlSendData (USBD_HandleTypeDef  *pdev, 
  96:Middlewares/ST/STM32_USB_Device_Library/Core/Src/usbd_ioreq.c ****                                uint8_t *pbuf,
  97:Middlewares/ST/STM32_USB_Device_Library/Core/Src/usbd_ioreq.c ****                                uint16_t len)
  98:Middlewares/ST/STM32_USB_Device_Library/Core/Src/usbd_ioreq.c **** {
  30              		.loc 1 98 1 view -0
  31              		.cfi_startproc
  32              		@ args = 0, pretend = 0, frame = 0
  33              		@ frame_needed = 0, uses_anonymous_args = 0
  34              		.loc 1 98 1 is_stmt 0 view .LVU1
  35 0000 10B5     		push	{r4, lr}
  36              	.LCFI0:
  37              		.cfi_def_cfa_offset 8
  38              		.cfi_offset 4, -8
  39              		.cfi_offset 14, -4
  40 0002 1346     		mov	r3, r2
  99:Middlewares/ST/STM32_USB_Device_Library/Core/Src/usbd_ioreq.c ****   /* Set EP0 State */
 100:Middlewares/ST/STM32_USB_Device_Library/Core/Src/usbd_ioreq.c ****   pdev->ep0_state          = USBD_EP0_DATA_IN;                                      
  41              		.loc 1 100 3 is_stmt 1 view .LVU2
  42              		.loc 1 100 28 is_stmt 0 view .LVU3
  43 0004 0222     		movs	r2, #2
  44              	.LVL1:
  45              		.loc 1 100 28 view .LVU4
  46 0006 C0F8F421 		str	r2, [r0, #500]
 101:Middlewares/ST/STM32_USB_Device_Library/Core/Src/usbd_ioreq.c ****   pdev->ep_in[0].total_length = len;
  47              		.loc 1 101 3 is_stmt 1 view .LVU5
  48              		.loc 1 101 31 is_stmt 0 view .LVU6
  49 000a 8361     		str	r3, [r0, #24]
 102:Middlewares/ST/STM32_USB_Device_Library/Core/Src/usbd_ioreq.c ****   pdev->ep_in[0].rem_length   = len;
  50              		.loc 1 102 3 is_stmt 1 view .LVU7
  51              		.loc 1 102 31 is_stmt 0 view .LVU8
  52 000c C361     		str	r3, [r0, #28]
 103:Middlewares/ST/STM32_USB_Device_Library/Core/Src/usbd_ioreq.c ****  /* Start the transfer */
 104:Middlewares/ST/STM32_USB_Device_Library/Core/Src/usbd_ioreq.c ****   USBD_LL_Transmit (pdev, 0x00, pbuf, len);  
  53              		.loc 1 104 3 is_stmt 1 view .LVU9
  54 000e 0A46     		mov	r2, r1
  55 0010 0021     		movs	r1, #0
  56              	.LVL2:
  57              		.loc 1 104 3 is_stmt 0 view .LVU10
  58 0012 FFF7FEFF 		bl	USBD_LL_Transmit
  59              	.LVL3:
 105:Middlewares/ST/STM32_USB_Device_Library/Core/Src/usbd_ioreq.c ****   
 106:Middlewares/ST/STM32_USB_Device_Library/Core/Src/usbd_ioreq.c ****   return USBD_OK;
  60              		.loc 1 106 3 is_stmt 1 view .LVU11
 107:Middlewares/ST/STM32_USB_Device_Library/Core/Src/usbd_ioreq.c **** }
  61              		.loc 1 107 1 is_stmt 0 view .LVU12
  62 0016 0020     		movs	r0, #0
  63 0018 10BD     		pop	{r4, pc}
  64              		.cfi_endproc
  65              	.LFE126:
ARM GAS  /var/folders/_1/sgnj6dm57r56n1x62bwb5w5h0000gn/T//cc1RkN8F.s 			page 4


  67              		.section	.text.USBD_CtlContinueSendData,"ax",%progbits
  68              		.align	1
  69              		.global	USBD_CtlContinueSendData
  70              		.syntax unified
  71              		.thumb
  72              		.thumb_func
  73              		.fpu fpv4-sp-d16
  75              	USBD_CtlContinueSendData:
  76              	.LVL4:
  77              	.LFB127:
 108:Middlewares/ST/STM32_USB_Device_Library/Core/Src/usbd_ioreq.c **** 
 109:Middlewares/ST/STM32_USB_Device_Library/Core/Src/usbd_ioreq.c **** /**
 110:Middlewares/ST/STM32_USB_Device_Library/Core/Src/usbd_ioreq.c **** * @brief  USBD_CtlContinueSendData
 111:Middlewares/ST/STM32_USB_Device_Library/Core/Src/usbd_ioreq.c **** *         continue sending data on the ctl pipe
 112:Middlewares/ST/STM32_USB_Device_Library/Core/Src/usbd_ioreq.c **** * @param  pdev: device instance
 113:Middlewares/ST/STM32_USB_Device_Library/Core/Src/usbd_ioreq.c **** * @param  buff: pointer to data buffer
 114:Middlewares/ST/STM32_USB_Device_Library/Core/Src/usbd_ioreq.c **** * @param  len: length of data to be sent
 115:Middlewares/ST/STM32_USB_Device_Library/Core/Src/usbd_ioreq.c **** * @retval status
 116:Middlewares/ST/STM32_USB_Device_Library/Core/Src/usbd_ioreq.c **** */
 117:Middlewares/ST/STM32_USB_Device_Library/Core/Src/usbd_ioreq.c **** USBD_StatusTypeDef  USBD_CtlContinueSendData (USBD_HandleTypeDef  *pdev, 
 118:Middlewares/ST/STM32_USB_Device_Library/Core/Src/usbd_ioreq.c ****                                        uint8_t *pbuf,
 119:Middlewares/ST/STM32_USB_Device_Library/Core/Src/usbd_ioreq.c ****                                        uint16_t len)
 120:Middlewares/ST/STM32_USB_Device_Library/Core/Src/usbd_ioreq.c **** {
  78              		.loc 1 120 1 is_stmt 1 view -0
  79              		.cfi_startproc
  80              		@ args = 0, pretend = 0, frame = 0
  81              		@ frame_needed = 0, uses_anonymous_args = 0
  82              		.loc 1 120 1 is_stmt 0 view .LVU14
  83 0000 08B5     		push	{r3, lr}
  84              	.LCFI1:
  85              		.cfi_def_cfa_offset 8
  86              		.cfi_offset 3, -8
  87              		.cfi_offset 14, -4
 121:Middlewares/ST/STM32_USB_Device_Library/Core/Src/usbd_ioreq.c ****  /* Start the next transfer */
 122:Middlewares/ST/STM32_USB_Device_Library/Core/Src/usbd_ioreq.c ****   USBD_LL_Transmit (pdev, 0x00, pbuf, len);   
  88              		.loc 1 122 3 is_stmt 1 view .LVU15
  89 0002 1346     		mov	r3, r2
  90 0004 0A46     		mov	r2, r1
  91              	.LVL5:
  92              		.loc 1 122 3 is_stmt 0 view .LVU16
  93 0006 0021     		movs	r1, #0
  94              	.LVL6:
  95              		.loc 1 122 3 view .LVU17
  96 0008 FFF7FEFF 		bl	USBD_LL_Transmit
  97              	.LVL7:
 123:Middlewares/ST/STM32_USB_Device_Library/Core/Src/usbd_ioreq.c ****   
 124:Middlewares/ST/STM32_USB_Device_Library/Core/Src/usbd_ioreq.c ****   return USBD_OK;
  98              		.loc 1 124 3 is_stmt 1 view .LVU18
 125:Middlewares/ST/STM32_USB_Device_Library/Core/Src/usbd_ioreq.c **** }
  99              		.loc 1 125 1 is_stmt 0 view .LVU19
 100 000c 0020     		movs	r0, #0
 101 000e 08BD     		pop	{r3, pc}
 102              		.cfi_endproc
 103              	.LFE127:
 105              		.section	.text.USBD_CtlPrepareRx,"ax",%progbits
 106              		.align	1
 107              		.global	USBD_CtlPrepareRx
ARM GAS  /var/folders/_1/sgnj6dm57r56n1x62bwb5w5h0000gn/T//cc1RkN8F.s 			page 5


 108              		.syntax unified
 109              		.thumb
 110              		.thumb_func
 111              		.fpu fpv4-sp-d16
 113              	USBD_CtlPrepareRx:
 114              	.LVL8:
 115              	.LFB128:
 126:Middlewares/ST/STM32_USB_Device_Library/Core/Src/usbd_ioreq.c **** 
 127:Middlewares/ST/STM32_USB_Device_Library/Core/Src/usbd_ioreq.c **** /**
 128:Middlewares/ST/STM32_USB_Device_Library/Core/Src/usbd_ioreq.c **** * @brief  USBD_CtlPrepareRx
 129:Middlewares/ST/STM32_USB_Device_Library/Core/Src/usbd_ioreq.c **** *         receive data on the ctl pipe
 130:Middlewares/ST/STM32_USB_Device_Library/Core/Src/usbd_ioreq.c **** * @param  pdev: device instance
 131:Middlewares/ST/STM32_USB_Device_Library/Core/Src/usbd_ioreq.c **** * @param  buff: pointer to data buffer
 132:Middlewares/ST/STM32_USB_Device_Library/Core/Src/usbd_ioreq.c **** * @param  len: length of data to be received
 133:Middlewares/ST/STM32_USB_Device_Library/Core/Src/usbd_ioreq.c **** * @retval status
 134:Middlewares/ST/STM32_USB_Device_Library/Core/Src/usbd_ioreq.c **** */
 135:Middlewares/ST/STM32_USB_Device_Library/Core/Src/usbd_ioreq.c **** USBD_StatusTypeDef  USBD_CtlPrepareRx (USBD_HandleTypeDef  *pdev,
 136:Middlewares/ST/STM32_USB_Device_Library/Core/Src/usbd_ioreq.c ****                                   uint8_t *pbuf,                                  
 137:Middlewares/ST/STM32_USB_Device_Library/Core/Src/usbd_ioreq.c ****                                   uint16_t len)
 138:Middlewares/ST/STM32_USB_Device_Library/Core/Src/usbd_ioreq.c **** {
 116              		.loc 1 138 1 is_stmt 1 view -0
 117              		.cfi_startproc
 118              		@ args = 0, pretend = 0, frame = 0
 119              		@ frame_needed = 0, uses_anonymous_args = 0
 120              		.loc 1 138 1 is_stmt 0 view .LVU21
 121 0000 10B5     		push	{r4, lr}
 122              	.LCFI2:
 123              		.cfi_def_cfa_offset 8
 124              		.cfi_offset 4, -8
 125              		.cfi_offset 14, -4
 126 0002 1346     		mov	r3, r2
 139:Middlewares/ST/STM32_USB_Device_Library/Core/Src/usbd_ioreq.c ****   /* Set EP0 State */
 140:Middlewares/ST/STM32_USB_Device_Library/Core/Src/usbd_ioreq.c ****   pdev->ep0_state = USBD_EP0_DATA_OUT; 
 127              		.loc 1 140 3 is_stmt 1 view .LVU22
 128              		.loc 1 140 19 is_stmt 0 view .LVU23
 129 0004 0322     		movs	r2, #3
 130              	.LVL9:
 131              		.loc 1 140 19 view .LVU24
 132 0006 C0F8F421 		str	r2, [r0, #500]
 141:Middlewares/ST/STM32_USB_Device_Library/Core/Src/usbd_ioreq.c ****   pdev->ep_out[0].total_length = len;
 133              		.loc 1 141 3 is_stmt 1 view .LVU25
 134              		.loc 1 141 32 is_stmt 0 view .LVU26
 135 000a C0F80831 		str	r3, [r0, #264]
 142:Middlewares/ST/STM32_USB_Device_Library/Core/Src/usbd_ioreq.c ****   pdev->ep_out[0].rem_length   = len;
 136              		.loc 1 142 3 is_stmt 1 view .LVU27
 137              		.loc 1 142 32 is_stmt 0 view .LVU28
 138 000e C0F80C31 		str	r3, [r0, #268]
 143:Middlewares/ST/STM32_USB_Device_Library/Core/Src/usbd_ioreq.c ****   /* Start the transfer */
 144:Middlewares/ST/STM32_USB_Device_Library/Core/Src/usbd_ioreq.c ****   USBD_LL_PrepareReceive (pdev,
 139              		.loc 1 144 3 is_stmt 1 view .LVU29
 140 0012 0A46     		mov	r2, r1
 141 0014 0021     		movs	r1, #0
 142              	.LVL10:
 143              		.loc 1 144 3 is_stmt 0 view .LVU30
 144 0016 FFF7FEFF 		bl	USBD_LL_PrepareReceive
 145              	.LVL11:
 145:Middlewares/ST/STM32_USB_Device_Library/Core/Src/usbd_ioreq.c ****                           0,
ARM GAS  /var/folders/_1/sgnj6dm57r56n1x62bwb5w5h0000gn/T//cc1RkN8F.s 			page 6


 146:Middlewares/ST/STM32_USB_Device_Library/Core/Src/usbd_ioreq.c ****                           pbuf,
 147:Middlewares/ST/STM32_USB_Device_Library/Core/Src/usbd_ioreq.c ****                          len);
 148:Middlewares/ST/STM32_USB_Device_Library/Core/Src/usbd_ioreq.c ****   
 149:Middlewares/ST/STM32_USB_Device_Library/Core/Src/usbd_ioreq.c ****   return USBD_OK;
 146              		.loc 1 149 3 is_stmt 1 view .LVU31
 150:Middlewares/ST/STM32_USB_Device_Library/Core/Src/usbd_ioreq.c **** }
 147              		.loc 1 150 1 is_stmt 0 view .LVU32
 148 001a 0020     		movs	r0, #0
 149 001c 10BD     		pop	{r4, pc}
 150              		.cfi_endproc
 151              	.LFE128:
 153              		.section	.text.USBD_CtlContinueRx,"ax",%progbits
 154              		.align	1
 155              		.global	USBD_CtlContinueRx
 156              		.syntax unified
 157              		.thumb
 158              		.thumb_func
 159              		.fpu fpv4-sp-d16
 161              	USBD_CtlContinueRx:
 162              	.LVL12:
 163              	.LFB129:
 151:Middlewares/ST/STM32_USB_Device_Library/Core/Src/usbd_ioreq.c **** 
 152:Middlewares/ST/STM32_USB_Device_Library/Core/Src/usbd_ioreq.c **** /**
 153:Middlewares/ST/STM32_USB_Device_Library/Core/Src/usbd_ioreq.c **** * @brief  USBD_CtlContinueRx
 154:Middlewares/ST/STM32_USB_Device_Library/Core/Src/usbd_ioreq.c **** *         continue receive data on the ctl pipe
 155:Middlewares/ST/STM32_USB_Device_Library/Core/Src/usbd_ioreq.c **** * @param  pdev: device instance
 156:Middlewares/ST/STM32_USB_Device_Library/Core/Src/usbd_ioreq.c **** * @param  buff: pointer to data buffer
 157:Middlewares/ST/STM32_USB_Device_Library/Core/Src/usbd_ioreq.c **** * @param  len: length of data to be received
 158:Middlewares/ST/STM32_USB_Device_Library/Core/Src/usbd_ioreq.c **** * @retval status
 159:Middlewares/ST/STM32_USB_Device_Library/Core/Src/usbd_ioreq.c **** */
 160:Middlewares/ST/STM32_USB_Device_Library/Core/Src/usbd_ioreq.c **** USBD_StatusTypeDef  USBD_CtlContinueRx (USBD_HandleTypeDef  *pdev, 
 161:Middlewares/ST/STM32_USB_Device_Library/Core/Src/usbd_ioreq.c ****                                           uint8_t *pbuf,                                          
 162:Middlewares/ST/STM32_USB_Device_Library/Core/Src/usbd_ioreq.c ****                                           uint16_t len)
 163:Middlewares/ST/STM32_USB_Device_Library/Core/Src/usbd_ioreq.c **** {
 164              		.loc 1 163 1 is_stmt 1 view -0
 165              		.cfi_startproc
 166              		@ args = 0, pretend = 0, frame = 0
 167              		@ frame_needed = 0, uses_anonymous_args = 0
 168              		.loc 1 163 1 is_stmt 0 view .LVU34
 169 0000 08B5     		push	{r3, lr}
 170              	.LCFI3:
 171              		.cfi_def_cfa_offset 8
 172              		.cfi_offset 3, -8
 173              		.cfi_offset 14, -4
 164:Middlewares/ST/STM32_USB_Device_Library/Core/Src/usbd_ioreq.c **** 
 165:Middlewares/ST/STM32_USB_Device_Library/Core/Src/usbd_ioreq.c ****   USBD_LL_PrepareReceive (pdev,
 174              		.loc 1 165 3 is_stmt 1 view .LVU35
 175 0002 1346     		mov	r3, r2
 176 0004 0A46     		mov	r2, r1
 177              	.LVL13:
 178              		.loc 1 165 3 is_stmt 0 view .LVU36
 179 0006 0021     		movs	r1, #0
 180              	.LVL14:
 181              		.loc 1 165 3 view .LVU37
 182 0008 FFF7FEFF 		bl	USBD_LL_PrepareReceive
 183              	.LVL15:
 166:Middlewares/ST/STM32_USB_Device_Library/Core/Src/usbd_ioreq.c ****                           0,                     
ARM GAS  /var/folders/_1/sgnj6dm57r56n1x62bwb5w5h0000gn/T//cc1RkN8F.s 			page 7


 167:Middlewares/ST/STM32_USB_Device_Library/Core/Src/usbd_ioreq.c ****                           pbuf,                         
 168:Middlewares/ST/STM32_USB_Device_Library/Core/Src/usbd_ioreq.c ****                           len);
 169:Middlewares/ST/STM32_USB_Device_Library/Core/Src/usbd_ioreq.c ****   return USBD_OK;
 184              		.loc 1 169 3 is_stmt 1 view .LVU38
 170:Middlewares/ST/STM32_USB_Device_Library/Core/Src/usbd_ioreq.c **** }
 185              		.loc 1 170 1 is_stmt 0 view .LVU39
 186 000c 0020     		movs	r0, #0
 187 000e 08BD     		pop	{r3, pc}
 188              		.cfi_endproc
 189              	.LFE129:
 191              		.section	.text.USBD_CtlSendStatus,"ax",%progbits
 192              		.align	1
 193              		.global	USBD_CtlSendStatus
 194              		.syntax unified
 195              		.thumb
 196              		.thumb_func
 197              		.fpu fpv4-sp-d16
 199              	USBD_CtlSendStatus:
 200              	.LVL16:
 201              	.LFB130:
 171:Middlewares/ST/STM32_USB_Device_Library/Core/Src/usbd_ioreq.c **** /**
 172:Middlewares/ST/STM32_USB_Device_Library/Core/Src/usbd_ioreq.c **** * @brief  USBD_CtlSendStatus
 173:Middlewares/ST/STM32_USB_Device_Library/Core/Src/usbd_ioreq.c **** *         send zero lzngth packet on the ctl pipe
 174:Middlewares/ST/STM32_USB_Device_Library/Core/Src/usbd_ioreq.c **** * @param  pdev: device instance
 175:Middlewares/ST/STM32_USB_Device_Library/Core/Src/usbd_ioreq.c **** * @retval status
 176:Middlewares/ST/STM32_USB_Device_Library/Core/Src/usbd_ioreq.c **** */
 177:Middlewares/ST/STM32_USB_Device_Library/Core/Src/usbd_ioreq.c **** USBD_StatusTypeDef  USBD_CtlSendStatus (USBD_HandleTypeDef  *pdev)
 178:Middlewares/ST/STM32_USB_Device_Library/Core/Src/usbd_ioreq.c **** {
 202              		.loc 1 178 1 is_stmt 1 view -0
 203              		.cfi_startproc
 204              		@ args = 0, pretend = 0, frame = 0
 205              		@ frame_needed = 0, uses_anonymous_args = 0
 206              		.loc 1 178 1 is_stmt 0 view .LVU41
 207 0000 08B5     		push	{r3, lr}
 208              	.LCFI4:
 209              		.cfi_def_cfa_offset 8
 210              		.cfi_offset 3, -8
 211              		.cfi_offset 14, -4
 179:Middlewares/ST/STM32_USB_Device_Library/Core/Src/usbd_ioreq.c **** 
 180:Middlewares/ST/STM32_USB_Device_Library/Core/Src/usbd_ioreq.c ****   /* Set EP0 State */
 181:Middlewares/ST/STM32_USB_Device_Library/Core/Src/usbd_ioreq.c ****   pdev->ep0_state = USBD_EP0_STATUS_IN;
 212              		.loc 1 181 3 is_stmt 1 view .LVU42
 213              		.loc 1 181 19 is_stmt 0 view .LVU43
 214 0002 0423     		movs	r3, #4
 215 0004 C0F8F431 		str	r3, [r0, #500]
 182:Middlewares/ST/STM32_USB_Device_Library/Core/Src/usbd_ioreq.c ****   
 183:Middlewares/ST/STM32_USB_Device_Library/Core/Src/usbd_ioreq.c ****  /* Start the transfer */
 184:Middlewares/ST/STM32_USB_Device_Library/Core/Src/usbd_ioreq.c ****   USBD_LL_Transmit (pdev, 0x00, NULL, 0);   
 216              		.loc 1 184 3 is_stmt 1 view .LVU44
 217 0008 0023     		movs	r3, #0
 218 000a 1A46     		mov	r2, r3
 219 000c 1946     		mov	r1, r3
 220 000e FFF7FEFF 		bl	USBD_LL_Transmit
 221              	.LVL17:
 185:Middlewares/ST/STM32_USB_Device_Library/Core/Src/usbd_ioreq.c ****   
 186:Middlewares/ST/STM32_USB_Device_Library/Core/Src/usbd_ioreq.c ****   return USBD_OK;
 222              		.loc 1 186 3 view .LVU45
ARM GAS  /var/folders/_1/sgnj6dm57r56n1x62bwb5w5h0000gn/T//cc1RkN8F.s 			page 8


 187:Middlewares/ST/STM32_USB_Device_Library/Core/Src/usbd_ioreq.c **** }
 223              		.loc 1 187 1 is_stmt 0 view .LVU46
 224 0012 0020     		movs	r0, #0
 225 0014 08BD     		pop	{r3, pc}
 226              		.cfi_endproc
 227              	.LFE130:
 229              		.section	.text.USBD_CtlReceiveStatus,"ax",%progbits
 230              		.align	1
 231              		.global	USBD_CtlReceiveStatus
 232              		.syntax unified
 233              		.thumb
 234              		.thumb_func
 235              		.fpu fpv4-sp-d16
 237              	USBD_CtlReceiveStatus:
 238              	.LVL18:
 239              	.LFB131:
 188:Middlewares/ST/STM32_USB_Device_Library/Core/Src/usbd_ioreq.c **** 
 189:Middlewares/ST/STM32_USB_Device_Library/Core/Src/usbd_ioreq.c **** /**
 190:Middlewares/ST/STM32_USB_Device_Library/Core/Src/usbd_ioreq.c **** * @brief  USBD_CtlReceiveStatus
 191:Middlewares/ST/STM32_USB_Device_Library/Core/Src/usbd_ioreq.c **** *         receive zero lzngth packet on the ctl pipe
 192:Middlewares/ST/STM32_USB_Device_Library/Core/Src/usbd_ioreq.c **** * @param  pdev: device instance
 193:Middlewares/ST/STM32_USB_Device_Library/Core/Src/usbd_ioreq.c **** * @retval status
 194:Middlewares/ST/STM32_USB_Device_Library/Core/Src/usbd_ioreq.c **** */
 195:Middlewares/ST/STM32_USB_Device_Library/Core/Src/usbd_ioreq.c **** USBD_StatusTypeDef  USBD_CtlReceiveStatus (USBD_HandleTypeDef  *pdev)
 196:Middlewares/ST/STM32_USB_Device_Library/Core/Src/usbd_ioreq.c **** {
 240              		.loc 1 196 1 is_stmt 1 view -0
 241              		.cfi_startproc
 242              		@ args = 0, pretend = 0, frame = 0
 243              		@ frame_needed = 0, uses_anonymous_args = 0
 244              		.loc 1 196 1 is_stmt 0 view .LVU48
 245 0000 08B5     		push	{r3, lr}
 246              	.LCFI5:
 247              		.cfi_def_cfa_offset 8
 248              		.cfi_offset 3, -8
 249              		.cfi_offset 14, -4
 197:Middlewares/ST/STM32_USB_Device_Library/Core/Src/usbd_ioreq.c ****   /* Set EP0 State */
 198:Middlewares/ST/STM32_USB_Device_Library/Core/Src/usbd_ioreq.c ****   pdev->ep0_state = USBD_EP0_STATUS_OUT; 
 250              		.loc 1 198 3 is_stmt 1 view .LVU49
 251              		.loc 1 198 19 is_stmt 0 view .LVU50
 252 0002 0523     		movs	r3, #5
 253 0004 C0F8F431 		str	r3, [r0, #500]
 199:Middlewares/ST/STM32_USB_Device_Library/Core/Src/usbd_ioreq.c ****   
 200:Middlewares/ST/STM32_USB_Device_Library/Core/Src/usbd_ioreq.c ****  /* Start the transfer */  
 201:Middlewares/ST/STM32_USB_Device_Library/Core/Src/usbd_ioreq.c ****   USBD_LL_PrepareReceive ( pdev,
 254              		.loc 1 201 3 is_stmt 1 view .LVU51
 255 0008 0023     		movs	r3, #0
 256 000a 1A46     		mov	r2, r3
 257 000c 1946     		mov	r1, r3
 258 000e FFF7FEFF 		bl	USBD_LL_PrepareReceive
 259              	.LVL19:
 202:Middlewares/ST/STM32_USB_Device_Library/Core/Src/usbd_ioreq.c ****                     0,
 203:Middlewares/ST/STM32_USB_Device_Library/Core/Src/usbd_ioreq.c ****                     NULL,
 204:Middlewares/ST/STM32_USB_Device_Library/Core/Src/usbd_ioreq.c ****                     0);  
 205:Middlewares/ST/STM32_USB_Device_Library/Core/Src/usbd_ioreq.c **** 
 206:Middlewares/ST/STM32_USB_Device_Library/Core/Src/usbd_ioreq.c ****   return USBD_OK;
 260              		.loc 1 206 3 view .LVU52
 207:Middlewares/ST/STM32_USB_Device_Library/Core/Src/usbd_ioreq.c **** }
ARM GAS  /var/folders/_1/sgnj6dm57r56n1x62bwb5w5h0000gn/T//cc1RkN8F.s 			page 9


 261              		.loc 1 207 1 is_stmt 0 view .LVU53
 262 0012 0020     		movs	r0, #0
 263 0014 08BD     		pop	{r3, pc}
 264              		.cfi_endproc
 265              	.LFE131:
 267              		.section	.text.USBD_GetRxCount,"ax",%progbits
 268              		.align	1
 269              		.global	USBD_GetRxCount
 270              		.syntax unified
 271              		.thumb
 272              		.thumb_func
 273              		.fpu fpv4-sp-d16
 275              	USBD_GetRxCount:
 276              	.LVL20:
 277              	.LFB132:
 208:Middlewares/ST/STM32_USB_Device_Library/Core/Src/usbd_ioreq.c **** 
 209:Middlewares/ST/STM32_USB_Device_Library/Core/Src/usbd_ioreq.c **** 
 210:Middlewares/ST/STM32_USB_Device_Library/Core/Src/usbd_ioreq.c **** /**
 211:Middlewares/ST/STM32_USB_Device_Library/Core/Src/usbd_ioreq.c **** * @brief  USBD_GetRxCount
 212:Middlewares/ST/STM32_USB_Device_Library/Core/Src/usbd_ioreq.c **** *         returns the received data length
 213:Middlewares/ST/STM32_USB_Device_Library/Core/Src/usbd_ioreq.c **** * @param  pdev: device instance
 214:Middlewares/ST/STM32_USB_Device_Library/Core/Src/usbd_ioreq.c **** * @param  ep_addr: endpoint address
 215:Middlewares/ST/STM32_USB_Device_Library/Core/Src/usbd_ioreq.c **** * @retval Rx Data blength
 216:Middlewares/ST/STM32_USB_Device_Library/Core/Src/usbd_ioreq.c **** */
 217:Middlewares/ST/STM32_USB_Device_Library/Core/Src/usbd_ioreq.c **** uint16_t  USBD_GetRxCount (USBD_HandleTypeDef  *pdev , uint8_t ep_addr)
 218:Middlewares/ST/STM32_USB_Device_Library/Core/Src/usbd_ioreq.c **** {
 278              		.loc 1 218 1 is_stmt 1 view -0
 279              		.cfi_startproc
 280              		@ args = 0, pretend = 0, frame = 0
 281              		@ frame_needed = 0, uses_anonymous_args = 0
 282              		.loc 1 218 1 is_stmt 0 view .LVU55
 283 0000 08B5     		push	{r3, lr}
 284              	.LCFI6:
 285              		.cfi_def_cfa_offset 8
 286              		.cfi_offset 3, -8
 287              		.cfi_offset 14, -4
 219:Middlewares/ST/STM32_USB_Device_Library/Core/Src/usbd_ioreq.c ****   return USBD_LL_GetRxDataSize(pdev, ep_addr);
 288              		.loc 1 219 3 is_stmt 1 view .LVU56
 289              		.loc 1 219 10 is_stmt 0 view .LVU57
 290 0002 FFF7FEFF 		bl	USBD_LL_GetRxDataSize
 291              	.LVL21:
 220:Middlewares/ST/STM32_USB_Device_Library/Core/Src/usbd_ioreq.c **** }
 292              		.loc 1 220 1 view .LVU58
 293 0006 80B2     		uxth	r0, r0
 294 0008 08BD     		pop	{r3, pc}
 295              		.cfi_endproc
 296              	.LFE132:
 298              		.text
 299              	.Letext0:
 300              		.file 2 "/usr/local/opt/gcc-arm-none-eabi-8-2019-q3-update/arm-none-eabi/include/machine/_default_
 301              		.file 3 "/usr/local/opt/gcc-arm-none-eabi-8-2019-q3-update/lib/gcc/arm-none-eabi/8.3.1/include/std
 302              		.file 4 "/usr/local/opt/gcc-arm-none-eabi-8-2019-q3-update/arm-none-eabi/include/sys/_types.h"
 303              		.file 5 "/usr/local/opt/gcc-arm-none-eabi-8-2019-q3-update/arm-none-eabi/include/sys/reent.h"
 304              		.file 6 "/usr/local/opt/gcc-arm-none-eabi-8-2019-q3-update/arm-none-eabi/include/sys/lock.h"
 305              		.file 7 "/usr/local/opt/gcc-arm-none-eabi-8-2019-q3-update/arm-none-eabi/include/sys/_stdint.h"
 306              		.file 8 "/usr/local/opt/gcc-arm-none-eabi-8-2019-q3-update/arm-none-eabi/include/stdlib.h"
 307              		.file 9 "Drivers/CMSIS/Include/core_cm4.h"
ARM GAS  /var/folders/_1/sgnj6dm57r56n1x62bwb5w5h0000gn/T//cc1RkN8F.s 			page 10


 308              		.file 10 "Drivers/CMSIS/Device/ST/STM32F3xx/Include/system_stm32f3xx.h"
 309              		.file 11 "Drivers/STM32F3xx_HAL_Driver/Inc/stm32f3xx_hal.h"
 310              		.file 12 "Middlewares/ST/STM32_USB_Device_Library/Core/Inc/usbd_def.h"
 311              		.file 13 "Middlewares/ST/STM32_USB_Device_Library/Core/Inc/usbd_core.h"
ARM GAS  /var/folders/_1/sgnj6dm57r56n1x62bwb5w5h0000gn/T//cc1RkN8F.s 			page 11


DEFINED SYMBOLS
                            *ABS*:0000000000000000 usbd_ioreq.c
/var/folders/_1/sgnj6dm57r56n1x62bwb5w5h0000gn/T//cc1RkN8F.s:18     .text.USBD_CtlSendData:0000000000000000 $t
/var/folders/_1/sgnj6dm57r56n1x62bwb5w5h0000gn/T//cc1RkN8F.s:26     .text.USBD_CtlSendData:0000000000000000 USBD_CtlSendData
/var/folders/_1/sgnj6dm57r56n1x62bwb5w5h0000gn/T//cc1RkN8F.s:68     .text.USBD_CtlContinueSendData:0000000000000000 $t
/var/folders/_1/sgnj6dm57r56n1x62bwb5w5h0000gn/T//cc1RkN8F.s:75     .text.USBD_CtlContinueSendData:0000000000000000 USBD_CtlContinueSendData
/var/folders/_1/sgnj6dm57r56n1x62bwb5w5h0000gn/T//cc1RkN8F.s:106    .text.USBD_CtlPrepareRx:0000000000000000 $t
/var/folders/_1/sgnj6dm57r56n1x62bwb5w5h0000gn/T//cc1RkN8F.s:113    .text.USBD_CtlPrepareRx:0000000000000000 USBD_CtlPrepareRx
/var/folders/_1/sgnj6dm57r56n1x62bwb5w5h0000gn/T//cc1RkN8F.s:154    .text.USBD_CtlContinueRx:0000000000000000 $t
/var/folders/_1/sgnj6dm57r56n1x62bwb5w5h0000gn/T//cc1RkN8F.s:161    .text.USBD_CtlContinueRx:0000000000000000 USBD_CtlContinueRx
/var/folders/_1/sgnj6dm57r56n1x62bwb5w5h0000gn/T//cc1RkN8F.s:192    .text.USBD_CtlSendStatus:0000000000000000 $t
/var/folders/_1/sgnj6dm57r56n1x62bwb5w5h0000gn/T//cc1RkN8F.s:199    .text.USBD_CtlSendStatus:0000000000000000 USBD_CtlSendStatus
/var/folders/_1/sgnj6dm57r56n1x62bwb5w5h0000gn/T//cc1RkN8F.s:230    .text.USBD_CtlReceiveStatus:0000000000000000 $t
/var/folders/_1/sgnj6dm57r56n1x62bwb5w5h0000gn/T//cc1RkN8F.s:237    .text.USBD_CtlReceiveStatus:0000000000000000 USBD_CtlReceiveStatus
/var/folders/_1/sgnj6dm57r56n1x62bwb5w5h0000gn/T//cc1RkN8F.s:268    .text.USBD_GetRxCount:0000000000000000 $t
/var/folders/_1/sgnj6dm57r56n1x62bwb5w5h0000gn/T//cc1RkN8F.s:275    .text.USBD_GetRxCount:0000000000000000 USBD_GetRxCount

UNDEFINED SYMBOLS
USBD_LL_Transmit
USBD_LL_PrepareReceive
USBD_LL_GetRxDataSize
