ARM GAS  /var/folders/8c/gyvcglfx7f97kbqb2h83mm_r0000gn/T//ccWOsEGE.s 			page 1


   1              		.cpu cortex-m4
   2              		.eabi_attribute 27, 1
   3              		.eabi_attribute 28, 1
   4              		.eabi_attribute 20, 1
   5              		.eabi_attribute 21, 1
   6              		.eabi_attribute 23, 3
   7              		.eabi_attribute 24, 1
   8              		.eabi_attribute 25, 1
   9              		.eabi_attribute 26, 1
  10              		.eabi_attribute 30, 1
  11              		.eabi_attribute 34, 1
  12              		.eabi_attribute 18, 4
  13              		.file	"gpio.c"
  14              		.text
  15              	.Ltext0:
  16              		.cfi_sections	.debug_frame
  17              		.section	.text.MX_GPIO_Init,"ax",%progbits
  18              		.align	1
  19              		.global	MX_GPIO_Init
  20              		.arch armv7e-m
  21              		.syntax unified
  22              		.thumb
  23              		.thumb_func
  24              		.fpu fpv4-sp-d16
  26              	MX_GPIO_Init:
  27              	.LFB126:
  28              		.file 1 "Src/gpio.c"
   1:Src/gpio.c    **** /**
   2:Src/gpio.c    ****   ******************************************************************************
   3:Src/gpio.c    ****   * File Name          : gpio.c
   4:Src/gpio.c    ****   * Description        : This file provides code for the configuration
   5:Src/gpio.c    ****   *                      of all used GPIO pins.
   6:Src/gpio.c    ****   ******************************************************************************
   7:Src/gpio.c    ****   ** This notice applies to any and all portions of this file
   8:Src/gpio.c    ****   * that are not between comment pairs USER CODE BEGIN and
   9:Src/gpio.c    ****   * USER CODE END. Other portions of this file, whether 
  10:Src/gpio.c    ****   * inserted by the user or by software development tools
  11:Src/gpio.c    ****   * are owned by their respective copyright owners.
  12:Src/gpio.c    ****   *
  13:Src/gpio.c    ****   * COPYRIGHT(c) 2018 STMicroelectronics
  14:Src/gpio.c    ****   *
  15:Src/gpio.c    ****   * Redistribution and use in source and binary forms, with or without modification,
  16:Src/gpio.c    ****   * are permitted provided that the following conditions are met:
  17:Src/gpio.c    ****   *   1. Redistributions of source code must retain the above copyright notice,
  18:Src/gpio.c    ****   *      this list of conditions and the following disclaimer.
  19:Src/gpio.c    ****   *   2. Redistributions in binary form must reproduce the above copyright notice,
  20:Src/gpio.c    ****   *      this list of conditions and the following disclaimer in the documentation
  21:Src/gpio.c    ****   *      and/or other materials provided with the distribution.
  22:Src/gpio.c    ****   *   3. Neither the name of STMicroelectronics nor the names of its contributors
  23:Src/gpio.c    ****   *      may be used to endorse or promote products derived from this software
  24:Src/gpio.c    ****   *      without specific prior written permission.
  25:Src/gpio.c    ****   *
  26:Src/gpio.c    ****   * THIS SOFTWARE IS PROVIDED BY THE COPYRIGHT HOLDERS AND CONTRIBUTORS "AS IS"
  27:Src/gpio.c    ****   * AND ANY EXPRESS OR IMPLIED WARRANTIES, INCLUDING, BUT NOT LIMITED TO, THE
  28:Src/gpio.c    ****   * IMPLIED WARRANTIES OF MERCHANTABILITY AND FITNESS FOR A PARTICULAR PURPOSE ARE
  29:Src/gpio.c    ****   * DISCLAIMED. IN NO EVENT SHALL THE COPYRIGHT HOLDER OR CONTRIBUTORS BE LIABLE
  30:Src/gpio.c    ****   * FOR ANY DIRECT, INDIRECT, INCIDENTAL, SPECIAL, EXEMPLARY, OR CONSEQUENTIAL
ARM GAS  /var/folders/8c/gyvcglfx7f97kbqb2h83mm_r0000gn/T//ccWOsEGE.s 			page 2


  31:Src/gpio.c    ****   * DAMAGES (INCLUDING, BUT NOT LIMITED TO, PROCUREMENT OF SUBSTITUTE GOODS OR
  32:Src/gpio.c    ****   * SERVICES; LOSS OF USE, DATA, OR PROFITS; OR BUSINESS INTERRUPTION) HOWEVER
  33:Src/gpio.c    ****   * CAUSED AND ON ANY THEORY OF LIABILITY, WHETHER IN CONTRACT, STRICT LIABILITY,
  34:Src/gpio.c    ****   * OR TORT (INCLUDING NEGLIGENCE OR OTHERWISE) ARISING IN ANY WAY OUT OF THE USE
  35:Src/gpio.c    ****   * OF THIS SOFTWARE, EVEN IF ADVISED OF THE POSSIBILITY OF SUCH DAMAGE.
  36:Src/gpio.c    ****   *
  37:Src/gpio.c    ****   ******************************************************************************
  38:Src/gpio.c    ****   */
  39:Src/gpio.c    **** 
  40:Src/gpio.c    **** /* Includes ------------------------------------------------------------------*/
  41:Src/gpio.c    **** #include "gpio.h"
  42:Src/gpio.c    **** /* USER CODE BEGIN 0 */
  43:Src/gpio.c    **** 
  44:Src/gpio.c    **** /* USER CODE END 0 */
  45:Src/gpio.c    **** 
  46:Src/gpio.c    **** /*----------------------------------------------------------------------------*/
  47:Src/gpio.c    **** /* Configure GPIO                                                             */
  48:Src/gpio.c    **** /*----------------------------------------------------------------------------*/
  49:Src/gpio.c    **** /* USER CODE BEGIN 1 */
  50:Src/gpio.c    **** 
  51:Src/gpio.c    **** /* USER CODE END 1 */
  52:Src/gpio.c    **** 
  53:Src/gpio.c    **** /** Configure pins as 
  54:Src/gpio.c    ****         * Analog 
  55:Src/gpio.c    ****         * Input 
  56:Src/gpio.c    ****         * Output
  57:Src/gpio.c    ****         * EVENT_OUT
  58:Src/gpio.c    ****         * EXTI
  59:Src/gpio.c    ****         * Free pins are configured automatically as Analog (this feature is enabled through 
  60:Src/gpio.c    ****         * the Code Generation settings)
  61:Src/gpio.c    **** */
  62:Src/gpio.c    **** void MX_GPIO_Init(void)
  63:Src/gpio.c    **** {
  29              		.loc 1 63 1 view -0
  30              		.cfi_startproc
  31              		@ args = 0, pretend = 0, frame = 40
  32              		@ frame_needed = 0, uses_anonymous_args = 0
  33 0000 70B5     		push	{r4, r5, r6, lr}
  34              	.LCFI0:
  35              		.cfi_def_cfa_offset 16
  36              		.cfi_offset 4, -16
  37              		.cfi_offset 5, -12
  38              		.cfi_offset 6, -8
  39              		.cfi_offset 14, -4
  40 0002 8AB0     		sub	sp, sp, #40
  41              	.LCFI1:
  42              		.cfi_def_cfa_offset 56
  64:Src/gpio.c    **** 
  65:Src/gpio.c    ****   GPIO_InitTypeDef GPIO_InitStruct;
  43              		.loc 1 65 3 view .LVU1
  66:Src/gpio.c    **** 
  67:Src/gpio.c    ****   /* GPIO Ports Clock Enable */
  68:Src/gpio.c    ****   __HAL_RCC_GPIOC_CLK_ENABLE();
  44              		.loc 1 68 3 view .LVU2
  45              	.LBB2:
  46              		.loc 1 68 3 view .LVU3
  47              		.loc 1 68 3 view .LVU4
ARM GAS  /var/folders/8c/gyvcglfx7f97kbqb2h83mm_r0000gn/T//ccWOsEGE.s 			page 3


  48 0004 354B     		ldr	r3, .L3
  49 0006 5A69     		ldr	r2, [r3, #20]
  50 0008 42F40022 		orr	r2, r2, #524288
  51 000c 5A61     		str	r2, [r3, #20]
  52              		.loc 1 68 3 view .LVU5
  53 000e 5A69     		ldr	r2, [r3, #20]
  54 0010 02F40022 		and	r2, r2, #524288
  55 0014 0092     		str	r2, [sp]
  56              		.loc 1 68 3 view .LVU6
  57 0016 009A     		ldr	r2, [sp]
  58              	.LBE2:
  69:Src/gpio.c    ****   __HAL_RCC_GPIOF_CLK_ENABLE();
  59              		.loc 1 69 3 view .LVU7
  60              	.LBB3:
  61              		.loc 1 69 3 view .LVU8
  62              		.loc 1 69 3 view .LVU9
  63 0018 5A69     		ldr	r2, [r3, #20]
  64 001a 42F48002 		orr	r2, r2, #4194304
  65 001e 5A61     		str	r2, [r3, #20]
  66              		.loc 1 69 3 view .LVU10
  67 0020 5A69     		ldr	r2, [r3, #20]
  68 0022 02F48002 		and	r2, r2, #4194304
  69 0026 0192     		str	r2, [sp, #4]
  70              		.loc 1 69 3 view .LVU11
  71 0028 019A     		ldr	r2, [sp, #4]
  72              	.LBE3:
  70:Src/gpio.c    ****   __HAL_RCC_GPIOA_CLK_ENABLE();
  73              		.loc 1 70 3 view .LVU12
  74              	.LBB4:
  75              		.loc 1 70 3 view .LVU13
  76              		.loc 1 70 3 view .LVU14
  77 002a 5A69     		ldr	r2, [r3, #20]
  78 002c 42F40032 		orr	r2, r2, #131072
  79 0030 5A61     		str	r2, [r3, #20]
  80              		.loc 1 70 3 view .LVU15
  81 0032 5A69     		ldr	r2, [r3, #20]
  82 0034 02F40032 		and	r2, r2, #131072
  83 0038 0292     		str	r2, [sp, #8]
  84              		.loc 1 70 3 view .LVU16
  85 003a 029A     		ldr	r2, [sp, #8]
  86              	.LBE4:
  71:Src/gpio.c    ****   __HAL_RCC_GPIOB_CLK_ENABLE();
  87              		.loc 1 71 3 view .LVU17
  88              	.LBB5:
  89              		.loc 1 71 3 view .LVU18
  90              		.loc 1 71 3 view .LVU19
  91 003c 5A69     		ldr	r2, [r3, #20]
  92 003e 42F48022 		orr	r2, r2, #262144
  93 0042 5A61     		str	r2, [r3, #20]
  94              		.loc 1 71 3 view .LVU20
  95 0044 5A69     		ldr	r2, [r3, #20]
  96 0046 02F48022 		and	r2, r2, #262144
  97 004a 0392     		str	r2, [sp, #12]
  98              		.loc 1 71 3 view .LVU21
  99 004c 039A     		ldr	r2, [sp, #12]
 100              	.LBE5:
  72:Src/gpio.c    ****   __HAL_RCC_GPIOD_CLK_ENABLE();
ARM GAS  /var/folders/8c/gyvcglfx7f97kbqb2h83mm_r0000gn/T//ccWOsEGE.s 			page 4


 101              		.loc 1 72 3 view .LVU22
 102              	.LBB6:
 103              		.loc 1 72 3 view .LVU23
 104              		.loc 1 72 3 view .LVU24
 105 004e 5A69     		ldr	r2, [r3, #20]
 106 0050 42F48012 		orr	r2, r2, #1048576
 107 0054 5A61     		str	r2, [r3, #20]
 108              		.loc 1 72 3 view .LVU25
 109 0056 5B69     		ldr	r3, [r3, #20]
 110 0058 03F48013 		and	r3, r3, #1048576
 111 005c 0493     		str	r3, [sp, #16]
 112              		.loc 1 72 3 view .LVU26
 113 005e 049B     		ldr	r3, [sp, #16]
 114              	.LBE6:
  73:Src/gpio.c    **** 
  74:Src/gpio.c    ****   /*Configure GPIO pin Output Level */
  75:Src/gpio.c    ****   HAL_GPIO_WritePin(GPIOA, GPIO_PIN_5, GPIO_PIN_RESET);
 115              		.loc 1 75 3 view .LVU27
 116 0060 0022     		movs	r2, #0
 117 0062 2021     		movs	r1, #32
 118 0064 4FF09040 		mov	r0, #1207959552
 119 0068 FFF7FEFF 		bl	HAL_GPIO_WritePin
 120              	.LVL0:
  76:Src/gpio.c    **** 
  77:Src/gpio.c    ****   /*Configure GPIO pins : PC13 PC14 PC15 PC0 
  78:Src/gpio.c    ****                            PC1 PC2 PC3 PC4 
  79:Src/gpio.c    ****                            PC5 PC6 PC7 PC8 
  80:Src/gpio.c    ****                            PC9 PC10 PC11 PC12 */
  81:Src/gpio.c    ****   GPIO_InitStruct.Pin = GPIO_PIN_13|GPIO_PIN_14|GPIO_PIN_15|GPIO_PIN_0 
 121              		.loc 1 81 3 view .LVU28
 122              		.loc 1 81 23 is_stmt 0 view .LVU29
 123 006c 4FF6FF76 		movw	r6, #65535
 124 0070 0596     		str	r6, [sp, #20]
  82:Src/gpio.c    ****                           |GPIO_PIN_1|GPIO_PIN_2|GPIO_PIN_3|GPIO_PIN_4 
  83:Src/gpio.c    ****                           |GPIO_PIN_5|GPIO_PIN_6|GPIO_PIN_7|GPIO_PIN_8 
  84:Src/gpio.c    ****                           |GPIO_PIN_9|GPIO_PIN_10|GPIO_PIN_11|GPIO_PIN_12;
  85:Src/gpio.c    ****   GPIO_InitStruct.Mode = GPIO_MODE_ANALOG;
 125              		.loc 1 85 3 is_stmt 1 view .LVU30
 126              		.loc 1 85 24 is_stmt 0 view .LVU31
 127 0072 0325     		movs	r5, #3
 128 0074 0695     		str	r5, [sp, #24]
  86:Src/gpio.c    ****   GPIO_InitStruct.Pull = GPIO_NOPULL;
 129              		.loc 1 86 3 is_stmt 1 view .LVU32
 130              		.loc 1 86 24 is_stmt 0 view .LVU33
 131 0076 0024     		movs	r4, #0
 132 0078 0794     		str	r4, [sp, #28]
  87:Src/gpio.c    ****   HAL_GPIO_Init(GPIOC, &GPIO_InitStruct);
 133              		.loc 1 87 3 is_stmt 1 view .LVU34
 134 007a 05A9     		add	r1, sp, #20
 135 007c 1848     		ldr	r0, .L3+4
 136 007e FFF7FEFF 		bl	HAL_GPIO_Init
 137              	.LVL1:
  88:Src/gpio.c    **** 
  89:Src/gpio.c    ****   /*Configure GPIO pins : PF0 PF1 */
  90:Src/gpio.c    ****   GPIO_InitStruct.Pin = GPIO_PIN_0|GPIO_PIN_1;
 138              		.loc 1 90 3 view .LVU35
 139              		.loc 1 90 23 is_stmt 0 view .LVU36
ARM GAS  /var/folders/8c/gyvcglfx7f97kbqb2h83mm_r0000gn/T//ccWOsEGE.s 			page 5


 140 0082 0595     		str	r5, [sp, #20]
  91:Src/gpio.c    ****   GPIO_InitStruct.Mode = GPIO_MODE_ANALOG;
 141              		.loc 1 91 3 is_stmt 1 view .LVU37
 142              		.loc 1 91 24 is_stmt 0 view .LVU38
 143 0084 0695     		str	r5, [sp, #24]
  92:Src/gpio.c    ****   GPIO_InitStruct.Pull = GPIO_NOPULL;
 144              		.loc 1 92 3 is_stmt 1 view .LVU39
 145              		.loc 1 92 24 is_stmt 0 view .LVU40
 146 0086 0794     		str	r4, [sp, #28]
  93:Src/gpio.c    ****   HAL_GPIO_Init(GPIOF, &GPIO_InitStruct);
 147              		.loc 1 93 3 is_stmt 1 view .LVU41
 148 0088 05A9     		add	r1, sp, #20
 149 008a 1648     		ldr	r0, .L3+8
 150 008c FFF7FEFF 		bl	HAL_GPIO_Init
 151              	.LVL2:
  94:Src/gpio.c    **** 
  95:Src/gpio.c    ****   /*Configure GPIO pins : PA0 PA1 PA2 PA3 
  96:Src/gpio.c    ****                            PA4 PA6 PA7 PA8 
  97:Src/gpio.c    ****                            PA9 PA10 PA11 PA12 
  98:Src/gpio.c    ****                            PA13 PA14 PA15 */
  99:Src/gpio.c    ****   GPIO_InitStruct.Pin = GPIO_PIN_0|GPIO_PIN_1|GPIO_PIN_2|GPIO_PIN_3 
 152              		.loc 1 99 3 view .LVU42
 153              		.loc 1 99 23 is_stmt 0 view .LVU43
 154 0090 4FF6DF73 		movw	r3, #65503
 155 0094 0593     		str	r3, [sp, #20]
 100:Src/gpio.c    ****                           |GPIO_PIN_4|GPIO_PIN_6|GPIO_PIN_7|GPIO_PIN_8 
 101:Src/gpio.c    ****                           |GPIO_PIN_9|GPIO_PIN_10|GPIO_PIN_11|GPIO_PIN_12 
 102:Src/gpio.c    ****                           |GPIO_PIN_13|GPIO_PIN_14|GPIO_PIN_15;
 103:Src/gpio.c    ****   GPIO_InitStruct.Mode = GPIO_MODE_ANALOG;
 156              		.loc 1 103 3 is_stmt 1 view .LVU44
 157              		.loc 1 103 24 is_stmt 0 view .LVU45
 158 0096 0695     		str	r5, [sp, #24]
 104:Src/gpio.c    ****   GPIO_InitStruct.Pull = GPIO_NOPULL;
 159              		.loc 1 104 3 is_stmt 1 view .LVU46
 160              		.loc 1 104 24 is_stmt 0 view .LVU47
 161 0098 0794     		str	r4, [sp, #28]
 105:Src/gpio.c    ****   HAL_GPIO_Init(GPIOA, &GPIO_InitStruct);
 162              		.loc 1 105 3 is_stmt 1 view .LVU48
 163 009a 05A9     		add	r1, sp, #20
 164 009c 4FF09040 		mov	r0, #1207959552
 165 00a0 FFF7FEFF 		bl	HAL_GPIO_Init
 166              	.LVL3:
 106:Src/gpio.c    **** 
 107:Src/gpio.c    ****   /*Configure GPIO pin : PA5 */
 108:Src/gpio.c    ****   GPIO_InitStruct.Pin = GPIO_PIN_5;
 167              		.loc 1 108 3 view .LVU49
 168              		.loc 1 108 23 is_stmt 0 view .LVU50
 169 00a4 2023     		movs	r3, #32
 170 00a6 0593     		str	r3, [sp, #20]
 109:Src/gpio.c    ****   GPIO_InitStruct.Mode = GPIO_MODE_OUTPUT_PP;
 171              		.loc 1 109 3 is_stmt 1 view .LVU51
 172              		.loc 1 109 24 is_stmt 0 view .LVU52
 173 00a8 0123     		movs	r3, #1
 174 00aa 0693     		str	r3, [sp, #24]
 110:Src/gpio.c    ****   GPIO_InitStruct.Pull = GPIO_NOPULL;
 175              		.loc 1 110 3 is_stmt 1 view .LVU53
 176              		.loc 1 110 24 is_stmt 0 view .LVU54
ARM GAS  /var/folders/8c/gyvcglfx7f97kbqb2h83mm_r0000gn/T//ccWOsEGE.s 			page 6


 177 00ac 0794     		str	r4, [sp, #28]
 111:Src/gpio.c    ****   GPIO_InitStruct.Speed = GPIO_SPEED_FREQ_LOW;
 178              		.loc 1 111 3 is_stmt 1 view .LVU55
 179              		.loc 1 111 25 is_stmt 0 view .LVU56
 180 00ae 0894     		str	r4, [sp, #32]
 112:Src/gpio.c    ****   HAL_GPIO_Init(GPIOA, &GPIO_InitStruct);
 181              		.loc 1 112 3 is_stmt 1 view .LVU57
 182 00b0 05A9     		add	r1, sp, #20
 183 00b2 4FF09040 		mov	r0, #1207959552
 184 00b6 FFF7FEFF 		bl	HAL_GPIO_Init
 185              	.LVL4:
 113:Src/gpio.c    **** 
 114:Src/gpio.c    ****   /*Configure GPIO pins : PB0 PB1 PB2 PB10 
 115:Src/gpio.c    ****                            PB11 PB12 PB13 PB14 
 116:Src/gpio.c    ****                            PB15 PB3 PB4 PB5 
 117:Src/gpio.c    ****                            PB6 PB7 PB8 PB9 */
 118:Src/gpio.c    ****   GPIO_InitStruct.Pin = GPIO_PIN_0|GPIO_PIN_1|GPIO_PIN_2|GPIO_PIN_10 
 186              		.loc 1 118 3 view .LVU58
 187              		.loc 1 118 23 is_stmt 0 view .LVU59
 188 00ba 0596     		str	r6, [sp, #20]
 119:Src/gpio.c    ****                           |GPIO_PIN_11|GPIO_PIN_12|GPIO_PIN_13|GPIO_PIN_14 
 120:Src/gpio.c    ****                           |GPIO_PIN_15|GPIO_PIN_3|GPIO_PIN_4|GPIO_PIN_5 
 121:Src/gpio.c    ****                           |GPIO_PIN_6|GPIO_PIN_7|GPIO_PIN_8|GPIO_PIN_9;
 122:Src/gpio.c    ****   GPIO_InitStruct.Mode = GPIO_MODE_ANALOG;
 189              		.loc 1 122 3 is_stmt 1 view .LVU60
 190              		.loc 1 122 24 is_stmt 0 view .LVU61
 191 00bc 0695     		str	r5, [sp, #24]
 123:Src/gpio.c    ****   GPIO_InitStruct.Pull = GPIO_NOPULL;
 192              		.loc 1 123 3 is_stmt 1 view .LVU62
 193              		.loc 1 123 24 is_stmt 0 view .LVU63
 194 00be 0794     		str	r4, [sp, #28]
 124:Src/gpio.c    ****   HAL_GPIO_Init(GPIOB, &GPIO_InitStruct);
 195              		.loc 1 124 3 is_stmt 1 view .LVU64
 196 00c0 05A9     		add	r1, sp, #20
 197 00c2 0948     		ldr	r0, .L3+12
 198 00c4 FFF7FEFF 		bl	HAL_GPIO_Init
 199              	.LVL5:
 125:Src/gpio.c    **** 
 126:Src/gpio.c    ****   /*Configure GPIO pin : PD2 */
 127:Src/gpio.c    ****   GPIO_InitStruct.Pin = GPIO_PIN_2;
 200              		.loc 1 127 3 view .LVU65
 201              		.loc 1 127 23 is_stmt 0 view .LVU66
 202 00c8 0423     		movs	r3, #4
 203 00ca 0593     		str	r3, [sp, #20]
 128:Src/gpio.c    ****   GPIO_InitStruct.Mode = GPIO_MODE_ANALOG;
 204              		.loc 1 128 3 is_stmt 1 view .LVU67
 205              		.loc 1 128 24 is_stmt 0 view .LVU68
 206 00cc 0695     		str	r5, [sp, #24]
 129:Src/gpio.c    ****   GPIO_InitStruct.Pull = GPIO_NOPULL;
 207              		.loc 1 129 3 is_stmt 1 view .LVU69
 208              		.loc 1 129 24 is_stmt 0 view .LVU70
 209 00ce 0794     		str	r4, [sp, #28]
 130:Src/gpio.c    ****   HAL_GPIO_Init(GPIOD, &GPIO_InitStruct);
 210              		.loc 1 130 3 is_stmt 1 view .LVU71
 211 00d0 05A9     		add	r1, sp, #20
 212 00d2 0648     		ldr	r0, .L3+16
 213 00d4 FFF7FEFF 		bl	HAL_GPIO_Init
ARM GAS  /var/folders/8c/gyvcglfx7f97kbqb2h83mm_r0000gn/T//ccWOsEGE.s 			page 7


 214              	.LVL6:
 131:Src/gpio.c    **** 
 132:Src/gpio.c    **** }
 215              		.loc 1 132 1 is_stmt 0 view .LVU72
 216 00d8 0AB0     		add	sp, sp, #40
 217              	.LCFI2:
 218              		.cfi_def_cfa_offset 16
 219              		@ sp needed
 220 00da 70BD     		pop	{r4, r5, r6, pc}
 221              	.L4:
 222              		.align	2
 223              	.L3:
 224 00dc 00100240 		.word	1073876992
 225 00e0 00080048 		.word	1207961600
 226 00e4 00140048 		.word	1207964672
 227 00e8 00040048 		.word	1207960576
 228 00ec 000C0048 		.word	1207962624
 229              		.cfi_endproc
 230              	.LFE126:
 232              		.text
 233              	.Letext0:
 234              		.file 2 "/usr/local/gcc-arm-none-eabi-8-2018-q4-major/arm-none-eabi/include/machine/_default_types
 235              		.file 3 "/usr/local/gcc-arm-none-eabi-8-2018-q4-major/arm-none-eabi/include/sys/_stdint.h"
 236              		.file 4 "Drivers/CMSIS/Include/core_cm4.h"
 237              		.file 5 "Drivers/CMSIS/Device/ST/STM32F3xx/Include/system_stm32f3xx.h"
 238              		.file 6 "Drivers/CMSIS/Device/ST/STM32F3xx/Include/stm32f303xe.h"
 239              		.file 7 "/usr/local/gcc-arm-none-eabi-8-2018-q4-major/arm-none-eabi/include/sys/lock.h"
 240              		.file 8 "/usr/local/gcc-arm-none-eabi-8-2018-q4-major/arm-none-eabi/include/sys/_types.h"
 241              		.file 9 "/usr/local/gcc-arm-none-eabi-8-2018-q4-major/lib/gcc/arm-none-eabi/8.2.1/include/stddef.h
 242              		.file 10 "/usr/local/gcc-arm-none-eabi-8-2018-q4-major/arm-none-eabi/include/sys/reent.h"
 243              		.file 11 "Drivers/STM32F3xx_HAL_Driver/Inc/stm32f3xx_hal_gpio.h"
ARM GAS  /var/folders/8c/gyvcglfx7f97kbqb2h83mm_r0000gn/T//ccWOsEGE.s 			page 8


DEFINED SYMBOLS
                            *ABS*:0000000000000000 gpio.c
/var/folders/8c/gyvcglfx7f97kbqb2h83mm_r0000gn/T//ccWOsEGE.s:18     .text.MX_GPIO_Init:0000000000000000 $t
/var/folders/8c/gyvcglfx7f97kbqb2h83mm_r0000gn/T//ccWOsEGE.s:26     .text.MX_GPIO_Init:0000000000000000 MX_GPIO_Init
/var/folders/8c/gyvcglfx7f97kbqb2h83mm_r0000gn/T//ccWOsEGE.s:224    .text.MX_GPIO_Init:00000000000000dc $d

UNDEFINED SYMBOLS
HAL_GPIO_WritePin
HAL_GPIO_Init
