ARM GAS  /var/folders/8c/gyvcglfx7f97kbqb2h83mm_r0000gn/T//ccLxDyOc.s 			page 1


   1              		.cpu cortex-m4
   2              		.eabi_attribute 27, 1
   3              		.eabi_attribute 28, 1
   4              		.eabi_attribute 20, 1
   5              		.eabi_attribute 21, 1
   6              		.eabi_attribute 23, 3
   7              		.eabi_attribute 24, 1
   8              		.eabi_attribute 25, 1
   9              		.eabi_attribute 26, 1
  10              		.eabi_attribute 30, 1
  11              		.eabi_attribute 34, 1
  12              		.eabi_attribute 18, 4
  13              		.file	"stm32f3xx_hal.c"
  14              		.text
  15              	.Ltext0:
  16              		.cfi_sections	.debug_frame
  17              		.section	.text.HAL_MspInit,"ax",%progbits
  18              		.align	1
  19              		.weak	HAL_MspInit
  20              		.arch armv7e-m
  21              		.syntax unified
  22              		.thumb
  23              		.thumb_func
  24              		.fpu fpv4-sp-d16
  26              	HAL_MspInit:
  27              	.LFB128:
  28              		.file 1 "Drivers/STM32F3xx_HAL_Driver/Src/stm32f3xx_hal.c"
   1:Drivers/STM32F3xx_HAL_Driver/Src/stm32f3xx_hal.c **** /**
   2:Drivers/STM32F3xx_HAL_Driver/Src/stm32f3xx_hal.c ****   ******************************************************************************
   3:Drivers/STM32F3xx_HAL_Driver/Src/stm32f3xx_hal.c ****   * @file    stm32f3xx_hal.c
   4:Drivers/STM32F3xx_HAL_Driver/Src/stm32f3xx_hal.c ****   * @author  MCD Application Team
   5:Drivers/STM32F3xx_HAL_Driver/Src/stm32f3xx_hal.c ****   * @brief   HAL module driver.
   6:Drivers/STM32F3xx_HAL_Driver/Src/stm32f3xx_hal.c ****   *          This is the common part of the HAL initialization
   7:Drivers/STM32F3xx_HAL_Driver/Src/stm32f3xx_hal.c ****   *
   8:Drivers/STM32F3xx_HAL_Driver/Src/stm32f3xx_hal.c ****   @verbatim
   9:Drivers/STM32F3xx_HAL_Driver/Src/stm32f3xx_hal.c ****   ==============================================================================
  10:Drivers/STM32F3xx_HAL_Driver/Src/stm32f3xx_hal.c ****                      ##### How to use this driver #####
  11:Drivers/STM32F3xx_HAL_Driver/Src/stm32f3xx_hal.c ****   ==============================================================================
  12:Drivers/STM32F3xx_HAL_Driver/Src/stm32f3xx_hal.c ****     [..]
  13:Drivers/STM32F3xx_HAL_Driver/Src/stm32f3xx_hal.c ****     The common HAL driver contains a set of generic and common APIs that can be
  14:Drivers/STM32F3xx_HAL_Driver/Src/stm32f3xx_hal.c ****     used by the PPP peripheral drivers and the user to start using the HAL.
  15:Drivers/STM32F3xx_HAL_Driver/Src/stm32f3xx_hal.c ****     [..]
  16:Drivers/STM32F3xx_HAL_Driver/Src/stm32f3xx_hal.c ****     The HAL contains two APIs categories:
  17:Drivers/STM32F3xx_HAL_Driver/Src/stm32f3xx_hal.c ****          (+) HAL Initialization and de-initialization functions
  18:Drivers/STM32F3xx_HAL_Driver/Src/stm32f3xx_hal.c ****          (+) HAL Control functions
  19:Drivers/STM32F3xx_HAL_Driver/Src/stm32f3xx_hal.c **** 
  20:Drivers/STM32F3xx_HAL_Driver/Src/stm32f3xx_hal.c ****   @endverbatim
  21:Drivers/STM32F3xx_HAL_Driver/Src/stm32f3xx_hal.c ****   ******************************************************************************
  22:Drivers/STM32F3xx_HAL_Driver/Src/stm32f3xx_hal.c ****   * @attention
  23:Drivers/STM32F3xx_HAL_Driver/Src/stm32f3xx_hal.c ****   *
  24:Drivers/STM32F3xx_HAL_Driver/Src/stm32f3xx_hal.c ****   * <h2><center>&copy; COPYRIGHT(c) 2016 STMicroelectronics</center></h2>
  25:Drivers/STM32F3xx_HAL_Driver/Src/stm32f3xx_hal.c ****   *
  26:Drivers/STM32F3xx_HAL_Driver/Src/stm32f3xx_hal.c ****   * Redistribution and use in source and binary forms, with or without modification,
  27:Drivers/STM32F3xx_HAL_Driver/Src/stm32f3xx_hal.c ****   * are permitted provided that the following conditions are met:
  28:Drivers/STM32F3xx_HAL_Driver/Src/stm32f3xx_hal.c ****   *   1. Redistributions of source code must retain the above copyright notice,
  29:Drivers/STM32F3xx_HAL_Driver/Src/stm32f3xx_hal.c ****   *      this list of conditions and the following disclaimer.
  30:Drivers/STM32F3xx_HAL_Driver/Src/stm32f3xx_hal.c ****   *   2. Redistributions in binary form must reproduce the above copyright notice,
ARM GAS  /var/folders/8c/gyvcglfx7f97kbqb2h83mm_r0000gn/T//ccLxDyOc.s 			page 2


  31:Drivers/STM32F3xx_HAL_Driver/Src/stm32f3xx_hal.c ****   *      this list of conditions and the following disclaimer in the documentation
  32:Drivers/STM32F3xx_HAL_Driver/Src/stm32f3xx_hal.c ****   *      and/or other materials provided with the distribution.
  33:Drivers/STM32F3xx_HAL_Driver/Src/stm32f3xx_hal.c ****   *   3. Neither the name of STMicroelectronics nor the names of its contributors
  34:Drivers/STM32F3xx_HAL_Driver/Src/stm32f3xx_hal.c ****   *      may be used to endorse or promote products derived from this software
  35:Drivers/STM32F3xx_HAL_Driver/Src/stm32f3xx_hal.c ****   *      without specific prior written permission.
  36:Drivers/STM32F3xx_HAL_Driver/Src/stm32f3xx_hal.c ****   *
  37:Drivers/STM32F3xx_HAL_Driver/Src/stm32f3xx_hal.c ****   * THIS SOFTWARE IS PROVIDED BY THE COPYRIGHT HOLDERS AND CONTRIBUTORS "AS IS"
  38:Drivers/STM32F3xx_HAL_Driver/Src/stm32f3xx_hal.c ****   * AND ANY EXPRESS OR IMPLIED WARRANTIES, INCLUDING, BUT NOT LIMITED TO, THE
  39:Drivers/STM32F3xx_HAL_Driver/Src/stm32f3xx_hal.c ****   * IMPLIED WARRANTIES OF MERCHANTABILITY AND FITNESS FOR A PARTICULAR PURPOSE ARE
  40:Drivers/STM32F3xx_HAL_Driver/Src/stm32f3xx_hal.c ****   * DISCLAIMED. IN NO EVENT SHALL THE COPYRIGHT HOLDER OR CONTRIBUTORS BE LIABLE
  41:Drivers/STM32F3xx_HAL_Driver/Src/stm32f3xx_hal.c ****   * FOR ANY DIRECT, INDIRECT, INCIDENTAL, SPECIAL, EXEMPLARY, OR CONSEQUENTIAL
  42:Drivers/STM32F3xx_HAL_Driver/Src/stm32f3xx_hal.c ****   * DAMAGES (INCLUDING, BUT NOT LIMITED TO, PROCUREMENT OF SUBSTITUTE GOODS OR
  43:Drivers/STM32F3xx_HAL_Driver/Src/stm32f3xx_hal.c ****   * SERVICES; LOSS OF USE, DATA, OR PROFITS; OR BUSINESS INTERRUPTION) HOWEVER
  44:Drivers/STM32F3xx_HAL_Driver/Src/stm32f3xx_hal.c ****   * CAUSED AND ON ANY THEORY OF LIABILITY, WHETHER IN CONTRACT, STRICT LIABILITY,
  45:Drivers/STM32F3xx_HAL_Driver/Src/stm32f3xx_hal.c ****   * OR TORT (INCLUDING NEGLIGENCE OR OTHERWISE) ARISING IN ANY WAY OUT OF THE USE
  46:Drivers/STM32F3xx_HAL_Driver/Src/stm32f3xx_hal.c ****   * OF THIS SOFTWARE, EVEN IF ADVISED OF THE POSSIBILITY OF SUCH DAMAGE.
  47:Drivers/STM32F3xx_HAL_Driver/Src/stm32f3xx_hal.c ****   *
  48:Drivers/STM32F3xx_HAL_Driver/Src/stm32f3xx_hal.c ****   ******************************************************************************  
  49:Drivers/STM32F3xx_HAL_Driver/Src/stm32f3xx_hal.c ****   */
  50:Drivers/STM32F3xx_HAL_Driver/Src/stm32f3xx_hal.c **** 
  51:Drivers/STM32F3xx_HAL_Driver/Src/stm32f3xx_hal.c **** /* Includes ------------------------------------------------------------------*/
  52:Drivers/STM32F3xx_HAL_Driver/Src/stm32f3xx_hal.c **** #include "stm32f3xx_hal.h"
  53:Drivers/STM32F3xx_HAL_Driver/Src/stm32f3xx_hal.c **** 
  54:Drivers/STM32F3xx_HAL_Driver/Src/stm32f3xx_hal.c **** /** @addtogroup STM32F3xx_HAL_Driver
  55:Drivers/STM32F3xx_HAL_Driver/Src/stm32f3xx_hal.c ****   * @{
  56:Drivers/STM32F3xx_HAL_Driver/Src/stm32f3xx_hal.c ****   */
  57:Drivers/STM32F3xx_HAL_Driver/Src/stm32f3xx_hal.c **** 
  58:Drivers/STM32F3xx_HAL_Driver/Src/stm32f3xx_hal.c **** /** @defgroup HAL HAL
  59:Drivers/STM32F3xx_HAL_Driver/Src/stm32f3xx_hal.c ****   * @brief HAL module driver.
  60:Drivers/STM32F3xx_HAL_Driver/Src/stm32f3xx_hal.c ****   * @{
  61:Drivers/STM32F3xx_HAL_Driver/Src/stm32f3xx_hal.c ****   */
  62:Drivers/STM32F3xx_HAL_Driver/Src/stm32f3xx_hal.c **** 
  63:Drivers/STM32F3xx_HAL_Driver/Src/stm32f3xx_hal.c **** #ifdef HAL_MODULE_ENABLED
  64:Drivers/STM32F3xx_HAL_Driver/Src/stm32f3xx_hal.c **** 
  65:Drivers/STM32F3xx_HAL_Driver/Src/stm32f3xx_hal.c **** /* Private typedef -----------------------------------------------------------*/
  66:Drivers/STM32F3xx_HAL_Driver/Src/stm32f3xx_hal.c **** /* Private define ------------------------------------------------------------*/
  67:Drivers/STM32F3xx_HAL_Driver/Src/stm32f3xx_hal.c **** /** @defgroup HAL_Private Constants
  68:Drivers/STM32F3xx_HAL_Driver/Src/stm32f3xx_hal.c ****   * @{
  69:Drivers/STM32F3xx_HAL_Driver/Src/stm32f3xx_hal.c ****   */
  70:Drivers/STM32F3xx_HAL_Driver/Src/stm32f3xx_hal.c **** /**
  71:Drivers/STM32F3xx_HAL_Driver/Src/stm32f3xx_hal.c ****  * @brief STM32F3xx HAL Driver version number V1.5.0
  72:Drivers/STM32F3xx_HAL_Driver/Src/stm32f3xx_hal.c ****    */
  73:Drivers/STM32F3xx_HAL_Driver/Src/stm32f3xx_hal.c **** #define __STM32F3xx_HAL_VERSION_MAIN   (0x01U) /*!< [31:24] main version */
  74:Drivers/STM32F3xx_HAL_Driver/Src/stm32f3xx_hal.c **** #define __STM32F3xx_HAL_VERSION_SUB1   (0x05U) /*!< [23:16] sub1 version */
  75:Drivers/STM32F3xx_HAL_Driver/Src/stm32f3xx_hal.c **** #define __STM32F3xx_HAL_VERSION_SUB2   (0x00U) /*!< [15:8]  sub2 version */
  76:Drivers/STM32F3xx_HAL_Driver/Src/stm32f3xx_hal.c **** #define __STM32F3xx_HAL_VERSION_RC     (0x00U) /*!< [7:0]  release candidate */
  77:Drivers/STM32F3xx_HAL_Driver/Src/stm32f3xx_hal.c **** #define __STM32F3xx_HAL_VERSION         ((__STM32F3xx_HAL_VERSION_MAIN << 24U)\
  78:Drivers/STM32F3xx_HAL_Driver/Src/stm32f3xx_hal.c ****                                         |(__STM32F3xx_HAL_VERSION_SUB1 << 16U)\
  79:Drivers/STM32F3xx_HAL_Driver/Src/stm32f3xx_hal.c ****                                         |(__STM32F3xx_HAL_VERSION_SUB2 << 8U )\
  80:Drivers/STM32F3xx_HAL_Driver/Src/stm32f3xx_hal.c ****                                         |(__STM32F3xx_HAL_VERSION_RC))
  81:Drivers/STM32F3xx_HAL_Driver/Src/stm32f3xx_hal.c **** 
  82:Drivers/STM32F3xx_HAL_Driver/Src/stm32f3xx_hal.c **** #define IDCODE_DEVID_MASK    (0x00000FFFU)
  83:Drivers/STM32F3xx_HAL_Driver/Src/stm32f3xx_hal.c **** /**
  84:Drivers/STM32F3xx_HAL_Driver/Src/stm32f3xx_hal.c ****   * @}
  85:Drivers/STM32F3xx_HAL_Driver/Src/stm32f3xx_hal.c ****   */
  86:Drivers/STM32F3xx_HAL_Driver/Src/stm32f3xx_hal.c ****   
  87:Drivers/STM32F3xx_HAL_Driver/Src/stm32f3xx_hal.c **** /* Private macro -------------------------------------------------------------*/
ARM GAS  /var/folders/8c/gyvcglfx7f97kbqb2h83mm_r0000gn/T//ccLxDyOc.s 			page 3


  88:Drivers/STM32F3xx_HAL_Driver/Src/stm32f3xx_hal.c **** /* Private variables ---------------------------------------------------------*/
  89:Drivers/STM32F3xx_HAL_Driver/Src/stm32f3xx_hal.c **** /** @defgroup HAL_Private_Variables HAL Private Variables
  90:Drivers/STM32F3xx_HAL_Driver/Src/stm32f3xx_hal.c ****   * @{
  91:Drivers/STM32F3xx_HAL_Driver/Src/stm32f3xx_hal.c ****   */
  92:Drivers/STM32F3xx_HAL_Driver/Src/stm32f3xx_hal.c **** __IO uint32_t uwTick;
  93:Drivers/STM32F3xx_HAL_Driver/Src/stm32f3xx_hal.c **** /**
  94:Drivers/STM32F3xx_HAL_Driver/Src/stm32f3xx_hal.c ****   * @}
  95:Drivers/STM32F3xx_HAL_Driver/Src/stm32f3xx_hal.c ****   */
  96:Drivers/STM32F3xx_HAL_Driver/Src/stm32f3xx_hal.c **** /* Private function prototypes -----------------------------------------------*/
  97:Drivers/STM32F3xx_HAL_Driver/Src/stm32f3xx_hal.c **** /* Exported functions ---------------------------------------------------------*/
  98:Drivers/STM32F3xx_HAL_Driver/Src/stm32f3xx_hal.c **** 
  99:Drivers/STM32F3xx_HAL_Driver/Src/stm32f3xx_hal.c **** /** @defgroup HAL_Exported_Functions HAL Exported Functions
 100:Drivers/STM32F3xx_HAL_Driver/Src/stm32f3xx_hal.c ****   * @{
 101:Drivers/STM32F3xx_HAL_Driver/Src/stm32f3xx_hal.c ****   */
 102:Drivers/STM32F3xx_HAL_Driver/Src/stm32f3xx_hal.c **** 
 103:Drivers/STM32F3xx_HAL_Driver/Src/stm32f3xx_hal.c **** /** @defgroup HAL_Exported_Functions_Group1 Initialization and de-initialization Functions 
 104:Drivers/STM32F3xx_HAL_Driver/Src/stm32f3xx_hal.c ****  *  @brief    Initialization and de-initialization functions
 105:Drivers/STM32F3xx_HAL_Driver/Src/stm32f3xx_hal.c ****  *
 106:Drivers/STM32F3xx_HAL_Driver/Src/stm32f3xx_hal.c **** @verbatim
 107:Drivers/STM32F3xx_HAL_Driver/Src/stm32f3xx_hal.c ****  ===============================================================================
 108:Drivers/STM32F3xx_HAL_Driver/Src/stm32f3xx_hal.c ****               ##### Initialization and de-initialization functions #####
 109:Drivers/STM32F3xx_HAL_Driver/Src/stm32f3xx_hal.c ****  ===============================================================================
 110:Drivers/STM32F3xx_HAL_Driver/Src/stm32f3xx_hal.c ****     [..]  This section provides functions allowing to:
 111:Drivers/STM32F3xx_HAL_Driver/Src/stm32f3xx_hal.c ****       (+) Initializes the Flash interface, the NVIC allocation and initial clock 
 112:Drivers/STM32F3xx_HAL_Driver/Src/stm32f3xx_hal.c ****           configuration. It initializes the source of time base also when timeout 
 113:Drivers/STM32F3xx_HAL_Driver/Src/stm32f3xx_hal.c ****           is needed and the backup domain when enabled.
 114:Drivers/STM32F3xx_HAL_Driver/Src/stm32f3xx_hal.c ****       (+) de-Initializes common part of the HAL.
 115:Drivers/STM32F3xx_HAL_Driver/Src/stm32f3xx_hal.c ****       (+) Configure The time base source to have 1ms time base with a dedicated 
 116:Drivers/STM32F3xx_HAL_Driver/Src/stm32f3xx_hal.c ****           Tick interrupt priority. 
 117:Drivers/STM32F3xx_HAL_Driver/Src/stm32f3xx_hal.c ****         (++) Systick timer is used by default as source of time base, but user 
 118:Drivers/STM32F3xx_HAL_Driver/Src/stm32f3xx_hal.c ****              can eventually implement his proper time base source (a general purpose 
 119:Drivers/STM32F3xx_HAL_Driver/Src/stm32f3xx_hal.c ****              timer for example or other time source), keeping in mind that Time base 
 120:Drivers/STM32F3xx_HAL_Driver/Src/stm32f3xx_hal.c ****              duration should be kept 1ms since PPP_TIMEOUT_VALUEs are defined and 
 121:Drivers/STM32F3xx_HAL_Driver/Src/stm32f3xx_hal.c ****              handled in milliseconds basis.
 122:Drivers/STM32F3xx_HAL_Driver/Src/stm32f3xx_hal.c ****         (++) Time base configuration function (HAL_InitTick ()) is called automatically 
 123:Drivers/STM32F3xx_HAL_Driver/Src/stm32f3xx_hal.c ****              at the beginning of the program after reset by HAL_Init() or at any time 
 124:Drivers/STM32F3xx_HAL_Driver/Src/stm32f3xx_hal.c ****              when clock is configured, by HAL_RCC_ClockConfig(). 
 125:Drivers/STM32F3xx_HAL_Driver/Src/stm32f3xx_hal.c ****         (++) Source of time base is configured  to generate interrupts at regular 
 126:Drivers/STM32F3xx_HAL_Driver/Src/stm32f3xx_hal.c ****              time intervals. Care must be taken if HAL_Delay() is called from a 
 127:Drivers/STM32F3xx_HAL_Driver/Src/stm32f3xx_hal.c ****              peripheral ISR process, the Tick interrupt line must have higher priority 
 128:Drivers/STM32F3xx_HAL_Driver/Src/stm32f3xx_hal.c ****             (numerically lower) than the peripheral interrupt. Otherwise the caller 
 129:Drivers/STM32F3xx_HAL_Driver/Src/stm32f3xx_hal.c ****             ISR process will be blocked. 
 130:Drivers/STM32F3xx_HAL_Driver/Src/stm32f3xx_hal.c ****        (++) functions affecting time base configurations are declared as __Weak  
 131:Drivers/STM32F3xx_HAL_Driver/Src/stm32f3xx_hal.c ****              to make  override possible  in case of other  implementations in user file.
 132:Drivers/STM32F3xx_HAL_Driver/Src/stm32f3xx_hal.c **** 
 133:Drivers/STM32F3xx_HAL_Driver/Src/stm32f3xx_hal.c **** @endverbatim
 134:Drivers/STM32F3xx_HAL_Driver/Src/stm32f3xx_hal.c ****   * @{
 135:Drivers/STM32F3xx_HAL_Driver/Src/stm32f3xx_hal.c ****   */
 136:Drivers/STM32F3xx_HAL_Driver/Src/stm32f3xx_hal.c **** 
 137:Drivers/STM32F3xx_HAL_Driver/Src/stm32f3xx_hal.c **** /**
 138:Drivers/STM32F3xx_HAL_Driver/Src/stm32f3xx_hal.c ****   * @brief  This function configures the Flash prefetch, 
 139:Drivers/STM32F3xx_HAL_Driver/Src/stm32f3xx_hal.c ****   *         Configures time base source, NVIC and Low level hardware
 140:Drivers/STM32F3xx_HAL_Driver/Src/stm32f3xx_hal.c ****   * @note   This function is called at the beginning of program after reset and before 
 141:Drivers/STM32F3xx_HAL_Driver/Src/stm32f3xx_hal.c ****   *         the clock configuration
 142:Drivers/STM32F3xx_HAL_Driver/Src/stm32f3xx_hal.c ****   *             
 143:Drivers/STM32F3xx_HAL_Driver/Src/stm32f3xx_hal.c ****   * @note   The Systick configuration is based on HSI clock, as HSI is the clock
 144:Drivers/STM32F3xx_HAL_Driver/Src/stm32f3xx_hal.c ****   *         used after a system Reset and the NVIC configuration is set to Priority group 4 
ARM GAS  /var/folders/8c/gyvcglfx7f97kbqb2h83mm_r0000gn/T//ccLxDyOc.s 			page 4


 145:Drivers/STM32F3xx_HAL_Driver/Src/stm32f3xx_hal.c ****   *            
 146:Drivers/STM32F3xx_HAL_Driver/Src/stm32f3xx_hal.c ****   * @note   The time base configuration is based on MSI clock when exting from Reset.
 147:Drivers/STM32F3xx_HAL_Driver/Src/stm32f3xx_hal.c ****   *         Once done, time base tick start incrementing.
 148:Drivers/STM32F3xx_HAL_Driver/Src/stm32f3xx_hal.c ****   *         In the default implementation,Systick is used as source of time base.
 149:Drivers/STM32F3xx_HAL_Driver/Src/stm32f3xx_hal.c ****   *       The tick variable is incremented each 1ms in its ISR.
 150:Drivers/STM32F3xx_HAL_Driver/Src/stm32f3xx_hal.c ****   * @retval HAL status
 151:Drivers/STM32F3xx_HAL_Driver/Src/stm32f3xx_hal.c ****   */
 152:Drivers/STM32F3xx_HAL_Driver/Src/stm32f3xx_hal.c **** HAL_StatusTypeDef HAL_Init(void)
 153:Drivers/STM32F3xx_HAL_Driver/Src/stm32f3xx_hal.c **** {
 154:Drivers/STM32F3xx_HAL_Driver/Src/stm32f3xx_hal.c ****   /* Configure Flash prefetch */
 155:Drivers/STM32F3xx_HAL_Driver/Src/stm32f3xx_hal.c **** #if (PREFETCH_ENABLE != 0U)
 156:Drivers/STM32F3xx_HAL_Driver/Src/stm32f3xx_hal.c ****   __HAL_FLASH_PREFETCH_BUFFER_ENABLE();
 157:Drivers/STM32F3xx_HAL_Driver/Src/stm32f3xx_hal.c **** #endif /* PREFETCH_ENABLE */
 158:Drivers/STM32F3xx_HAL_Driver/Src/stm32f3xx_hal.c **** 
 159:Drivers/STM32F3xx_HAL_Driver/Src/stm32f3xx_hal.c ****   /* Set Interrupt Group Priority */
 160:Drivers/STM32F3xx_HAL_Driver/Src/stm32f3xx_hal.c ****   HAL_NVIC_SetPriorityGrouping(NVIC_PRIORITYGROUP_4);
 161:Drivers/STM32F3xx_HAL_Driver/Src/stm32f3xx_hal.c **** 
 162:Drivers/STM32F3xx_HAL_Driver/Src/stm32f3xx_hal.c ****   /* Enable systick and configure 1ms tick (default clock after Reset is HSI) */
 163:Drivers/STM32F3xx_HAL_Driver/Src/stm32f3xx_hal.c ****   HAL_InitTick(TICK_INT_PRIORITY);
 164:Drivers/STM32F3xx_HAL_Driver/Src/stm32f3xx_hal.c **** 
 165:Drivers/STM32F3xx_HAL_Driver/Src/stm32f3xx_hal.c ****   /* Init the low level hardware */
 166:Drivers/STM32F3xx_HAL_Driver/Src/stm32f3xx_hal.c ****   HAL_MspInit();
 167:Drivers/STM32F3xx_HAL_Driver/Src/stm32f3xx_hal.c **** 
 168:Drivers/STM32F3xx_HAL_Driver/Src/stm32f3xx_hal.c ****   /* Return function status */
 169:Drivers/STM32F3xx_HAL_Driver/Src/stm32f3xx_hal.c ****   return HAL_OK;
 170:Drivers/STM32F3xx_HAL_Driver/Src/stm32f3xx_hal.c **** }
 171:Drivers/STM32F3xx_HAL_Driver/Src/stm32f3xx_hal.c **** 
 172:Drivers/STM32F3xx_HAL_Driver/Src/stm32f3xx_hal.c **** /**
 173:Drivers/STM32F3xx_HAL_Driver/Src/stm32f3xx_hal.c ****   * @brief  This function de-Initializes common part of the HAL and stops the source
 174:Drivers/STM32F3xx_HAL_Driver/Src/stm32f3xx_hal.c ****   *         of time base.
 175:Drivers/STM32F3xx_HAL_Driver/Src/stm32f3xx_hal.c ****   * @note This function is optional.
 176:Drivers/STM32F3xx_HAL_Driver/Src/stm32f3xx_hal.c ****   * @retval HAL status
 177:Drivers/STM32F3xx_HAL_Driver/Src/stm32f3xx_hal.c ****   */
 178:Drivers/STM32F3xx_HAL_Driver/Src/stm32f3xx_hal.c **** HAL_StatusTypeDef HAL_DeInit(void)
 179:Drivers/STM32F3xx_HAL_Driver/Src/stm32f3xx_hal.c **** {
 180:Drivers/STM32F3xx_HAL_Driver/Src/stm32f3xx_hal.c ****   /* Reset of all peripherals */
 181:Drivers/STM32F3xx_HAL_Driver/Src/stm32f3xx_hal.c ****   __HAL_RCC_APB1_FORCE_RESET();
 182:Drivers/STM32F3xx_HAL_Driver/Src/stm32f3xx_hal.c ****   __HAL_RCC_APB1_RELEASE_RESET();
 183:Drivers/STM32F3xx_HAL_Driver/Src/stm32f3xx_hal.c **** 
 184:Drivers/STM32F3xx_HAL_Driver/Src/stm32f3xx_hal.c ****   __HAL_RCC_APB2_FORCE_RESET();
 185:Drivers/STM32F3xx_HAL_Driver/Src/stm32f3xx_hal.c ****   __HAL_RCC_APB2_RELEASE_RESET();
 186:Drivers/STM32F3xx_HAL_Driver/Src/stm32f3xx_hal.c **** 
 187:Drivers/STM32F3xx_HAL_Driver/Src/stm32f3xx_hal.c ****   __HAL_RCC_AHB_FORCE_RESET();
 188:Drivers/STM32F3xx_HAL_Driver/Src/stm32f3xx_hal.c ****   __HAL_RCC_AHB_RELEASE_RESET();
 189:Drivers/STM32F3xx_HAL_Driver/Src/stm32f3xx_hal.c **** 
 190:Drivers/STM32F3xx_HAL_Driver/Src/stm32f3xx_hal.c ****   /* De-Init the low level hardware */
 191:Drivers/STM32F3xx_HAL_Driver/Src/stm32f3xx_hal.c ****   HAL_MspDeInit();
 192:Drivers/STM32F3xx_HAL_Driver/Src/stm32f3xx_hal.c **** 
 193:Drivers/STM32F3xx_HAL_Driver/Src/stm32f3xx_hal.c ****   /* Return function status */
 194:Drivers/STM32F3xx_HAL_Driver/Src/stm32f3xx_hal.c ****   return HAL_OK;
 195:Drivers/STM32F3xx_HAL_Driver/Src/stm32f3xx_hal.c **** }
 196:Drivers/STM32F3xx_HAL_Driver/Src/stm32f3xx_hal.c **** 
 197:Drivers/STM32F3xx_HAL_Driver/Src/stm32f3xx_hal.c **** /**
 198:Drivers/STM32F3xx_HAL_Driver/Src/stm32f3xx_hal.c ****   * @brief  Initializes the MSP.
 199:Drivers/STM32F3xx_HAL_Driver/Src/stm32f3xx_hal.c ****   * @retval None
 200:Drivers/STM32F3xx_HAL_Driver/Src/stm32f3xx_hal.c ****   */
 201:Drivers/STM32F3xx_HAL_Driver/Src/stm32f3xx_hal.c **** __weak void HAL_MspInit(void)
ARM GAS  /var/folders/8c/gyvcglfx7f97kbqb2h83mm_r0000gn/T//ccLxDyOc.s 			page 5


 202:Drivers/STM32F3xx_HAL_Driver/Src/stm32f3xx_hal.c **** {
  29              		.loc 1 202 1 view -0
  30              		.cfi_startproc
  31              		@ args = 0, pretend = 0, frame = 0
  32              		@ frame_needed = 0, uses_anonymous_args = 0
  33              		@ link register save eliminated.
 203:Drivers/STM32F3xx_HAL_Driver/Src/stm32f3xx_hal.c ****   /* NOTE : This function Should not be modified, when the callback is needed,
 204:Drivers/STM32F3xx_HAL_Driver/Src/stm32f3xx_hal.c ****             the HAL_MspInit could be implemented in the user file
 205:Drivers/STM32F3xx_HAL_Driver/Src/stm32f3xx_hal.c ****    */
 206:Drivers/STM32F3xx_HAL_Driver/Src/stm32f3xx_hal.c **** }
  34              		.loc 1 206 1 view .LVU1
  35 0000 7047     		bx	lr
  36              		.cfi_endproc
  37              	.LFE128:
  39              		.section	.text.HAL_MspDeInit,"ax",%progbits
  40              		.align	1
  41              		.weak	HAL_MspDeInit
  42              		.syntax unified
  43              		.thumb
  44              		.thumb_func
  45              		.fpu fpv4-sp-d16
  47              	HAL_MspDeInit:
  48              	.LFB129:
 207:Drivers/STM32F3xx_HAL_Driver/Src/stm32f3xx_hal.c **** 
 208:Drivers/STM32F3xx_HAL_Driver/Src/stm32f3xx_hal.c **** /**
 209:Drivers/STM32F3xx_HAL_Driver/Src/stm32f3xx_hal.c ****   * @brief  DeInitializes the MSP.
 210:Drivers/STM32F3xx_HAL_Driver/Src/stm32f3xx_hal.c ****   * @retval None
 211:Drivers/STM32F3xx_HAL_Driver/Src/stm32f3xx_hal.c ****   */
 212:Drivers/STM32F3xx_HAL_Driver/Src/stm32f3xx_hal.c **** __weak void HAL_MspDeInit(void)
 213:Drivers/STM32F3xx_HAL_Driver/Src/stm32f3xx_hal.c **** {
  49              		.loc 1 213 1 view -0
  50              		.cfi_startproc
  51              		@ args = 0, pretend = 0, frame = 0
  52              		@ frame_needed = 0, uses_anonymous_args = 0
  53              		@ link register save eliminated.
 214:Drivers/STM32F3xx_HAL_Driver/Src/stm32f3xx_hal.c ****   /* NOTE : This function Should not be modified, when the callback is needed,
 215:Drivers/STM32F3xx_HAL_Driver/Src/stm32f3xx_hal.c ****             the HAL_MspDeInit could be implemented in the user file
 216:Drivers/STM32F3xx_HAL_Driver/Src/stm32f3xx_hal.c ****    */
 217:Drivers/STM32F3xx_HAL_Driver/Src/stm32f3xx_hal.c **** }
  54              		.loc 1 217 1 view .LVU3
  55 0000 7047     		bx	lr
  56              		.cfi_endproc
  57              	.LFE129:
  59              		.section	.text.HAL_DeInit,"ax",%progbits
  60              		.align	1
  61              		.global	HAL_DeInit
  62              		.syntax unified
  63              		.thumb
  64              		.thumb_func
  65              		.fpu fpv4-sp-d16
  67              	HAL_DeInit:
  68              	.LFB127:
 179:Drivers/STM32F3xx_HAL_Driver/Src/stm32f3xx_hal.c ****   /* Reset of all peripherals */
  69              		.loc 1 179 1 view -0
  70              		.cfi_startproc
  71              		@ args = 0, pretend = 0, frame = 0
  72              		@ frame_needed = 0, uses_anonymous_args = 0
ARM GAS  /var/folders/8c/gyvcglfx7f97kbqb2h83mm_r0000gn/T//ccLxDyOc.s 			page 6


  73 0000 10B5     		push	{r4, lr}
  74              	.LCFI0:
  75              		.cfi_def_cfa_offset 8
  76              		.cfi_offset 4, -8
  77              		.cfi_offset 14, -4
 181:Drivers/STM32F3xx_HAL_Driver/Src/stm32f3xx_hal.c ****   __HAL_RCC_APB1_RELEASE_RESET();
  78              		.loc 1 181 3 view .LVU5
  79 0002 074B     		ldr	r3, .L5
  80 0004 4FF0FF32 		mov	r2, #-1
  81 0008 1A61     		str	r2, [r3, #16]
 182:Drivers/STM32F3xx_HAL_Driver/Src/stm32f3xx_hal.c **** 
  82              		.loc 1 182 3 view .LVU6
  83 000a 0024     		movs	r4, #0
  84 000c 1C61     		str	r4, [r3, #16]
 184:Drivers/STM32F3xx_HAL_Driver/Src/stm32f3xx_hal.c ****   __HAL_RCC_APB2_RELEASE_RESET();
  85              		.loc 1 184 3 view .LVU7
  86 000e DA60     		str	r2, [r3, #12]
 185:Drivers/STM32F3xx_HAL_Driver/Src/stm32f3xx_hal.c **** 
  87              		.loc 1 185 3 view .LVU8
  88 0010 DC60     		str	r4, [r3, #12]
 187:Drivers/STM32F3xx_HAL_Driver/Src/stm32f3xx_hal.c ****   __HAL_RCC_AHB_RELEASE_RESET();
  89              		.loc 1 187 3 view .LVU9
  90 0012 9A62     		str	r2, [r3, #40]
 188:Drivers/STM32F3xx_HAL_Driver/Src/stm32f3xx_hal.c **** 
  91              		.loc 1 188 3 view .LVU10
  92 0014 9C62     		str	r4, [r3, #40]
 191:Drivers/STM32F3xx_HAL_Driver/Src/stm32f3xx_hal.c **** 
  93              		.loc 1 191 3 view .LVU11
  94 0016 FFF7FEFF 		bl	HAL_MspDeInit
  95              	.LVL0:
 194:Drivers/STM32F3xx_HAL_Driver/Src/stm32f3xx_hal.c **** }
  96              		.loc 1 194 3 view .LVU12
 195:Drivers/STM32F3xx_HAL_Driver/Src/stm32f3xx_hal.c **** 
  97              		.loc 1 195 1 is_stmt 0 view .LVU13
  98 001a 2046     		mov	r0, r4
  99 001c 10BD     		pop	{r4, pc}
 100              	.L6:
 101 001e 00BF     		.align	2
 102              	.L5:
 103 0020 00100240 		.word	1073876992
 104              		.cfi_endproc
 105              	.LFE127:
 107              		.section	.text.HAL_InitTick,"ax",%progbits
 108              		.align	1
 109              		.weak	HAL_InitTick
 110              		.syntax unified
 111              		.thumb
 112              		.thumb_func
 113              		.fpu fpv4-sp-d16
 115              	HAL_InitTick:
 116              	.LVL1:
 117              	.LFB130:
 218:Drivers/STM32F3xx_HAL_Driver/Src/stm32f3xx_hal.c **** 
 219:Drivers/STM32F3xx_HAL_Driver/Src/stm32f3xx_hal.c **** /**
 220:Drivers/STM32F3xx_HAL_Driver/Src/stm32f3xx_hal.c ****   * @brief  This function configures the source of the time base. 
 221:Drivers/STM32F3xx_HAL_Driver/Src/stm32f3xx_hal.c ****   *         The time source is configured  to have 1ms time base with a dedicated 
 222:Drivers/STM32F3xx_HAL_Driver/Src/stm32f3xx_hal.c ****   *         Tick interrupt priority. 
ARM GAS  /var/folders/8c/gyvcglfx7f97kbqb2h83mm_r0000gn/T//ccLxDyOc.s 			page 7


 223:Drivers/STM32F3xx_HAL_Driver/Src/stm32f3xx_hal.c ****   * @note   This function is called  automatically at the beginning of program after
 224:Drivers/STM32F3xx_HAL_Driver/Src/stm32f3xx_hal.c ****   *         reset by HAL_Init() or at any time when clock is reconfigured  by HAL_RCC_ClockConfig()
 225:Drivers/STM32F3xx_HAL_Driver/Src/stm32f3xx_hal.c ****   * @note   In the default implementation , SysTick timer is the source of time base. 
 226:Drivers/STM32F3xx_HAL_Driver/Src/stm32f3xx_hal.c ****   *         It is used to generate interrupts at regular time intervals. 
 227:Drivers/STM32F3xx_HAL_Driver/Src/stm32f3xx_hal.c ****   *         Care must be taken if HAL_Delay() is called from a peripheral ISR process, 
 228:Drivers/STM32F3xx_HAL_Driver/Src/stm32f3xx_hal.c ****   *         The the SysTick interrupt must have higher priority (numerically lower) 
 229:Drivers/STM32F3xx_HAL_Driver/Src/stm32f3xx_hal.c ****   *         than the peripheral interrupt. Otherwise the caller ISR process will be blocked.
 230:Drivers/STM32F3xx_HAL_Driver/Src/stm32f3xx_hal.c ****   *         The function is declared as __Weak  to be overwritten  in case of other
 231:Drivers/STM32F3xx_HAL_Driver/Src/stm32f3xx_hal.c ****   *         implementation  in user file.
 232:Drivers/STM32F3xx_HAL_Driver/Src/stm32f3xx_hal.c ****   * @param TickPriority Tick interrupt priority.
 233:Drivers/STM32F3xx_HAL_Driver/Src/stm32f3xx_hal.c ****   * @retval HAL status
 234:Drivers/STM32F3xx_HAL_Driver/Src/stm32f3xx_hal.c ****   */
 235:Drivers/STM32F3xx_HAL_Driver/Src/stm32f3xx_hal.c **** __weak HAL_StatusTypeDef HAL_InitTick(uint32_t TickPriority)
 236:Drivers/STM32F3xx_HAL_Driver/Src/stm32f3xx_hal.c **** {
 118              		.loc 1 236 1 is_stmt 1 view -0
 119              		.cfi_startproc
 120              		@ args = 0, pretend = 0, frame = 0
 121              		@ frame_needed = 0, uses_anonymous_args = 0
 122              		.loc 1 236 1 is_stmt 0 view .LVU15
 123 0000 10B5     		push	{r4, lr}
 124              	.LCFI1:
 125              		.cfi_def_cfa_offset 8
 126              		.cfi_offset 4, -8
 127              		.cfi_offset 14, -4
 128 0002 0446     		mov	r4, r0
 237:Drivers/STM32F3xx_HAL_Driver/Src/stm32f3xx_hal.c ****   /*Configure the SysTick to have interrupt in 1ms time basis*/
 238:Drivers/STM32F3xx_HAL_Driver/Src/stm32f3xx_hal.c ****   HAL_SYSTICK_Config(SystemCoreClock / 1000U);
 129              		.loc 1 238 3 is_stmt 1 view .LVU16
 130 0004 074B     		ldr	r3, .L9
 131 0006 1868     		ldr	r0, [r3]
 132              	.LVL2:
 133              		.loc 1 238 3 is_stmt 0 view .LVU17
 134 0008 074B     		ldr	r3, .L9+4
 135 000a A3FB0030 		umull	r3, r0, r3, r0
 136 000e 8009     		lsrs	r0, r0, #6
 137 0010 FFF7FEFF 		bl	HAL_SYSTICK_Config
 138              	.LVL3:
 239:Drivers/STM32F3xx_HAL_Driver/Src/stm32f3xx_hal.c ****  
 240:Drivers/STM32F3xx_HAL_Driver/Src/stm32f3xx_hal.c ****   /*Configure the SysTick IRQ priority */
 241:Drivers/STM32F3xx_HAL_Driver/Src/stm32f3xx_hal.c ****   HAL_NVIC_SetPriority(SysTick_IRQn, TickPriority ,0U);
 139              		.loc 1 241 3 is_stmt 1 view .LVU18
 140 0014 0022     		movs	r2, #0
 141 0016 2146     		mov	r1, r4
 142 0018 4FF0FF30 		mov	r0, #-1
 143 001c FFF7FEFF 		bl	HAL_NVIC_SetPriority
 144              	.LVL4:
 242:Drivers/STM32F3xx_HAL_Driver/Src/stm32f3xx_hal.c **** 
 243:Drivers/STM32F3xx_HAL_Driver/Src/stm32f3xx_hal.c ****    /* Return function status */
 244:Drivers/STM32F3xx_HAL_Driver/Src/stm32f3xx_hal.c ****   return HAL_OK;
 145              		.loc 1 244 3 view .LVU19
 245:Drivers/STM32F3xx_HAL_Driver/Src/stm32f3xx_hal.c **** }
 146              		.loc 1 245 1 is_stmt 0 view .LVU20
 147 0020 0020     		movs	r0, #0
 148 0022 10BD     		pop	{r4, pc}
 149              	.LVL5:
 150              	.L10:
 151              		.loc 1 245 1 view .LVU21
ARM GAS  /var/folders/8c/gyvcglfx7f97kbqb2h83mm_r0000gn/T//ccLxDyOc.s 			page 8


 152              		.align	2
 153              	.L9:
 154 0024 00000000 		.word	SystemCoreClock
 155 0028 D34D6210 		.word	274877907
 156              		.cfi_endproc
 157              	.LFE130:
 159              		.section	.text.HAL_Init,"ax",%progbits
 160              		.align	1
 161              		.global	HAL_Init
 162              		.syntax unified
 163              		.thumb
 164              		.thumb_func
 165              		.fpu fpv4-sp-d16
 167              	HAL_Init:
 168              	.LFB126:
 153:Drivers/STM32F3xx_HAL_Driver/Src/stm32f3xx_hal.c ****   /* Configure Flash prefetch */
 169              		.loc 1 153 1 is_stmt 1 view -0
 170              		.cfi_startproc
 171              		@ args = 0, pretend = 0, frame = 0
 172              		@ frame_needed = 0, uses_anonymous_args = 0
 173 0000 08B5     		push	{r3, lr}
 174              	.LCFI2:
 175              		.cfi_def_cfa_offset 8
 176              		.cfi_offset 3, -8
 177              		.cfi_offset 14, -4
 156:Drivers/STM32F3xx_HAL_Driver/Src/stm32f3xx_hal.c **** #endif /* PREFETCH_ENABLE */
 178              		.loc 1 156 3 view .LVU23
 179 0002 074A     		ldr	r2, .L13
 180 0004 1368     		ldr	r3, [r2]
 181 0006 43F01003 		orr	r3, r3, #16
 182 000a 1360     		str	r3, [r2]
 160:Drivers/STM32F3xx_HAL_Driver/Src/stm32f3xx_hal.c **** 
 183              		.loc 1 160 3 view .LVU24
 184 000c 0320     		movs	r0, #3
 185 000e FFF7FEFF 		bl	HAL_NVIC_SetPriorityGrouping
 186              	.LVL6:
 163:Drivers/STM32F3xx_HAL_Driver/Src/stm32f3xx_hal.c **** 
 187              		.loc 1 163 3 view .LVU25
 188 0012 0020     		movs	r0, #0
 189 0014 FFF7FEFF 		bl	HAL_InitTick
 190              	.LVL7:
 166:Drivers/STM32F3xx_HAL_Driver/Src/stm32f3xx_hal.c **** 
 191              		.loc 1 166 3 view .LVU26
 192 0018 FFF7FEFF 		bl	HAL_MspInit
 193              	.LVL8:
 169:Drivers/STM32F3xx_HAL_Driver/Src/stm32f3xx_hal.c **** }
 194              		.loc 1 169 3 view .LVU27
 170:Drivers/STM32F3xx_HAL_Driver/Src/stm32f3xx_hal.c **** 
 195              		.loc 1 170 1 is_stmt 0 view .LVU28
 196 001c 0020     		movs	r0, #0
 197 001e 08BD     		pop	{r3, pc}
 198              	.L14:
 199              		.align	2
 200              	.L13:
 201 0020 00200240 		.word	1073881088
 202              		.cfi_endproc
 203              	.LFE126:
ARM GAS  /var/folders/8c/gyvcglfx7f97kbqb2h83mm_r0000gn/T//ccLxDyOc.s 			page 9


 205              		.section	.text.HAL_IncTick,"ax",%progbits
 206              		.align	1
 207              		.weak	HAL_IncTick
 208              		.syntax unified
 209              		.thumb
 210              		.thumb_func
 211              		.fpu fpv4-sp-d16
 213              	HAL_IncTick:
 214              	.LFB131:
 246:Drivers/STM32F3xx_HAL_Driver/Src/stm32f3xx_hal.c **** 
 247:Drivers/STM32F3xx_HAL_Driver/Src/stm32f3xx_hal.c **** /**
 248:Drivers/STM32F3xx_HAL_Driver/Src/stm32f3xx_hal.c ****   * @}
 249:Drivers/STM32F3xx_HAL_Driver/Src/stm32f3xx_hal.c ****   */
 250:Drivers/STM32F3xx_HAL_Driver/Src/stm32f3xx_hal.c **** 
 251:Drivers/STM32F3xx_HAL_Driver/Src/stm32f3xx_hal.c **** /** @defgroup HAL_Exported_Functions_Group2 HAL Control functions 
 252:Drivers/STM32F3xx_HAL_Driver/Src/stm32f3xx_hal.c ****  *  @brief    HAL Control functions
 253:Drivers/STM32F3xx_HAL_Driver/Src/stm32f3xx_hal.c ****  *
 254:Drivers/STM32F3xx_HAL_Driver/Src/stm32f3xx_hal.c **** @verbatim
 255:Drivers/STM32F3xx_HAL_Driver/Src/stm32f3xx_hal.c ****  ===============================================================================
 256:Drivers/STM32F3xx_HAL_Driver/Src/stm32f3xx_hal.c ****                       ##### HAL Control functions #####
 257:Drivers/STM32F3xx_HAL_Driver/Src/stm32f3xx_hal.c ****  ===============================================================================
 258:Drivers/STM32F3xx_HAL_Driver/Src/stm32f3xx_hal.c ****     [..]  This section provides functions allowing to:
 259:Drivers/STM32F3xx_HAL_Driver/Src/stm32f3xx_hal.c ****       (+) Provide a tick value in millisecond
 260:Drivers/STM32F3xx_HAL_Driver/Src/stm32f3xx_hal.c ****       (+) Provide a blocking delay in millisecond
 261:Drivers/STM32F3xx_HAL_Driver/Src/stm32f3xx_hal.c ****       (+) Suspend the time base source interrupt
 262:Drivers/STM32F3xx_HAL_Driver/Src/stm32f3xx_hal.c ****       (+) Resume the time base source interrupt
 263:Drivers/STM32F3xx_HAL_Driver/Src/stm32f3xx_hal.c ****       (+) Get the HAL API driver version
 264:Drivers/STM32F3xx_HAL_Driver/Src/stm32f3xx_hal.c ****       (+) Get the device identifier
 265:Drivers/STM32F3xx_HAL_Driver/Src/stm32f3xx_hal.c ****       (+) Get the device revision identifier
 266:Drivers/STM32F3xx_HAL_Driver/Src/stm32f3xx_hal.c ****       (+) Enable/Disable Debug module during Sleep mode
 267:Drivers/STM32F3xx_HAL_Driver/Src/stm32f3xx_hal.c ****       (+) Enable/Disable Debug module during STOP mode
 268:Drivers/STM32F3xx_HAL_Driver/Src/stm32f3xx_hal.c ****       (+) Enable/Disable Debug module during STANDBY mode
 269:Drivers/STM32F3xx_HAL_Driver/Src/stm32f3xx_hal.c ****       
 270:Drivers/STM32F3xx_HAL_Driver/Src/stm32f3xx_hal.c **** @endverbatim
 271:Drivers/STM32F3xx_HAL_Driver/Src/stm32f3xx_hal.c ****   * @{
 272:Drivers/STM32F3xx_HAL_Driver/Src/stm32f3xx_hal.c ****   */
 273:Drivers/STM32F3xx_HAL_Driver/Src/stm32f3xx_hal.c **** 
 274:Drivers/STM32F3xx_HAL_Driver/Src/stm32f3xx_hal.c **** /**
 275:Drivers/STM32F3xx_HAL_Driver/Src/stm32f3xx_hal.c ****   * @brief  This function is called to increment  a global variable "uwTick"
 276:Drivers/STM32F3xx_HAL_Driver/Src/stm32f3xx_hal.c ****   *         used as application time base.
 277:Drivers/STM32F3xx_HAL_Driver/Src/stm32f3xx_hal.c ****   * @note In the default implementation, this variable is incremented each 1ms
 278:Drivers/STM32F3xx_HAL_Driver/Src/stm32f3xx_hal.c ****   *         in Systick ISR.
 279:Drivers/STM32F3xx_HAL_Driver/Src/stm32f3xx_hal.c ****   * @note This function is declared as __weak to be overwritten in case of other 
 280:Drivers/STM32F3xx_HAL_Driver/Src/stm32f3xx_hal.c ****   *         implementations  in user file.
 281:Drivers/STM32F3xx_HAL_Driver/Src/stm32f3xx_hal.c ****   * @retval None
 282:Drivers/STM32F3xx_HAL_Driver/Src/stm32f3xx_hal.c ****   */
 283:Drivers/STM32F3xx_HAL_Driver/Src/stm32f3xx_hal.c **** __weak void HAL_IncTick(void)
 284:Drivers/STM32F3xx_HAL_Driver/Src/stm32f3xx_hal.c **** {
 215              		.loc 1 284 1 is_stmt 1 view -0
 216              		.cfi_startproc
 217              		@ args = 0, pretend = 0, frame = 0
 218              		@ frame_needed = 0, uses_anonymous_args = 0
 219              		@ link register save eliminated.
 285:Drivers/STM32F3xx_HAL_Driver/Src/stm32f3xx_hal.c ****   uwTick++;
 220              		.loc 1 285 3 view .LVU30
 221              		.loc 1 285 9 is_stmt 0 view .LVU31
 222 0000 024A     		ldr	r2, .L16
ARM GAS  /var/folders/8c/gyvcglfx7f97kbqb2h83mm_r0000gn/T//ccLxDyOc.s 			page 10


 223 0002 1368     		ldr	r3, [r2]
 224 0004 0133     		adds	r3, r3, #1
 225 0006 1360     		str	r3, [r2]
 286:Drivers/STM32F3xx_HAL_Driver/Src/stm32f3xx_hal.c **** }
 226              		.loc 1 286 1 view .LVU32
 227 0008 7047     		bx	lr
 228              	.L17:
 229 000a 00BF     		.align	2
 230              	.L16:
 231 000c 00000000 		.word	uwTick
 232              		.cfi_endproc
 233              	.LFE131:
 235              		.section	.text.HAL_GetTick,"ax",%progbits
 236              		.align	1
 237              		.weak	HAL_GetTick
 238              		.syntax unified
 239              		.thumb
 240              		.thumb_func
 241              		.fpu fpv4-sp-d16
 243              	HAL_GetTick:
 244              	.LFB132:
 287:Drivers/STM32F3xx_HAL_Driver/Src/stm32f3xx_hal.c **** 
 288:Drivers/STM32F3xx_HAL_Driver/Src/stm32f3xx_hal.c **** /**
 289:Drivers/STM32F3xx_HAL_Driver/Src/stm32f3xx_hal.c ****   * @brief  Povides a tick value in millisecond.
 290:Drivers/STM32F3xx_HAL_Driver/Src/stm32f3xx_hal.c ****   * @note   The function is declared as __Weak  to be overwritten  in case of other 
 291:Drivers/STM32F3xx_HAL_Driver/Src/stm32f3xx_hal.c ****   *         implementations  in user file.
 292:Drivers/STM32F3xx_HAL_Driver/Src/stm32f3xx_hal.c ****   * @retval tick value
 293:Drivers/STM32F3xx_HAL_Driver/Src/stm32f3xx_hal.c ****   */
 294:Drivers/STM32F3xx_HAL_Driver/Src/stm32f3xx_hal.c **** __weak uint32_t HAL_GetTick(void)
 295:Drivers/STM32F3xx_HAL_Driver/Src/stm32f3xx_hal.c **** {
 245              		.loc 1 295 1 is_stmt 1 view -0
 246              		.cfi_startproc
 247              		@ args = 0, pretend = 0, frame = 0
 248              		@ frame_needed = 0, uses_anonymous_args = 0
 249              		@ link register save eliminated.
 296:Drivers/STM32F3xx_HAL_Driver/Src/stm32f3xx_hal.c ****   return uwTick;  
 250              		.loc 1 296 3 view .LVU34
 251              		.loc 1 296 10 is_stmt 0 view .LVU35
 252 0000 014B     		ldr	r3, .L19
 253 0002 1868     		ldr	r0, [r3]
 297:Drivers/STM32F3xx_HAL_Driver/Src/stm32f3xx_hal.c **** }
 254              		.loc 1 297 1 view .LVU36
 255 0004 7047     		bx	lr
 256              	.L20:
 257 0006 00BF     		.align	2
 258              	.L19:
 259 0008 00000000 		.word	uwTick
 260              		.cfi_endproc
 261              	.LFE132:
 263              		.section	.text.HAL_Delay,"ax",%progbits
 264              		.align	1
 265              		.weak	HAL_Delay
 266              		.syntax unified
 267              		.thumb
 268              		.thumb_func
 269              		.fpu fpv4-sp-d16
 271              	HAL_Delay:
ARM GAS  /var/folders/8c/gyvcglfx7f97kbqb2h83mm_r0000gn/T//ccLxDyOc.s 			page 11


 272              	.LVL9:
 273              	.LFB133:
 298:Drivers/STM32F3xx_HAL_Driver/Src/stm32f3xx_hal.c **** 
 299:Drivers/STM32F3xx_HAL_Driver/Src/stm32f3xx_hal.c **** /**
 300:Drivers/STM32F3xx_HAL_Driver/Src/stm32f3xx_hal.c ****   * @brief  This function provides accurate delay (in milliseconds) based 
 301:Drivers/STM32F3xx_HAL_Driver/Src/stm32f3xx_hal.c ****   *         on variable incremented.
 302:Drivers/STM32F3xx_HAL_Driver/Src/stm32f3xx_hal.c ****   * @note   In the default implementation , SysTick timer is the source of time base. 
 303:Drivers/STM32F3xx_HAL_Driver/Src/stm32f3xx_hal.c ****   *         It is used to generate interrupts at regular time intervals where uwTick
 304:Drivers/STM32F3xx_HAL_Driver/Src/stm32f3xx_hal.c ****   *         is incremented.
 305:Drivers/STM32F3xx_HAL_Driver/Src/stm32f3xx_hal.c ****   *         The function is declared as __Weak  to be overwritten  in case of other
 306:Drivers/STM32F3xx_HAL_Driver/Src/stm32f3xx_hal.c ****   *         implementations  in user file.
 307:Drivers/STM32F3xx_HAL_Driver/Src/stm32f3xx_hal.c ****   * @param  Delay specifies the delay time length, in milliseconds.
 308:Drivers/STM32F3xx_HAL_Driver/Src/stm32f3xx_hal.c ****   * @retval None
 309:Drivers/STM32F3xx_HAL_Driver/Src/stm32f3xx_hal.c ****   */
 310:Drivers/STM32F3xx_HAL_Driver/Src/stm32f3xx_hal.c **** __weak void HAL_Delay(__IO uint32_t Delay)
 311:Drivers/STM32F3xx_HAL_Driver/Src/stm32f3xx_hal.c **** {
 274              		.loc 1 311 1 is_stmt 1 view -0
 275              		.cfi_startproc
 276              		@ args = 0, pretend = 0, frame = 8
 277              		@ frame_needed = 0, uses_anonymous_args = 0
 278              		.loc 1 311 1 is_stmt 0 view .LVU38
 279 0000 30B5     		push	{r4, r5, lr}
 280              	.LCFI3:
 281              		.cfi_def_cfa_offset 12
 282              		.cfi_offset 4, -12
 283              		.cfi_offset 5, -8
 284              		.cfi_offset 14, -4
 285 0002 83B0     		sub	sp, sp, #12
 286              	.LCFI4:
 287              		.cfi_def_cfa_offset 24
 288 0004 0190     		str	r0, [sp, #4]
 312:Drivers/STM32F3xx_HAL_Driver/Src/stm32f3xx_hal.c ****   uint32_t tickstart = HAL_GetTick();
 289              		.loc 1 312 3 is_stmt 1 view .LVU39
 290              		.loc 1 312 24 is_stmt 0 view .LVU40
 291 0006 FFF7FEFF 		bl	HAL_GetTick
 292              	.LVL10:
 293              		.loc 1 312 24 view .LVU41
 294 000a 0546     		mov	r5, r0
 295              	.LVL11:
 313:Drivers/STM32F3xx_HAL_Driver/Src/stm32f3xx_hal.c ****   uint32_t wait = Delay;
 296              		.loc 1 313 3 is_stmt 1 view .LVU42
 297              		.loc 1 313 12 is_stmt 0 view .LVU43
 298 000c 019C     		ldr	r4, [sp, #4]
 299              	.LVL12:
 314:Drivers/STM32F3xx_HAL_Driver/Src/stm32f3xx_hal.c ****   
 315:Drivers/STM32F3xx_HAL_Driver/Src/stm32f3xx_hal.c ****   /* Add a period to guarantee minimum wait */
 316:Drivers/STM32F3xx_HAL_Driver/Src/stm32f3xx_hal.c ****   if (wait < HAL_MAX_DELAY)
 300              		.loc 1 316 3 is_stmt 1 view .LVU44
 301              		.loc 1 316 6 is_stmt 0 view .LVU45
 302 000e B4F1FF3F 		cmp	r4, #-1
 303 0012 00D0     		beq	.L23
 317:Drivers/STM32F3xx_HAL_Driver/Src/stm32f3xx_hal.c ****   {
 318:Drivers/STM32F3xx_HAL_Driver/Src/stm32f3xx_hal.c ****      wait++;
 304              		.loc 1 318 6 is_stmt 1 view .LVU46
 305              		.loc 1 318 10 is_stmt 0 view .LVU47
 306 0014 0134     		adds	r4, r4, #1
 307              	.LVL13:
ARM GAS  /var/folders/8c/gyvcglfx7f97kbqb2h83mm_r0000gn/T//ccLxDyOc.s 			page 12


 308              	.L23:
 319:Drivers/STM32F3xx_HAL_Driver/Src/stm32f3xx_hal.c ****   }
 320:Drivers/STM32F3xx_HAL_Driver/Src/stm32f3xx_hal.c ****   
 321:Drivers/STM32F3xx_HAL_Driver/Src/stm32f3xx_hal.c ****   while((HAL_GetTick() - tickstart) < wait)
 322:Drivers/STM32F3xx_HAL_Driver/Src/stm32f3xx_hal.c ****   {
 323:Drivers/STM32F3xx_HAL_Driver/Src/stm32f3xx_hal.c ****   }
 309              		.loc 1 323 3 is_stmt 1 discriminator 1 view .LVU48
 321:Drivers/STM32F3xx_HAL_Driver/Src/stm32f3xx_hal.c ****   {
 310              		.loc 1 321 10 is_stmt 0 discriminator 1 view .LVU49
 311 0016 FFF7FEFF 		bl	HAL_GetTick
 312              	.LVL14:
 321:Drivers/STM32F3xx_HAL_Driver/Src/stm32f3xx_hal.c ****   {
 313              		.loc 1 321 24 discriminator 1 view .LVU50
 314 001a 401B     		subs	r0, r0, r5
 321:Drivers/STM32F3xx_HAL_Driver/Src/stm32f3xx_hal.c ****   {
 315              		.loc 1 321 8 discriminator 1 view .LVU51
 316 001c A042     		cmp	r0, r4
 317 001e FAD3     		bcc	.L23
 324:Drivers/STM32F3xx_HAL_Driver/Src/stm32f3xx_hal.c **** }
 318              		.loc 1 324 1 view .LVU52
 319 0020 03B0     		add	sp, sp, #12
 320              	.LCFI5:
 321              		.cfi_def_cfa_offset 12
 322              		@ sp needed
 323 0022 30BD     		pop	{r4, r5, pc}
 324              		.loc 1 324 1 view .LVU53
 325              		.cfi_endproc
 326              	.LFE133:
 328              		.section	.text.HAL_SuspendTick,"ax",%progbits
 329              		.align	1
 330              		.weak	HAL_SuspendTick
 331              		.syntax unified
 332              		.thumb
 333              		.thumb_func
 334              		.fpu fpv4-sp-d16
 336              	HAL_SuspendTick:
 337              	.LFB134:
 325:Drivers/STM32F3xx_HAL_Driver/Src/stm32f3xx_hal.c **** 
 326:Drivers/STM32F3xx_HAL_Driver/Src/stm32f3xx_hal.c **** /**
 327:Drivers/STM32F3xx_HAL_Driver/Src/stm32f3xx_hal.c ****   * @brief  Suspend Tick increment.
 328:Drivers/STM32F3xx_HAL_Driver/Src/stm32f3xx_hal.c ****   * @note   In the default implementation , SysTick timer is the source of time base. It is  
 329:Drivers/STM32F3xx_HAL_Driver/Src/stm32f3xx_hal.c ****   *         used to generate interrupts at regular time intervals. Once HAL_SuspendTick()
 330:Drivers/STM32F3xx_HAL_Driver/Src/stm32f3xx_hal.c ****   *         is called, the the SysTick interrupt will be disabled and so Tick increment 
 331:Drivers/STM32F3xx_HAL_Driver/Src/stm32f3xx_hal.c ****   *         is suspended.
 332:Drivers/STM32F3xx_HAL_Driver/Src/stm32f3xx_hal.c ****   * @note This function is declared as __weak to be overwritten in case of other
 333:Drivers/STM32F3xx_HAL_Driver/Src/stm32f3xx_hal.c ****   *         implementations  in user file.
 334:Drivers/STM32F3xx_HAL_Driver/Src/stm32f3xx_hal.c ****   * @retval None
 335:Drivers/STM32F3xx_HAL_Driver/Src/stm32f3xx_hal.c ****   */
 336:Drivers/STM32F3xx_HAL_Driver/Src/stm32f3xx_hal.c **** __weak void HAL_SuspendTick(void)
 337:Drivers/STM32F3xx_HAL_Driver/Src/stm32f3xx_hal.c **** 
 338:Drivers/STM32F3xx_HAL_Driver/Src/stm32f3xx_hal.c **** {
 338              		.loc 1 338 1 is_stmt 1 view -0
 339              		.cfi_startproc
 340              		@ args = 0, pretend = 0, frame = 0
 341              		@ frame_needed = 0, uses_anonymous_args = 0
 342              		@ link register save eliminated.
 339:Drivers/STM32F3xx_HAL_Driver/Src/stm32f3xx_hal.c ****   /* Disable SysTick Interrupt */
ARM GAS  /var/folders/8c/gyvcglfx7f97kbqb2h83mm_r0000gn/T//ccLxDyOc.s 			page 13


 340:Drivers/STM32F3xx_HAL_Driver/Src/stm32f3xx_hal.c ****   SysTick->CTRL &= ~SysTick_CTRL_TICKINT_Msk;
 343              		.loc 1 340 3 view .LVU55
 344              		.loc 1 340 17 is_stmt 0 view .LVU56
 345 0000 024A     		ldr	r2, .L26
 346 0002 1368     		ldr	r3, [r2]
 347 0004 23F00203 		bic	r3, r3, #2
 348 0008 1360     		str	r3, [r2]
 341:Drivers/STM32F3xx_HAL_Driver/Src/stm32f3xx_hal.c ****                                                    
 342:Drivers/STM32F3xx_HAL_Driver/Src/stm32f3xx_hal.c **** }
 349              		.loc 1 342 1 view .LVU57
 350 000a 7047     		bx	lr
 351              	.L27:
 352              		.align	2
 353              	.L26:
 354 000c 10E000E0 		.word	-536813552
 355              		.cfi_endproc
 356              	.LFE134:
 358              		.section	.text.HAL_ResumeTick,"ax",%progbits
 359              		.align	1
 360              		.weak	HAL_ResumeTick
 361              		.syntax unified
 362              		.thumb
 363              		.thumb_func
 364              		.fpu fpv4-sp-d16
 366              	HAL_ResumeTick:
 367              	.LFB135:
 343:Drivers/STM32F3xx_HAL_Driver/Src/stm32f3xx_hal.c **** 
 344:Drivers/STM32F3xx_HAL_Driver/Src/stm32f3xx_hal.c **** /**
 345:Drivers/STM32F3xx_HAL_Driver/Src/stm32f3xx_hal.c ****   * @brief  Resume Tick increment.
 346:Drivers/STM32F3xx_HAL_Driver/Src/stm32f3xx_hal.c ****   * @note   In the default implementation , SysTick timer is the source of time base. It is  
 347:Drivers/STM32F3xx_HAL_Driver/Src/stm32f3xx_hal.c ****   *         used to generate interrupts at regular time intervals. Once HAL_ResumeTick()
 348:Drivers/STM32F3xx_HAL_Driver/Src/stm32f3xx_hal.c ****   *         is called, the the SysTick interrupt will be enabled and so Tick increment 
 349:Drivers/STM32F3xx_HAL_Driver/Src/stm32f3xx_hal.c ****   *         is resumed.
 350:Drivers/STM32F3xx_HAL_Driver/Src/stm32f3xx_hal.c ****   *         The function is declared as __Weak  to be overwritten  in case of other
 351:Drivers/STM32F3xx_HAL_Driver/Src/stm32f3xx_hal.c ****   *         implementations  in user file.
 352:Drivers/STM32F3xx_HAL_Driver/Src/stm32f3xx_hal.c ****   * @retval None
 353:Drivers/STM32F3xx_HAL_Driver/Src/stm32f3xx_hal.c ****   */
 354:Drivers/STM32F3xx_HAL_Driver/Src/stm32f3xx_hal.c **** __weak void HAL_ResumeTick(void)
 355:Drivers/STM32F3xx_HAL_Driver/Src/stm32f3xx_hal.c **** {
 368              		.loc 1 355 1 is_stmt 1 view -0
 369              		.cfi_startproc
 370              		@ args = 0, pretend = 0, frame = 0
 371              		@ frame_needed = 0, uses_anonymous_args = 0
 372              		@ link register save eliminated.
 356:Drivers/STM32F3xx_HAL_Driver/Src/stm32f3xx_hal.c ****   /* Enable SysTick Interrupt */
 357:Drivers/STM32F3xx_HAL_Driver/Src/stm32f3xx_hal.c ****   SysTick->CTRL  |= SysTick_CTRL_TICKINT_Msk;
 373              		.loc 1 357 3 view .LVU59
 374              		.loc 1 357 18 is_stmt 0 view .LVU60
 375 0000 024A     		ldr	r2, .L29
 376 0002 1368     		ldr	r3, [r2]
 377 0004 43F00203 		orr	r3, r3, #2
 378 0008 1360     		str	r3, [r2]
 358:Drivers/STM32F3xx_HAL_Driver/Src/stm32f3xx_hal.c ****   
 359:Drivers/STM32F3xx_HAL_Driver/Src/stm32f3xx_hal.c **** }
 379              		.loc 1 359 1 view .LVU61
 380 000a 7047     		bx	lr
 381              	.L30:
ARM GAS  /var/folders/8c/gyvcglfx7f97kbqb2h83mm_r0000gn/T//ccLxDyOc.s 			page 14


 382              		.align	2
 383              	.L29:
 384 000c 10E000E0 		.word	-536813552
 385              		.cfi_endproc
 386              	.LFE135:
 388              		.section	.text.HAL_GetHalVersion,"ax",%progbits
 389              		.align	1
 390              		.global	HAL_GetHalVersion
 391              		.syntax unified
 392              		.thumb
 393              		.thumb_func
 394              		.fpu fpv4-sp-d16
 396              	HAL_GetHalVersion:
 397              	.LFB136:
 360:Drivers/STM32F3xx_HAL_Driver/Src/stm32f3xx_hal.c **** 
 361:Drivers/STM32F3xx_HAL_Driver/Src/stm32f3xx_hal.c **** /**
 362:Drivers/STM32F3xx_HAL_Driver/Src/stm32f3xx_hal.c ****   * @brief  This function returns the HAL revision
 363:Drivers/STM32F3xx_HAL_Driver/Src/stm32f3xx_hal.c ****   * @retval version : 0xXYZR (8bits for each decimal, R for RC)
 364:Drivers/STM32F3xx_HAL_Driver/Src/stm32f3xx_hal.c ****   */
 365:Drivers/STM32F3xx_HAL_Driver/Src/stm32f3xx_hal.c **** uint32_t HAL_GetHalVersion(void)
 366:Drivers/STM32F3xx_HAL_Driver/Src/stm32f3xx_hal.c **** {
 398              		.loc 1 366 1 is_stmt 1 view -0
 399              		.cfi_startproc
 400              		@ args = 0, pretend = 0, frame = 0
 401              		@ frame_needed = 0, uses_anonymous_args = 0
 402              		@ link register save eliminated.
 367:Drivers/STM32F3xx_HAL_Driver/Src/stm32f3xx_hal.c ****  return __STM32F3xx_HAL_VERSION;
 403              		.loc 1 367 2 view .LVU63
 368:Drivers/STM32F3xx_HAL_Driver/Src/stm32f3xx_hal.c **** }
 404              		.loc 1 368 1 is_stmt 0 view .LVU64
 405 0000 0048     		ldr	r0, .L32
 406 0002 7047     		bx	lr
 407              	.L33:
 408              		.align	2
 409              	.L32:
 410 0004 00000501 		.word	17104896
 411              		.cfi_endproc
 412              	.LFE136:
 414              		.section	.text.HAL_GetREVID,"ax",%progbits
 415              		.align	1
 416              		.global	HAL_GetREVID
 417              		.syntax unified
 418              		.thumb
 419              		.thumb_func
 420              		.fpu fpv4-sp-d16
 422              	HAL_GetREVID:
 423              	.LFB137:
 369:Drivers/STM32F3xx_HAL_Driver/Src/stm32f3xx_hal.c **** 
 370:Drivers/STM32F3xx_HAL_Driver/Src/stm32f3xx_hal.c **** /**
 371:Drivers/STM32F3xx_HAL_Driver/Src/stm32f3xx_hal.c ****   * @brief  Returns the device revision identifier.
 372:Drivers/STM32F3xx_HAL_Driver/Src/stm32f3xx_hal.c ****   * @retval Device revision identifier
 373:Drivers/STM32F3xx_HAL_Driver/Src/stm32f3xx_hal.c ****   */
 374:Drivers/STM32F3xx_HAL_Driver/Src/stm32f3xx_hal.c **** uint32_t HAL_GetREVID(void)
 375:Drivers/STM32F3xx_HAL_Driver/Src/stm32f3xx_hal.c **** {
 424              		.loc 1 375 1 is_stmt 1 view -0
 425              		.cfi_startproc
 426              		@ args = 0, pretend = 0, frame = 0
ARM GAS  /var/folders/8c/gyvcglfx7f97kbqb2h83mm_r0000gn/T//ccLxDyOc.s 			page 15


 427              		@ frame_needed = 0, uses_anonymous_args = 0
 428              		@ link register save eliminated.
 376:Drivers/STM32F3xx_HAL_Driver/Src/stm32f3xx_hal.c ****   return((DBGMCU->IDCODE) >> 16U);
 429              		.loc 1 376 3 view .LVU66
 430              		.loc 1 376 17 is_stmt 0 view .LVU67
 431 0000 014B     		ldr	r3, .L35
 432 0002 1868     		ldr	r0, [r3]
 377:Drivers/STM32F3xx_HAL_Driver/Src/stm32f3xx_hal.c **** }
 433              		.loc 1 377 1 view .LVU68
 434 0004 000C     		lsrs	r0, r0, #16
 435 0006 7047     		bx	lr
 436              	.L36:
 437              		.align	2
 438              	.L35:
 439 0008 002004E0 		.word	-536600576
 440              		.cfi_endproc
 441              	.LFE137:
 443              		.section	.text.HAL_GetDEVID,"ax",%progbits
 444              		.align	1
 445              		.global	HAL_GetDEVID
 446              		.syntax unified
 447              		.thumb
 448              		.thumb_func
 449              		.fpu fpv4-sp-d16
 451              	HAL_GetDEVID:
 452              	.LFB138:
 378:Drivers/STM32F3xx_HAL_Driver/Src/stm32f3xx_hal.c **** 
 379:Drivers/STM32F3xx_HAL_Driver/Src/stm32f3xx_hal.c **** /**
 380:Drivers/STM32F3xx_HAL_Driver/Src/stm32f3xx_hal.c ****   * @brief  Returns the device identifier.
 381:Drivers/STM32F3xx_HAL_Driver/Src/stm32f3xx_hal.c ****   * @retval Device identifier
 382:Drivers/STM32F3xx_HAL_Driver/Src/stm32f3xx_hal.c ****   */
 383:Drivers/STM32F3xx_HAL_Driver/Src/stm32f3xx_hal.c **** uint32_t HAL_GetDEVID(void)
 384:Drivers/STM32F3xx_HAL_Driver/Src/stm32f3xx_hal.c **** {
 453              		.loc 1 384 1 is_stmt 1 view -0
 454              		.cfi_startproc
 455              		@ args = 0, pretend = 0, frame = 0
 456              		@ frame_needed = 0, uses_anonymous_args = 0
 457              		@ link register save eliminated.
 385:Drivers/STM32F3xx_HAL_Driver/Src/stm32f3xx_hal.c ****   return((DBGMCU->IDCODE) & IDCODE_DEVID_MASK);
 458              		.loc 1 385 3 view .LVU70
 459              		.loc 1 385 17 is_stmt 0 view .LVU71
 460 0000 024B     		ldr	r3, .L38
 461 0002 1868     		ldr	r0, [r3]
 386:Drivers/STM32F3xx_HAL_Driver/Src/stm32f3xx_hal.c **** }
 462              		.loc 1 386 1 view .LVU72
 463 0004 C0F30B00 		ubfx	r0, r0, #0, #12
 464 0008 7047     		bx	lr
 465              	.L39:
 466 000a 00BF     		.align	2
 467              	.L38:
 468 000c 002004E0 		.word	-536600576
 469              		.cfi_endproc
 470              	.LFE138:
 472              		.section	.text.HAL_GetUIDw0,"ax",%progbits
 473              		.align	1
 474              		.global	HAL_GetUIDw0
 475              		.syntax unified
ARM GAS  /var/folders/8c/gyvcglfx7f97kbqb2h83mm_r0000gn/T//ccLxDyOc.s 			page 16


 476              		.thumb
 477              		.thumb_func
 478              		.fpu fpv4-sp-d16
 480              	HAL_GetUIDw0:
 481              	.LFB139:
 387:Drivers/STM32F3xx_HAL_Driver/Src/stm32f3xx_hal.c **** 
 388:Drivers/STM32F3xx_HAL_Driver/Src/stm32f3xx_hal.c **** /**
 389:Drivers/STM32F3xx_HAL_Driver/Src/stm32f3xx_hal.c ****   * @brief  Returns first word of the unique device identifier (UID based on 96 bits)
 390:Drivers/STM32F3xx_HAL_Driver/Src/stm32f3xx_hal.c ****   * @retval Device identifier
 391:Drivers/STM32F3xx_HAL_Driver/Src/stm32f3xx_hal.c ****   */
 392:Drivers/STM32F3xx_HAL_Driver/Src/stm32f3xx_hal.c **** uint32_t HAL_GetUIDw0(void)
 393:Drivers/STM32F3xx_HAL_Driver/Src/stm32f3xx_hal.c **** {
 482              		.loc 1 393 1 is_stmt 1 view -0
 483              		.cfi_startproc
 484              		@ args = 0, pretend = 0, frame = 0
 485              		@ frame_needed = 0, uses_anonymous_args = 0
 486              		@ link register save eliminated.
 394:Drivers/STM32F3xx_HAL_Driver/Src/stm32f3xx_hal.c ****    return(READ_REG(*((uint32_t *)UID_BASE)));
 487              		.loc 1 394 4 view .LVU74
 395:Drivers/STM32F3xx_HAL_Driver/Src/stm32f3xx_hal.c **** }
 488              		.loc 1 395 1 is_stmt 0 view .LVU75
 489 0000 014B     		ldr	r3, .L41
 490 0002 1868     		ldr	r0, [r3]
 491 0004 7047     		bx	lr
 492              	.L42:
 493 0006 00BF     		.align	2
 494              	.L41:
 495 0008 ACF7FF1F 		.word	536868780
 496              		.cfi_endproc
 497              	.LFE139:
 499              		.section	.text.HAL_GetUIDw1,"ax",%progbits
 500              		.align	1
 501              		.global	HAL_GetUIDw1
 502              		.syntax unified
 503              		.thumb
 504              		.thumb_func
 505              		.fpu fpv4-sp-d16
 507              	HAL_GetUIDw1:
 508              	.LFB140:
 396:Drivers/STM32F3xx_HAL_Driver/Src/stm32f3xx_hal.c **** 
 397:Drivers/STM32F3xx_HAL_Driver/Src/stm32f3xx_hal.c **** /**
 398:Drivers/STM32F3xx_HAL_Driver/Src/stm32f3xx_hal.c ****   * @brief  Returns second word of the unique device identifier (UID based on 96 bits)
 399:Drivers/STM32F3xx_HAL_Driver/Src/stm32f3xx_hal.c ****   * @retval Device identifier
 400:Drivers/STM32F3xx_HAL_Driver/Src/stm32f3xx_hal.c ****   */
 401:Drivers/STM32F3xx_HAL_Driver/Src/stm32f3xx_hal.c **** uint32_t HAL_GetUIDw1(void)
 402:Drivers/STM32F3xx_HAL_Driver/Src/stm32f3xx_hal.c **** {
 509              		.loc 1 402 1 is_stmt 1 view -0
 510              		.cfi_startproc
 511              		@ args = 0, pretend = 0, frame = 0
 512              		@ frame_needed = 0, uses_anonymous_args = 0
 513              		@ link register save eliminated.
 403:Drivers/STM32F3xx_HAL_Driver/Src/stm32f3xx_hal.c ****    return(READ_REG(*((uint32_t *)(UID_BASE + 4U))));
 514              		.loc 1 403 4 view .LVU77
 404:Drivers/STM32F3xx_HAL_Driver/Src/stm32f3xx_hal.c **** }
 515              		.loc 1 404 1 is_stmt 0 view .LVU78
 516 0000 014B     		ldr	r3, .L44
 517 0002 1868     		ldr	r0, [r3]
ARM GAS  /var/folders/8c/gyvcglfx7f97kbqb2h83mm_r0000gn/T//ccLxDyOc.s 			page 17


 518 0004 7047     		bx	lr
 519              	.L45:
 520 0006 00BF     		.align	2
 521              	.L44:
 522 0008 B0F7FF1F 		.word	536868784
 523              		.cfi_endproc
 524              	.LFE140:
 526              		.section	.text.HAL_GetUIDw2,"ax",%progbits
 527              		.align	1
 528              		.global	HAL_GetUIDw2
 529              		.syntax unified
 530              		.thumb
 531              		.thumb_func
 532              		.fpu fpv4-sp-d16
 534              	HAL_GetUIDw2:
 535              	.LFB141:
 405:Drivers/STM32F3xx_HAL_Driver/Src/stm32f3xx_hal.c **** 
 406:Drivers/STM32F3xx_HAL_Driver/Src/stm32f3xx_hal.c **** /**
 407:Drivers/STM32F3xx_HAL_Driver/Src/stm32f3xx_hal.c ****   * @brief  Returns third word of the unique device identifier (UID based on 96 bits)
 408:Drivers/STM32F3xx_HAL_Driver/Src/stm32f3xx_hal.c ****   * @retval Device identifier
 409:Drivers/STM32F3xx_HAL_Driver/Src/stm32f3xx_hal.c ****   */
 410:Drivers/STM32F3xx_HAL_Driver/Src/stm32f3xx_hal.c **** uint32_t HAL_GetUIDw2(void)
 411:Drivers/STM32F3xx_HAL_Driver/Src/stm32f3xx_hal.c **** {
 536              		.loc 1 411 1 is_stmt 1 view -0
 537              		.cfi_startproc
 538              		@ args = 0, pretend = 0, frame = 0
 539              		@ frame_needed = 0, uses_anonymous_args = 0
 540              		@ link register save eliminated.
 412:Drivers/STM32F3xx_HAL_Driver/Src/stm32f3xx_hal.c ****    return(READ_REG(*((uint32_t *)(UID_BASE + 8U))));
 541              		.loc 1 412 4 view .LVU80
 413:Drivers/STM32F3xx_HAL_Driver/Src/stm32f3xx_hal.c **** }
 542              		.loc 1 413 1 is_stmt 0 view .LVU81
 543 0000 014B     		ldr	r3, .L47
 544 0002 1868     		ldr	r0, [r3]
 545 0004 7047     		bx	lr
 546              	.L48:
 547 0006 00BF     		.align	2
 548              	.L47:
 549 0008 B4F7FF1F 		.word	536868788
 550              		.cfi_endproc
 551              	.LFE141:
 553              		.section	.text.HAL_DBGMCU_EnableDBGSleepMode,"ax",%progbits
 554              		.align	1
 555              		.global	HAL_DBGMCU_EnableDBGSleepMode
 556              		.syntax unified
 557              		.thumb
 558              		.thumb_func
 559              		.fpu fpv4-sp-d16
 561              	HAL_DBGMCU_EnableDBGSleepMode:
 562              	.LFB142:
 414:Drivers/STM32F3xx_HAL_Driver/Src/stm32f3xx_hal.c **** 
 415:Drivers/STM32F3xx_HAL_Driver/Src/stm32f3xx_hal.c **** /**
 416:Drivers/STM32F3xx_HAL_Driver/Src/stm32f3xx_hal.c ****   * @brief  Enable the Debug Module during SLEEP mode
 417:Drivers/STM32F3xx_HAL_Driver/Src/stm32f3xx_hal.c ****   * @retval None
 418:Drivers/STM32F3xx_HAL_Driver/Src/stm32f3xx_hal.c ****   */
 419:Drivers/STM32F3xx_HAL_Driver/Src/stm32f3xx_hal.c **** void HAL_DBGMCU_EnableDBGSleepMode(void)
 420:Drivers/STM32F3xx_HAL_Driver/Src/stm32f3xx_hal.c **** {
ARM GAS  /var/folders/8c/gyvcglfx7f97kbqb2h83mm_r0000gn/T//ccLxDyOc.s 			page 18


 563              		.loc 1 420 1 is_stmt 1 view -0
 564              		.cfi_startproc
 565              		@ args = 0, pretend = 0, frame = 0
 566              		@ frame_needed = 0, uses_anonymous_args = 0
 567              		@ link register save eliminated.
 421:Drivers/STM32F3xx_HAL_Driver/Src/stm32f3xx_hal.c ****   SET_BIT(DBGMCU->CR, DBGMCU_CR_DBG_SLEEP);
 568              		.loc 1 421 3 view .LVU83
 569 0000 024A     		ldr	r2, .L50
 570 0002 5368     		ldr	r3, [r2, #4]
 571 0004 43F00103 		orr	r3, r3, #1
 572 0008 5360     		str	r3, [r2, #4]
 422:Drivers/STM32F3xx_HAL_Driver/Src/stm32f3xx_hal.c **** }
 573              		.loc 1 422 1 is_stmt 0 view .LVU84
 574 000a 7047     		bx	lr
 575              	.L51:
 576              		.align	2
 577              	.L50:
 578 000c 002004E0 		.word	-536600576
 579              		.cfi_endproc
 580              	.LFE142:
 582              		.section	.text.HAL_DBGMCU_DisableDBGSleepMode,"ax",%progbits
 583              		.align	1
 584              		.global	HAL_DBGMCU_DisableDBGSleepMode
 585              		.syntax unified
 586              		.thumb
 587              		.thumb_func
 588              		.fpu fpv4-sp-d16
 590              	HAL_DBGMCU_DisableDBGSleepMode:
 591              	.LFB143:
 423:Drivers/STM32F3xx_HAL_Driver/Src/stm32f3xx_hal.c **** 
 424:Drivers/STM32F3xx_HAL_Driver/Src/stm32f3xx_hal.c **** /**
 425:Drivers/STM32F3xx_HAL_Driver/Src/stm32f3xx_hal.c ****   * @brief  Disable the Debug Module during SLEEP mode
 426:Drivers/STM32F3xx_HAL_Driver/Src/stm32f3xx_hal.c ****   * @retval None
 427:Drivers/STM32F3xx_HAL_Driver/Src/stm32f3xx_hal.c ****   */
 428:Drivers/STM32F3xx_HAL_Driver/Src/stm32f3xx_hal.c **** void HAL_DBGMCU_DisableDBGSleepMode(void)
 429:Drivers/STM32F3xx_HAL_Driver/Src/stm32f3xx_hal.c **** {
 592              		.loc 1 429 1 is_stmt 1 view -0
 593              		.cfi_startproc
 594              		@ args = 0, pretend = 0, frame = 0
 595              		@ frame_needed = 0, uses_anonymous_args = 0
 596              		@ link register save eliminated.
 430:Drivers/STM32F3xx_HAL_Driver/Src/stm32f3xx_hal.c ****   CLEAR_BIT(DBGMCU->CR, DBGMCU_CR_DBG_SLEEP);
 597              		.loc 1 430 3 view .LVU86
 598 0000 024A     		ldr	r2, .L53
 599 0002 5368     		ldr	r3, [r2, #4]
 600 0004 23F00103 		bic	r3, r3, #1
 601 0008 5360     		str	r3, [r2, #4]
 431:Drivers/STM32F3xx_HAL_Driver/Src/stm32f3xx_hal.c **** }
 602              		.loc 1 431 1 is_stmt 0 view .LVU87
 603 000a 7047     		bx	lr
 604              	.L54:
 605              		.align	2
 606              	.L53:
 607 000c 002004E0 		.word	-536600576
 608              		.cfi_endproc
 609              	.LFE143:
 611              		.section	.text.HAL_DBGMCU_EnableDBGStopMode,"ax",%progbits
ARM GAS  /var/folders/8c/gyvcglfx7f97kbqb2h83mm_r0000gn/T//ccLxDyOc.s 			page 19


 612              		.align	1
 613              		.global	HAL_DBGMCU_EnableDBGStopMode
 614              		.syntax unified
 615              		.thumb
 616              		.thumb_func
 617              		.fpu fpv4-sp-d16
 619              	HAL_DBGMCU_EnableDBGStopMode:
 620              	.LFB144:
 432:Drivers/STM32F3xx_HAL_Driver/Src/stm32f3xx_hal.c **** 
 433:Drivers/STM32F3xx_HAL_Driver/Src/stm32f3xx_hal.c **** /**
 434:Drivers/STM32F3xx_HAL_Driver/Src/stm32f3xx_hal.c ****   * @brief  Enable the Debug Module during STOP mode
 435:Drivers/STM32F3xx_HAL_Driver/Src/stm32f3xx_hal.c ****   * @retval None
 436:Drivers/STM32F3xx_HAL_Driver/Src/stm32f3xx_hal.c ****   */
 437:Drivers/STM32F3xx_HAL_Driver/Src/stm32f3xx_hal.c **** void HAL_DBGMCU_EnableDBGStopMode(void)
 438:Drivers/STM32F3xx_HAL_Driver/Src/stm32f3xx_hal.c **** {
 621              		.loc 1 438 1 is_stmt 1 view -0
 622              		.cfi_startproc
 623              		@ args = 0, pretend = 0, frame = 0
 624              		@ frame_needed = 0, uses_anonymous_args = 0
 625              		@ link register save eliminated.
 439:Drivers/STM32F3xx_HAL_Driver/Src/stm32f3xx_hal.c ****   SET_BIT(DBGMCU->CR, DBGMCU_CR_DBG_STOP);
 626              		.loc 1 439 3 view .LVU89
 627 0000 024A     		ldr	r2, .L56
 628 0002 5368     		ldr	r3, [r2, #4]
 629 0004 43F00203 		orr	r3, r3, #2
 630 0008 5360     		str	r3, [r2, #4]
 440:Drivers/STM32F3xx_HAL_Driver/Src/stm32f3xx_hal.c **** }
 631              		.loc 1 440 1 is_stmt 0 view .LVU90
 632 000a 7047     		bx	lr
 633              	.L57:
 634              		.align	2
 635              	.L56:
 636 000c 002004E0 		.word	-536600576
 637              		.cfi_endproc
 638              	.LFE144:
 640              		.section	.text.HAL_DBGMCU_DisableDBGStopMode,"ax",%progbits
 641              		.align	1
 642              		.global	HAL_DBGMCU_DisableDBGStopMode
 643              		.syntax unified
 644              		.thumb
 645              		.thumb_func
 646              		.fpu fpv4-sp-d16
 648              	HAL_DBGMCU_DisableDBGStopMode:
 649              	.LFB145:
 441:Drivers/STM32F3xx_HAL_Driver/Src/stm32f3xx_hal.c **** 
 442:Drivers/STM32F3xx_HAL_Driver/Src/stm32f3xx_hal.c **** /**
 443:Drivers/STM32F3xx_HAL_Driver/Src/stm32f3xx_hal.c ****   * @brief  Disable the Debug Module during STOP mode
 444:Drivers/STM32F3xx_HAL_Driver/Src/stm32f3xx_hal.c ****   * @retval None
 445:Drivers/STM32F3xx_HAL_Driver/Src/stm32f3xx_hal.c ****   */
 446:Drivers/STM32F3xx_HAL_Driver/Src/stm32f3xx_hal.c **** void HAL_DBGMCU_DisableDBGStopMode(void)
 447:Drivers/STM32F3xx_HAL_Driver/Src/stm32f3xx_hal.c **** {
 650              		.loc 1 447 1 is_stmt 1 view -0
 651              		.cfi_startproc
 652              		@ args = 0, pretend = 0, frame = 0
 653              		@ frame_needed = 0, uses_anonymous_args = 0
 654              		@ link register save eliminated.
 448:Drivers/STM32F3xx_HAL_Driver/Src/stm32f3xx_hal.c ****   CLEAR_BIT(DBGMCU->CR, DBGMCU_CR_DBG_STOP);
ARM GAS  /var/folders/8c/gyvcglfx7f97kbqb2h83mm_r0000gn/T//ccLxDyOc.s 			page 20


 655              		.loc 1 448 3 view .LVU92
 656 0000 024A     		ldr	r2, .L59
 657 0002 5368     		ldr	r3, [r2, #4]
 658 0004 23F00203 		bic	r3, r3, #2
 659 0008 5360     		str	r3, [r2, #4]
 449:Drivers/STM32F3xx_HAL_Driver/Src/stm32f3xx_hal.c **** }
 660              		.loc 1 449 1 is_stmt 0 view .LVU93
 661 000a 7047     		bx	lr
 662              	.L60:
 663              		.align	2
 664              	.L59:
 665 000c 002004E0 		.word	-536600576
 666              		.cfi_endproc
 667              	.LFE145:
 669              		.section	.text.HAL_DBGMCU_EnableDBGStandbyMode,"ax",%progbits
 670              		.align	1
 671              		.global	HAL_DBGMCU_EnableDBGStandbyMode
 672              		.syntax unified
 673              		.thumb
 674              		.thumb_func
 675              		.fpu fpv4-sp-d16
 677              	HAL_DBGMCU_EnableDBGStandbyMode:
 678              	.LFB146:
 450:Drivers/STM32F3xx_HAL_Driver/Src/stm32f3xx_hal.c **** 
 451:Drivers/STM32F3xx_HAL_Driver/Src/stm32f3xx_hal.c **** /**
 452:Drivers/STM32F3xx_HAL_Driver/Src/stm32f3xx_hal.c ****   * @brief  Enable the Debug Module during STANDBY mode
 453:Drivers/STM32F3xx_HAL_Driver/Src/stm32f3xx_hal.c ****   * @retval None
 454:Drivers/STM32F3xx_HAL_Driver/Src/stm32f3xx_hal.c ****   */
 455:Drivers/STM32F3xx_HAL_Driver/Src/stm32f3xx_hal.c **** void HAL_DBGMCU_EnableDBGStandbyMode(void)
 456:Drivers/STM32F3xx_HAL_Driver/Src/stm32f3xx_hal.c **** {
 679              		.loc 1 456 1 is_stmt 1 view -0
 680              		.cfi_startproc
 681              		@ args = 0, pretend = 0, frame = 0
 682              		@ frame_needed = 0, uses_anonymous_args = 0
 683              		@ link register save eliminated.
 457:Drivers/STM32F3xx_HAL_Driver/Src/stm32f3xx_hal.c ****   SET_BIT(DBGMCU->CR, DBGMCU_CR_DBG_STANDBY);
 684              		.loc 1 457 3 view .LVU95
 685 0000 024A     		ldr	r2, .L62
 686 0002 5368     		ldr	r3, [r2, #4]
 687 0004 43F00403 		orr	r3, r3, #4
 688 0008 5360     		str	r3, [r2, #4]
 458:Drivers/STM32F3xx_HAL_Driver/Src/stm32f3xx_hal.c **** }
 689              		.loc 1 458 1 is_stmt 0 view .LVU96
 690 000a 7047     		bx	lr
 691              	.L63:
 692              		.align	2
 693              	.L62:
 694 000c 002004E0 		.word	-536600576
 695              		.cfi_endproc
 696              	.LFE146:
 698              		.section	.text.HAL_DBGMCU_DisableDBGStandbyMode,"ax",%progbits
 699              		.align	1
 700              		.global	HAL_DBGMCU_DisableDBGStandbyMode
 701              		.syntax unified
 702              		.thumb
 703              		.thumb_func
 704              		.fpu fpv4-sp-d16
ARM GAS  /var/folders/8c/gyvcglfx7f97kbqb2h83mm_r0000gn/T//ccLxDyOc.s 			page 21


 706              	HAL_DBGMCU_DisableDBGStandbyMode:
 707              	.LFB147:
 459:Drivers/STM32F3xx_HAL_Driver/Src/stm32f3xx_hal.c **** 
 460:Drivers/STM32F3xx_HAL_Driver/Src/stm32f3xx_hal.c **** /**
 461:Drivers/STM32F3xx_HAL_Driver/Src/stm32f3xx_hal.c ****   * @brief  Disable the Debug Module during STANDBY mode
 462:Drivers/STM32F3xx_HAL_Driver/Src/stm32f3xx_hal.c ****   * @retval None
 463:Drivers/STM32F3xx_HAL_Driver/Src/stm32f3xx_hal.c ****   */
 464:Drivers/STM32F3xx_HAL_Driver/Src/stm32f3xx_hal.c **** void HAL_DBGMCU_DisableDBGStandbyMode(void)
 465:Drivers/STM32F3xx_HAL_Driver/Src/stm32f3xx_hal.c **** {
 708              		.loc 1 465 1 is_stmt 1 view -0
 709              		.cfi_startproc
 710              		@ args = 0, pretend = 0, frame = 0
 711              		@ frame_needed = 0, uses_anonymous_args = 0
 712              		@ link register save eliminated.
 466:Drivers/STM32F3xx_HAL_Driver/Src/stm32f3xx_hal.c ****   CLEAR_BIT(DBGMCU->CR, DBGMCU_CR_DBG_STANDBY);
 713              		.loc 1 466 3 view .LVU98
 714 0000 024A     		ldr	r2, .L65
 715 0002 5368     		ldr	r3, [r2, #4]
 716 0004 23F00403 		bic	r3, r3, #4
 717 0008 5360     		str	r3, [r2, #4]
 467:Drivers/STM32F3xx_HAL_Driver/Src/stm32f3xx_hal.c **** }
 718              		.loc 1 467 1 is_stmt 0 view .LVU99
 719 000a 7047     		bx	lr
 720              	.L66:
 721              		.align	2
 722              	.L65:
 723 000c 002004E0 		.word	-536600576
 724              		.cfi_endproc
 725              	.LFE147:
 727              		.comm	uwTick,4,4
 728              		.text
 729              	.Letext0:
 730              		.file 2 "/usr/local/gcc-arm-none-eabi-8-2018-q4-major/arm-none-eabi/include/machine/_default_types
 731              		.file 3 "/usr/local/gcc-arm-none-eabi-8-2018-q4-major/arm-none-eabi/include/sys/_stdint.h"
 732              		.file 4 "Drivers/CMSIS/Include/core_cm4.h"
 733              		.file 5 "Drivers/CMSIS/Device/ST/STM32F3xx/Include/system_stm32f3xx.h"
 734              		.file 6 "Drivers/CMSIS/Device/ST/STM32F3xx/Include/stm32f303xe.h"
 735              		.file 7 "/usr/local/gcc-arm-none-eabi-8-2018-q4-major/arm-none-eabi/include/sys/lock.h"
 736              		.file 8 "/usr/local/gcc-arm-none-eabi-8-2018-q4-major/arm-none-eabi/include/sys/_types.h"
 737              		.file 9 "/usr/local/gcc-arm-none-eabi-8-2018-q4-major/lib/gcc/arm-none-eabi/8.2.1/include/stddef.h
 738              		.file 10 "/usr/local/gcc-arm-none-eabi-8-2018-q4-major/arm-none-eabi/include/sys/reent.h"
 739              		.file 11 "Drivers/STM32F3xx_HAL_Driver/Inc/stm32f3xx_hal_def.h"
 740              		.file 12 "Drivers/STM32F3xx_HAL_Driver/Inc/stm32f3xx_hal_cortex.h"
ARM GAS  /var/folders/8c/gyvcglfx7f97kbqb2h83mm_r0000gn/T//ccLxDyOc.s 			page 22


DEFINED SYMBOLS
                            *ABS*:0000000000000000 stm32f3xx_hal.c
/var/folders/8c/gyvcglfx7f97kbqb2h83mm_r0000gn/T//ccLxDyOc.s:18     .text.HAL_MspInit:0000000000000000 $t
/var/folders/8c/gyvcglfx7f97kbqb2h83mm_r0000gn/T//ccLxDyOc.s:26     .text.HAL_MspInit:0000000000000000 HAL_MspInit
/var/folders/8c/gyvcglfx7f97kbqb2h83mm_r0000gn/T//ccLxDyOc.s:40     .text.HAL_MspDeInit:0000000000000000 $t
/var/folders/8c/gyvcglfx7f97kbqb2h83mm_r0000gn/T//ccLxDyOc.s:47     .text.HAL_MspDeInit:0000000000000000 HAL_MspDeInit
/var/folders/8c/gyvcglfx7f97kbqb2h83mm_r0000gn/T//ccLxDyOc.s:60     .text.HAL_DeInit:0000000000000000 $t
/var/folders/8c/gyvcglfx7f97kbqb2h83mm_r0000gn/T//ccLxDyOc.s:67     .text.HAL_DeInit:0000000000000000 HAL_DeInit
/var/folders/8c/gyvcglfx7f97kbqb2h83mm_r0000gn/T//ccLxDyOc.s:103    .text.HAL_DeInit:0000000000000020 $d
/var/folders/8c/gyvcglfx7f97kbqb2h83mm_r0000gn/T//ccLxDyOc.s:108    .text.HAL_InitTick:0000000000000000 $t
/var/folders/8c/gyvcglfx7f97kbqb2h83mm_r0000gn/T//ccLxDyOc.s:115    .text.HAL_InitTick:0000000000000000 HAL_InitTick
/var/folders/8c/gyvcglfx7f97kbqb2h83mm_r0000gn/T//ccLxDyOc.s:154    .text.HAL_InitTick:0000000000000024 $d
/var/folders/8c/gyvcglfx7f97kbqb2h83mm_r0000gn/T//ccLxDyOc.s:160    .text.HAL_Init:0000000000000000 $t
/var/folders/8c/gyvcglfx7f97kbqb2h83mm_r0000gn/T//ccLxDyOc.s:167    .text.HAL_Init:0000000000000000 HAL_Init
/var/folders/8c/gyvcglfx7f97kbqb2h83mm_r0000gn/T//ccLxDyOc.s:201    .text.HAL_Init:0000000000000020 $d
/var/folders/8c/gyvcglfx7f97kbqb2h83mm_r0000gn/T//ccLxDyOc.s:206    .text.HAL_IncTick:0000000000000000 $t
/var/folders/8c/gyvcglfx7f97kbqb2h83mm_r0000gn/T//ccLxDyOc.s:213    .text.HAL_IncTick:0000000000000000 HAL_IncTick
/var/folders/8c/gyvcglfx7f97kbqb2h83mm_r0000gn/T//ccLxDyOc.s:231    .text.HAL_IncTick:000000000000000c $d
                            *COM*:0000000000000004 uwTick
/var/folders/8c/gyvcglfx7f97kbqb2h83mm_r0000gn/T//ccLxDyOc.s:236    .text.HAL_GetTick:0000000000000000 $t
/var/folders/8c/gyvcglfx7f97kbqb2h83mm_r0000gn/T//ccLxDyOc.s:243    .text.HAL_GetTick:0000000000000000 HAL_GetTick
/var/folders/8c/gyvcglfx7f97kbqb2h83mm_r0000gn/T//ccLxDyOc.s:259    .text.HAL_GetTick:0000000000000008 $d
/var/folders/8c/gyvcglfx7f97kbqb2h83mm_r0000gn/T//ccLxDyOc.s:264    .text.HAL_Delay:0000000000000000 $t
/var/folders/8c/gyvcglfx7f97kbqb2h83mm_r0000gn/T//ccLxDyOc.s:271    .text.HAL_Delay:0000000000000000 HAL_Delay
/var/folders/8c/gyvcglfx7f97kbqb2h83mm_r0000gn/T//ccLxDyOc.s:329    .text.HAL_SuspendTick:0000000000000000 $t
/var/folders/8c/gyvcglfx7f97kbqb2h83mm_r0000gn/T//ccLxDyOc.s:336    .text.HAL_SuspendTick:0000000000000000 HAL_SuspendTick
/var/folders/8c/gyvcglfx7f97kbqb2h83mm_r0000gn/T//ccLxDyOc.s:354    .text.HAL_SuspendTick:000000000000000c $d
/var/folders/8c/gyvcglfx7f97kbqb2h83mm_r0000gn/T//ccLxDyOc.s:359    .text.HAL_ResumeTick:0000000000000000 $t
/var/folders/8c/gyvcglfx7f97kbqb2h83mm_r0000gn/T//ccLxDyOc.s:366    .text.HAL_ResumeTick:0000000000000000 HAL_ResumeTick
/var/folders/8c/gyvcglfx7f97kbqb2h83mm_r0000gn/T//ccLxDyOc.s:384    .text.HAL_ResumeTick:000000000000000c $d
/var/folders/8c/gyvcglfx7f97kbqb2h83mm_r0000gn/T//ccLxDyOc.s:389    .text.HAL_GetHalVersion:0000000000000000 $t
/var/folders/8c/gyvcglfx7f97kbqb2h83mm_r0000gn/T//ccLxDyOc.s:396    .text.HAL_GetHalVersion:0000000000000000 HAL_GetHalVersion
/var/folders/8c/gyvcglfx7f97kbqb2h83mm_r0000gn/T//ccLxDyOc.s:410    .text.HAL_GetHalVersion:0000000000000004 $d
/var/folders/8c/gyvcglfx7f97kbqb2h83mm_r0000gn/T//ccLxDyOc.s:415    .text.HAL_GetREVID:0000000000000000 $t
/var/folders/8c/gyvcglfx7f97kbqb2h83mm_r0000gn/T//ccLxDyOc.s:422    .text.HAL_GetREVID:0000000000000000 HAL_GetREVID
/var/folders/8c/gyvcglfx7f97kbqb2h83mm_r0000gn/T//ccLxDyOc.s:439    .text.HAL_GetREVID:0000000000000008 $d
/var/folders/8c/gyvcglfx7f97kbqb2h83mm_r0000gn/T//ccLxDyOc.s:444    .text.HAL_GetDEVID:0000000000000000 $t
/var/folders/8c/gyvcglfx7f97kbqb2h83mm_r0000gn/T//ccLxDyOc.s:451    .text.HAL_GetDEVID:0000000000000000 HAL_GetDEVID
/var/folders/8c/gyvcglfx7f97kbqb2h83mm_r0000gn/T//ccLxDyOc.s:468    .text.HAL_GetDEVID:000000000000000c $d
/var/folders/8c/gyvcglfx7f97kbqb2h83mm_r0000gn/T//ccLxDyOc.s:473    .text.HAL_GetUIDw0:0000000000000000 $t
/var/folders/8c/gyvcglfx7f97kbqb2h83mm_r0000gn/T//ccLxDyOc.s:480    .text.HAL_GetUIDw0:0000000000000000 HAL_GetUIDw0
/var/folders/8c/gyvcglfx7f97kbqb2h83mm_r0000gn/T//ccLxDyOc.s:495    .text.HAL_GetUIDw0:0000000000000008 $d
/var/folders/8c/gyvcglfx7f97kbqb2h83mm_r0000gn/T//ccLxDyOc.s:500    .text.HAL_GetUIDw1:0000000000000000 $t
/var/folders/8c/gyvcglfx7f97kbqb2h83mm_r0000gn/T//ccLxDyOc.s:507    .text.HAL_GetUIDw1:0000000000000000 HAL_GetUIDw1
/var/folders/8c/gyvcglfx7f97kbqb2h83mm_r0000gn/T//ccLxDyOc.s:522    .text.HAL_GetUIDw1:0000000000000008 $d
/var/folders/8c/gyvcglfx7f97kbqb2h83mm_r0000gn/T//ccLxDyOc.s:527    .text.HAL_GetUIDw2:0000000000000000 $t
/var/folders/8c/gyvcglfx7f97kbqb2h83mm_r0000gn/T//ccLxDyOc.s:534    .text.HAL_GetUIDw2:0000000000000000 HAL_GetUIDw2
/var/folders/8c/gyvcglfx7f97kbqb2h83mm_r0000gn/T//ccLxDyOc.s:549    .text.HAL_GetUIDw2:0000000000000008 $d
/var/folders/8c/gyvcglfx7f97kbqb2h83mm_r0000gn/T//ccLxDyOc.s:554    .text.HAL_DBGMCU_EnableDBGSleepMode:0000000000000000 $t
/var/folders/8c/gyvcglfx7f97kbqb2h83mm_r0000gn/T//ccLxDyOc.s:561    .text.HAL_DBGMCU_EnableDBGSleepMode:0000000000000000 HAL_DBGMCU_EnableDBGSleepMode
/var/folders/8c/gyvcglfx7f97kbqb2h83mm_r0000gn/T//ccLxDyOc.s:578    .text.HAL_DBGMCU_EnableDBGSleepMode:000000000000000c $d
/var/folders/8c/gyvcglfx7f97kbqb2h83mm_r0000gn/T//ccLxDyOc.s:583    .text.HAL_DBGMCU_DisableDBGSleepMode:0000000000000000 $t
/var/folders/8c/gyvcglfx7f97kbqb2h83mm_r0000gn/T//ccLxDyOc.s:590    .text.HAL_DBGMCU_DisableDBGSleepMode:0000000000000000 HAL_DBGMCU_DisableDBGSleepMode
/var/folders/8c/gyvcglfx7f97kbqb2h83mm_r0000gn/T//ccLxDyOc.s:607    .text.HAL_DBGMCU_DisableDBGSleepMode:000000000000000c $d
/var/folders/8c/gyvcglfx7f97kbqb2h83mm_r0000gn/T//ccLxDyOc.s:612    .text.HAL_DBGMCU_EnableDBGStopMode:0000000000000000 $t
/var/folders/8c/gyvcglfx7f97kbqb2h83mm_r0000gn/T//ccLxDyOc.s:619    .text.HAL_DBGMCU_EnableDBGStopMode:0000000000000000 HAL_DBGMCU_EnableDBGStopMode
/var/folders/8c/gyvcglfx7f97kbqb2h83mm_r0000gn/T//ccLxDyOc.s:636    .text.HAL_DBGMCU_EnableDBGStopMode:000000000000000c $d
ARM GAS  /var/folders/8c/gyvcglfx7f97kbqb2h83mm_r0000gn/T//ccLxDyOc.s 			page 23


/var/folders/8c/gyvcglfx7f97kbqb2h83mm_r0000gn/T//ccLxDyOc.s:641    .text.HAL_DBGMCU_DisableDBGStopMode:0000000000000000 $t
/var/folders/8c/gyvcglfx7f97kbqb2h83mm_r0000gn/T//ccLxDyOc.s:648    .text.HAL_DBGMCU_DisableDBGStopMode:0000000000000000 HAL_DBGMCU_DisableDBGStopMode
/var/folders/8c/gyvcglfx7f97kbqb2h83mm_r0000gn/T//ccLxDyOc.s:665    .text.HAL_DBGMCU_DisableDBGStopMode:000000000000000c $d
/var/folders/8c/gyvcglfx7f97kbqb2h83mm_r0000gn/T//ccLxDyOc.s:670    .text.HAL_DBGMCU_EnableDBGStandbyMode:0000000000000000 $t
/var/folders/8c/gyvcglfx7f97kbqb2h83mm_r0000gn/T//ccLxDyOc.s:677    .text.HAL_DBGMCU_EnableDBGStandbyMode:0000000000000000 HAL_DBGMCU_EnableDBGStandbyMode
/var/folders/8c/gyvcglfx7f97kbqb2h83mm_r0000gn/T//ccLxDyOc.s:694    .text.HAL_DBGMCU_EnableDBGStandbyMode:000000000000000c $d
/var/folders/8c/gyvcglfx7f97kbqb2h83mm_r0000gn/T//ccLxDyOc.s:699    .text.HAL_DBGMCU_DisableDBGStandbyMode:0000000000000000 $t
/var/folders/8c/gyvcglfx7f97kbqb2h83mm_r0000gn/T//ccLxDyOc.s:706    .text.HAL_DBGMCU_DisableDBGStandbyMode:0000000000000000 HAL_DBGMCU_DisableDBGStandbyMode
/var/folders/8c/gyvcglfx7f97kbqb2h83mm_r0000gn/T//ccLxDyOc.s:723    .text.HAL_DBGMCU_DisableDBGStandbyMode:000000000000000c $d

UNDEFINED SYMBOLS
HAL_SYSTICK_Config
HAL_NVIC_SetPriority
SystemCoreClock
HAL_NVIC_SetPriorityGrouping
