ARM GAS  /var/folders/8c/gyvcglfx7f97kbqb2h83mm_r0000gn/T//ccSDLMvi.s 			page 1


   1              		.cpu cortex-m4
   2              		.eabi_attribute 27, 1
   3              		.eabi_attribute 28, 1
   4              		.eabi_attribute 20, 1
   5              		.eabi_attribute 21, 1
   6              		.eabi_attribute 23, 3
   7              		.eabi_attribute 24, 1
   8              		.eabi_attribute 25, 1
   9              		.eabi_attribute 26, 1
  10              		.eabi_attribute 30, 1
  11              		.eabi_attribute 34, 1
  12              		.eabi_attribute 18, 4
  13              		.file	"stm32f3xx_it.c"
  14              		.text
  15              	.Ltext0:
  16              		.cfi_sections	.debug_frame
  17              		.section	.text.NMI_Handler,"ax",%progbits
  18              		.align	1
  19              		.global	NMI_Handler
  20              		.arch armv7e-m
  21              		.syntax unified
  22              		.thumb
  23              		.thumb_func
  24              		.fpu fpv4-sp-d16
  26              	NMI_Handler:
  27              	.LFB126:
  28              		.file 1 "Src/stm32f3xx_it.c"
   1:Src/stm32f3xx_it.c **** /**
   2:Src/stm32f3xx_it.c ****   ******************************************************************************
   3:Src/stm32f3xx_it.c ****   * @file    stm32f3xx_it.c
   4:Src/stm32f3xx_it.c ****   * @brief   Interrupt Service Routines.
   5:Src/stm32f3xx_it.c ****   ******************************************************************************
   6:Src/stm32f3xx_it.c ****   *
   7:Src/stm32f3xx_it.c ****   * COPYRIGHT(c) 2018 STMicroelectronics
   8:Src/stm32f3xx_it.c ****   *
   9:Src/stm32f3xx_it.c ****   * Redistribution and use in source and binary forms, with or without modification,
  10:Src/stm32f3xx_it.c ****   * are permitted provided that the following conditions are met:
  11:Src/stm32f3xx_it.c ****   *   1. Redistributions of source code must retain the above copyright notice,
  12:Src/stm32f3xx_it.c ****   *      this list of conditions and the following disclaimer.
  13:Src/stm32f3xx_it.c ****   *   2. Redistributions in binary form must reproduce the above copyright notice,
  14:Src/stm32f3xx_it.c ****   *      this list of conditions and the following disclaimer in the documentation
  15:Src/stm32f3xx_it.c ****   *      and/or other materials provided with the distribution.
  16:Src/stm32f3xx_it.c ****   *   3. Neither the name of STMicroelectronics nor the names of its contributors
  17:Src/stm32f3xx_it.c ****   *      may be used to endorse or promote products derived from this software
  18:Src/stm32f3xx_it.c ****   *      without specific prior written permission.
  19:Src/stm32f3xx_it.c ****   *
  20:Src/stm32f3xx_it.c ****   * THIS SOFTWARE IS PROVIDED BY THE COPYRIGHT HOLDERS AND CONTRIBUTORS "AS IS"
  21:Src/stm32f3xx_it.c ****   * AND ANY EXPRESS OR IMPLIED WARRANTIES, INCLUDING, BUT NOT LIMITED TO, THE
  22:Src/stm32f3xx_it.c ****   * IMPLIED WARRANTIES OF MERCHANTABILITY AND FITNESS FOR A PARTICULAR PURPOSE ARE
  23:Src/stm32f3xx_it.c ****   * DISCLAIMED. IN NO EVENT SHALL THE COPYRIGHT HOLDER OR CONTRIBUTORS BE LIABLE
  24:Src/stm32f3xx_it.c ****   * FOR ANY DIRECT, INDIRECT, INCIDENTAL, SPECIAL, EXEMPLARY, OR CONSEQUENTIAL
  25:Src/stm32f3xx_it.c ****   * DAMAGES (INCLUDING, BUT NOT LIMITED TO, PROCUREMENT OF SUBSTITUTE GOODS OR
  26:Src/stm32f3xx_it.c ****   * SERVICES; LOSS OF USE, DATA, OR PROFITS; OR BUSINESS INTERRUPTION) HOWEVER
  27:Src/stm32f3xx_it.c ****   * CAUSED AND ON ANY THEORY OF LIABILITY, WHETHER IN CONTRACT, STRICT LIABILITY,
  28:Src/stm32f3xx_it.c ****   * OR TORT (INCLUDING NEGLIGENCE OR OTHERWISE) ARISING IN ANY WAY OUT OF THE USE
  29:Src/stm32f3xx_it.c ****   * OF THIS SOFTWARE, EVEN IF ADVISED OF THE POSSIBILITY OF SUCH DAMAGE.
  30:Src/stm32f3xx_it.c ****   *
ARM GAS  /var/folders/8c/gyvcglfx7f97kbqb2h83mm_r0000gn/T//ccSDLMvi.s 			page 2


  31:Src/stm32f3xx_it.c ****   ******************************************************************************
  32:Src/stm32f3xx_it.c ****   */
  33:Src/stm32f3xx_it.c **** /* Includes ------------------------------------------------------------------*/
  34:Src/stm32f3xx_it.c **** #include "stm32f3xx_hal.h"
  35:Src/stm32f3xx_it.c **** #include "stm32f3xx.h"
  36:Src/stm32f3xx_it.c **** #include "stm32f3xx_it.h"
  37:Src/stm32f3xx_it.c **** 
  38:Src/stm32f3xx_it.c **** /* USER CODE BEGIN 0 */
  39:Src/stm32f3xx_it.c **** 
  40:Src/stm32f3xx_it.c **** /* USER CODE END 0 */
  41:Src/stm32f3xx_it.c **** 
  42:Src/stm32f3xx_it.c **** /* External variables --------------------------------------------------------*/
  43:Src/stm32f3xx_it.c **** 
  44:Src/stm32f3xx_it.c **** /******************************************************************************/
  45:Src/stm32f3xx_it.c **** /*            Cortex-M4 Processor Interruption and Exception Handlers         */ 
  46:Src/stm32f3xx_it.c **** /******************************************************************************/
  47:Src/stm32f3xx_it.c **** 
  48:Src/stm32f3xx_it.c **** /**
  49:Src/stm32f3xx_it.c **** * @brief This function handles Non maskable interrupt.
  50:Src/stm32f3xx_it.c **** */
  51:Src/stm32f3xx_it.c **** void NMI_Handler(void)
  52:Src/stm32f3xx_it.c **** {
  29              		.loc 1 52 1 view -0
  30              		.cfi_startproc
  31              		@ args = 0, pretend = 0, frame = 0
  32              		@ frame_needed = 0, uses_anonymous_args = 0
  33              		@ link register save eliminated.
  53:Src/stm32f3xx_it.c ****   /* USER CODE BEGIN NonMaskableInt_IRQn 0 */
  54:Src/stm32f3xx_it.c **** 
  55:Src/stm32f3xx_it.c ****   /* USER CODE END NonMaskableInt_IRQn 0 */
  56:Src/stm32f3xx_it.c ****   /* USER CODE BEGIN NonMaskableInt_IRQn 1 */
  57:Src/stm32f3xx_it.c **** 
  58:Src/stm32f3xx_it.c ****   /* USER CODE END NonMaskableInt_IRQn 1 */
  59:Src/stm32f3xx_it.c **** }
  34              		.loc 1 59 1 view .LVU1
  35 0000 7047     		bx	lr
  36              		.cfi_endproc
  37              	.LFE126:
  39              		.section	.text.HardFault_Handler,"ax",%progbits
  40              		.align	1
  41              		.global	HardFault_Handler
  42              		.syntax unified
  43              		.thumb
  44              		.thumb_func
  45              		.fpu fpv4-sp-d16
  47              	HardFault_Handler:
  48              	.LFB127:
  60:Src/stm32f3xx_it.c **** 
  61:Src/stm32f3xx_it.c **** /**
  62:Src/stm32f3xx_it.c **** * @brief This function handles Hard fault interrupt.
  63:Src/stm32f3xx_it.c **** */
  64:Src/stm32f3xx_it.c **** void HardFault_Handler(void)
  65:Src/stm32f3xx_it.c **** {
  49              		.loc 1 65 1 view -0
  50              		.cfi_startproc
  51              		@ Volatile: function does not return.
  52              		@ args = 0, pretend = 0, frame = 0
ARM GAS  /var/folders/8c/gyvcglfx7f97kbqb2h83mm_r0000gn/T//ccSDLMvi.s 			page 3


  53              		@ frame_needed = 0, uses_anonymous_args = 0
  54              		@ link register save eliminated.
  55              	.L3:
  66:Src/stm32f3xx_it.c ****   /* USER CODE BEGIN HardFault_IRQn 0 */
  67:Src/stm32f3xx_it.c **** 
  68:Src/stm32f3xx_it.c ****   /* USER CODE END HardFault_IRQn 0 */
  69:Src/stm32f3xx_it.c ****   while (1)
  56              		.loc 1 69 3 discriminator 1 view .LVU3
  70:Src/stm32f3xx_it.c ****   {
  71:Src/stm32f3xx_it.c ****     /* USER CODE BEGIN W1_HardFault_IRQn 0 */
  72:Src/stm32f3xx_it.c ****     /* USER CODE END W1_HardFault_IRQn 0 */
  73:Src/stm32f3xx_it.c ****   }
  57              		.loc 1 73 3 discriminator 1 view .LVU4
  58 0000 FEE7     		b	.L3
  59              		.cfi_endproc
  60              	.LFE127:
  62              		.section	.text.MemManage_Handler,"ax",%progbits
  63              		.align	1
  64              		.global	MemManage_Handler
  65              		.syntax unified
  66              		.thumb
  67              		.thumb_func
  68              		.fpu fpv4-sp-d16
  70              	MemManage_Handler:
  71              	.LFB128:
  74:Src/stm32f3xx_it.c ****   /* USER CODE BEGIN HardFault_IRQn 1 */
  75:Src/stm32f3xx_it.c **** 
  76:Src/stm32f3xx_it.c ****   /* USER CODE END HardFault_IRQn 1 */
  77:Src/stm32f3xx_it.c **** }
  78:Src/stm32f3xx_it.c **** 
  79:Src/stm32f3xx_it.c **** /**
  80:Src/stm32f3xx_it.c **** * @brief This function handles Memory management fault.
  81:Src/stm32f3xx_it.c **** */
  82:Src/stm32f3xx_it.c **** void MemManage_Handler(void)
  83:Src/stm32f3xx_it.c **** {
  72              		.loc 1 83 1 view -0
  73              		.cfi_startproc
  74              		@ Volatile: function does not return.
  75              		@ args = 0, pretend = 0, frame = 0
  76              		@ frame_needed = 0, uses_anonymous_args = 0
  77              		@ link register save eliminated.
  78              	.L5:
  84:Src/stm32f3xx_it.c ****   /* USER CODE BEGIN MemoryManagement_IRQn 0 */
  85:Src/stm32f3xx_it.c **** 
  86:Src/stm32f3xx_it.c ****   /* USER CODE END MemoryManagement_IRQn 0 */
  87:Src/stm32f3xx_it.c ****   while (1)
  79              		.loc 1 87 3 discriminator 1 view .LVU6
  88:Src/stm32f3xx_it.c ****   {
  89:Src/stm32f3xx_it.c ****     /* USER CODE BEGIN W1_MemoryManagement_IRQn 0 */
  90:Src/stm32f3xx_it.c ****     /* USER CODE END W1_MemoryManagement_IRQn 0 */
  91:Src/stm32f3xx_it.c ****   }
  80              		.loc 1 91 3 discriminator 1 view .LVU7
  81 0000 FEE7     		b	.L5
  82              		.cfi_endproc
  83              	.LFE128:
  85              		.section	.text.BusFault_Handler,"ax",%progbits
  86              		.align	1
ARM GAS  /var/folders/8c/gyvcglfx7f97kbqb2h83mm_r0000gn/T//ccSDLMvi.s 			page 4


  87              		.global	BusFault_Handler
  88              		.syntax unified
  89              		.thumb
  90              		.thumb_func
  91              		.fpu fpv4-sp-d16
  93              	BusFault_Handler:
  94              	.LFB129:
  92:Src/stm32f3xx_it.c ****   /* USER CODE BEGIN MemoryManagement_IRQn 1 */
  93:Src/stm32f3xx_it.c **** 
  94:Src/stm32f3xx_it.c ****   /* USER CODE END MemoryManagement_IRQn 1 */
  95:Src/stm32f3xx_it.c **** }
  96:Src/stm32f3xx_it.c **** 
  97:Src/stm32f3xx_it.c **** /**
  98:Src/stm32f3xx_it.c **** * @brief This function handles Pre-fetch fault, memory access fault.
  99:Src/stm32f3xx_it.c **** */
 100:Src/stm32f3xx_it.c **** void BusFault_Handler(void)
 101:Src/stm32f3xx_it.c **** {
  95              		.loc 1 101 1 view -0
  96              		.cfi_startproc
  97              		@ Volatile: function does not return.
  98              		@ args = 0, pretend = 0, frame = 0
  99              		@ frame_needed = 0, uses_anonymous_args = 0
 100              		@ link register save eliminated.
 101              	.L7:
 102:Src/stm32f3xx_it.c ****   /* USER CODE BEGIN BusFault_IRQn 0 */
 103:Src/stm32f3xx_it.c **** 
 104:Src/stm32f3xx_it.c ****   /* USER CODE END BusFault_IRQn 0 */
 105:Src/stm32f3xx_it.c ****   while (1)
 102              		.loc 1 105 3 discriminator 1 view .LVU9
 106:Src/stm32f3xx_it.c ****   {
 107:Src/stm32f3xx_it.c ****     /* USER CODE BEGIN W1_BusFault_IRQn 0 */
 108:Src/stm32f3xx_it.c ****     /* USER CODE END W1_BusFault_IRQn 0 */
 109:Src/stm32f3xx_it.c ****   }
 103              		.loc 1 109 3 discriminator 1 view .LVU10
 104 0000 FEE7     		b	.L7
 105              		.cfi_endproc
 106              	.LFE129:
 108              		.section	.text.UsageFault_Handler,"ax",%progbits
 109              		.align	1
 110              		.global	UsageFault_Handler
 111              		.syntax unified
 112              		.thumb
 113              		.thumb_func
 114              		.fpu fpv4-sp-d16
 116              	UsageFault_Handler:
 117              	.LFB130:
 110:Src/stm32f3xx_it.c ****   /* USER CODE BEGIN BusFault_IRQn 1 */
 111:Src/stm32f3xx_it.c **** 
 112:Src/stm32f3xx_it.c ****   /* USER CODE END BusFault_IRQn 1 */
 113:Src/stm32f3xx_it.c **** }
 114:Src/stm32f3xx_it.c **** 
 115:Src/stm32f3xx_it.c **** /**
 116:Src/stm32f3xx_it.c **** * @brief This function handles Undefined instruction or illegal state.
 117:Src/stm32f3xx_it.c **** */
 118:Src/stm32f3xx_it.c **** void UsageFault_Handler(void)
 119:Src/stm32f3xx_it.c **** {
 118              		.loc 1 119 1 view -0
ARM GAS  /var/folders/8c/gyvcglfx7f97kbqb2h83mm_r0000gn/T//ccSDLMvi.s 			page 5


 119              		.cfi_startproc
 120              		@ Volatile: function does not return.
 121              		@ args = 0, pretend = 0, frame = 0
 122              		@ frame_needed = 0, uses_anonymous_args = 0
 123              		@ link register save eliminated.
 124              	.L9:
 120:Src/stm32f3xx_it.c ****   /* USER CODE BEGIN UsageFault_IRQn 0 */
 121:Src/stm32f3xx_it.c **** 
 122:Src/stm32f3xx_it.c ****   /* USER CODE END UsageFault_IRQn 0 */
 123:Src/stm32f3xx_it.c ****   while (1)
 125              		.loc 1 123 3 discriminator 1 view .LVU12
 124:Src/stm32f3xx_it.c ****   {
 125:Src/stm32f3xx_it.c ****     /* USER CODE BEGIN W1_UsageFault_IRQn 0 */
 126:Src/stm32f3xx_it.c ****     /* USER CODE END W1_UsageFault_IRQn 0 */
 127:Src/stm32f3xx_it.c ****   }
 126              		.loc 1 127 3 discriminator 1 view .LVU13
 127 0000 FEE7     		b	.L9
 128              		.cfi_endproc
 129              	.LFE130:
 131              		.section	.text.SVC_Handler,"ax",%progbits
 132              		.align	1
 133              		.global	SVC_Handler
 134              		.syntax unified
 135              		.thumb
 136              		.thumb_func
 137              		.fpu fpv4-sp-d16
 139              	SVC_Handler:
 140              	.LFB131:
 128:Src/stm32f3xx_it.c ****   /* USER CODE BEGIN UsageFault_IRQn 1 */
 129:Src/stm32f3xx_it.c **** 
 130:Src/stm32f3xx_it.c ****   /* USER CODE END UsageFault_IRQn 1 */
 131:Src/stm32f3xx_it.c **** }
 132:Src/stm32f3xx_it.c **** 
 133:Src/stm32f3xx_it.c **** /**
 134:Src/stm32f3xx_it.c **** * @brief This function handles System service call via SWI instruction.
 135:Src/stm32f3xx_it.c **** */
 136:Src/stm32f3xx_it.c **** void SVC_Handler(void)
 137:Src/stm32f3xx_it.c **** {
 141              		.loc 1 137 1 view -0
 142              		.cfi_startproc
 143              		@ args = 0, pretend = 0, frame = 0
 144              		@ frame_needed = 0, uses_anonymous_args = 0
 145              		@ link register save eliminated.
 138:Src/stm32f3xx_it.c ****   /* USER CODE BEGIN SVCall_IRQn 0 */
 139:Src/stm32f3xx_it.c **** 
 140:Src/stm32f3xx_it.c ****   /* USER CODE END SVCall_IRQn 0 */
 141:Src/stm32f3xx_it.c ****   /* USER CODE BEGIN SVCall_IRQn 1 */
 142:Src/stm32f3xx_it.c **** 
 143:Src/stm32f3xx_it.c ****   /* USER CODE END SVCall_IRQn 1 */
 144:Src/stm32f3xx_it.c **** }
 146              		.loc 1 144 1 view .LVU15
 147 0000 7047     		bx	lr
 148              		.cfi_endproc
 149              	.LFE131:
 151              		.section	.text.DebugMon_Handler,"ax",%progbits
 152              		.align	1
 153              		.global	DebugMon_Handler
ARM GAS  /var/folders/8c/gyvcglfx7f97kbqb2h83mm_r0000gn/T//ccSDLMvi.s 			page 6


 154              		.syntax unified
 155              		.thumb
 156              		.thumb_func
 157              		.fpu fpv4-sp-d16
 159              	DebugMon_Handler:
 160              	.LFB132:
 145:Src/stm32f3xx_it.c **** 
 146:Src/stm32f3xx_it.c **** /**
 147:Src/stm32f3xx_it.c **** * @brief This function handles Debug monitor.
 148:Src/stm32f3xx_it.c **** */
 149:Src/stm32f3xx_it.c **** void DebugMon_Handler(void)
 150:Src/stm32f3xx_it.c **** {
 161              		.loc 1 150 1 view -0
 162              		.cfi_startproc
 163              		@ args = 0, pretend = 0, frame = 0
 164              		@ frame_needed = 0, uses_anonymous_args = 0
 165              		@ link register save eliminated.
 151:Src/stm32f3xx_it.c ****   /* USER CODE BEGIN DebugMonitor_IRQn 0 */
 152:Src/stm32f3xx_it.c **** 
 153:Src/stm32f3xx_it.c ****   /* USER CODE END DebugMonitor_IRQn 0 */
 154:Src/stm32f3xx_it.c ****   /* USER CODE BEGIN DebugMonitor_IRQn 1 */
 155:Src/stm32f3xx_it.c **** 
 156:Src/stm32f3xx_it.c ****   /* USER CODE END DebugMonitor_IRQn 1 */
 157:Src/stm32f3xx_it.c **** }
 166              		.loc 1 157 1 view .LVU17
 167 0000 7047     		bx	lr
 168              		.cfi_endproc
 169              	.LFE132:
 171              		.section	.text.PendSV_Handler,"ax",%progbits
 172              		.align	1
 173              		.global	PendSV_Handler
 174              		.syntax unified
 175              		.thumb
 176              		.thumb_func
 177              		.fpu fpv4-sp-d16
 179              	PendSV_Handler:
 180              	.LFB133:
 158:Src/stm32f3xx_it.c **** 
 159:Src/stm32f3xx_it.c **** /**
 160:Src/stm32f3xx_it.c **** * @brief This function handles Pendable request for system service.
 161:Src/stm32f3xx_it.c **** */
 162:Src/stm32f3xx_it.c **** void PendSV_Handler(void)
 163:Src/stm32f3xx_it.c **** {
 181              		.loc 1 163 1 view -0
 182              		.cfi_startproc
 183              		@ args = 0, pretend = 0, frame = 0
 184              		@ frame_needed = 0, uses_anonymous_args = 0
 185              		@ link register save eliminated.
 164:Src/stm32f3xx_it.c ****   /* USER CODE BEGIN PendSV_IRQn 0 */
 165:Src/stm32f3xx_it.c **** 
 166:Src/stm32f3xx_it.c ****   /* USER CODE END PendSV_IRQn 0 */
 167:Src/stm32f3xx_it.c ****   /* USER CODE BEGIN PendSV_IRQn 1 */
 168:Src/stm32f3xx_it.c **** 
 169:Src/stm32f3xx_it.c ****   /* USER CODE END PendSV_IRQn 1 */
 170:Src/stm32f3xx_it.c **** }
 186              		.loc 1 170 1 view .LVU19
 187 0000 7047     		bx	lr
ARM GAS  /var/folders/8c/gyvcglfx7f97kbqb2h83mm_r0000gn/T//ccSDLMvi.s 			page 7


 188              		.cfi_endproc
 189              	.LFE133:
 191              		.section	.text.SysTick_Handler,"ax",%progbits
 192              		.align	1
 193              		.global	SysTick_Handler
 194              		.syntax unified
 195              		.thumb
 196              		.thumb_func
 197              		.fpu fpv4-sp-d16
 199              	SysTick_Handler:
 200              	.LFB134:
 171:Src/stm32f3xx_it.c **** 
 172:Src/stm32f3xx_it.c **** /**
 173:Src/stm32f3xx_it.c **** * @brief This function handles System tick timer.
 174:Src/stm32f3xx_it.c **** */
 175:Src/stm32f3xx_it.c **** void SysTick_Handler(void)
 176:Src/stm32f3xx_it.c **** {
 201              		.loc 1 176 1 view -0
 202              		.cfi_startproc
 203              		@ args = 0, pretend = 0, frame = 0
 204              		@ frame_needed = 0, uses_anonymous_args = 0
 205 0000 08B5     		push	{r3, lr}
 206              	.LCFI0:
 207              		.cfi_def_cfa_offset 8
 208              		.cfi_offset 3, -8
 209              		.cfi_offset 14, -4
 177:Src/stm32f3xx_it.c ****   /* USER CODE BEGIN SysTick_IRQn 0 */
 178:Src/stm32f3xx_it.c **** 
 179:Src/stm32f3xx_it.c ****   /* USER CODE END SysTick_IRQn 0 */
 180:Src/stm32f3xx_it.c ****   HAL_IncTick();
 210              		.loc 1 180 3 view .LVU21
 211 0002 FFF7FEFF 		bl	HAL_IncTick
 212              	.LVL0:
 181:Src/stm32f3xx_it.c ****   HAL_SYSTICK_IRQHandler();
 213              		.loc 1 181 3 view .LVU22
 214 0006 FFF7FEFF 		bl	HAL_SYSTICK_IRQHandler
 215              	.LVL1:
 182:Src/stm32f3xx_it.c ****   /* USER CODE BEGIN SysTick_IRQn 1 */
 183:Src/stm32f3xx_it.c **** 
 184:Src/stm32f3xx_it.c ****   /* USER CODE END SysTick_IRQn 1 */
 185:Src/stm32f3xx_it.c **** }
 216              		.loc 1 185 1 is_stmt 0 view .LVU23
 217 000a 08BD     		pop	{r3, pc}
 218              		.cfi_endproc
 219              	.LFE134:
 221              		.text
 222              	.Letext0:
 223              		.file 2 "/usr/local/gcc-arm-none-eabi-8-2018-q4-major/arm-none-eabi/include/machine/_default_types
 224              		.file 3 "/usr/local/gcc-arm-none-eabi-8-2018-q4-major/arm-none-eabi/include/sys/_stdint.h"
 225              		.file 4 "Drivers/CMSIS/Include/core_cm4.h"
 226              		.file 5 "Drivers/CMSIS/Device/ST/STM32F3xx/Include/system_stm32f3xx.h"
 227              		.file 6 "/usr/local/gcc-arm-none-eabi-8-2018-q4-major/arm-none-eabi/include/sys/lock.h"
 228              		.file 7 "/usr/local/gcc-arm-none-eabi-8-2018-q4-major/arm-none-eabi/include/sys/_types.h"
 229              		.file 8 "/usr/local/gcc-arm-none-eabi-8-2018-q4-major/lib/gcc/arm-none-eabi/8.2.1/include/stddef.h
 230              		.file 9 "/usr/local/gcc-arm-none-eabi-8-2018-q4-major/arm-none-eabi/include/sys/reent.h"
 231              		.file 10 "Drivers/STM32F3xx_HAL_Driver/Inc/stm32f3xx_hal.h"
 232              		.file 11 "Drivers/STM32F3xx_HAL_Driver/Inc/stm32f3xx_hal_cortex.h"
ARM GAS  /var/folders/8c/gyvcglfx7f97kbqb2h83mm_r0000gn/T//ccSDLMvi.s 			page 8


ARM GAS  /var/folders/8c/gyvcglfx7f97kbqb2h83mm_r0000gn/T//ccSDLMvi.s 			page 9


DEFINED SYMBOLS
                            *ABS*:0000000000000000 stm32f3xx_it.c
/var/folders/8c/gyvcglfx7f97kbqb2h83mm_r0000gn/T//ccSDLMvi.s:18     .text.NMI_Handler:0000000000000000 $t
/var/folders/8c/gyvcglfx7f97kbqb2h83mm_r0000gn/T//ccSDLMvi.s:26     .text.NMI_Handler:0000000000000000 NMI_Handler
/var/folders/8c/gyvcglfx7f97kbqb2h83mm_r0000gn/T//ccSDLMvi.s:40     .text.HardFault_Handler:0000000000000000 $t
/var/folders/8c/gyvcglfx7f97kbqb2h83mm_r0000gn/T//ccSDLMvi.s:47     .text.HardFault_Handler:0000000000000000 HardFault_Handler
/var/folders/8c/gyvcglfx7f97kbqb2h83mm_r0000gn/T//ccSDLMvi.s:63     .text.MemManage_Handler:0000000000000000 $t
/var/folders/8c/gyvcglfx7f97kbqb2h83mm_r0000gn/T//ccSDLMvi.s:70     .text.MemManage_Handler:0000000000000000 MemManage_Handler
/var/folders/8c/gyvcglfx7f97kbqb2h83mm_r0000gn/T//ccSDLMvi.s:86     .text.BusFault_Handler:0000000000000000 $t
/var/folders/8c/gyvcglfx7f97kbqb2h83mm_r0000gn/T//ccSDLMvi.s:93     .text.BusFault_Handler:0000000000000000 BusFault_Handler
/var/folders/8c/gyvcglfx7f97kbqb2h83mm_r0000gn/T//ccSDLMvi.s:109    .text.UsageFault_Handler:0000000000000000 $t
/var/folders/8c/gyvcglfx7f97kbqb2h83mm_r0000gn/T//ccSDLMvi.s:116    .text.UsageFault_Handler:0000000000000000 UsageFault_Handler
/var/folders/8c/gyvcglfx7f97kbqb2h83mm_r0000gn/T//ccSDLMvi.s:132    .text.SVC_Handler:0000000000000000 $t
/var/folders/8c/gyvcglfx7f97kbqb2h83mm_r0000gn/T//ccSDLMvi.s:139    .text.SVC_Handler:0000000000000000 SVC_Handler
/var/folders/8c/gyvcglfx7f97kbqb2h83mm_r0000gn/T//ccSDLMvi.s:152    .text.DebugMon_Handler:0000000000000000 $t
/var/folders/8c/gyvcglfx7f97kbqb2h83mm_r0000gn/T//ccSDLMvi.s:159    .text.DebugMon_Handler:0000000000000000 DebugMon_Handler
/var/folders/8c/gyvcglfx7f97kbqb2h83mm_r0000gn/T//ccSDLMvi.s:172    .text.PendSV_Handler:0000000000000000 $t
/var/folders/8c/gyvcglfx7f97kbqb2h83mm_r0000gn/T//ccSDLMvi.s:179    .text.PendSV_Handler:0000000000000000 PendSV_Handler
/var/folders/8c/gyvcglfx7f97kbqb2h83mm_r0000gn/T//ccSDLMvi.s:192    .text.SysTick_Handler:0000000000000000 $t
/var/folders/8c/gyvcglfx7f97kbqb2h83mm_r0000gn/T//ccSDLMvi.s:199    .text.SysTick_Handler:0000000000000000 SysTick_Handler

UNDEFINED SYMBOLS
HAL_IncTick
HAL_SYSTICK_IRQHandler
